<?xml version="1.0" encoding="UTF-8"?>
<testsuite xmlns:xsi="http://www.w3.org/2001/XMLSchema-instance" xsi:noNamespaceSchemaLocation="https://maven.apache.org/surefire/maven-surefire-plugin/xsd/surefire-test-report.xsd" name="com.nau.digitalhospital.DigitalHospitalApplicationTests" time="335.658" tests="8" errors="8" skipped="0" failures="0">
  <properties>
    <property name="sun.desktop" value="windows"/>
    <property name="awt.toolkit" value="sun.awt.windows.WToolkit"/>
    <property name="file.encoding.pkg" value="sun.io"/>
    <property name="java.specification.version" value="1.8"/>
    <property name="sun.cpu.isalist" value="amd64"/>
    <property name="sun.jnu.encoding" value="Cp1251"/>
    <property name="java.class.path" value="M:\JavaLibrary\eepractice\digitalhospital\target\test-classes;M:\JavaLibrary\eepractice\digitalhospital\target\classes;C:\Users\DELL\.m2\repository\org\springframework\boot\spring-boot-starter-data-rest\2.0.1.RELEASE\spring-boot-starter-data-rest-2.0.1.RELEASE.jar;C:\Users\DELL\.m2\repository\org\springframework\boot\spring-boot-starter\2.0.1.RELEASE\spring-boot-starter-2.0.1.RELEASE.jar;C:\Users\DELL\.m2\repository\org\springframework\boot\spring-boot-starter-logging\2.0.1.RELEASE\spring-boot-starter-logging-2.0.1.RELEASE.jar;C:\Users\DELL\.m2\repository\ch\qos\logback\logback-classic\1.2.3\logback-classic-1.2.3.jar;C:\Users\DELL\.m2\repository\ch\qos\logback\logback-core\1.2.3\logback-core-1.2.3.jar;C:\Users\DELL\.m2\repository\org\apache\logging\log4j\log4j-to-slf4j\2.10.0\log4j-to-slf4j-2.10.0.jar;C:\Users\DELL\.m2\repository\javax\annotation\javax.annotation-api\1.3.2\javax.annotation-api-1.3.2.jar;C:\Users\DELL\.m2\repository\org\yaml\snakeyaml\1.19\snakeyaml-1.19.jar;C:\Users\DELL\.m2\repository\org\springframework\boot\spring-boot-starter-json\2.0.1.RELEASE\spring-boot-starter-json-2.0.1.RELEASE.jar;C:\Users\DELL\.m2\repository\com\fasterxml\jackson\core\jackson-databind\2.9.5\jackson-databind-2.9.5.jar;C:\Users\DELL\.m2\repository\com\fasterxml\jackson\core\jackson-core\2.9.5\jackson-core-2.9.5.jar;C:\Users\DELL\.m2\repository\com\fasterxml\jackson\datatype\jackson-datatype-jdk8\2.9.5\jackson-datatype-jdk8-2.9.5.jar;C:\Users\DELL\.m2\repository\com\fasterxml\jackson\datatype\jackson-datatype-jsr310\2.9.5\jackson-datatype-jsr310-2.9.5.jar;C:\Users\DELL\.m2\repository\com\fasterxml\jackson\module\jackson-module-parameter-names\2.9.5\jackson-module-parameter-names-2.9.5.jar;C:\Users\DELL\.m2\repository\org\springframework\data\spring-data-rest-webmvc\3.0.6.RELEASE\spring-data-rest-webmvc-3.0.6.RELEASE.jar;C:\Users\DELL\.m2\repository\org\springframework\data\spring-data-rest-core\3.0.6.RELEASE\spring-data-rest-core-3.0.6.RELEASE.jar;C:\Users\DELL\.m2\repository\org\springframework\hateoas\spring-hateoas\0.24.0.RELEASE\spring-hateoas-0.24.0.RELEASE.jar;C:\Users\DELL\.m2\repository\org\springframework\plugin\spring-plugin-core\1.2.0.RELEASE\spring-plugin-core-1.2.0.RELEASE.jar;C:\Users\DELL\.m2\repository\org\atteo\evo-inflector\1.2.2\evo-inflector-1.2.2.jar;C:\Users\DELL\.m2\repository\com\fasterxml\jackson\core\jackson-annotations\2.9.0\jackson-annotations-2.9.0.jar;C:\Users\DELL\.m2\repository\org\springframework\boot\spring-boot-starter-jersey\2.0.1.RELEASE\spring-boot-starter-jersey-2.0.1.RELEASE.jar;C:\Users\DELL\.m2\repository\org\springframework\boot\spring-boot-starter-tomcat\2.0.1.RELEASE\spring-boot-starter-tomcat-2.0.1.RELEASE.jar;C:\Users\DELL\.m2\repository\org\apache\tomcat\embed\tomcat-embed-core\8.5.29\tomcat-embed-core-8.5.29.jar;C:\Users\DELL\.m2\repository\org\apache\tomcat\embed\tomcat-embed-websocket\8.5.29\tomcat-embed-websocket-8.5.29.jar;C:\Users\DELL\.m2\repository\org\springframework\spring-web\5.0.5.RELEASE\spring-web-5.0.5.RELEASE.jar;C:\Users\DELL\.m2\repository\org\glassfish\jersey\core\jersey-server\2.26\jersey-server-2.26.jar;C:\Users\DELL\.m2\repository\org\glassfish\jersey\core\jersey-common\2.26\jersey-common-2.26.jar;C:\Users\DELL\.m2\repository\org\glassfish\hk2\osgi-resource-locator\1.0.1\osgi-resource-locator-1.0.1.jar;C:\Users\DELL\.m2\repository\org\glassfish\jersey\core\jersey-client\2.26\jersey-client-2.26.jar;C:\Users\DELL\.m2\repository\javax\ws\rs\javax.ws.rs-api\2.1\javax.ws.rs-api-2.1.jar;C:\Users\DELL\.m2\repository\org\glassfish\jersey\media\jersey-media-jaxb\2.26\jersey-media-jaxb-2.26.jar;C:\Users\DELL\.m2\repository\javax\validation\validation-api\2.0.1.Final\validation-api-2.0.1.Final.jar;C:\Users\DELL\.m2\repository\org\glassfish\jersey\containers\jersey-container-servlet-core\2.26\jersey-container-servlet-core-2.26.jar;C:\Users\DELL\.m2\repository\org\glassfish\jersey\containers\jersey-container-servlet\2.26\jersey-container-servlet-2.26.jar;C:\Users\DELL\.m2\repository\org\glassfish\jersey\ext\jersey-bean-validation\2.26\jersey-bean-validation-2.26.jar;C:\Users\DELL\.m2\repository\org\glassfish\jersey\ext\jersey-spring4\2.26\jersey-spring4-2.26.jar;C:\Users\DELL\.m2\repository\org\glassfish\jersey\inject\jersey-hk2\2.26\jersey-hk2-2.26.jar;C:\Users\DELL\.m2\repository\org\glassfish\hk2\hk2-locator\2.5.0-b42\hk2-locator-2.5.0-b42.jar;C:\Users\DELL\.m2\repository\org\glassfish\hk2\external\aopalliance-repackaged\2.5.0-b42\aopalliance-repackaged-2.5.0-b42.jar;C:\Users\DELL\.m2\repository\org\javassist\javassist\3.22.0-CR2\javassist-3.22.0-CR2.jar;C:\Users\DELL\.m2\repository\org\glassfish\hk2\hk2\2.5.0-b42\hk2-2.5.0-b42.jar;C:\Users\DELL\.m2\repository\org\glassfish\hk2\hk2-utils\2.5.0-b42\hk2-utils-2.5.0-b42.jar;C:\Users\DELL\.m2\repository\javax\inject\javax.inject\1\javax.inject-1.jar;C:\Users\DELL\.m2\repository\org\glassfish\hk2\hk2-api\2.5.0-b42\hk2-api-2.5.0-b42.jar;C:\Users\DELL\.m2\repository\org\glassfish\hk2\config-types\2.5.0-b42\config-types-2.5.0-b42.jar;C:\Users\DELL\.m2\repository\org\glassfish\hk2\hk2-core\2.5.0-b42\hk2-core-2.5.0-b42.jar;C:\Users\DELL\.m2\repository\org\glassfish\hk2\hk2-config\2.5.0-b42\hk2-config-2.5.0-b42.jar;C:\Users\DELL\.m2\repository\org\glassfish\hk2\hk2-runlevel\2.5.0-b42\hk2-runlevel-2.5.0-b42.jar;C:\Users\DELL\.m2\repository\org\glassfish\hk2\class-model\2.5.0-b42\class-model-2.5.0-b42.jar;C:\Users\DELL\.m2\repository\org\glassfish\hk2\external\asm-all-repackaged\2.5.0-b42\asm-all-repackaged-2.5.0-b42.jar;C:\Users\DELL\.m2\repository\org\glassfish\hk2\spring-bridge\2.5.0-b42\spring-bridge-2.5.0-b42.jar;C:\Users\DELL\.m2\repository\org\glassfish\jersey\media\jersey-media-json-jackson\2.26\jersey-media-json-jackson-2.26.jar;C:\Users\DELL\.m2\repository\org\glassfish\jersey\ext\jersey-entity-filtering\2.26\jersey-entity-filtering-2.26.jar;C:\Users\DELL\.m2\repository\com\fasterxml\jackson\module\jackson-module-jaxb-annotations\2.9.5\jackson-module-jaxb-annotations-2.9.5.jar;C:\Users\DELL\.m2\repository\org\springframework\boot\spring-boot-starter-security\2.0.1.RELEASE\spring-boot-starter-security-2.0.1.RELEASE.jar;C:\Users\DELL\.m2\repository\org\springframework\spring-aop\5.0.5.RELEASE\spring-aop-5.0.5.RELEASE.jar;C:\Users\DELL\.m2\repository\org\springframework\security\spring-security-config\5.0.4.RELEASE\spring-security-config-5.0.4.RELEASE.jar;C:\Users\DELL\.m2\repository\org\springframework\security\spring-security-web\5.0.4.RELEASE\spring-security-web-5.0.4.RELEASE.jar;C:\Users\DELL\.m2\repository\org\springframework\boot\spring-boot-starter-validation\2.0.1.RELEASE\spring-boot-starter-validation-2.0.1.RELEASE.jar;C:\Users\DELL\.m2\repository\org\apache\tomcat\embed\tomcat-embed-el\8.5.29\tomcat-embed-el-8.5.29.jar;C:\Users\DELL\.m2\repository\org\hibernate\validator\hibernate-validator\6.0.9.Final\hibernate-validator-6.0.9.Final.jar;C:\Users\DELL\.m2\repository\org\jboss\logging\jboss-logging\3.3.2.Final\jboss-logging-3.3.2.Final.jar;C:\Users\DELL\.m2\repository\com\fasterxml\classmate\1.3.4\classmate-1.3.4.jar;C:\Users\DELL\.m2\repository\org\springframework\boot\spring-boot-starter-web\2.0.1.RELEASE\spring-boot-starter-web-2.0.1.RELEASE.jar;C:\Users\DELL\.m2\repository\org\springframework\spring-webmvc\5.0.5.RELEASE\spring-webmvc-5.0.5.RELEASE.jar;C:\Users\DELL\.m2\repository\org\springframework\session\spring-session-core\2.0.2.RELEASE\spring-session-core-2.0.2.RELEASE.jar;C:\Users\DELL\.m2\repository\org\springframework\spring-jcl\5.0.5.RELEASE\spring-jcl-5.0.5.RELEASE.jar;C:\Users\DELL\.m2\repository\org\springframework\data\spring-data-mongodb\2.0.7.RELEASE\spring-data-mongodb-2.0.7.RELEASE.jar;C:\Users\DELL\.m2\repository\org\springframework\spring-tx\5.0.5.RELEASE\spring-tx-5.0.5.RELEASE.jar;C:\Users\DELL\.m2\repository\org\springframework\spring-context\5.0.5.RELEASE\spring-context-5.0.5.RELEASE.jar;C:\Users\DELL\.m2\repository\org\springframework\spring-beans\5.0.5.RELEASE\spring-beans-5.0.5.RELEASE.jar;C:\Users\DELL\.m2\repository\org\springframework\spring-core\5.0.5.RELEASE\spring-core-5.0.5.RELEASE.jar;C:\Users\DELL\.m2\repository\org\springframework\spring-expression\5.0.5.RELEASE\spring-expression-5.0.5.RELEASE.jar;C:\Users\DELL\.m2\repository\org\springframework\data\spring-data-commons\2.0.6.RELEASE\spring-data-commons-2.0.6.RELEASE.jar;C:\Users\DELL\.m2\repository\org\mongodb\mongo-java-driver\3.6.3\mongo-java-driver-3.6.3.jar;C:\Users\DELL\.m2\repository\org\slf4j\slf4j-api\1.7.25\slf4j-api-1.7.25.jar;C:\Users\DELL\.m2\repository\org\springframework\boot\spring-boot-starter-thymeleaf\2.0.2.RELEASE\spring-boot-starter-thymeleaf-2.0.2.RELEASE.jar;C:\Users\DELL\.m2\repository\org\thymeleaf\thymeleaf-spring5\3.0.9.RELEASE\thymeleaf-spring5-3.0.9.RELEASE.jar;C:\Users\DELL\.m2\repository\org\thymeleaf\thymeleaf\3.0.9.RELEASE\thymeleaf-3.0.9.RELEASE.jar;C:\Users\DELL\.m2\repository\org\attoparser\attoparser\2.0.4.RELEASE\attoparser-2.0.4.RELEASE.jar;C:\Users\DELL\.m2\repository\org\unbescape\unbescape\1.1.5.RELEASE\unbescape-1.1.5.RELEASE.jar;C:\Users\DELL\.m2\repository\org\thymeleaf\extras\thymeleaf-extras-java8time\3.0.1.RELEASE\thymeleaf-extras-java8time-3.0.1.RELEASE.jar;C:\Users\DELL\.m2\repository\org\springframework\boot\spring-boot-starter-log4j2\2.0.2.RELEASE\spring-boot-starter-log4j2-2.0.2.RELEASE.jar;C:\Users\DELL\.m2\repository\org\apache\logging\log4j\log4j-slf4j-impl\2.10.0\log4j-slf4j-impl-2.10.0.jar;C:\Users\DELL\.m2\repository\org\apache\logging\log4j\log4j-api\2.10.0\log4j-api-2.10.0.jar;C:\Users\DELL\.m2\repository\org\apache\logging\log4j\log4j-core\2.10.0\log4j-core-2.10.0.jar;C:\Users\DELL\.m2\repository\org\slf4j\jul-to-slf4j\1.7.25\jul-to-slf4j-1.7.25.jar;C:\Users\DELL\.m2\repository\org\springframework\boot\spring-boot-devtools\2.0.1.RELEASE\spring-boot-devtools-2.0.1.RELEASE.jar;C:\Users\DELL\.m2\repository\org\springframework\boot\spring-boot\2.0.1.RELEASE\spring-boot-2.0.1.RELEASE.jar;C:\Users\DELL\.m2\repository\org\springframework\boot\spring-boot-autoconfigure\2.0.1.RELEASE\spring-boot-autoconfigure-2.0.1.RELEASE.jar;C:\Users\DELL\.m2\repository\mysql\mysql-connector-java\5.1.46\mysql-connector-java-5.1.46.jar;C:\Users\DELL\.m2\repository\org\springframework\boot\spring-boot-starter-test\2.0.1.RELEASE\spring-boot-starter-test-2.0.1.RELEASE.jar;C:\Users\DELL\.m2\repository\org\springframework\boot\spring-boot-test\2.0.1.RELEASE\spring-boot-test-2.0.1.RELEASE.jar;C:\Users\DELL\.m2\repository\org\springframework\boot\spring-boot-test-autoconfigure\2.0.1.RELEASE\spring-boot-test-autoconfigure-2.0.1.RELEASE.jar;C:\Users\DELL\.m2\repository\com\jayway\jsonpath\json-path\2.4.0\json-path-2.4.0.jar;C:\Users\DELL\.m2\repository\net\minidev\json-smart\2.3\json-smart-2.3.jar;C:\Users\DELL\.m2\repository\net\minidev\accessors-smart\1.2\accessors-smart-1.2.jar;C:\Users\DELL\.m2\repository\org\ow2\asm\asm\5.0.4\asm-5.0.4.jar;C:\Users\DELL\.m2\repository\junit\junit\4.12\junit-4.12.jar;C:\Users\DELL\.m2\repository\org\assertj\assertj-core\3.9.1\assertj-core-3.9.1.jar;C:\Users\DELL\.m2\repository\org\mockito\mockito-core\2.15.0\mockito-core-2.15.0.jar;C:\Users\DELL\.m2\repository\net\bytebuddy\byte-buddy\1.7.11\byte-buddy-1.7.11.jar;C:\Users\DELL\.m2\repository\net\bytebuddy\byte-buddy-agent\1.7.11\byte-buddy-agent-1.7.11.jar;C:\Users\DELL\.m2\repository\org\objenesis\objenesis\2.6\objenesis-2.6.jar;C:\Users\DELL\.m2\repository\org\hamcrest\hamcrest-core\1.3\hamcrest-core-1.3.jar;C:\Users\DELL\.m2\repository\org\hamcrest\hamcrest-library\1.3\hamcrest-library-1.3.jar;C:\Users\DELL\.m2\repository\org\skyscreamer\jsonassert\1.5.0\jsonassert-1.5.0.jar;C:\Users\DELL\.m2\repository\com\vaadin\external\google\android-json\0.0.20131108.vaadin1\android-json-0.0.20131108.vaadin1.jar;C:\Users\DELL\.m2\repository\org\springframework\spring-test\5.0.5.RELEASE\spring-test-5.0.5.RELEASE.jar;C:\Users\DELL\.m2\repository\org\xmlunit\xmlunit-core\2.5.1\xmlunit-core-2.5.1.jar;C:\Users\DELL\.m2\repository\org\springframework\security\spring-security-test\5.0.4.RELEASE\spring-security-test-5.0.4.RELEASE.jar;C:\Users\DELL\.m2\repository\org\springframework\security\spring-security-core\5.0.4.RELEASE\spring-security-core-5.0.4.RELEASE.jar;"/>
    <property name="java.vm.vendor" value="Oracle Corporation"/>
    <property name="sun.arch.data.model" value="64"/>
    <property name="user.variant" value=""/>
    <property name="java.vendor.url" value="http://java.oracle.com/"/>
    <property name="user.timezone" value=""/>
    <property name="java.vm.specification.version" value="1.8"/>
    <property name="os.name" value="Windows 10"/>
    <property name="user.country" value="RU"/>
    <property name="sun.java.launcher" value="SUN_STANDARD"/>
    <property name="sun.boot.library.path" value="C:\Program Files\Java\jdk1.8.0_161\jre\bin"/>
    <property name="sun.java.command" value="C:\Users\DELL\AppData\Local\Temp\surefire6605676139074691617\surefirebooter7246120608147614320.jar C:\Users\DELL\AppData\Local\Temp\surefire6605676139074691617 2018-06-11T08-52-24_886-jvmRun1 surefire8910544314793506239tmp surefire_02661931302262708884tmp"/>
    <property name="surefire.test.class.path" value="M:\JavaLibrary\eepractice\digitalhospital\target\test-classes;M:\JavaLibrary\eepractice\digitalhospital\target\classes;C:\Users\DELL\.m2\repository\org\springframework\boot\spring-boot-starter-data-rest\2.0.1.RELEASE\spring-boot-starter-data-rest-2.0.1.RELEASE.jar;C:\Users\DELL\.m2\repository\org\springframework\boot\spring-boot-starter\2.0.1.RELEASE\spring-boot-starter-2.0.1.RELEASE.jar;C:\Users\DELL\.m2\repository\org\springframework\boot\spring-boot-starter-logging\2.0.1.RELEASE\spring-boot-starter-logging-2.0.1.RELEASE.jar;C:\Users\DELL\.m2\repository\ch\qos\logback\logback-classic\1.2.3\logback-classic-1.2.3.jar;C:\Users\DELL\.m2\repository\ch\qos\logback\logback-core\1.2.3\logback-core-1.2.3.jar;C:\Users\DELL\.m2\repository\org\apache\logging\log4j\log4j-to-slf4j\2.10.0\log4j-to-slf4j-2.10.0.jar;C:\Users\DELL\.m2\repository\javax\annotation\javax.annotation-api\1.3.2\javax.annotation-api-1.3.2.jar;C:\Users\DELL\.m2\repository\org\yaml\snakeyaml\1.19\snakeyaml-1.19.jar;C:\Users\DELL\.m2\repository\org\springframework\boot\spring-boot-starter-json\2.0.1.RELEASE\spring-boot-starter-json-2.0.1.RELEASE.jar;C:\Users\DELL\.m2\repository\com\fasterxml\jackson\core\jackson-databind\2.9.5\jackson-databind-2.9.5.jar;C:\Users\DELL\.m2\repository\com\fasterxml\jackson\core\jackson-core\2.9.5\jackson-core-2.9.5.jar;C:\Users\DELL\.m2\repository\com\fasterxml\jackson\datatype\jackson-datatype-jdk8\2.9.5\jackson-datatype-jdk8-2.9.5.jar;C:\Users\DELL\.m2\repository\com\fasterxml\jackson\datatype\jackson-datatype-jsr310\2.9.5\jackson-datatype-jsr310-2.9.5.jar;C:\Users\DELL\.m2\repository\com\fasterxml\jackson\module\jackson-module-parameter-names\2.9.5\jackson-module-parameter-names-2.9.5.jar;C:\Users\DELL\.m2\repository\org\springframework\data\spring-data-rest-webmvc\3.0.6.RELEASE\spring-data-rest-webmvc-3.0.6.RELEASE.jar;C:\Users\DELL\.m2\repository\org\springframework\data\spring-data-rest-core\3.0.6.RELEASE\spring-data-rest-core-3.0.6.RELEASE.jar;C:\Users\DELL\.m2\repository\org\springframework\hateoas\spring-hateoas\0.24.0.RELEASE\spring-hateoas-0.24.0.RELEASE.jar;C:\Users\DELL\.m2\repository\org\springframework\plugin\spring-plugin-core\1.2.0.RELEASE\spring-plugin-core-1.2.0.RELEASE.jar;C:\Users\DELL\.m2\repository\org\atteo\evo-inflector\1.2.2\evo-inflector-1.2.2.jar;C:\Users\DELL\.m2\repository\com\fasterxml\jackson\core\jackson-annotations\2.9.0\jackson-annotations-2.9.0.jar;C:\Users\DELL\.m2\repository\org\springframework\boot\spring-boot-starter-jersey\2.0.1.RELEASE\spring-boot-starter-jersey-2.0.1.RELEASE.jar;C:\Users\DELL\.m2\repository\org\springframework\boot\spring-boot-starter-tomcat\2.0.1.RELEASE\spring-boot-starter-tomcat-2.0.1.RELEASE.jar;C:\Users\DELL\.m2\repository\org\apache\tomcat\embed\tomcat-embed-core\8.5.29\tomcat-embed-core-8.5.29.jar;C:\Users\DELL\.m2\repository\org\apache\tomcat\embed\tomcat-embed-websocket\8.5.29\tomcat-embed-websocket-8.5.29.jar;C:\Users\DELL\.m2\repository\org\springframework\spring-web\5.0.5.RELEASE\spring-web-5.0.5.RELEASE.jar;C:\Users\DELL\.m2\repository\org\glassfish\jersey\core\jersey-server\2.26\jersey-server-2.26.jar;C:\Users\DELL\.m2\repository\org\glassfish\jersey\core\jersey-common\2.26\jersey-common-2.26.jar;C:\Users\DELL\.m2\repository\org\glassfish\hk2\osgi-resource-locator\1.0.1\osgi-resource-locator-1.0.1.jar;C:\Users\DELL\.m2\repository\org\glassfish\jersey\core\jersey-client\2.26\jersey-client-2.26.jar;C:\Users\DELL\.m2\repository\javax\ws\rs\javax.ws.rs-api\2.1\javax.ws.rs-api-2.1.jar;C:\Users\DELL\.m2\repository\org\glassfish\jersey\media\jersey-media-jaxb\2.26\jersey-media-jaxb-2.26.jar;C:\Users\DELL\.m2\repository\javax\validation\validation-api\2.0.1.Final\validation-api-2.0.1.Final.jar;C:\Users\DELL\.m2\repository\org\glassfish\jersey\containers\jersey-container-servlet-core\2.26\jersey-container-servlet-core-2.26.jar;C:\Users\DELL\.m2\repository\org\glassfish\jersey\containers\jersey-container-servlet\2.26\jersey-container-servlet-2.26.jar;C:\Users\DELL\.m2\repository\org\glassfish\jersey\ext\jersey-bean-validation\2.26\jersey-bean-validation-2.26.jar;C:\Users\DELL\.m2\repository\org\glassfish\jersey\ext\jersey-spring4\2.26\jersey-spring4-2.26.jar;C:\Users\DELL\.m2\repository\org\glassfish\jersey\inject\jersey-hk2\2.26\jersey-hk2-2.26.jar;C:\Users\DELL\.m2\repository\org\glassfish\hk2\hk2-locator\2.5.0-b42\hk2-locator-2.5.0-b42.jar;C:\Users\DELL\.m2\repository\org\glassfish\hk2\external\aopalliance-repackaged\2.5.0-b42\aopalliance-repackaged-2.5.0-b42.jar;C:\Users\DELL\.m2\repository\org\javassist\javassist\3.22.0-CR2\javassist-3.22.0-CR2.jar;C:\Users\DELL\.m2\repository\org\glassfish\hk2\hk2\2.5.0-b42\hk2-2.5.0-b42.jar;C:\Users\DELL\.m2\repository\org\glassfish\hk2\hk2-utils\2.5.0-b42\hk2-utils-2.5.0-b42.jar;C:\Users\DELL\.m2\repository\javax\inject\javax.inject\1\javax.inject-1.jar;C:\Users\DELL\.m2\repository\org\glassfish\hk2\hk2-api\2.5.0-b42\hk2-api-2.5.0-b42.jar;C:\Users\DELL\.m2\repository\org\glassfish\hk2\config-types\2.5.0-b42\config-types-2.5.0-b42.jar;C:\Users\DELL\.m2\repository\org\glassfish\hk2\hk2-core\2.5.0-b42\hk2-core-2.5.0-b42.jar;C:\Users\DELL\.m2\repository\org\glassfish\hk2\hk2-config\2.5.0-b42\hk2-config-2.5.0-b42.jar;C:\Users\DELL\.m2\repository\org\glassfish\hk2\hk2-runlevel\2.5.0-b42\hk2-runlevel-2.5.0-b42.jar;C:\Users\DELL\.m2\repository\org\glassfish\hk2\class-model\2.5.0-b42\class-model-2.5.0-b42.jar;C:\Users\DELL\.m2\repository\org\glassfish\hk2\external\asm-all-repackaged\2.5.0-b42\asm-all-repackaged-2.5.0-b42.jar;C:\Users\DELL\.m2\repository\org\glassfish\hk2\spring-bridge\2.5.0-b42\spring-bridge-2.5.0-b42.jar;C:\Users\DELL\.m2\repository\org\glassfish\jersey\media\jersey-media-json-jackson\2.26\jersey-media-json-jackson-2.26.jar;C:\Users\DELL\.m2\repository\org\glassfish\jersey\ext\jersey-entity-filtering\2.26\jersey-entity-filtering-2.26.jar;C:\Users\DELL\.m2\repository\com\fasterxml\jackson\module\jackson-module-jaxb-annotations\2.9.5\jackson-module-jaxb-annotations-2.9.5.jar;C:\Users\DELL\.m2\repository\org\springframework\boot\spring-boot-starter-security\2.0.1.RELEASE\spring-boot-starter-security-2.0.1.RELEASE.jar;C:\Users\DELL\.m2\repository\org\springframework\spring-aop\5.0.5.RELEASE\spring-aop-5.0.5.RELEASE.jar;C:\Users\DELL\.m2\repository\org\springframework\security\spring-security-config\5.0.4.RELEASE\spring-security-config-5.0.4.RELEASE.jar;C:\Users\DELL\.m2\repository\org\springframework\security\spring-security-web\5.0.4.RELEASE\spring-security-web-5.0.4.RELEASE.jar;C:\Users\DELL\.m2\repository\org\springframework\boot\spring-boot-starter-validation\2.0.1.RELEASE\spring-boot-starter-validation-2.0.1.RELEASE.jar;C:\Users\DELL\.m2\repository\org\apache\tomcat\embed\tomcat-embed-el\8.5.29\tomcat-embed-el-8.5.29.jar;C:\Users\DELL\.m2\repository\org\hibernate\validator\hibernate-validator\6.0.9.Final\hibernate-validator-6.0.9.Final.jar;C:\Users\DELL\.m2\repository\org\jboss\logging\jboss-logging\3.3.2.Final\jboss-logging-3.3.2.Final.jar;C:\Users\DELL\.m2\repository\com\fasterxml\classmate\1.3.4\classmate-1.3.4.jar;C:\Users\DELL\.m2\repository\org\springframework\boot\spring-boot-starter-web\2.0.1.RELEASE\spring-boot-starter-web-2.0.1.RELEASE.jar;C:\Users\DELL\.m2\repository\org\springframework\spring-webmvc\5.0.5.RELEASE\spring-webmvc-5.0.5.RELEASE.jar;C:\Users\DELL\.m2\repository\org\springframework\session\spring-session-core\2.0.2.RELEASE\spring-session-core-2.0.2.RELEASE.jar;C:\Users\DELL\.m2\repository\org\springframework\spring-jcl\5.0.5.RELEASE\spring-jcl-5.0.5.RELEASE.jar;C:\Users\DELL\.m2\repository\org\springframework\data\spring-data-mongodb\2.0.7.RELEASE\spring-data-mongodb-2.0.7.RELEASE.jar;C:\Users\DELL\.m2\repository\org\springframework\spring-tx\5.0.5.RELEASE\spring-tx-5.0.5.RELEASE.jar;C:\Users\DELL\.m2\repository\org\springframework\spring-context\5.0.5.RELEASE\spring-context-5.0.5.RELEASE.jar;C:\Users\DELL\.m2\repository\org\springframework\spring-beans\5.0.5.RELEASE\spring-beans-5.0.5.RELEASE.jar;C:\Users\DELL\.m2\repository\org\springframework\spring-core\5.0.5.RELEASE\spring-core-5.0.5.RELEASE.jar;C:\Users\DELL\.m2\repository\org\springframework\spring-expression\5.0.5.RELEASE\spring-expression-5.0.5.RELEASE.jar;C:\Users\DELL\.m2\repository\org\springframework\data\spring-data-commons\2.0.6.RELEASE\spring-data-commons-2.0.6.RELEASE.jar;C:\Users\DELL\.m2\repository\org\mongodb\mongo-java-driver\3.6.3\mongo-java-driver-3.6.3.jar;C:\Users\DELL\.m2\repository\org\slf4j\slf4j-api\1.7.25\slf4j-api-1.7.25.jar;C:\Users\DELL\.m2\repository\org\springframework\boot\spring-boot-starter-thymeleaf\2.0.2.RELEASE\spring-boot-starter-thymeleaf-2.0.2.RELEASE.jar;C:\Users\DELL\.m2\repository\org\thymeleaf\thymeleaf-spring5\3.0.9.RELEASE\thymeleaf-spring5-3.0.9.RELEASE.jar;C:\Users\DELL\.m2\repository\org\thymeleaf\thymeleaf\3.0.9.RELEASE\thymeleaf-3.0.9.RELEASE.jar;C:\Users\DELL\.m2\repository\org\attoparser\attoparser\2.0.4.RELEASE\attoparser-2.0.4.RELEASE.jar;C:\Users\DELL\.m2\repository\org\unbescape\unbescape\1.1.5.RELEASE\unbescape-1.1.5.RELEASE.jar;C:\Users\DELL\.m2\repository\org\thymeleaf\extras\thymeleaf-extras-java8time\3.0.1.RELEASE\thymeleaf-extras-java8time-3.0.1.RELEASE.jar;C:\Users\DELL\.m2\repository\org\springframework\boot\spring-boot-starter-log4j2\2.0.2.RELEASE\spring-boot-starter-log4j2-2.0.2.RELEASE.jar;C:\Users\DELL\.m2\repository\org\apache\logging\log4j\log4j-slf4j-impl\2.10.0\log4j-slf4j-impl-2.10.0.jar;C:\Users\DELL\.m2\repository\org\apache\logging\log4j\log4j-api\2.10.0\log4j-api-2.10.0.jar;C:\Users\DELL\.m2\repository\org\apache\logging\log4j\log4j-core\2.10.0\log4j-core-2.10.0.jar;C:\Users\DELL\.m2\repository\org\slf4j\jul-to-slf4j\1.7.25\jul-to-slf4j-1.7.25.jar;C:\Users\DELL\.m2\repository\org\springframework\boot\spring-boot-devtools\2.0.1.RELEASE\spring-boot-devtools-2.0.1.RELEASE.jar;C:\Users\DELL\.m2\repository\org\springframework\boot\spring-boot\2.0.1.RELEASE\spring-boot-2.0.1.RELEASE.jar;C:\Users\DELL\.m2\repository\org\springframework\boot\spring-boot-autoconfigure\2.0.1.RELEASE\spring-boot-autoconfigure-2.0.1.RELEASE.jar;C:\Users\DELL\.m2\repository\mysql\mysql-connector-java\5.1.46\mysql-connector-java-5.1.46.jar;C:\Users\DELL\.m2\repository\org\springframework\boot\spring-boot-starter-test\2.0.1.RELEASE\spring-boot-starter-test-2.0.1.RELEASE.jar;C:\Users\DELL\.m2\repository\org\springframework\boot\spring-boot-test\2.0.1.RELEASE\spring-boot-test-2.0.1.RELEASE.jar;C:\Users\DELL\.m2\repository\org\springframework\boot\spring-boot-test-autoconfigure\2.0.1.RELEASE\spring-boot-test-autoconfigure-2.0.1.RELEASE.jar;C:\Users\DELL\.m2\repository\com\jayway\jsonpath\json-path\2.4.0\json-path-2.4.0.jar;C:\Users\DELL\.m2\repository\net\minidev\json-smart\2.3\json-smart-2.3.jar;C:\Users\DELL\.m2\repository\net\minidev\accessors-smart\1.2\accessors-smart-1.2.jar;C:\Users\DELL\.m2\repository\org\ow2\asm\asm\5.0.4\asm-5.0.4.jar;C:\Users\DELL\.m2\repository\junit\junit\4.12\junit-4.12.jar;C:\Users\DELL\.m2\repository\org\assertj\assertj-core\3.9.1\assertj-core-3.9.1.jar;C:\Users\DELL\.m2\repository\org\mockito\mockito-core\2.15.0\mockito-core-2.15.0.jar;C:\Users\DELL\.m2\repository\net\bytebuddy\byte-buddy\1.7.11\byte-buddy-1.7.11.jar;C:\Users\DELL\.m2\repository\net\bytebuddy\byte-buddy-agent\1.7.11\byte-buddy-agent-1.7.11.jar;C:\Users\DELL\.m2\repository\org\objenesis\objenesis\2.6\objenesis-2.6.jar;C:\Users\DELL\.m2\repository\org\hamcrest\hamcrest-core\1.3\hamcrest-core-1.3.jar;C:\Users\DELL\.m2\repository\org\hamcrest\hamcrest-library\1.3\hamcrest-library-1.3.jar;C:\Users\DELL\.m2\repository\org\skyscreamer\jsonassert\1.5.0\jsonassert-1.5.0.jar;C:\Users\DELL\.m2\repository\com\vaadin\external\google\android-json\0.0.20131108.vaadin1\android-json-0.0.20131108.vaadin1.jar;C:\Users\DELL\.m2\repository\org\springframework\spring-test\5.0.5.RELEASE\spring-test-5.0.5.RELEASE.jar;C:\Users\DELL\.m2\repository\org\xmlunit\xmlunit-core\2.5.1\xmlunit-core-2.5.1.jar;C:\Users\DELL\.m2\repository\org\springframework\security\spring-security-test\5.0.4.RELEASE\spring-security-test-5.0.4.RELEASE.jar;C:\Users\DELL\.m2\repository\org\springframework\security\spring-security-core\5.0.4.RELEASE\spring-security-core-5.0.4.RELEASE.jar;"/>
    <property name="sun.cpu.endian" value="little"/>
    <property name="user.home" value="C:\Users\DELL"/>
    <property name="user.language" value="ru"/>
    <property name="java.specification.vendor" value="Oracle Corporation"/>
    <property name="java.home" value="C:\Program Files\Java\jdk1.8.0_161\jre"/>
    <property name="basedir" value="M:\JavaLibrary\eepractice\digitalhospital"/>
    <property name="file.separator" value="\"/>
    <property name="line.separator" value="&#10;"/>
    <property name="java.vm.specification.vendor" value="Oracle Corporation"/>
    <property name="java.specification.name" value="Java Platform API Specification"/>
    <property name="java.awt.graphicsenv" value="sun.awt.Win32GraphicsEnvironment"/>
    <property name="surefire.real.class.path" value="C:\Users\DELL\AppData\Local\Temp\surefire6605676139074691617\surefirebooter7246120608147614320.jar"/>
    <property name="sun.boot.class.path" value="C:\Program Files\Java\jdk1.8.0_161\jre\lib\resources.jar;C:\Program Files\Java\jdk1.8.0_161\jre\lib\rt.jar;C:\Program Files\Java\jdk1.8.0_161\jre\lib\sunrsasign.jar;C:\Program Files\Java\jdk1.8.0_161\jre\lib\jsse.jar;C:\Program Files\Java\jdk1.8.0_161\jre\lib\jce.jar;C:\Program Files\Java\jdk1.8.0_161\jre\lib\charsets.jar;C:\Program Files\Java\jdk1.8.0_161\jre\lib\jfr.jar;C:\Program Files\Java\jdk1.8.0_161\jre\classes"/>
    <property name="user.script" value=""/>
    <property name="sun.management.compiler" value="HotSpot 64-Bit Tiered Compilers"/>
    <property name="java.runtime.version" value="1.8.0_161-b12"/>
    <property name="user.name" value="DELL"/>
    <property name="path.separator" value=";"/>
    <property name="os.version" value="10.0"/>
    <property name="java.endorsed.dirs" value="C:\Program Files\Java\jdk1.8.0_161\jre\lib\endorsed"/>
    <property name="java.runtime.name" value="Java(TM) SE Runtime Environment"/>
    <property name="file.encoding" value="Cp1251"/>
    <property name="java.vm.name" value="Java HotSpot(TM) 64-Bit Server VM"/>
    <property name="localRepository" value="C:\Users\DELL\.m2\repository"/>
    <property name="java.vendor.url.bug" value="http://bugreport.sun.com/bugreport/"/>
    <property name="java.io.tmpdir" value="C:\Users\DELL\AppData\Local\Temp\"/>
    <property name="idea.version" value="2017.2.5"/>
    <property name="java.version" value="1.8.0_161"/>
    <property name="user.dir" value="M:\JavaLibrary\eepractice\digitalhospital"/>
    <property name="os.arch" value="amd64"/>
    <property name="java.vm.specification.name" value="Java Virtual Machine Specification"/>
    <property name="java.awt.printerjob" value="sun.awt.windows.WPrinterJob"/>
    <property name="sun.os.patch.level" value=""/>
    <property name="java.library.path" value="C:\Program Files\Java\jdk1.8.0_161\jre\bin;C:\WINDOWS\Sun\Java\bin;C:\WINDOWS\system32;C:\WINDOWS;C:\ProgramData\Oracle\Java\javapath;C:\windows\system32;C:\windows;C:\windows\System32\Wbem;C:\windows\System32\WindowsPowerShell\v1.0\;C:\Program Files (x86)\ATI Technologies\ATI.ACE\Core-Static;C:\Program Files (x86)\Microsoft SQL Server\80\Tools\Binn\;C:\Program Files (x86)\Common Files\Acronis\SnapAPI\;C:\Program Files (x86)\Skype\Phone\;C:\Program Files (x86)\Intel\OpenCL SDK\2.0\bin\x86;C:\Program Files (x86)\Intel\OpenCL SDK\2.0\bin\x64;C:\Program Files (x86)\NVIDIA Corporation\PhysX\Common;C:\WINDOWS\system32;C:\WINDOWS;C:\WINDOWS\System32\Wbem;C:\WINDOWS\System32\WindowsPowerShell\v1.0\;C:\Program Files (x86)\Windows Kits\8.1\Windows Performance Toolkit\;C:\Program Files\Microsoft SQL Server\110\Tools\Binn\;C:\Program Files (x86)\Microsoft SDKs\TypeScript\1.0\;C:\Program Files\Microsoft SQL Server\120\Tools\Binn\;C:\WINDOWS\system32\config\systemprofile\.dnx\bin;C:\Program Files\Microsoft DNX\Dnvm\;C:\Program Files\Microsoft SQL Server\130\Tools\Binn\;C:\Program Files\Git\cmd;C:\Program Files\Java\jdk1.8.0_161\bin;M:\Programs\apache-maven-3.5.0\bin;M:\Programs\doxygen\bin;C:\xampp\mysql\bin;C:\Program Files (x86)\GtkSharp\2.12\bin;C:\Program Files\Intel\WiFi\bin\;C:\Program Files\Common Files\Intel\WirelessCommon\;M:\Programs\MatLAb\runtime\win64;M:\Programs\MatLAb\bin;C:\WINDOWS\System32\OpenSSH\;C:\Users\DELL\AppData\Local\Microsoft\WindowsApps;C:\Program Files\Intel\WiFi\bin\;C:\Program Files\Common Files\Intel\WirelessCommon\;;."/>
    <property name="java.vm.info" value="mixed mode"/>
    <property name="java.vendor" value="Oracle Corporation"/>
    <property name="java.vm.version" value="25.161-b12"/>
    <property name="java.ext.dirs" value="C:\Program Files\Java\jdk1.8.0_161\jre\lib\ext;C:\WINDOWS\Sun\Java\lib\ext"/>
    <property name="sun.io.unicode.encoding" value="UnicodeLittle"/>
    <property name="java.class.version" value="52.0"/>
  </properties>
  <testcase name="testQuery" classname="com.nau.digitalhospital.DigitalHospitalApplicationTests" time="0.004">
    <error message="Failed to load ApplicationContext" type="java.lang.IllegalStateException">java.lang.IllegalStateException: Failed to load ApplicationContext
Caused by: org.springframework.beans.factory.BeanCreationException: Error creating bean with name 'hospitalRepository': Invocation of init method failed; nested exception is org.springframework.dao.DataAccessResourceFailureException: Timed out after 30000 ms while waiting to connect. Client view of cluster state is {type=UNKNOWN, servers=[{address=127.0.0.1:27017, type=UNKNOWN, state=CONNECTING, exception={com.mongodb.MongoSocketOpenException: Exception opening socket}, caused by {java.net.ConnectException: Connection refused: connect}}]; nested exception is com.mongodb.MongoTimeoutException: Timed out after 30000 ms while waiting to connect. Client view of cluster state is {type=UNKNOWN, servers=[{address=127.0.0.1:27017, type=UNKNOWN, state=CONNECTING, exception={com.mongodb.MongoSocketOpenException: Exception opening socket}, caused by {java.net.ConnectException: Connection refused: connect}}]
Caused by: org.springframework.dao.DataAccessResourceFailureException: Timed out after 30000 ms while waiting to connect. Client view of cluster state is {type=UNKNOWN, servers=[{address=127.0.0.1:27017, type=UNKNOWN, state=CONNECTING, exception={com.mongodb.MongoSocketOpenException: Exception opening socket}, caused by {java.net.ConnectException: Connection refused: connect}}]; nested exception is com.mongodb.MongoTimeoutException: Timed out after 30000 ms while waiting to connect. Client view of cluster state is {type=UNKNOWN, servers=[{address=127.0.0.1:27017, type=UNKNOWN, state=CONNECTING, exception={com.mongodb.MongoSocketOpenException: Exception opening socket}, caused by {java.net.ConnectException: Connection refused: connect}}]
Caused by: com.mongodb.MongoTimeoutException: Timed out after 30000 ms while waiting to connect. Client view of cluster state is {type=UNKNOWN, servers=[{address=127.0.0.1:27017, type=UNKNOWN, state=CONNECTING, exception={com.mongodb.MongoSocketOpenException: Exception opening socket}, caused by {java.net.ConnectException: Connection refused: connect}}]
</error>
    <system-out><![CDATA[08:52:38.815 [main] DEBUG org.springframework.test.context.junit4.SpringJUnit4ClassRunner - SpringJUnit4ClassRunner constructor called with [class com.nau.digitalhospital.DigitalHospitalApplicationTests]
08:52:38.865 [main] DEBUG org.springframework.test.context.BootstrapUtils - Instantiating CacheAwareContextLoaderDelegate from class [org.springframework.test.context.cache.DefaultCacheAwareContextLoaderDelegate]
08:52:38.927 [main] DEBUG org.springframework.test.context.BootstrapUtils - Instantiating BootstrapContext using constructor [public org.springframework.test.context.support.DefaultBootstrapContext(java.lang.Class,org.springframework.test.context.CacheAwareContextLoaderDelegate)]
08:52:39.000 [main] DEBUG org.springframework.test.context.BootstrapUtils - Instantiating TestContextBootstrapper for test class [com.nau.digitalhospital.DigitalHospitalApplicationTests] from class [org.springframework.boot.test.context.SpringBootTestContextBootstrapper]
08:52:39.103 [main] INFO org.springframework.boot.test.context.SpringBootTestContextBootstrapper - Neither @ContextConfiguration nor @ContextHierarchy found for test class [com.nau.digitalhospital.DigitalHospitalApplicationTests], using SpringBootContextLoader
08:52:39.152 [main] DEBUG org.springframework.test.context.support.AbstractContextLoader - Did not detect default resource location for test class [com.nau.digitalhospital.DigitalHospitalApplicationTests]: class path resource [com/nau/digitalhospital/DigitalHospitalApplicationTests-context.xml] does not exist
08:52:39.152 [main] DEBUG org.springframework.test.context.support.AbstractContextLoader - Did not detect default resource location for test class [com.nau.digitalhospital.DigitalHospitalApplicationTests]: class path resource [com/nau/digitalhospital/DigitalHospitalApplicationTestsContext.groovy] does not exist
08:52:39.152 [main] INFO org.springframework.test.context.support.AbstractContextLoader - Could not detect default resource locations for test class [com.nau.digitalhospital.DigitalHospitalApplicationTests]: no resource found for suffixes {-context.xml, Context.groovy}.
08:52:39.193 [main] INFO org.springframework.test.context.support.AnnotationConfigContextLoaderUtils - Could not detect default configuration classes for test class [com.nau.digitalhospital.DigitalHospitalApplicationTests]: DigitalHospitalApplicationTests does not declare any static, non-private, non-final, nested classes annotated with @Configuration.
08:52:40.061 [main] DEBUG org.springframework.test.context.support.ActiveProfilesUtils - Could not find an 'annotation declaring class' for annotation type [org.springframework.test.context.ActiveProfiles] and class [com.nau.digitalhospital.DigitalHospitalApplicationTests]
08:52:40.479 [main] DEBUG org.springframework.core.env.StandardEnvironment - Adding PropertySource 'systemProperties' with lowest search precedence
08:52:40.479 [main] DEBUG org.springframework.core.env.StandardEnvironment - Adding PropertySource 'systemEnvironment' with lowest search precedence
08:52:40.480 [main] DEBUG org.springframework.core.env.StandardEnvironment - Initialized StandardEnvironment with PropertySources [MapPropertySource@1014166943 {name='systemProperties', properties={idea.version=2017.2.5, java.runtime.name=Java(TM) SE Runtime Environment, sun.boot.library.path=C:\Program Files\Java\jdk1.8.0_161\jre\bin, java.vm.version=25.161-b12, java.vm.vendor=Oracle Corporation, java.vendor.url=http://java.oracle.com/, path.separator=;, java.vm.name=Java HotSpot(TM) 64-Bit Server VM, file.encoding.pkg=sun.io, user.country=RU, user.script=, sun.java.launcher=SUN_STANDARD, sun.os.patch.level=, java.vm.specification.name=Java Virtual Machine Specification, user.dir=M:\JavaLibrary\eepractice\digitalhospital, java.runtime.version=1.8.0_161-b12, basedir=M:\JavaLibrary\eepractice\digitalhospital, java.awt.graphicsenv=sun.awt.Win32GraphicsEnvironment, java.endorsed.dirs=C:\Program Files\Java\jdk1.8.0_161\jre\lib\endorsed, os.arch=amd64, surefire.real.class.path=C:\Users\DELL\AppData\Local\Temp\surefire6605676139074691617\surefirebooter7246120608147614320.jar, java.io.tmpdir=C:\Users\DELL\AppData\Local\Temp\, line.separator=
, java.vm.specification.vendor=Oracle Corporation, user.variant=, os.name=Windows 10, sun.jnu.encoding=Cp1251, java.library.path=C:\Program Files\Java\jdk1.8.0_161\jre\bin;C:\WINDOWS\Sun\Java\bin;C:\WINDOWS\system32;C:\WINDOWS;C:\ProgramData\Oracle\Java\javapath;C:\windows\system32;C:\windows;C:\windows\System32\Wbem;C:\windows\System32\WindowsPowerShell\v1.0\;C:\Program Files (x86)\ATI Technologies\ATI.ACE\Core-Static;C:\Program Files (x86)\Microsoft SQL Server\80\Tools\Binn\;C:\Program Files (x86)\Common Files\Acronis\SnapAPI\;C:\Program Files (x86)\Skype\Phone\;C:\Program Files (x86)\Intel\OpenCL SDK\2.0\bin\x86;C:\Program Files (x86)\Intel\OpenCL SDK\2.0\bin\x64;C:\Program Files (x86)\NVIDIA Corporation\PhysX\Common;C:\WINDOWS\system32;C:\WINDOWS;C:\WINDOWS\System32\Wbem;C:\WINDOWS\System32\WindowsPowerShell\v1.0\;C:\Program Files (x86)\Windows Kits\8.1\Windows Performance Toolkit\;C:\Program Files\Microsoft SQL Server\110\Tools\Binn\;C:\Program Files (x86)\Microsoft SDKs\TypeScript\1.0\;C:\Program Files\Microsoft SQL Server\120\Tools\Binn\;C:\WINDOWS\system32\config\systemprofile\.dnx\bin;C:\Program Files\Microsoft DNX\Dnvm\;C:\Program Files\Microsoft SQL Server\130\Tools\Binn\;C:\Program Files\Git\cmd;C:\Program Files\Java\jdk1.8.0_161\bin;M:\Programs\apache-maven-3.5.0\bin;M:\Programs\doxygen\bin;C:\xampp\mysql\bin;C:\Program Files (x86)\GtkSharp\2.12\bin;C:\Program Files\Intel\WiFi\bin\;C:\Program Files\Common Files\Intel\WirelessCommon\;M:\Programs\MatLAb\runtime\win64;M:\Programs\MatLAb\bin;C:\WINDOWS\System32\OpenSSH\;C:\Users\DELL\AppData\Local\Microsoft\WindowsApps;C:\Program Files\Intel\WiFi\bin\;C:\Program Files\Common Files\Intel\WirelessCommon\;;., surefire.test.class.path=M:\JavaLibrary\eepractice\digitalhospital\target\test-classes;M:\JavaLibrary\eepractice\digitalhospital\target\classes;C:\Users\DELL\.m2\repository\org\springframework\boot\spring-boot-starter-data-rest\2.0.1.RELEASE\spring-boot-starter-data-rest-2.0.1.RELEASE.jar;C:\Users\DELL\.m2\repository\org\springframework\boot\spring-boot-starter\2.0.1.RELEASE\spring-boot-starter-2.0.1.RELEASE.jar;C:\Users\DELL\.m2\repository\org\springframework\boot\spring-boot-starter-logging\2.0.1.RELEASE\spring-boot-starter-logging-2.0.1.RELEASE.jar;C:\Users\DELL\.m2\repository\ch\qos\logback\logback-classic\1.2.3\logback-classic-1.2.3.jar;C:\Users\DELL\.m2\repository\ch\qos\logback\logback-core\1.2.3\logback-core-1.2.3.jar;C:\Users\DELL\.m2\repository\org\apache\logging\log4j\log4j-to-slf4j\2.10.0\log4j-to-slf4j-2.10.0.jar;C:\Users\DELL\.m2\repository\javax\annotation\javax.annotation-api\1.3.2\javax.annotation-api-1.3.2.jar;C:\Users\DELL\.m2\repository\org\yaml\snakeyaml\1.19\snakeyaml-1.19.jar;C:\Users\DELL\.m2\repository\org\springframework\boot\spring-boot-starter-json\2.0.1.RELEASE\spring-boot-starter-json-2.0.1.RELEASE.jar;C:\Users\DELL\.m2\repository\com\fasterxml\jackson\core\jackson-databind\2.9.5\jackson-databind-2.9.5.jar;C:\Users\DELL\.m2\repository\com\fasterxml\jackson\core\jackson-core\2.9.5\jackson-core-2.9.5.jar;C:\Users\DELL\.m2\repository\com\fasterxml\jackson\datatype\jackson-datatype-jdk8\2.9.5\jackson-datatype-jdk8-2.9.5.jar;C:\Users\DELL\.m2\repository\com\fasterxml\jackson\datatype\jackson-datatype-jsr310\2.9.5\jackson-datatype-jsr310-2.9.5.jar;C:\Users\DELL\.m2\repository\com\fasterxml\jackson\module\jackson-module-parameter-names\2.9.5\jackson-module-parameter-names-2.9.5.jar;C:\Users\DELL\.m2\repository\org\springframework\data\spring-data-rest-webmvc\3.0.6.RELEASE\spring-data-rest-webmvc-3.0.6.RELEASE.jar;C:\Users\DELL\.m2\repository\org\springframework\data\spring-data-rest-core\3.0.6.RELEASE\spring-data-rest-core-3.0.6.RELEASE.jar;C:\Users\DELL\.m2\repository\org\springframework\hateoas\spring-hateoas\0.24.0.RELEASE\spring-hateoas-0.24.0.RELEASE.jar;C:\Users\DELL\.m2\repository\org\springframework\plugin\spring-plugin-core\1.2.0.RELEASE\spring-plugin-core-1.2.0.RELEASE.jar;C:\Users\DELL\.m2\repository\org\atteo\evo-inflector\1.2.2\evo-inflector-1.2.2.jar;C:\Users\DELL\.m2\repository\com\fasterxml\jackson\core\jackson-annotations\2.9.0\jackson-annotations-2.9.0.jar;C:\Users\DELL\.m2\repository\org\springframework\boot\spring-boot-starter-jersey\2.0.1.RELEASE\spring-boot-starter-jersey-2.0.1.RELEASE.jar;C:\Users\DELL\.m2\repository\org\springframework\boot\spring-boot-starter-tomcat\2.0.1.RELEASE\spring-boot-starter-tomcat-2.0.1.RELEASE.jar;C:\Users\DELL\.m2\repository\org\apache\tomcat\embed\tomcat-embed-core\8.5.29\tomcat-embed-core-8.5.29.jar;C:\Users\DELL\.m2\repository\org\apache\tomcat\embed\tomcat-embed-websocket\8.5.29\tomcat-embed-websocket-8.5.29.jar;C:\Users\DELL\.m2\repository\org\springframework\spring-web\5.0.5.RELEASE\spring-web-5.0.5.RELEASE.jar;C:\Users\DELL\.m2\repository\org\glassfish\jersey\core\jersey-server\2.26\jersey-server-2.26.jar;C:\Users\DELL\.m2\repository\org\glassfish\jersey\core\jersey-common\2.26\jersey-common-2.26.jar;C:\Users\DELL\.m2\repository\org\glassfish\hk2\osgi-resource-locator\1.0.1\osgi-resource-locator-1.0.1.jar;C:\Users\DELL\.m2\repository\org\glassfish\jersey\core\jersey-client\2.26\jersey-client-2.26.jar;C:\Users\DELL\.m2\repository\javax\ws\rs\javax.ws.rs-api\2.1\javax.ws.rs-api-2.1.jar;C:\Users\DELL\.m2\repository\org\glassfish\jersey\media\jersey-media-jaxb\2.26\jersey-media-jaxb-2.26.jar;C:\Users\DELL\.m2\repository\javax\validation\validation-api\2.0.1.Final\validation-api-2.0.1.Final.jar;C:\Users\DELL\.m2\repository\org\glassfish\jersey\containers\jersey-container-servlet-core\2.26\jersey-container-servlet-core-2.26.jar;C:\Users\DELL\.m2\repository\org\glassfish\jersey\containers\jersey-container-servlet\2.26\jersey-container-servlet-2.26.jar;C:\Users\DELL\.m2\repository\org\glassfish\jersey\ext\jersey-bean-validation\2.26\jersey-bean-validation-2.26.jar;C:\Users\DELL\.m2\repository\org\glassfish\jersey\ext\jersey-spring4\2.26\jersey-spring4-2.26.jar;C:\Users\DELL\.m2\repository\org\glassfish\jersey\inject\jersey-hk2\2.26\jersey-hk2-2.26.jar;C:\Users\DELL\.m2\repository\org\glassfish\hk2\hk2-locator\2.5.0-b42\hk2-locator-2.5.0-b42.jar;C:\Users\DELL\.m2\repository\org\glassfish\hk2\external\aopalliance-repackaged\2.5.0-b42\aopalliance-repackaged-2.5.0-b42.jar;C:\Users\DELL\.m2\repository\org\javassist\javassist\3.22.0-CR2\javassist-3.22.0-CR2.jar;C:\Users\DELL\.m2\repository\org\glassfish\hk2\hk2\2.5.0-b42\hk2-2.5.0-b42.jar;C:\Users\DELL\.m2\repository\org\glassfish\hk2\hk2-utils\2.5.0-b42\hk2-utils-2.5.0-b42.jar;C:\Users\DELL\.m2\repository\javax\inject\javax.inject\1\javax.inject-1.jar;C:\Users\DELL\.m2\repository\org\glassfish\hk2\hk2-api\2.5.0-b42\hk2-api-2.5.0-b42.jar;C:\Users\DELL\.m2\repository\org\glassfish\hk2\config-types\2.5.0-b42\config-types-2.5.0-b42.jar;C:\Users\DELL\.m2\repository\org\glassfish\hk2\hk2-core\2.5.0-b42\hk2-core-2.5.0-b42.jar;C:\Users\DELL\.m2\repository\org\glassfish\hk2\hk2-config\2.5.0-b42\hk2-config-2.5.0-b42.jar;C:\Users\DELL\.m2\repository\org\glassfish\hk2\hk2-runlevel\2.5.0-b42\hk2-runlevel-2.5.0-b42.jar;C:\Users\DELL\.m2\repository\org\glassfish\hk2\class-model\2.5.0-b42\class-model-2.5.0-b42.jar;C:\Users\DELL\.m2\repository\org\glassfish\hk2\external\asm-all-repackaged\2.5.0-b42\asm-all-repackaged-2.5.0-b42.jar;C:\Users\DELL\.m2\repository\org\glassfish\hk2\spring-bridge\2.5.0-b42\spring-bridge-2.5.0-b42.jar;C:\Users\DELL\.m2\repository\org\glassfish\jersey\media\jersey-media-json-jackson\2.26\jersey-media-json-jackson-2.26.jar;C:\Users\DELL\.m2\repository\org\glassfish\jersey\ext\jersey-entity-filtering\2.26\jersey-entity-filtering-2.26.jar;C:\Users\DELL\.m2\repository\com\fasterxml\jackson\module\jackson-module-jaxb-annotations\2.9.5\jackson-module-jaxb-annotations-2.9.5.jar;C:\Users\DELL\.m2\repository\org\springframework\boot\spring-boot-starter-security\2.0.1.RELEASE\spring-boot-starter-security-2.0.1.RELEASE.jar;C:\Users\DELL\.m2\repository\org\springframework\spring-aop\5.0.5.RELEASE\spring-aop-5.0.5.RELEASE.jar;C:\Users\DELL\.m2\repository\org\springframework\security\spring-security-config\5.0.4.RELEASE\spring-security-config-5.0.4.RELEASE.jar;C:\Users\DELL\.m2\repository\org\springframework\security\spring-security-web\5.0.4.RELEASE\spring-security-web-5.0.4.RELEASE.jar;C:\Users\DELL\.m2\repository\org\springframework\boot\spring-boot-starter-validation\2.0.1.RELEASE\spring-boot-starter-validation-2.0.1.RELEASE.jar;C:\Users\DELL\.m2\repository\org\apache\tomcat\embed\tomcat-embed-el\8.5.29\tomcat-embed-el-8.5.29.jar;C:\Users\DELL\.m2\repository\org\hibernate\validator\hibernate-validator\6.0.9.Final\hibernate-validator-6.0.9.Final.jar;C:\Users\DELL\.m2\repository\org\jboss\logging\jboss-logging\3.3.2.Final\jboss-logging-3.3.2.Final.jar;C:\Users\DELL\.m2\repository\com\fasterxml\classmate\1.3.4\classmate-1.3.4.jar;C:\Users\DELL\.m2\repository\org\springframework\boot\spring-boot-starter-web\2.0.1.RELEASE\spring-boot-starter-web-2.0.1.RELEASE.jar;C:\Users\DELL\.m2\repository\org\springframework\spring-webmvc\5.0.5.RELEASE\spring-webmvc-5.0.5.RELEASE.jar;C:\Users\DELL\.m2\repository\org\springframework\session\spring-session-core\2.0.2.RELEASE\spring-session-core-2.0.2.RELEASE.jar;C:\Users\DELL\.m2\repository\org\springframework\spring-jcl\5.0.5.RELEASE\spring-jcl-5.0.5.RELEASE.jar;C:\Users\DELL\.m2\repository\org\springframework\data\spring-data-mongodb\2.0.7.RELEASE\spring-data-mongodb-2.0.7.RELEASE.jar;C:\Users\DELL\.m2\repository\org\springframework\spring-tx\5.0.5.RELEASE\spring-tx-5.0.5.RELEASE.jar;C:\Users\DELL\.m2\repository\org\springframework\spring-context\5.0.5.RELEASE\spring-context-5.0.5.RELEASE.jar;C:\Users\DELL\.m2\repository\org\springframework\spring-beans\5.0.5.RELEASE\spring-beans-5.0.5.RELEASE.jar;C:\Users\DELL\.m2\repository\org\springframework\spring-core\5.0.5.RELEASE\spring-core-5.0.5.RELEASE.jar;C:\Users\DELL\.m2\repository\org\springframework\spring-expression\5.0.5.RELEASE\spring-expression-5.0.5.RELEASE.jar;C:\Users\DELL\.m2\repository\org\springframework\data\spring-data-commons\2.0.6.RELEASE\spring-data-commons-2.0.6.RELEASE.jar;C:\Users\DELL\.m2\repository\org\mongodb\mongo-java-driver\3.6.3\mongo-java-driver-3.6.3.jar;C:\Users\DELL\.m2\repository\org\slf4j\slf4j-api\1.7.25\slf4j-api-1.7.25.jar;C:\Users\DELL\.m2\repository\org\springframework\boot\spring-boot-starter-thymeleaf\2.0.2.RELEASE\spring-boot-starter-thymeleaf-2.0.2.RELEASE.jar;C:\Users\DELL\.m2\repository\org\thymeleaf\thymeleaf-spring5\3.0.9.RELEASE\thymeleaf-spring5-3.0.9.RELEASE.jar;C:\Users\DELL\.m2\repository\org\thymeleaf\thymeleaf\3.0.9.RELEASE\thymeleaf-3.0.9.RELEASE.jar;C:\Users\DELL\.m2\repository\org\attoparser\attoparser\2.0.4.RELEASE\attoparser-2.0.4.RELEASE.jar;C:\Users\DELL\.m2\repository\org\unbescape\unbescape\1.1.5.RELEASE\unbescape-1.1.5.RELEASE.jar;C:\Users\DELL\.m2\repository\org\thymeleaf\extras\thymeleaf-extras-java8time\3.0.1.RELEASE\thymeleaf-extras-java8time-3.0.1.RELEASE.jar;C:\Users\DELL\.m2\repository\org\springframework\boot\spring-boot-starter-log4j2\2.0.2.RELEASE\spring-boot-starter-log4j2-2.0.2.RELEASE.jar;C:\Users\DELL\.m2\repository\org\apache\logging\log4j\log4j-slf4j-impl\2.10.0\log4j-slf4j-impl-2.10.0.jar;C:\Users\DELL\.m2\repository\org\apache\logging\log4j\log4j-api\2.10.0\log4j-api-2.10.0.jar;C:\Users\DELL\.m2\repository\org\apache\logging\log4j\log4j-core\2.10.0\log4j-core-2.10.0.jar;C:\Users\DELL\.m2\repository\org\slf4j\jul-to-slf4j\1.7.25\jul-to-slf4j-1.7.25.jar;C:\Users\DELL\.m2\repository\org\springframework\boot\spring-boot-devtools\2.0.1.RELEASE\spring-boot-devtools-2.0.1.RELEASE.jar;C:\Users\DELL\.m2\repository\org\springframework\boot\spring-boot\2.0.1.RELEASE\spring-boot-2.0.1.RELEASE.jar;C:\Users\DELL\.m2\repository\org\springframework\boot\spring-boot-autoconfigure\2.0.1.RELEASE\spring-boot-autoconfigure-2.0.1.RELEASE.jar;C:\Users\DELL\.m2\repository\mysql\mysql-connector-java\5.1.46\mysql-connector-java-5.1.46.jar;C:\Users\DELL\.m2\repository\org\springframework\boot\spring-boot-starter-test\2.0.1.RELEASE\spring-boot-starter-test-2.0.1.RELEASE.jar;C:\Users\DELL\.m2\repository\org\springframework\boot\spring-boot-test\2.0.1.RELEASE\spring-boot-test-2.0.1.RELEASE.jar;C:\Users\DELL\.m2\repository\org\springframework\boot\spring-boot-test-autoconfigure\2.0.1.RELEASE\spring-boot-test-autoconfigure-2.0.1.RELEASE.jar;C:\Users\DELL\.m2\repository\com\jayway\jsonpath\json-path\2.4.0\json-path-2.4.0.jar;C:\Users\DELL\.m2\repository\net\minidev\json-smart\2.3\json-smart-2.3.jar;C:\Users\DELL\.m2\repository\net\minidev\accessors-smart\1.2\accessors-smart-1.2.jar;C:\Users\DELL\.m2\repository\org\ow2\asm\asm\5.0.4\asm-5.0.4.jar;C:\Users\DELL\.m2\repository\junit\junit\4.12\junit-4.12.jar;C:\Users\DELL\.m2\repository\org\assertj\assertj-core\3.9.1\assertj-core-3.9.1.jar;C:\Users\DELL\.m2\repository\org\mockito\mockito-core\2.15.0\mockito-core-2.15.0.jar;C:\Users\DELL\.m2\repository\net\bytebuddy\byte-buddy\1.7.11\byte-buddy-1.7.11.jar;C:\Users\DELL\.m2\repository\net\bytebuddy\byte-buddy-agent\1.7.11\byte-buddy-agent-1.7.11.jar;C:\Users\DELL\.m2\repository\org\objenesis\objenesis\2.6\objenesis-2.6.jar;C:\Users\DELL\.m2\repository\org\hamcrest\hamcrest-core\1.3\hamcrest-core-1.3.jar;C:\Users\DELL\.m2\repository\org\hamcrest\hamcrest-library\1.3\hamcrest-library-1.3.jar;C:\Users\DELL\.m2\repository\org\skyscreamer\jsonassert\1.5.0\jsonassert-1.5.0.jar;C:\Users\DELL\.m2\repository\com\vaadin\external\google\android-json\0.0.20131108.vaadin1\android-json-0.0.20131108.vaadin1.jar;C:\Users\DELL\.m2\repository\org\springframework\spring-test\5.0.5.RELEASE\spring-test-5.0.5.RELEASE.jar;C:\Users\DELL\.m2\repository\org\xmlunit\xmlunit-core\2.5.1\xmlunit-core-2.5.1.jar;C:\Users\DELL\.m2\repository\org\springframework\security\spring-security-test\5.0.4.RELEASE\spring-security-test-5.0.4.RELEASE.jar;C:\Users\DELL\.m2\repository\org\springframework\security\spring-security-core\5.0.4.RELEASE\spring-security-core-5.0.4.RELEASE.jar;, java.specification.name=Java Platform API Specification, java.class.version=52.0, sun.management.compiler=HotSpot 64-Bit Tiered Compilers, os.version=10.0, user.home=C:\Users\DELL, user.timezone=Europe/Helsinki, java.awt.printerjob=sun.awt.windows.WPrinterJob, file.encoding=Cp1251, java.specification.version=1.8, java.class.path=M:\JavaLibrary\eepractice\digitalhospital\target\test-classes;M:\JavaLibrary\eepractice\digitalhospital\target\classes;C:\Users\DELL\.m2\repository\org\springframework\boot\spring-boot-starter-data-rest\2.0.1.RELEASE\spring-boot-starter-data-rest-2.0.1.RELEASE.jar;C:\Users\DELL\.m2\repository\org\springframework\boot\spring-boot-starter\2.0.1.RELEASE\spring-boot-starter-2.0.1.RELEASE.jar;C:\Users\DELL\.m2\repository\org\springframework\boot\spring-boot-starter-logging\2.0.1.RELEASE\spring-boot-starter-logging-2.0.1.RELEASE.jar;C:\Users\DELL\.m2\repository\ch\qos\logback\logback-classic\1.2.3\logback-classic-1.2.3.jar;C:\Users\DELL\.m2\repository\ch\qos\logback\logback-core\1.2.3\logback-core-1.2.3.jar;C:\Users\DELL\.m2\repository\org\apache\logging\log4j\log4j-to-slf4j\2.10.0\log4j-to-slf4j-2.10.0.jar;C:\Users\DELL\.m2\repository\javax\annotation\javax.annotation-api\1.3.2\javax.annotation-api-1.3.2.jar;C:\Users\DELL\.m2\repository\org\yaml\snakeyaml\1.19\snakeyaml-1.19.jar;C:\Users\DELL\.m2\repository\org\springframework\boot\spring-boot-starter-json\2.0.1.RELEASE\spring-boot-starter-json-2.0.1.RELEASE.jar;C:\Users\DELL\.m2\repository\com\fasterxml\jackson\core\jackson-databind\2.9.5\jackson-databind-2.9.5.jar;C:\Users\DELL\.m2\repository\com\fasterxml\jackson\core\jackson-core\2.9.5\jackson-core-2.9.5.jar;C:\Users\DELL\.m2\repository\com\fasterxml\jackson\datatype\jackson-datatype-jdk8\2.9.5\jackson-datatype-jdk8-2.9.5.jar;C:\Users\DELL\.m2\repository\com\fasterxml\jackson\datatype\jackson-datatype-jsr310\2.9.5\jackson-datatype-jsr310-2.9.5.jar;C:\Users\DELL\.m2\repository\com\fasterxml\jackson\module\jackson-module-parameter-names\2.9.5\jackson-module-parameter-names-2.9.5.jar;C:\Users\DELL\.m2\repository\org\springframework\data\spring-data-rest-webmvc\3.0.6.RELEASE\spring-data-rest-webmvc-3.0.6.RELEASE.jar;C:\Users\DELL\.m2\repository\org\springframework\data\spring-data-rest-core\3.0.6.RELEASE\spring-data-rest-core-3.0.6.RELEASE.jar;C:\Users\DELL\.m2\repository\org\springframework\hateoas\spring-hateoas\0.24.0.RELEASE\spring-hateoas-0.24.0.RELEASE.jar;C:\Users\DELL\.m2\repository\org\springframework\plugin\spring-plugin-core\1.2.0.RELEASE\spring-plugin-core-1.2.0.RELEASE.jar;C:\Users\DELL\.m2\repository\org\atteo\evo-inflector\1.2.2\evo-inflector-1.2.2.jar;C:\Users\DELL\.m2\repository\com\fasterxml\jackson\core\jackson-annotations\2.9.0\jackson-annotations-2.9.0.jar;C:\Users\DELL\.m2\repository\org\springframework\boot\spring-boot-starter-jersey\2.0.1.RELEASE\spring-boot-starter-jersey-2.0.1.RELEASE.jar;C:\Users\DELL\.m2\repository\org\springframework\boot\spring-boot-starter-tomcat\2.0.1.RELEASE\spring-boot-starter-tomcat-2.0.1.RELEASE.jar;C:\Users\DELL\.m2\repository\org\apache\tomcat\embed\tomcat-embed-core\8.5.29\tomcat-embed-core-8.5.29.jar;C:\Users\DELL\.m2\repository\org\apache\tomcat\embed\tomcat-embed-websocket\8.5.29\tomcat-embed-websocket-8.5.29.jar;C:\Users\DELL\.m2\repository\org\springframework\spring-web\5.0.5.RELEASE\spring-web-5.0.5.RELEASE.jar;C:\Users\DELL\.m2\repository\org\glassfish\jersey\core\jersey-server\2.26\jersey-server-2.26.jar;C:\Users\DELL\.m2\repository\org\glassfish\jersey\core\jersey-common\2.26\jersey-common-2.26.jar;C:\Users\DELL\.m2\repository\org\glassfish\hk2\osgi-resource-locator\1.0.1\osgi-resource-locator-1.0.1.jar;C:\Users\DELL\.m2\repository\org\glassfish\jersey\core\jersey-client\2.26\jersey-client-2.26.jar;C:\Users\DELL\.m2\repository\javax\ws\rs\javax.ws.rs-api\2.1\javax.ws.rs-api-2.1.jar;C:\Users\DELL\.m2\repository\org\glassfish\jersey\media\jersey-media-jaxb\2.26\jersey-media-jaxb-2.26.jar;C:\Users\DELL\.m2\repository\javax\validation\validation-api\2.0.1.Final\validation-api-2.0.1.Final.jar;C:\Users\DELL\.m2\repository\org\glassfish\jersey\containers\jersey-container-servlet-core\2.26\jersey-container-servlet-core-2.26.jar;C:\Users\DELL\.m2\repository\org\glassfish\jersey\containers\jersey-container-servlet\2.26\jersey-container-servlet-2.26.jar;C:\Users\DELL\.m2\repository\org\glassfish\jersey\ext\jersey-bean-validation\2.26\jersey-bean-validation-2.26.jar;C:\Users\DELL\.m2\repository\org\glassfish\jersey\ext\jersey-spring4\2.26\jersey-spring4-2.26.jar;C:\Users\DELL\.m2\repository\org\glassfish\jersey\inject\jersey-hk2\2.26\jersey-hk2-2.26.jar;C:\Users\DELL\.m2\repository\org\glassfish\hk2\hk2-locator\2.5.0-b42\hk2-locator-2.5.0-b42.jar;C:\Users\DELL\.m2\repository\org\glassfish\hk2\external\aopalliance-repackaged\2.5.0-b42\aopalliance-repackaged-2.5.0-b42.jar;C:\Users\DELL\.m2\repository\org\javassist\javassist\3.22.0-CR2\javassist-3.22.0-CR2.jar;C:\Users\DELL\.m2\repository\org\glassfish\hk2\hk2\2.5.0-b42\hk2-2.5.0-b42.jar;C:\Users\DELL\.m2\repository\org\glassfish\hk2\hk2-utils\2.5.0-b42\hk2-utils-2.5.0-b42.jar;C:\Users\DELL\.m2\repository\javax\inject\javax.inject\1\javax.inject-1.jar;C:\Users\DELL\.m2\repository\org\glassfish\hk2\hk2-api\2.5.0-b42\hk2-api-2.5.0-b42.jar;C:\Users\DELL\.m2\repository\org\glassfish\hk2\config-types\2.5.0-b42\config-types-2.5.0-b42.jar;C:\Users\DELL\.m2\repository\org\glassfish\hk2\hk2-core\2.5.0-b42\hk2-core-2.5.0-b42.jar;C:\Users\DELL\.m2\repository\org\glassfish\hk2\hk2-config\2.5.0-b42\hk2-config-2.5.0-b42.jar;C:\Users\DELL\.m2\repository\org\glassfish\hk2\hk2-runlevel\2.5.0-b42\hk2-runlevel-2.5.0-b42.jar;C:\Users\DELL\.m2\repository\org\glassfish\hk2\class-model\2.5.0-b42\class-model-2.5.0-b42.jar;C:\Users\DELL\.m2\repository\org\glassfish\hk2\external\asm-all-repackaged\2.5.0-b42\asm-all-repackaged-2.5.0-b42.jar;C:\Users\DELL\.m2\repository\org\glassfish\hk2\spring-bridge\2.5.0-b42\spring-bridge-2.5.0-b42.jar;C:\Users\DELL\.m2\repository\org\glassfish\jersey\media\jersey-media-json-jackson\2.26\jersey-media-json-jackson-2.26.jar;C:\Users\DELL\.m2\repository\org\glassfish\jersey\ext\jersey-entity-filtering\2.26\jersey-entity-filtering-2.26.jar;C:\Users\DELL\.m2\repository\com\fasterxml\jackson\module\jackson-module-jaxb-annotations\2.9.5\jackson-module-jaxb-annotations-2.9.5.jar;C:\Users\DELL\.m2\repository\org\springframework\boot\spring-boot-starter-security\2.0.1.RELEASE\spring-boot-starter-security-2.0.1.RELEASE.jar;C:\Users\DELL\.m2\repository\org\springframework\spring-aop\5.0.5.RELEASE\spring-aop-5.0.5.RELEASE.jar;C:\Users\DELL\.m2\repository\org\springframework\security\spring-security-config\5.0.4.RELEASE\spring-security-config-5.0.4.RELEASE.jar;C:\Users\DELL\.m2\repository\org\springframework\security\spring-security-web\5.0.4.RELEASE\spring-security-web-5.0.4.RELEASE.jar;C:\Users\DELL\.m2\repository\org\springframework\boot\spring-boot-starter-validation\2.0.1.RELEASE\spring-boot-starter-validation-2.0.1.RELEASE.jar;C:\Users\DELL\.m2\repository\org\apache\tomcat\embed\tomcat-embed-el\8.5.29\tomcat-embed-el-8.5.29.jar;C:\Users\DELL\.m2\repository\org\hibernate\validator\hibernate-validator\6.0.9.Final\hibernate-validator-6.0.9.Final.jar;C:\Users\DELL\.m2\repository\org\jboss\logging\jboss-logging\3.3.2.Final\jboss-logging-3.3.2.Final.jar;C:\Users\DELL\.m2\repository\com\fasterxml\classmate\1.3.4\classmate-1.3.4.jar;C:\Users\DELL\.m2\repository\org\springframework\boot\spring-boot-starter-web\2.0.1.RELEASE\spring-boot-starter-web-2.0.1.RELEASE.jar;C:\Users\DELL\.m2\repository\org\springframework\spring-webmvc\5.0.5.RELEASE\spring-webmvc-5.0.5.RELEASE.jar;C:\Users\DELL\.m2\repository\org\springframework\session\spring-session-core\2.0.2.RELEASE\spring-session-core-2.0.2.RELEASE.jar;C:\Users\DELL\.m2\repository\org\springframework\spring-jcl\5.0.5.RELEASE\spring-jcl-5.0.5.RELEASE.jar;C:\Users\DELL\.m2\repository\org\springframework\data\spring-data-mongodb\2.0.7.RELEASE\spring-data-mongodb-2.0.7.RELEASE.jar;C:\Users\DELL\.m2\repository\org\springframework\spring-tx\5.0.5.RELEASE\spring-tx-5.0.5.RELEASE.jar;C:\Users\DELL\.m2\repository\org\springframework\spring-context\5.0.5.RELEASE\spring-context-5.0.5.RELEASE.jar;C:\Users\DELL\.m2\repository\org\springframework\spring-beans\5.0.5.RELEASE\spring-beans-5.0.5.RELEASE.jar;C:\Users\DELL\.m2\repository\org\springframework\spring-core\5.0.5.RELEASE\spring-core-5.0.5.RELEASE.jar;C:\Users\DELL\.m2\repository\org\springframework\spring-expression\5.0.5.RELEASE\spring-expression-5.0.5.RELEASE.jar;C:\Users\DELL\.m2\repository\org\springframework\data\spring-data-commons\2.0.6.RELEASE\spring-data-commons-2.0.6.RELEASE.jar;C:\Users\DELL\.m2\repository\org\mongodb\mongo-java-driver\3.6.3\mongo-java-driver-3.6.3.jar;C:\Users\DELL\.m2\repository\org\slf4j\slf4j-api\1.7.25\slf4j-api-1.7.25.jar;C:\Users\DELL\.m2\repository\org\springframework\boot\spring-boot-starter-thymeleaf\2.0.2.RELEASE\spring-boot-starter-thymeleaf-2.0.2.RELEASE.jar;C:\Users\DELL\.m2\repository\org\thymeleaf\thymeleaf-spring5\3.0.9.RELEASE\thymeleaf-spring5-3.0.9.RELEASE.jar;C:\Users\DELL\.m2\repository\org\thymeleaf\thymeleaf\3.0.9.RELEASE\thymeleaf-3.0.9.RELEASE.jar;C:\Users\DELL\.m2\repository\org\attoparser\attoparser\2.0.4.RELEASE\attoparser-2.0.4.RELEASE.jar;C:\Users\DELL\.m2\repository\org\unbescape\unbescape\1.1.5.RELEASE\unbescape-1.1.5.RELEASE.jar;C:\Users\DELL\.m2\repository\org\thymeleaf\extras\thymeleaf-extras-java8time\3.0.1.RELEASE\thymeleaf-extras-java8time-3.0.1.RELEASE.jar;C:\Users\DELL\.m2\repository\org\springframework\boot\spring-boot-starter-log4j2\2.0.2.RELEASE\spring-boot-starter-log4j2-2.0.2.RELEASE.jar;C:\Users\DELL\.m2\repository\org\apache\logging\log4j\log4j-slf4j-impl\2.10.0\log4j-slf4j-impl-2.10.0.jar;C:\Users\DELL\.m2\repository\org\apache\logging\log4j\log4j-api\2.10.0\log4j-api-2.10.0.jar;C:\Users\DELL\.m2\repository\org\apache\logging\log4j\log4j-core\2.10.0\log4j-core-2.10.0.jar;C:\Users\DELL\.m2\repository\org\slf4j\jul-to-slf4j\1.7.25\jul-to-slf4j-1.7.25.jar;C:\Users\DELL\.m2\repository\org\springframework\boot\spring-boot-devtools\2.0.1.RELEASE\spring-boot-devtools-2.0.1.RELEASE.jar;C:\Users\DELL\.m2\repository\org\springframework\boot\spring-boot\2.0.1.RELEASE\spring-boot-2.0.1.RELEASE.jar;C:\Users\DELL\.m2\repository\org\springframework\boot\spring-boot-autoconfigure\2.0.1.RELEASE\spring-boot-autoconfigure-2.0.1.RELEASE.jar;C:\Users\DELL\.m2\repository\mysql\mysql-connector-java\5.1.46\mysql-connector-java-5.1.46.jar;C:\Users\DELL\.m2\repository\org\springframework\boot\spring-boot-starter-test\2.0.1.RELEASE\spring-boot-starter-test-2.0.1.RELEASE.jar;C:\Users\DELL\.m2\repository\org\springframework\boot\spring-boot-test\2.0.1.RELEASE\spring-boot-test-2.0.1.RELEASE.jar;C:\Users\DELL\.m2\repository\org\springframework\boot\spring-boot-test-autoconfigure\2.0.1.RELEASE\spring-boot-test-autoconfigure-2.0.1.RELEASE.jar;C:\Users\DELL\.m2\repository\com\jayway\jsonpath\json-path\2.4.0\json-path-2.4.0.jar;C:\Users\DELL\.m2\repository\net\minidev\json-smart\2.3\json-smart-2.3.jar;C:\Users\DELL\.m2\repository\net\minidev\accessors-smart\1.2\accessors-smart-1.2.jar;C:\Users\DELL\.m2\repository\org\ow2\asm\asm\5.0.4\asm-5.0.4.jar;C:\Users\DELL\.m2\repository\junit\junit\4.12\junit-4.12.jar;C:\Users\DELL\.m2\repository\org\assertj\assertj-core\3.9.1\assertj-core-3.9.1.jar;C:\Users\DELL\.m2\repository\org\mockito\mockito-core\2.15.0\mockito-core-2.15.0.jar;C:\Users\DELL\.m2\repository\net\bytebuddy\byte-buddy\1.7.11\byte-buddy-1.7.11.jar;C:\Users\DELL\.m2\repository\net\bytebuddy\byte-buddy-agent\1.7.11\byte-buddy-agent-1.7.11.jar;C:\Users\DELL\.m2\repository\org\objenesis\objenesis\2.6\objenesis-2.6.jar;C:\Users\DELL\.m2\repository\org\hamcrest\hamcrest-core\1.3\hamcrest-core-1.3.jar;C:\Users\DELL\.m2\repository\org\hamcrest\hamcrest-library\1.3\hamcrest-library-1.3.jar;C:\Users\DELL\.m2\repository\org\skyscreamer\jsonassert\1.5.0\jsonassert-1.5.0.jar;C:\Users\DELL\.m2\repository\com\vaadin\external\google\android-json\0.0.20131108.vaadin1\android-json-0.0.20131108.vaadin1.jar;C:\Users\DELL\.m2\repository\org\springframework\spring-test\5.0.5.RELEASE\spring-test-5.0.5.RELEASE.jar;C:\Users\DELL\.m2\repository\org\xmlunit\xmlunit-core\2.5.1\xmlunit-core-2.5.1.jar;C:\Users\DELL\.m2\repository\org\springframework\security\spring-security-test\5.0.4.RELEASE\spring-security-test-5.0.4.RELEASE.jar;C:\Users\DELL\.m2\repository\org\springframework\security\spring-security-core\5.0.4.RELEASE\spring-security-core-5.0.4.RELEASE.jar;, user.name=DELL, java.vm.specification.version=1.8, sun.java.command=C:\Users\DELL\AppData\Local\Temp\surefire6605676139074691617\surefirebooter7246120608147614320.jar C:\Users\DELL\AppData\Local\Temp\surefire6605676139074691617 2018-06-11T08-52-24_886-jvmRun1 surefire8910544314793506239tmp surefire_02661931302262708884tmp, java.home=C:\Program Files\Java\jdk1.8.0_161\jre, sun.arch.data.model=64, user.language=ru, java.specification.vendor=Oracle Corporation, awt.toolkit=sun.awt.windows.WToolkit, java.vm.info=mixed mode, java.version=1.8.0_161, java.ext.dirs=C:\Program Files\Java\jdk1.8.0_161\jre\lib\ext;C:\WINDOWS\Sun\Java\lib\ext, sun.boot.class.path=C:\Program Files\Java\jdk1.8.0_161\jre\lib\resources.jar;C:\Program Files\Java\jdk1.8.0_161\jre\lib\rt.jar;C:\Program Files\Java\jdk1.8.0_161\jre\lib\sunrsasign.jar;C:\Program Files\Java\jdk1.8.0_161\jre\lib\jsse.jar;C:\Program Files\Java\jdk1.8.0_161\jre\lib\jce.jar;C:\Program Files\Java\jdk1.8.0_161\jre\lib\charsets.jar;C:\Program Files\Java\jdk1.8.0_161\jre\lib\jfr.jar;C:\Program Files\Java\jdk1.8.0_161\jre\classes, java.vendor=Oracle Corporation, localRepository=C:\Users\DELL\.m2\repository, file.separator=\, java.vendor.url.bug=http://bugreport.sun.com/bugreport/, sun.io.unicode.encoding=UnicodeLittle, sun.cpu.endian=little, sun.desktop=windows, sun.cpu.isalist=amd64}}, SystemEnvironmentPropertySource@1625082366 {name='systemEnvironment', properties={PATH=C:\ProgramData\Oracle\Java\javapath;C:\windows\system32;C:\windows;C:\windows\System32\Wbem;C:\windows\System32\WindowsPowerShell\v1.0\;C:\Program Files (x86)\ATI Technologies\ATI.ACE\Core-Static;C:\Program Files (x86)\Microsoft SQL Server\80\Tools\Binn\;C:\Program Files (x86)\Common Files\Acronis\SnapAPI\;C:\Program Files (x86)\Skype\Phone\;C:\Program Files (x86)\Intel\OpenCL SDK\2.0\bin\x86;C:\Program Files (x86)\Intel\OpenCL SDK\2.0\bin\x64;C:\Program Files (x86)\NVIDIA Corporation\PhysX\Common;C:\WINDOWS\system32;C:\WINDOWS;C:\WINDOWS\System32\Wbem;C:\WINDOWS\System32\WindowsPowerShell\v1.0\;C:\Program Files (x86)\Windows Kits\8.1\Windows Performance Toolkit\;C:\Program Files\Microsoft SQL Server\110\Tools\Binn\;C:\Program Files (x86)\Microsoft SDKs\TypeScript\1.0\;C:\Program Files\Microsoft SQL Server\120\Tools\Binn\;C:\WINDOWS\system32\config\systemprofile\.dnx\bin;C:\Program Files\Microsoft DNX\Dnvm\;C:\Program Files\Microsoft SQL Server\130\Tools\Binn\;C:\Program Files\Git\cmd;C:\Program Files\Java\jdk1.8.0_161\bin;M:\Programs\apache-maven-3.5.0\bin;M:\Programs\doxygen\bin;C:\xampp\mysql\bin;C:\Program Files (x86)\GtkSharp\2.12\bin;C:\Program Files\Intel\WiFi\bin\;C:\Program Files\Common Files\Intel\WirelessCommon\;M:\Programs\MatLAb\runtime\win64;M:\Programs\MatLAb\bin;C:\WINDOWS\System32\OpenSSH\;C:\Users\DELL\AppData\Local\Microsoft\WindowsApps;C:\Program Files\Intel\WiFi\bin\;C:\Program Files\Common Files\Intel\WirelessCommon\;, USERDOMAIN_ROAMINGPROFILE=DELL, PROCESSOR_LEVEL=6, SYSTEMDRIVE=C:, FP_NO_HOST_CHECK=NO, VS140COMNTOOLS=M:\Programs\Microsoft Visual 2015\Common7\Tools\, SESSIONNAME=Console, =M:=M:\JavaLibrary\eepractice\digitalhospital, ALLUSERSPROFILE=C:\ProgramData, PROCESSOR_ARCHITECTURE=AMD64, NVIDIAWHITELISTED=0x01, DRIVERDATA=C:\Windows\System32\Drivers\DriverData, PLATFORM=BNB, PROGRAMFILES=C:\Program Files, PSMODULEPATH=C:\WINDOWS\system32\WindowsPowerShell\v1.0\Modules\, PROGRAMDATA=C:\ProgramData, USERNAME=DELL, VSSDK140INSTALL=M:\Programs\Microsoft Visual 2015\VSSDK\, FPS_BROWSER_USER_PROFILE_STRING=Default, ONEDRIVE=C:\Users\DELL\OneDrive, PATHEXT=.COM;.EXE;.BAT;.CMD;.VBS;.VBE;.JS;.JSE;.WSF;.WSH;.MSC, SHIM_MCCOMPAT=0x810000001, WINDIR=C:\WINDOWS, HOMEPATH=\Users\DELL, PROCESSOR_IDENTIFIER=Intel64 Family 6 Model 42 Stepping 7, GenuineIntel, WINDOWS_TRACING_LOGFILE=C:\BVTBin\Tests\installpackage\csilogfile.log, M2_HOME=M:\Programs\apache-maven-3.5.0, PUBLIC=C:\Users\Public, =::=::\, LOCALAPPDATA=C:\Users\DELL\AppData\Local, COMMONPROGRAMFILES(X86)=C:\Program Files (x86)\Common Files, USERDOMAIN=DELL, FPS_BROWSER_APP_PROFILE_STRING=Internet Explorer, LOGONSERVER=\\DELL, JAVA_HOME=C:\Program Files\Java\jdk1.8.0_161, PROMPT=$P$G, PROGRAMFILES(X86)=C:\Program Files (x86), VS120COMNTOOLS=M:\Programs\Visual Studio 2013\Common7\Tools\, ONLINESERVICES=Online Services, WINDOWS_TRACING_FLAGS=3, APPDATA=C:\Users\DELL\AppData\Roaming, PROGRAMW6432=C:\Program Files, GTK_BASEPATH=C:\Program Files (x86)\GtkSharp\2.12\, SYSTEMROOT=C:\WINDOWS, PCBRAND=s, VBOX_MSI_INSTALL_PATH=M:\Programs\VM\, OS=Windows_NT, COMMONPROGRAMW6432=C:\Program Files\Common Files, COMPUTERNAME=DELL, COMMONPROGRAMFILES=C:\Program Files\Common Files, COMSPEC=C:\WINDOWS\system32\cmd.exe, PROCESSOR_REVISION=2a07, TEMP=C:\Users\DELL\AppData\Local\Temp, HOMEDRIVE=C:, USERPROFILE=C:\Users\DELL, TMP=C:\Users\DELL\AppData\Local\Temp, VS110COMNTOOLS=C:\Program Files (x86)\Microsoft Visual Studio 11.0\Common7\Tools\, NUMBER_OF_PROCESSORS=4}}]
08:52:40.677 [main] DEBUG org.springframework.core.io.support.PathMatchingResourcePatternResolver - Resolved classpath location [com/nau/digitalhospital/] to resources [URL [file:/M:/JavaLibrary/eepractice/digitalhospital/target/test-classes/com/nau/digitalhospital/], URL [file:/M:/JavaLibrary/eepractice/digitalhospital/target/classes/com/nau/digitalhospital/]]
08:52:40.678 [main] DEBUG org.springframework.core.io.support.PathMatchingResourcePatternResolver - Looking for matching resources in directory tree [M:\JavaLibrary\eepractice\digitalhospital\target\test-classes\com\nau\digitalhospital]
08:52:40.678 [main] DEBUG org.springframework.core.io.support.PathMatchingResourcePatternResolver - Searching directory [M:\JavaLibrary\eepractice\digitalhospital\target\test-classes\com\nau\digitalhospital] for files matching pattern [M:/JavaLibrary/eepractice/digitalhospital/target/test-classes/com/nau/digitalhospital/*.class]
08:52:40.723 [main] DEBUG org.springframework.core.io.support.PathMatchingResourcePatternResolver - Looking for matching resources in directory tree [M:\JavaLibrary\eepractice\digitalhospital\target\classes\com\nau\digitalhospital]
08:52:40.723 [main] DEBUG org.springframework.core.io.support.PathMatchingResourcePatternResolver - Searching directory [M:\JavaLibrary\eepractice\digitalhospital\target\classes\com\nau\digitalhospital] for files matching pattern [M:/JavaLibrary/eepractice/digitalhospital/target/classes/com/nau/digitalhospital/*.class]
08:52:40.725 [main] DEBUG org.springframework.core.io.support.PathMatchingResourcePatternResolver - Resolved location pattern [classpath*:com/nau/digitalhospital/*.class] to resources [file [M:\JavaLibrary\eepractice\digitalhospital\target\test-classes\com\nau\digitalhospital\DigitalHospitalApplicationTests.class], file [M:\JavaLibrary\eepractice\digitalhospital\target\classes\com\nau\digitalhospital\DigitalHospitalApplication.class], file [M:\JavaLibrary\eepractice\digitalhospital\target\classes\com\nau\digitalhospital\SecurityConfig.class]]
08:52:41.929 [main] DEBUG org.springframework.context.annotation.ClassPathScanningCandidateComponentProvider - Identified candidate component class: file [M:\JavaLibrary\eepractice\digitalhospital\target\classes\com\nau\digitalhospital\DigitalHospitalApplication.class]
08:52:41.933 [main] INFO org.springframework.boot.test.context.SpringBootTestContextBootstrapper - Found @SpringBootConfiguration com.nau.digitalhospital.DigitalHospitalApplication for test class com.nau.digitalhospital.DigitalHospitalApplicationTests
08:52:43.419 [main] DEBUG org.springframework.boot.test.context.SpringBootTestContextBootstrapper - @TestExecutionListeners is not present for class [com.nau.digitalhospital.DigitalHospitalApplicationTests]: using defaults.
08:52:43.420 [main] INFO org.springframework.boot.test.context.SpringBootTestContextBootstrapper - Loaded default TestExecutionListener class names from location [META-INF/spring.factories]: [org.springframework.boot.test.mock.mockito.MockitoTestExecutionListener, org.springframework.boot.test.mock.mockito.ResetMocksTestExecutionListener, org.springframework.boot.test.autoconfigure.restdocs.RestDocsTestExecutionListener, org.springframework.boot.test.autoconfigure.web.client.MockRestServiceServerResetTestExecutionListener, org.springframework.boot.test.autoconfigure.web.servlet.MockMvcPrintOnlyOnFailureTestExecutionListener, org.springframework.boot.test.autoconfigure.web.servlet.WebDriverTestExecutionListener, org.springframework.test.context.web.ServletTestExecutionListener, org.springframework.test.context.support.DirtiesContextBeforeModesTestExecutionListener, org.springframework.test.context.support.DependencyInjectionTestExecutionListener, org.springframework.test.context.support.DirtiesContextTestExecutionListener, org.springframework.test.context.transaction.TransactionalTestExecutionListener, org.springframework.test.context.jdbc.SqlScriptsTestExecutionListener, org.springframework.security.test.context.support.WithSecurityContextTestExecutionListener, org.springframework.security.test.context.support.ReactorContextTestExecutionListener]
08:52:43.575 [main] INFO org.springframework.boot.test.context.SpringBootTestContextBootstrapper - Using TestExecutionListeners: [org.springframework.test.context.web.ServletTestExecutionListener@15bbf42f, org.springframework.test.context.support.DirtiesContextBeforeModesTestExecutionListener@550ee7e5, org.springframework.boot.test.mock.mockito.MockitoTestExecutionListener@5f9b2141, org.springframework.boot.test.autoconfigure.SpringBootDependencyInjectionTestExecutionListener@247d8ae, org.springframework.test.context.support.DirtiesContextTestExecutionListener@48974e45, org.springframework.test.context.transaction.TransactionalTestExecutionListener@6a84a97d, org.springframework.test.context.jdbc.SqlScriptsTestExecutionListener@6c130c45, org.springframework.security.test.context.support.WithSecurityContextTestExecutionListener@50ad3bc1, org.springframework.security.test.context.support.ReactorContextTestExecutionListener@223aa2f7, org.springframework.boot.test.mock.mockito.ResetMocksTestExecutionListener@6d3a388c, org.springframework.boot.test.autoconfigure.restdocs.RestDocsTestExecutionListener@193f604a, org.springframework.boot.test.autoconfigure.web.client.MockRestServiceServerResetTestExecutionListener@20f5239f, org.springframework.boot.test.autoconfigure.web.servlet.MockMvcPrintOnlyOnFailureTestExecutionListener@57af006c, org.springframework.boot.test.autoconfigure.web.servlet.WebDriverTestExecutionListener@6bedbc4d]
08:52:43.585 [main] DEBUG org.springframework.test.annotation.ProfileValueUtils - Retrieved @ProfileValueSourceConfiguration [null] for test class [com.nau.digitalhospital.DigitalHospitalApplicationTests]
08:52:43.586 [main] DEBUG org.springframework.test.annotation.ProfileValueUtils - Retrieved ProfileValueSource type [class org.springframework.test.annotation.SystemProfileValueSource] for class [com.nau.digitalhospital.DigitalHospitalApplicationTests]
08:52:43.589 [main] DEBUG org.springframework.test.annotation.ProfileValueUtils - Retrieved @ProfileValueSourceConfiguration [null] for test class [com.nau.digitalhospital.DigitalHospitalApplicationTests]
08:52:43.589 [main] DEBUG org.springframework.test.annotation.ProfileValueUtils - Retrieved ProfileValueSource type [class org.springframework.test.annotation.SystemProfileValueSource] for class [com.nau.digitalhospital.DigitalHospitalApplicationTests]
08:52:43.624 [main] DEBUG org.springframework.test.annotation.ProfileValueUtils - Retrieved @ProfileValueSourceConfiguration [null] for test class [com.nau.digitalhospital.DigitalHospitalApplicationTests]
08:52:43.624 [main] DEBUG org.springframework.test.annotation.ProfileValueUtils - Retrieved ProfileValueSource type [class org.springframework.test.annotation.SystemProfileValueSource] for class [com.nau.digitalhospital.DigitalHospitalApplicationTests]
08:52:43.734 [main] DEBUG org.springframework.test.context.support.AbstractDirtiesContextTestExecutionListener - Before test class: context [DefaultTestContext@49c7b90e testClass = DigitalHospitalApplicationTests, testInstance = [null], testMethod = [null], testException = [null], mergedContextConfiguration = [WebMergedContextConfiguration@10d307f1 testClass = DigitalHospitalApplicationTests, locations = '{}', classes = '{class com.nau.digitalhospital.DigitalHospitalApplication}', contextInitializerClasses = '[]', activeProfiles = '{}', propertySourceLocations = '{}', propertySourceProperties = '{org.springframework.boot.test.context.SpringBootTestContextBootstrapper=true}', contextCustomizers = set[[ImportsContextCustomizer@4d5b6aac key = [org.springframework.boot.autoconfigure.cache.CacheAutoConfiguration, org.springframework.boot.autoconfigure.data.mongo.MongoDataAutoConfiguration, org.springframework.boot.autoconfigure.data.mongo.MongoReactiveDataAutoConfiguration, org.springframework.boot.autoconfigure.data.mongo.MongoReactiveRepositoriesAutoConfiguration, org.springframework.boot.autoconfigure.data.mongo.MongoRepositoriesAutoConfiguration, org.springframework.boot.autoconfigure.mongo.MongoAutoConfiguration, org.springframework.boot.autoconfigure.mongo.MongoReactiveAutoConfiguration, org.springframework.boot.autoconfigure.mongo.embedded.EmbeddedMongoAutoConfiguration, org.springframework.boot.test.autoconfigure.web.servlet.MockMvcAutoConfiguration, org.springframework.boot.test.autoconfigure.web.servlet.MockMvcSecurityAutoConfiguration, org.springframework.boot.test.autoconfigure.web.servlet.MockMvcWebClientAutoConfiguration, org.springframework.boot.test.autoconfigure.web.servlet.MockMvcWebDriverAutoConfiguration]], org.springframework.boot.test.context.filter.ExcludeFilterContextCustomizer@1d548a08, org.springframework.boot.test.json.DuplicateJsonObjectContextCustomizerFactory$DuplicateJsonObjectContextCustomizer@50a7bc6e, org.springframework.boot.test.mock.mockito.MockitoContextCustomizer@0, org.springframework.boot.test.web.client.TestRestTemplateContextCustomizer@3b2cf7ab, org.springframework.boot.test.autoconfigure.OverrideAutoConfigurationContextCustomizerFactory$DisableAutoConfigurationContextCustomizer@6156496, org.springframework.boot.test.autoconfigure.filter.TypeExcludeFiltersContextCustomizer@351584c0, org.springframework.boot.test.autoconfigure.properties.PropertyMappingContextCustomizer@3e322e4, org.springframework.boot.test.autoconfigure.web.servlet.WebDriverContextCustomizerFactory$Customizer@6e75aa0d], resourceBasePath = 'src/main/webapp', contextLoader = 'org.springframework.boot.test.context.SpringBootContextLoader', parent = [null]], attributes = map['org.springframework.test.context.web.ServletTestExecutionListener.activateListener' -> true]], class annotated with @DirtiesContext [false] with mode [null].
08:52:43.782 [main] DEBUG org.springframework.test.annotation.ProfileValueUtils - Retrieved @ProfileValueSourceConfiguration [null] for test class [com.nau.digitalhospital.DigitalHospitalApplicationTests]
08:52:43.782 [main] DEBUG org.springframework.test.annotation.ProfileValueUtils - Retrieved ProfileValueSource type [class org.springframework.test.annotation.SystemProfileValueSource] for class [com.nau.digitalhospital.DigitalHospitalApplicationTests]
08:52:44.304 [main] DEBUG org.springframework.core.env.StandardEnvironment - Adding PropertySource 'systemProperties' with lowest search precedence
08:52:44.305 [main] DEBUG org.springframework.core.env.StandardEnvironment - Adding PropertySource 'systemEnvironment' with lowest search precedence
08:52:44.307 [main] DEBUG org.springframework.core.env.StandardEnvironment - Initialized StandardEnvironment with PropertySources [MapPropertySource@252553541 {name='systemProperties', properties={idea.version=2017.2.5, java.runtime.name=Java(TM) SE Runtime Environment, sun.boot.library.path=C:\Program Files\Java\jdk1.8.0_161\jre\bin, java.vm.version=25.161-b12, java.vm.vendor=Oracle Corporation, java.vendor.url=http://java.oracle.com/, path.separator=;, java.vm.name=Java HotSpot(TM) 64-Bit Server VM, file.encoding.pkg=sun.io, user.country=RU, user.script=, sun.java.launcher=SUN_STANDARD, sun.os.patch.level=, java.vm.specification.name=Java Virtual Machine Specification, user.dir=M:\JavaLibrary\eepractice\digitalhospital, java.runtime.version=1.8.0_161-b12, basedir=M:\JavaLibrary\eepractice\digitalhospital, java.awt.graphicsenv=sun.awt.Win32GraphicsEnvironment, java.endorsed.dirs=C:\Program Files\Java\jdk1.8.0_161\jre\lib\endorsed, os.arch=amd64, surefire.real.class.path=C:\Users\DELL\AppData\Local\Temp\surefire6605676139074691617\surefirebooter7246120608147614320.jar, java.io.tmpdir=C:\Users\DELL\AppData\Local\Temp\, line.separator=
, java.vm.specification.vendor=Oracle Corporation, user.variant=, os.name=Windows 10, sun.jnu.encoding=Cp1251, java.library.path=C:\Program Files\Java\jdk1.8.0_161\jre\bin;C:\WINDOWS\Sun\Java\bin;C:\WINDOWS\system32;C:\WINDOWS;C:\ProgramData\Oracle\Java\javapath;C:\windows\system32;C:\windows;C:\windows\System32\Wbem;C:\windows\System32\WindowsPowerShell\v1.0\;C:\Program Files (x86)\ATI Technologies\ATI.ACE\Core-Static;C:\Program Files (x86)\Microsoft SQL Server\80\Tools\Binn\;C:\Program Files (x86)\Common Files\Acronis\SnapAPI\;C:\Program Files (x86)\Skype\Phone\;C:\Program Files (x86)\Intel\OpenCL SDK\2.0\bin\x86;C:\Program Files (x86)\Intel\OpenCL SDK\2.0\bin\x64;C:\Program Files (x86)\NVIDIA Corporation\PhysX\Common;C:\WINDOWS\system32;C:\WINDOWS;C:\WINDOWS\System32\Wbem;C:\WINDOWS\System32\WindowsPowerShell\v1.0\;C:\Program Files (x86)\Windows Kits\8.1\Windows Performance Toolkit\;C:\Program Files\Microsoft SQL Server\110\Tools\Binn\;C:\Program Files (x86)\Microsoft SDKs\TypeScript\1.0\;C:\Program Files\Microsoft SQL Server\120\Tools\Binn\;C:\WINDOWS\system32\config\systemprofile\.dnx\bin;C:\Program Files\Microsoft DNX\Dnvm\;C:\Program Files\Microsoft SQL Server\130\Tools\Binn\;C:\Program Files\Git\cmd;C:\Program Files\Java\jdk1.8.0_161\bin;M:\Programs\apache-maven-3.5.0\bin;M:\Programs\doxygen\bin;C:\xampp\mysql\bin;C:\Program Files (x86)\GtkSharp\2.12\bin;C:\Program Files\Intel\WiFi\bin\;C:\Program Files\Common Files\Intel\WirelessCommon\;M:\Programs\MatLAb\runtime\win64;M:\Programs\MatLAb\bin;C:\WINDOWS\System32\OpenSSH\;C:\Users\DELL\AppData\Local\Microsoft\WindowsApps;C:\Program Files\Intel\WiFi\bin\;C:\Program Files\Common Files\Intel\WirelessCommon\;;., surefire.test.class.path=M:\JavaLibrary\eepractice\digitalhospital\target\test-classes;M:\JavaLibrary\eepractice\digitalhospital\target\classes;C:\Users\DELL\.m2\repository\org\springframework\boot\spring-boot-starter-data-rest\2.0.1.RELEASE\spring-boot-starter-data-rest-2.0.1.RELEASE.jar;C:\Users\DELL\.m2\repository\org\springframework\boot\spring-boot-starter\2.0.1.RELEASE\spring-boot-starter-2.0.1.RELEASE.jar;C:\Users\DELL\.m2\repository\org\springframework\boot\spring-boot-starter-logging\2.0.1.RELEASE\spring-boot-starter-logging-2.0.1.RELEASE.jar;C:\Users\DELL\.m2\repository\ch\qos\logback\logback-classic\1.2.3\logback-classic-1.2.3.jar;C:\Users\DELL\.m2\repository\ch\qos\logback\logback-core\1.2.3\logback-core-1.2.3.jar;C:\Users\DELL\.m2\repository\org\apache\logging\log4j\log4j-to-slf4j\2.10.0\log4j-to-slf4j-2.10.0.jar;C:\Users\DELL\.m2\repository\javax\annotation\javax.annotation-api\1.3.2\javax.annotation-api-1.3.2.jar;C:\Users\DELL\.m2\repository\org\yaml\snakeyaml\1.19\snakeyaml-1.19.jar;C:\Users\DELL\.m2\repository\org\springframework\boot\spring-boot-starter-json\2.0.1.RELEASE\spring-boot-starter-json-2.0.1.RELEASE.jar;C:\Users\DELL\.m2\repository\com\fasterxml\jackson\core\jackson-databind\2.9.5\jackson-databind-2.9.5.jar;C:\Users\DELL\.m2\repository\com\fasterxml\jackson\core\jackson-core\2.9.5\jackson-core-2.9.5.jar;C:\Users\DELL\.m2\repository\com\fasterxml\jackson\datatype\jackson-datatype-jdk8\2.9.5\jackson-datatype-jdk8-2.9.5.jar;C:\Users\DELL\.m2\repository\com\fasterxml\jackson\datatype\jackson-datatype-jsr310\2.9.5\jackson-datatype-jsr310-2.9.5.jar;C:\Users\DELL\.m2\repository\com\fasterxml\jackson\module\jackson-module-parameter-names\2.9.5\jackson-module-parameter-names-2.9.5.jar;C:\Users\DELL\.m2\repository\org\springframework\data\spring-data-rest-webmvc\3.0.6.RELEASE\spring-data-rest-webmvc-3.0.6.RELEASE.jar;C:\Users\DELL\.m2\repository\org\springframework\data\spring-data-rest-core\3.0.6.RELEASE\spring-data-rest-core-3.0.6.RELEASE.jar;C:\Users\DELL\.m2\repository\org\springframework\hateoas\spring-hateoas\0.24.0.RELEASE\spring-hateoas-0.24.0.RELEASE.jar;C:\Users\DELL\.m2\repository\org\springframework\plugin\spring-plugin-core\1.2.0.RELEASE\spring-plugin-core-1.2.0.RELEASE.jar;C:\Users\DELL\.m2\repository\org\atteo\evo-inflector\1.2.2\evo-inflector-1.2.2.jar;C:\Users\DELL\.m2\repository\com\fasterxml\jackson\core\jackson-annotations\2.9.0\jackson-annotations-2.9.0.jar;C:\Users\DELL\.m2\repository\org\springframework\boot\spring-boot-starter-jersey\2.0.1.RELEASE\spring-boot-starter-jersey-2.0.1.RELEASE.jar;C:\Users\DELL\.m2\repository\org\springframework\boot\spring-boot-starter-tomcat\2.0.1.RELEASE\spring-boot-starter-tomcat-2.0.1.RELEASE.jar;C:\Users\DELL\.m2\repository\org\apache\tomcat\embed\tomcat-embed-core\8.5.29\tomcat-embed-core-8.5.29.jar;C:\Users\DELL\.m2\repository\org\apache\tomcat\embed\tomcat-embed-websocket\8.5.29\tomcat-embed-websocket-8.5.29.jar;C:\Users\DELL\.m2\repository\org\springframework\spring-web\5.0.5.RELEASE\spring-web-5.0.5.RELEASE.jar;C:\Users\DELL\.m2\repository\org\glassfish\jersey\core\jersey-server\2.26\jersey-server-2.26.jar;C:\Users\DELL\.m2\repository\org\glassfish\jersey\core\jersey-common\2.26\jersey-common-2.26.jar;C:\Users\DELL\.m2\repository\org\glassfish\hk2\osgi-resource-locator\1.0.1\osgi-resource-locator-1.0.1.jar;C:\Users\DELL\.m2\repository\org\glassfish\jersey\core\jersey-client\2.26\jersey-client-2.26.jar;C:\Users\DELL\.m2\repository\javax\ws\rs\javax.ws.rs-api\2.1\javax.ws.rs-api-2.1.jar;C:\Users\DELL\.m2\repository\org\glassfish\jersey\media\jersey-media-jaxb\2.26\jersey-media-jaxb-2.26.jar;C:\Users\DELL\.m2\repository\javax\validation\validation-api\2.0.1.Final\validation-api-2.0.1.Final.jar;C:\Users\DELL\.m2\repository\org\glassfish\jersey\containers\jersey-container-servlet-core\2.26\jersey-container-servlet-core-2.26.jar;C:\Users\DELL\.m2\repository\org\glassfish\jersey\containers\jersey-container-servlet\2.26\jersey-container-servlet-2.26.jar;C:\Users\DELL\.m2\repository\org\glassfish\jersey\ext\jersey-bean-validation\2.26\jersey-bean-validation-2.26.jar;C:\Users\DELL\.m2\repository\org\glassfish\jersey\ext\jersey-spring4\2.26\jersey-spring4-2.26.jar;C:\Users\DELL\.m2\repository\org\glassfish\jersey\inject\jersey-hk2\2.26\jersey-hk2-2.26.jar;C:\Users\DELL\.m2\repository\org\glassfish\hk2\hk2-locator\2.5.0-b42\hk2-locator-2.5.0-b42.jar;C:\Users\DELL\.m2\repository\org\glassfish\hk2\external\aopalliance-repackaged\2.5.0-b42\aopalliance-repackaged-2.5.0-b42.jar;C:\Users\DELL\.m2\repository\org\javassist\javassist\3.22.0-CR2\javassist-3.22.0-CR2.jar;C:\Users\DELL\.m2\repository\org\glassfish\hk2\hk2\2.5.0-b42\hk2-2.5.0-b42.jar;C:\Users\DELL\.m2\repository\org\glassfish\hk2\hk2-utils\2.5.0-b42\hk2-utils-2.5.0-b42.jar;C:\Users\DELL\.m2\repository\javax\inject\javax.inject\1\javax.inject-1.jar;C:\Users\DELL\.m2\repository\org\glassfish\hk2\hk2-api\2.5.0-b42\hk2-api-2.5.0-b42.jar;C:\Users\DELL\.m2\repository\org\glassfish\hk2\config-types\2.5.0-b42\config-types-2.5.0-b42.jar;C:\Users\DELL\.m2\repository\org\glassfish\hk2\hk2-core\2.5.0-b42\hk2-core-2.5.0-b42.jar;C:\Users\DELL\.m2\repository\org\glassfish\hk2\hk2-config\2.5.0-b42\hk2-config-2.5.0-b42.jar;C:\Users\DELL\.m2\repository\org\glassfish\hk2\hk2-runlevel\2.5.0-b42\hk2-runlevel-2.5.0-b42.jar;C:\Users\DELL\.m2\repository\org\glassfish\hk2\class-model\2.5.0-b42\class-model-2.5.0-b42.jar;C:\Users\DELL\.m2\repository\org\glassfish\hk2\external\asm-all-repackaged\2.5.0-b42\asm-all-repackaged-2.5.0-b42.jar;C:\Users\DELL\.m2\repository\org\glassfish\hk2\spring-bridge\2.5.0-b42\spring-bridge-2.5.0-b42.jar;C:\Users\DELL\.m2\repository\org\glassfish\jersey\media\jersey-media-json-jackson\2.26\jersey-media-json-jackson-2.26.jar;C:\Users\DELL\.m2\repository\org\glassfish\jersey\ext\jersey-entity-filtering\2.26\jersey-entity-filtering-2.26.jar;C:\Users\DELL\.m2\repository\com\fasterxml\jackson\module\jackson-module-jaxb-annotations\2.9.5\jackson-module-jaxb-annotations-2.9.5.jar;C:\Users\DELL\.m2\repository\org\springframework\boot\spring-boot-starter-security\2.0.1.RELEASE\spring-boot-starter-security-2.0.1.RELEASE.jar;C:\Users\DELL\.m2\repository\org\springframework\spring-aop\5.0.5.RELEASE\spring-aop-5.0.5.RELEASE.jar;C:\Users\DELL\.m2\repository\org\springframework\security\spring-security-config\5.0.4.RELEASE\spring-security-config-5.0.4.RELEASE.jar;C:\Users\DELL\.m2\repository\org\springframework\security\spring-security-web\5.0.4.RELEASE\spring-security-web-5.0.4.RELEASE.jar;C:\Users\DELL\.m2\repository\org\springframework\boot\spring-boot-starter-validation\2.0.1.RELEASE\spring-boot-starter-validation-2.0.1.RELEASE.jar;C:\Users\DELL\.m2\repository\org\apache\tomcat\embed\tomcat-embed-el\8.5.29\tomcat-embed-el-8.5.29.jar;C:\Users\DELL\.m2\repository\org\hibernate\validator\hibernate-validator\6.0.9.Final\hibernate-validator-6.0.9.Final.jar;C:\Users\DELL\.m2\repository\org\jboss\logging\jboss-logging\3.3.2.Final\jboss-logging-3.3.2.Final.jar;C:\Users\DELL\.m2\repository\com\fasterxml\classmate\1.3.4\classmate-1.3.4.jar;C:\Users\DELL\.m2\repository\org\springframework\boot\spring-boot-starter-web\2.0.1.RELEASE\spring-boot-starter-web-2.0.1.RELEASE.jar;C:\Users\DELL\.m2\repository\org\springframework\spring-webmvc\5.0.5.RELEASE\spring-webmvc-5.0.5.RELEASE.jar;C:\Users\DELL\.m2\repository\org\springframework\session\spring-session-core\2.0.2.RELEASE\spring-session-core-2.0.2.RELEASE.jar;C:\Users\DELL\.m2\repository\org\springframework\spring-jcl\5.0.5.RELEASE\spring-jcl-5.0.5.RELEASE.jar;C:\Users\DELL\.m2\repository\org\springframework\data\spring-data-mongodb\2.0.7.RELEASE\spring-data-mongodb-2.0.7.RELEASE.jar;C:\Users\DELL\.m2\repository\org\springframework\spring-tx\5.0.5.RELEASE\spring-tx-5.0.5.RELEASE.jar;C:\Users\DELL\.m2\repository\org\springframework\spring-context\5.0.5.RELEASE\spring-context-5.0.5.RELEASE.jar;C:\Users\DELL\.m2\repository\org\springframework\spring-beans\5.0.5.RELEASE\spring-beans-5.0.5.RELEASE.jar;C:\Users\DELL\.m2\repository\org\springframework\spring-core\5.0.5.RELEASE\spring-core-5.0.5.RELEASE.jar;C:\Users\DELL\.m2\repository\org\springframework\spring-expression\5.0.5.RELEASE\spring-expression-5.0.5.RELEASE.jar;C:\Users\DELL\.m2\repository\org\springframework\data\spring-data-commons\2.0.6.RELEASE\spring-data-commons-2.0.6.RELEASE.jar;C:\Users\DELL\.m2\repository\org\mongodb\mongo-java-driver\3.6.3\mongo-java-driver-3.6.3.jar;C:\Users\DELL\.m2\repository\org\slf4j\slf4j-api\1.7.25\slf4j-api-1.7.25.jar;C:\Users\DELL\.m2\repository\org\springframework\boot\spring-boot-starter-thymeleaf\2.0.2.RELEASE\spring-boot-starter-thymeleaf-2.0.2.RELEASE.jar;C:\Users\DELL\.m2\repository\org\thymeleaf\thymeleaf-spring5\3.0.9.RELEASE\thymeleaf-spring5-3.0.9.RELEASE.jar;C:\Users\DELL\.m2\repository\org\thymeleaf\thymeleaf\3.0.9.RELEASE\thymeleaf-3.0.9.RELEASE.jar;C:\Users\DELL\.m2\repository\org\attoparser\attoparser\2.0.4.RELEASE\attoparser-2.0.4.RELEASE.jar;C:\Users\DELL\.m2\repository\org\unbescape\unbescape\1.1.5.RELEASE\unbescape-1.1.5.RELEASE.jar;C:\Users\DELL\.m2\repository\org\thymeleaf\extras\thymeleaf-extras-java8time\3.0.1.RELEASE\thymeleaf-extras-java8time-3.0.1.RELEASE.jar;C:\Users\DELL\.m2\repository\org\springframework\boot\spring-boot-starter-log4j2\2.0.2.RELEASE\spring-boot-starter-log4j2-2.0.2.RELEASE.jar;C:\Users\DELL\.m2\repository\org\apache\logging\log4j\log4j-slf4j-impl\2.10.0\log4j-slf4j-impl-2.10.0.jar;C:\Users\DELL\.m2\repository\org\apache\logging\log4j\log4j-api\2.10.0\log4j-api-2.10.0.jar;C:\Users\DELL\.m2\repository\org\apache\logging\log4j\log4j-core\2.10.0\log4j-core-2.10.0.jar;C:\Users\DELL\.m2\repository\org\slf4j\jul-to-slf4j\1.7.25\jul-to-slf4j-1.7.25.jar;C:\Users\DELL\.m2\repository\org\springframework\boot\spring-boot-devtools\2.0.1.RELEASE\spring-boot-devtools-2.0.1.RELEASE.jar;C:\Users\DELL\.m2\repository\org\springframework\boot\spring-boot\2.0.1.RELEASE\spring-boot-2.0.1.RELEASE.jar;C:\Users\DELL\.m2\repository\org\springframework\boot\spring-boot-autoconfigure\2.0.1.RELEASE\spring-boot-autoconfigure-2.0.1.RELEASE.jar;C:\Users\DELL\.m2\repository\mysql\mysql-connector-java\5.1.46\mysql-connector-java-5.1.46.jar;C:\Users\DELL\.m2\repository\org\springframework\boot\spring-boot-starter-test\2.0.1.RELEASE\spring-boot-starter-test-2.0.1.RELEASE.jar;C:\Users\DELL\.m2\repository\org\springframework\boot\spring-boot-test\2.0.1.RELEASE\spring-boot-test-2.0.1.RELEASE.jar;C:\Users\DELL\.m2\repository\org\springframework\boot\spring-boot-test-autoconfigure\2.0.1.RELEASE\spring-boot-test-autoconfigure-2.0.1.RELEASE.jar;C:\Users\DELL\.m2\repository\com\jayway\jsonpath\json-path\2.4.0\json-path-2.4.0.jar;C:\Users\DELL\.m2\repository\net\minidev\json-smart\2.3\json-smart-2.3.jar;C:\Users\DELL\.m2\repository\net\minidev\accessors-smart\1.2\accessors-smart-1.2.jar;C:\Users\DELL\.m2\repository\org\ow2\asm\asm\5.0.4\asm-5.0.4.jar;C:\Users\DELL\.m2\repository\junit\junit\4.12\junit-4.12.jar;C:\Users\DELL\.m2\repository\org\assertj\assertj-core\3.9.1\assertj-core-3.9.1.jar;C:\Users\DELL\.m2\repository\org\mockito\mockito-core\2.15.0\mockito-core-2.15.0.jar;C:\Users\DELL\.m2\repository\net\bytebuddy\byte-buddy\1.7.11\byte-buddy-1.7.11.jar;C:\Users\DELL\.m2\repository\net\bytebuddy\byte-buddy-agent\1.7.11\byte-buddy-agent-1.7.11.jar;C:\Users\DELL\.m2\repository\org\objenesis\objenesis\2.6\objenesis-2.6.jar;C:\Users\DELL\.m2\repository\org\hamcrest\hamcrest-core\1.3\hamcrest-core-1.3.jar;C:\Users\DELL\.m2\repository\org\hamcrest\hamcrest-library\1.3\hamcrest-library-1.3.jar;C:\Users\DELL\.m2\repository\org\skyscreamer\jsonassert\1.5.0\jsonassert-1.5.0.jar;C:\Users\DELL\.m2\repository\com\vaadin\external\google\android-json\0.0.20131108.vaadin1\android-json-0.0.20131108.vaadin1.jar;C:\Users\DELL\.m2\repository\org\springframework\spring-test\5.0.5.RELEASE\spring-test-5.0.5.RELEASE.jar;C:\Users\DELL\.m2\repository\org\xmlunit\xmlunit-core\2.5.1\xmlunit-core-2.5.1.jar;C:\Users\DELL\.m2\repository\org\springframework\security\spring-security-test\5.0.4.RELEASE\spring-security-test-5.0.4.RELEASE.jar;C:\Users\DELL\.m2\repository\org\springframework\security\spring-security-core\5.0.4.RELEASE\spring-security-core-5.0.4.RELEASE.jar;, java.specification.name=Java Platform API Specification, java.class.version=52.0, sun.management.compiler=HotSpot 64-Bit Tiered Compilers, os.version=10.0, user.home=C:\Users\DELL, user.timezone=Europe/Helsinki, java.awt.printerjob=sun.awt.windows.WPrinterJob, file.encoding=Cp1251, java.specification.version=1.8, java.class.path=M:\JavaLibrary\eepractice\digitalhospital\target\test-classes;M:\JavaLibrary\eepractice\digitalhospital\target\classes;C:\Users\DELL\.m2\repository\org\springframework\boot\spring-boot-starter-data-rest\2.0.1.RELEASE\spring-boot-starter-data-rest-2.0.1.RELEASE.jar;C:\Users\DELL\.m2\repository\org\springframework\boot\spring-boot-starter\2.0.1.RELEASE\spring-boot-starter-2.0.1.RELEASE.jar;C:\Users\DELL\.m2\repository\org\springframework\boot\spring-boot-starter-logging\2.0.1.RELEASE\spring-boot-starter-logging-2.0.1.RELEASE.jar;C:\Users\DELL\.m2\repository\ch\qos\logback\logback-classic\1.2.3\logback-classic-1.2.3.jar;C:\Users\DELL\.m2\repository\ch\qos\logback\logback-core\1.2.3\logback-core-1.2.3.jar;C:\Users\DELL\.m2\repository\org\apache\logging\log4j\log4j-to-slf4j\2.10.0\log4j-to-slf4j-2.10.0.jar;C:\Users\DELL\.m2\repository\javax\annotation\javax.annotation-api\1.3.2\javax.annotation-api-1.3.2.jar;C:\Users\DELL\.m2\repository\org\yaml\snakeyaml\1.19\snakeyaml-1.19.jar;C:\Users\DELL\.m2\repository\org\springframework\boot\spring-boot-starter-json\2.0.1.RELEASE\spring-boot-starter-json-2.0.1.RELEASE.jar;C:\Users\DELL\.m2\repository\com\fasterxml\jackson\core\jackson-databind\2.9.5\jackson-databind-2.9.5.jar;C:\Users\DELL\.m2\repository\com\fasterxml\jackson\core\jackson-core\2.9.5\jackson-core-2.9.5.jar;C:\Users\DELL\.m2\repository\com\fasterxml\jackson\datatype\jackson-datatype-jdk8\2.9.5\jackson-datatype-jdk8-2.9.5.jar;C:\Users\DELL\.m2\repository\com\fasterxml\jackson\datatype\jackson-datatype-jsr310\2.9.5\jackson-datatype-jsr310-2.9.5.jar;C:\Users\DELL\.m2\repository\com\fasterxml\jackson\module\jackson-module-parameter-names\2.9.5\jackson-module-parameter-names-2.9.5.jar;C:\Users\DELL\.m2\repository\org\springframework\data\spring-data-rest-webmvc\3.0.6.RELEASE\spring-data-rest-webmvc-3.0.6.RELEASE.jar;C:\Users\DELL\.m2\repository\org\springframework\data\spring-data-rest-core\3.0.6.RELEASE\spring-data-rest-core-3.0.6.RELEASE.jar;C:\Users\DELL\.m2\repository\org\springframework\hateoas\spring-hateoas\0.24.0.RELEASE\spring-hateoas-0.24.0.RELEASE.jar;C:\Users\DELL\.m2\repository\org\springframework\plugin\spring-plugin-core\1.2.0.RELEASE\spring-plugin-core-1.2.0.RELEASE.jar;C:\Users\DELL\.m2\repository\org\atteo\evo-inflector\1.2.2\evo-inflector-1.2.2.jar;C:\Users\DELL\.m2\repository\com\fasterxml\jackson\core\jackson-annotations\2.9.0\jackson-annotations-2.9.0.jar;C:\Users\DELL\.m2\repository\org\springframework\boot\spring-boot-starter-jersey\2.0.1.RELEASE\spring-boot-starter-jersey-2.0.1.RELEASE.jar;C:\Users\DELL\.m2\repository\org\springframework\boot\spring-boot-starter-tomcat\2.0.1.RELEASE\spring-boot-starter-tomcat-2.0.1.RELEASE.jar;C:\Users\DELL\.m2\repository\org\apache\tomcat\embed\tomcat-embed-core\8.5.29\tomcat-embed-core-8.5.29.jar;C:\Users\DELL\.m2\repository\org\apache\tomcat\embed\tomcat-embed-websocket\8.5.29\tomcat-embed-websocket-8.5.29.jar;C:\Users\DELL\.m2\repository\org\springframework\spring-web\5.0.5.RELEASE\spring-web-5.0.5.RELEASE.jar;C:\Users\DELL\.m2\repository\org\glassfish\jersey\core\jersey-server\2.26\jersey-server-2.26.jar;C:\Users\DELL\.m2\repository\org\glassfish\jersey\core\jersey-common\2.26\jersey-common-2.26.jar;C:\Users\DELL\.m2\repository\org\glassfish\hk2\osgi-resource-locator\1.0.1\osgi-resource-locator-1.0.1.jar;C:\Users\DELL\.m2\repository\org\glassfish\jersey\core\jersey-client\2.26\jersey-client-2.26.jar;C:\Users\DELL\.m2\repository\javax\ws\rs\javax.ws.rs-api\2.1\javax.ws.rs-api-2.1.jar;C:\Users\DELL\.m2\repository\org\glassfish\jersey\media\jersey-media-jaxb\2.26\jersey-media-jaxb-2.26.jar;C:\Users\DELL\.m2\repository\javax\validation\validation-api\2.0.1.Final\validation-api-2.0.1.Final.jar;C:\Users\DELL\.m2\repository\org\glassfish\jersey\containers\jersey-container-servlet-core\2.26\jersey-container-servlet-core-2.26.jar;C:\Users\DELL\.m2\repository\org\glassfish\jersey\containers\jersey-container-servlet\2.26\jersey-container-servlet-2.26.jar;C:\Users\DELL\.m2\repository\org\glassfish\jersey\ext\jersey-bean-validation\2.26\jersey-bean-validation-2.26.jar;C:\Users\DELL\.m2\repository\org\glassfish\jersey\ext\jersey-spring4\2.26\jersey-spring4-2.26.jar;C:\Users\DELL\.m2\repository\org\glassfish\jersey\inject\jersey-hk2\2.26\jersey-hk2-2.26.jar;C:\Users\DELL\.m2\repository\org\glassfish\hk2\hk2-locator\2.5.0-b42\hk2-locator-2.5.0-b42.jar;C:\Users\DELL\.m2\repository\org\glassfish\hk2\external\aopalliance-repackaged\2.5.0-b42\aopalliance-repackaged-2.5.0-b42.jar;C:\Users\DELL\.m2\repository\org\javassist\javassist\3.22.0-CR2\javassist-3.22.0-CR2.jar;C:\Users\DELL\.m2\repository\org\glassfish\hk2\hk2\2.5.0-b42\hk2-2.5.0-b42.jar;C:\Users\DELL\.m2\repository\org\glassfish\hk2\hk2-utils\2.5.0-b42\hk2-utils-2.5.0-b42.jar;C:\Users\DELL\.m2\repository\javax\inject\javax.inject\1\javax.inject-1.jar;C:\Users\DELL\.m2\repository\org\glassfish\hk2\hk2-api\2.5.0-b42\hk2-api-2.5.0-b42.jar;C:\Users\DELL\.m2\repository\org\glassfish\hk2\config-types\2.5.0-b42\config-types-2.5.0-b42.jar;C:\Users\DELL\.m2\repository\org\glassfish\hk2\hk2-core\2.5.0-b42\hk2-core-2.5.0-b42.jar;C:\Users\DELL\.m2\repository\org\glassfish\hk2\hk2-config\2.5.0-b42\hk2-config-2.5.0-b42.jar;C:\Users\DELL\.m2\repository\org\glassfish\hk2\hk2-runlevel\2.5.0-b42\hk2-runlevel-2.5.0-b42.jar;C:\Users\DELL\.m2\repository\org\glassfish\hk2\class-model\2.5.0-b42\class-model-2.5.0-b42.jar;C:\Users\DELL\.m2\repository\org\glassfish\hk2\external\asm-all-repackaged\2.5.0-b42\asm-all-repackaged-2.5.0-b42.jar;C:\Users\DELL\.m2\repository\org\glassfish\hk2\spring-bridge\2.5.0-b42\spring-bridge-2.5.0-b42.jar;C:\Users\DELL\.m2\repository\org\glassfish\jersey\media\jersey-media-json-jackson\2.26\jersey-media-json-jackson-2.26.jar;C:\Users\DELL\.m2\repository\org\glassfish\jersey\ext\jersey-entity-filtering\2.26\jersey-entity-filtering-2.26.jar;C:\Users\DELL\.m2\repository\com\fasterxml\jackson\module\jackson-module-jaxb-annotations\2.9.5\jackson-module-jaxb-annotations-2.9.5.jar;C:\Users\DELL\.m2\repository\org\springframework\boot\spring-boot-starter-security\2.0.1.RELEASE\spring-boot-starter-security-2.0.1.RELEASE.jar;C:\Users\DELL\.m2\repository\org\springframework\spring-aop\5.0.5.RELEASE\spring-aop-5.0.5.RELEASE.jar;C:\Users\DELL\.m2\repository\org\springframework\security\spring-security-config\5.0.4.RELEASE\spring-security-config-5.0.4.RELEASE.jar;C:\Users\DELL\.m2\repository\org\springframework\security\spring-security-web\5.0.4.RELEASE\spring-security-web-5.0.4.RELEASE.jar;C:\Users\DELL\.m2\repository\org\springframework\boot\spring-boot-starter-validation\2.0.1.RELEASE\spring-boot-starter-validation-2.0.1.RELEASE.jar;C:\Users\DELL\.m2\repository\org\apache\tomcat\embed\tomcat-embed-el\8.5.29\tomcat-embed-el-8.5.29.jar;C:\Users\DELL\.m2\repository\org\hibernate\validator\hibernate-validator\6.0.9.Final\hibernate-validator-6.0.9.Final.jar;C:\Users\DELL\.m2\repository\org\jboss\logging\jboss-logging\3.3.2.Final\jboss-logging-3.3.2.Final.jar;C:\Users\DELL\.m2\repository\com\fasterxml\classmate\1.3.4\classmate-1.3.4.jar;C:\Users\DELL\.m2\repository\org\springframework\boot\spring-boot-starter-web\2.0.1.RELEASE\spring-boot-starter-web-2.0.1.RELEASE.jar;C:\Users\DELL\.m2\repository\org\springframework\spring-webmvc\5.0.5.RELEASE\spring-webmvc-5.0.5.RELEASE.jar;C:\Users\DELL\.m2\repository\org\springframework\session\spring-session-core\2.0.2.RELEASE\spring-session-core-2.0.2.RELEASE.jar;C:\Users\DELL\.m2\repository\org\springframework\spring-jcl\5.0.5.RELEASE\spring-jcl-5.0.5.RELEASE.jar;C:\Users\DELL\.m2\repository\org\springframework\data\spring-data-mongodb\2.0.7.RELEASE\spring-data-mongodb-2.0.7.RELEASE.jar;C:\Users\DELL\.m2\repository\org\springframework\spring-tx\5.0.5.RELEASE\spring-tx-5.0.5.RELEASE.jar;C:\Users\DELL\.m2\repository\org\springframework\spring-context\5.0.5.RELEASE\spring-context-5.0.5.RELEASE.jar;C:\Users\DELL\.m2\repository\org\springframework\spring-beans\5.0.5.RELEASE\spring-beans-5.0.5.RELEASE.jar;C:\Users\DELL\.m2\repository\org\springframework\spring-core\5.0.5.RELEASE\spring-core-5.0.5.RELEASE.jar;C:\Users\DELL\.m2\repository\org\springframework\spring-expression\5.0.5.RELEASE\spring-expression-5.0.5.RELEASE.jar;C:\Users\DELL\.m2\repository\org\springframework\data\spring-data-commons\2.0.6.RELEASE\spring-data-commons-2.0.6.RELEASE.jar;C:\Users\DELL\.m2\repository\org\mongodb\mongo-java-driver\3.6.3\mongo-java-driver-3.6.3.jar;C:\Users\DELL\.m2\repository\org\slf4j\slf4j-api\1.7.25\slf4j-api-1.7.25.jar;C:\Users\DELL\.m2\repository\org\springframework\boot\spring-boot-starter-thymeleaf\2.0.2.RELEASE\spring-boot-starter-thymeleaf-2.0.2.RELEASE.jar;C:\Users\DELL\.m2\repository\org\thymeleaf\thymeleaf-spring5\3.0.9.RELEASE\thymeleaf-spring5-3.0.9.RELEASE.jar;C:\Users\DELL\.m2\repository\org\thymeleaf\thymeleaf\3.0.9.RELEASE\thymeleaf-3.0.9.RELEASE.jar;C:\Users\DELL\.m2\repository\org\attoparser\attoparser\2.0.4.RELEASE\attoparser-2.0.4.RELEASE.jar;C:\Users\DELL\.m2\repository\org\unbescape\unbescape\1.1.5.RELEASE\unbescape-1.1.5.RELEASE.jar;C:\Users\DELL\.m2\repository\org\thymeleaf\extras\thymeleaf-extras-java8time\3.0.1.RELEASE\thymeleaf-extras-java8time-3.0.1.RELEASE.jar;C:\Users\DELL\.m2\repository\org\springframework\boot\spring-boot-starter-log4j2\2.0.2.RELEASE\spring-boot-starter-log4j2-2.0.2.RELEASE.jar;C:\Users\DELL\.m2\repository\org\apache\logging\log4j\log4j-slf4j-impl\2.10.0\log4j-slf4j-impl-2.10.0.jar;C:\Users\DELL\.m2\repository\org\apache\logging\log4j\log4j-api\2.10.0\log4j-api-2.10.0.jar;C:\Users\DELL\.m2\repository\org\apache\logging\log4j\log4j-core\2.10.0\log4j-core-2.10.0.jar;C:\Users\DELL\.m2\repository\org\slf4j\jul-to-slf4j\1.7.25\jul-to-slf4j-1.7.25.jar;C:\Users\DELL\.m2\repository\org\springframework\boot\spring-boot-devtools\2.0.1.RELEASE\spring-boot-devtools-2.0.1.RELEASE.jar;C:\Users\DELL\.m2\repository\org\springframework\boot\spring-boot\2.0.1.RELEASE\spring-boot-2.0.1.RELEASE.jar;C:\Users\DELL\.m2\repository\org\springframework\boot\spring-boot-autoconfigure\2.0.1.RELEASE\spring-boot-autoconfigure-2.0.1.RELEASE.jar;C:\Users\DELL\.m2\repository\mysql\mysql-connector-java\5.1.46\mysql-connector-java-5.1.46.jar;C:\Users\DELL\.m2\repository\org\springframework\boot\spring-boot-starter-test\2.0.1.RELEASE\spring-boot-starter-test-2.0.1.RELEASE.jar;C:\Users\DELL\.m2\repository\org\springframework\boot\spring-boot-test\2.0.1.RELEASE\spring-boot-test-2.0.1.RELEASE.jar;C:\Users\DELL\.m2\repository\org\springframework\boot\spring-boot-test-autoconfigure\2.0.1.RELEASE\spring-boot-test-autoconfigure-2.0.1.RELEASE.jar;C:\Users\DELL\.m2\repository\com\jayway\jsonpath\json-path\2.4.0\json-path-2.4.0.jar;C:\Users\DELL\.m2\repository\net\minidev\json-smart\2.3\json-smart-2.3.jar;C:\Users\DELL\.m2\repository\net\minidev\accessors-smart\1.2\accessors-smart-1.2.jar;C:\Users\DELL\.m2\repository\org\ow2\asm\asm\5.0.4\asm-5.0.4.jar;C:\Users\DELL\.m2\repository\junit\junit\4.12\junit-4.12.jar;C:\Users\DELL\.m2\repository\org\assertj\assertj-core\3.9.1\assertj-core-3.9.1.jar;C:\Users\DELL\.m2\repository\org\mockito\mockito-core\2.15.0\mockito-core-2.15.0.jar;C:\Users\DELL\.m2\repository\net\bytebuddy\byte-buddy\1.7.11\byte-buddy-1.7.11.jar;C:\Users\DELL\.m2\repository\net\bytebuddy\byte-buddy-agent\1.7.11\byte-buddy-agent-1.7.11.jar;C:\Users\DELL\.m2\repository\org\objenesis\objenesis\2.6\objenesis-2.6.jar;C:\Users\DELL\.m2\repository\org\hamcrest\hamcrest-core\1.3\hamcrest-core-1.3.jar;C:\Users\DELL\.m2\repository\org\hamcrest\hamcrest-library\1.3\hamcrest-library-1.3.jar;C:\Users\DELL\.m2\repository\org\skyscreamer\jsonassert\1.5.0\jsonassert-1.5.0.jar;C:\Users\DELL\.m2\repository\com\vaadin\external\google\android-json\0.0.20131108.vaadin1\android-json-0.0.20131108.vaadin1.jar;C:\Users\DELL\.m2\repository\org\springframework\spring-test\5.0.5.RELEASE\spring-test-5.0.5.RELEASE.jar;C:\Users\DELL\.m2\repository\org\xmlunit\xmlunit-core\2.5.1\xmlunit-core-2.5.1.jar;C:\Users\DELL\.m2\repository\org\springframework\security\spring-security-test\5.0.4.RELEASE\spring-security-test-5.0.4.RELEASE.jar;C:\Users\DELL\.m2\repository\org\springframework\security\spring-security-core\5.0.4.RELEASE\spring-security-core-5.0.4.RELEASE.jar;, user.name=DELL, java.vm.specification.version=1.8, sun.java.command=C:\Users\DELL\AppData\Local\Temp\surefire6605676139074691617\surefirebooter7246120608147614320.jar C:\Users\DELL\AppData\Local\Temp\surefire6605676139074691617 2018-06-11T08-52-24_886-jvmRun1 surefire8910544314793506239tmp surefire_02661931302262708884tmp, java.home=C:\Program Files\Java\jdk1.8.0_161\jre, sun.arch.data.model=64, user.language=ru, java.specification.vendor=Oracle Corporation, awt.toolkit=sun.awt.windows.WToolkit, java.vm.info=mixed mode, java.version=1.8.0_161, java.ext.dirs=C:\Program Files\Java\jdk1.8.0_161\jre\lib\ext;C:\WINDOWS\Sun\Java\lib\ext, sun.boot.class.path=C:\Program Files\Java\jdk1.8.0_161\jre\lib\resources.jar;C:\Program Files\Java\jdk1.8.0_161\jre\lib\rt.jar;C:\Program Files\Java\jdk1.8.0_161\jre\lib\sunrsasign.jar;C:\Program Files\Java\jdk1.8.0_161\jre\lib\jsse.jar;C:\Program Files\Java\jdk1.8.0_161\jre\lib\jce.jar;C:\Program Files\Java\jdk1.8.0_161\jre\lib\charsets.jar;C:\Program Files\Java\jdk1.8.0_161\jre\lib\jfr.jar;C:\Program Files\Java\jdk1.8.0_161\jre\classes, java.vendor=Oracle Corporation, localRepository=C:\Users\DELL\.m2\repository, file.separator=\, java.vendor.url.bug=http://bugreport.sun.com/bugreport/, sun.io.unicode.encoding=UnicodeLittle, sun.cpu.endian=little, sun.desktop=windows, sun.cpu.isalist=amd64}}, SystemEnvironmentPropertySource@1208203046 {name='systemEnvironment', properties={PATH=C:\ProgramData\Oracle\Java\javapath;C:\windows\system32;C:\windows;C:\windows\System32\Wbem;C:\windows\System32\WindowsPowerShell\v1.0\;C:\Program Files (x86)\ATI Technologies\ATI.ACE\Core-Static;C:\Program Files (x86)\Microsoft SQL Server\80\Tools\Binn\;C:\Program Files (x86)\Common Files\Acronis\SnapAPI\;C:\Program Files (x86)\Skype\Phone\;C:\Program Files (x86)\Intel\OpenCL SDK\2.0\bin\x86;C:\Program Files (x86)\Intel\OpenCL SDK\2.0\bin\x64;C:\Program Files (x86)\NVIDIA Corporation\PhysX\Common;C:\WINDOWS\system32;C:\WINDOWS;C:\WINDOWS\System32\Wbem;C:\WINDOWS\System32\WindowsPowerShell\v1.0\;C:\Program Files (x86)\Windows Kits\8.1\Windows Performance Toolkit\;C:\Program Files\Microsoft SQL Server\110\Tools\Binn\;C:\Program Files (x86)\Microsoft SDKs\TypeScript\1.0\;C:\Program Files\Microsoft SQL Server\120\Tools\Binn\;C:\WINDOWS\system32\config\systemprofile\.dnx\bin;C:\Program Files\Microsoft DNX\Dnvm\;C:\Program Files\Microsoft SQL Server\130\Tools\Binn\;C:\Program Files\Git\cmd;C:\Program Files\Java\jdk1.8.0_161\bin;M:\Programs\apache-maven-3.5.0\bin;M:\Programs\doxygen\bin;C:\xampp\mysql\bin;C:\Program Files (x86)\GtkSharp\2.12\bin;C:\Program Files\Intel\WiFi\bin\;C:\Program Files\Common Files\Intel\WirelessCommon\;M:\Programs\MatLAb\runtime\win64;M:\Programs\MatLAb\bin;C:\WINDOWS\System32\OpenSSH\;C:\Users\DELL\AppData\Local\Microsoft\WindowsApps;C:\Program Files\Intel\WiFi\bin\;C:\Program Files\Common Files\Intel\WirelessCommon\;, USERDOMAIN_ROAMINGPROFILE=DELL, PROCESSOR_LEVEL=6, SYSTEMDRIVE=C:, FP_NO_HOST_CHECK=NO, VS140COMNTOOLS=M:\Programs\Microsoft Visual 2015\Common7\Tools\, SESSIONNAME=Console, =M:=M:\JavaLibrary\eepractice\digitalhospital, ALLUSERSPROFILE=C:\ProgramData, PROCESSOR_ARCHITECTURE=AMD64, NVIDIAWHITELISTED=0x01, DRIVERDATA=C:\Windows\System32\Drivers\DriverData, PLATFORM=BNB, PROGRAMFILES=C:\Program Files, PSMODULEPATH=C:\WINDOWS\system32\WindowsPowerShell\v1.0\Modules\, PROGRAMDATA=C:\ProgramData, USERNAME=DELL, VSSDK140INSTALL=M:\Programs\Microsoft Visual 2015\VSSDK\, FPS_BROWSER_USER_PROFILE_STRING=Default, ONEDRIVE=C:\Users\DELL\OneDrive, PATHEXT=.COM;.EXE;.BAT;.CMD;.VBS;.VBE;.JS;.JSE;.WSF;.WSH;.MSC, SHIM_MCCOMPAT=0x810000001, WINDIR=C:\WINDOWS, HOMEPATH=\Users\DELL, PROCESSOR_IDENTIFIER=Intel64 Family 6 Model 42 Stepping 7, GenuineIntel, WINDOWS_TRACING_LOGFILE=C:\BVTBin\Tests\installpackage\csilogfile.log, M2_HOME=M:\Programs\apache-maven-3.5.0, PUBLIC=C:\Users\Public, =::=::\, LOCALAPPDATA=C:\Users\DELL\AppData\Local, COMMONPROGRAMFILES(X86)=C:\Program Files (x86)\Common Files, USERDOMAIN=DELL, FPS_BROWSER_APP_PROFILE_STRING=Internet Explorer, LOGONSERVER=\\DELL, JAVA_HOME=C:\Program Files\Java\jdk1.8.0_161, PROMPT=$P$G, PROGRAMFILES(X86)=C:\Program Files (x86), VS120COMNTOOLS=M:\Programs\Visual Studio 2013\Common7\Tools\, ONLINESERVICES=Online Services, WINDOWS_TRACING_FLAGS=3, APPDATA=C:\Users\DELL\AppData\Roaming, PROGRAMW6432=C:\Program Files, GTK_BASEPATH=C:\Program Files (x86)\GtkSharp\2.12\, SYSTEMROOT=C:\WINDOWS, PCBRAND=s, VBOX_MSI_INSTALL_PATH=M:\Programs\VM\, OS=Windows_NT, COMMONPROGRAMW6432=C:\Program Files\Common Files, COMPUTERNAME=DELL, COMMONPROGRAMFILES=C:\Program Files\Common Files, COMSPEC=C:\WINDOWS\system32\cmd.exe, PROCESSOR_REVISION=2a07, TEMP=C:\Users\DELL\AppData\Local\Temp, HOMEDRIVE=C:, USERPROFILE=C:\Users\DELL, TMP=C:\Users\DELL\AppData\Local\Temp, VS110COMNTOOLS=C:\Program Files (x86)\Microsoft Visual Studio 11.0\Common7\Tools\, NUMBER_OF_PROCESSORS=4}}]
08:52:44.320 [main] DEBUG org.springframework.test.context.support.TestPropertySourceUtils - Adding inlined properties to environment: {spring.jmx.enabled=false, org.springframework.boot.test.context.SpringBootTestContextBootstrapper=true, server.port=-1}
08:52:44.321 [main] DEBUG org.springframework.core.env.StandardEnvironment - Adding PropertySource 'Inlined Test Properties' with highest search precedence

  .   ____          _            __ _ _
 /\\ / ___'_ __ _ _(_)_ __  __ _ \ \ \ \
( ( )\___ | '_ | '_| | '_ \/ _` | \ \ \ \
 \\/  ___)| |_)| | | | | || (_| |  ) ) ) )
  '  |____| .__|_| |_|_| |_\__, | / / / /
 =========|_|==============|___/=/_/_/_/
 :: Spring Boot ::        (v2.0.1.RELEASE)

2018-06-11 08:52:50.791  INFO 5768 --- [           main] c.n.d.DigitalHospitalApplicationTests    : Starting DigitalHospitalApplicationTests on DELL with PID 5768 (started by DELL in M:\JavaLibrary\eepractice\digitalhospital)
2018-06-11 08:52:50.796  INFO 5768 --- [           main] c.n.d.DigitalHospitalApplicationTests    : No active profile set, falling back to default profiles: default
2018-06-11 08:52:51.957  INFO 5768 --- [           main] o.s.w.c.s.GenericWebApplicationContext   : Refreshing org.springframework.web.context.support.GenericWebApplicationContext@13d9cbf5: startup date [Mon Jun 11 08:52:51 EEST 2018]; root of context hierarchy
2018-06-11 08:53:25.004  INFO 5768 --- [           main] f.a.AutowiredAnnotationBeanPostProcessor : JSR-330 'javax.inject.Inject' annotation found and supported for autowiring
2018-06-11 08:53:37.675  INFO 5768 --- [           main] o.s.s.web.DefaultSecurityFilterChain     : Creating filter chain: org.springframework.security.web.util.matcher.AnyRequestMatcher@1, [org.springframework.security.web.context.request.async.WebAsyncManagerIntegrationFilter@7e31ce0f, org.springframework.security.web.context.SecurityContextPersistenceFilter@7d0332e1, org.springframework.security.web.header.HeaderWriterFilter@60e949e1, org.springframework.security.web.csrf.CsrfFilter@2fa3be26, org.springframework.security.web.authentication.logout.LogoutFilter@7de4a01f, org.springframework.security.web.authentication.UsernamePasswordAuthenticationFilter@75504cef, org.springframework.security.web.authentication.ui.DefaultLoginPageGeneratingFilter@1532c619, org.springframework.security.web.authentication.www.BasicAuthenticationFilter@138a7441, org.springframework.security.web.savedrequest.RequestCacheAwareFilter@c827db, org.springframework.security.web.servletapi.SecurityContextHolderAwareRequestFilter@42d236fb, org.springframework.security.web.authentication.AnonymousAuthenticationFilter@99a65d3, org.springframework.security.web.session.SessionManagementFilter@680362a, org.springframework.security.web.access.ExceptionTranslationFilter@13e9f2e2, org.springframework.security.web.access.intercept.FilterSecurityInterceptor@1e411d81]
2018-06-11 08:53:51.791  INFO 5768 --- [           main] org.mongodb.driver.cluster               : Cluster created with settings {hosts=[127.0.0.1:27017], mode=SINGLE, requiredClusterType=UNKNOWN, serverSelectionTimeout='30000 ms', maxWaitQueueSize=500}
2018-06-11 08:53:55.547  INFO 5768 --- [127.0.0.1:27017] org.mongodb.driver.cluster               : Exception in monitor thread while connecting to server 127.0.0.1:27017

com.mongodb.MongoSocketOpenException: Exception opening socket
	at com.mongodb.connection.SocketStream.open(SocketStream.java:62) ~[mongo-java-driver-3.6.3.jar:na]
	at com.mongodb.connection.InternalStreamConnection.open(InternalStreamConnection.java:126) ~[mongo-java-driver-3.6.3.jar:na]
	at com.mongodb.connection.DefaultServerMonitor$ServerMonitorRunnable.run(DefaultServerMonitor.java:114) ~[mongo-java-driver-3.6.3.jar:na]
	at java.lang.Thread.run(Thread.java:748) [na:1.8.0_161]
Caused by: java.net.ConnectException: Connection refused: connect
	at java.net.DualStackPlainSocketImpl.waitForConnect(Native Method) ~[na:1.8.0_161]
	at java.net.DualStackPlainSocketImpl.socketConnect(DualStackPlainSocketImpl.java:85) ~[na:1.8.0_161]
	at java.net.AbstractPlainSocketImpl.doConnect(AbstractPlainSocketImpl.java:350) ~[na:1.8.0_161]
	at java.net.AbstractPlainSocketImpl.connectToAddress(AbstractPlainSocketImpl.java:206) ~[na:1.8.0_161]
	at java.net.AbstractPlainSocketImpl.connect(AbstractPlainSocketImpl.java:188) ~[na:1.8.0_161]
	at java.net.PlainSocketImpl.connect(PlainSocketImpl.java:172) ~[na:1.8.0_161]
	at java.net.SocksSocketImpl.connect(SocksSocketImpl.java:392) ~[na:1.8.0_161]
	at java.net.Socket.connect(Socket.java:589) ~[na:1.8.0_161]
	at com.mongodb.connection.SocketStreamHelper.initialize(SocketStreamHelper.java:59) ~[mongo-java-driver-3.6.3.jar:na]
	at com.mongodb.connection.SocketStream.open(SocketStream.java:57) ~[mongo-java-driver-3.6.3.jar:na]
	... 3 common frames omitted

2018-06-11 08:53:59.108  INFO 5768 --- [           main] m.c.i.MongoPersistentEntityIndexResolver : Found cycle for field '_id' in type 'MedicalCard' for path 'medicalCard -> patient -> medicalCard'
2018-06-11 08:53:59.109  INFO 5768 --- [           main] m.c.i.MongoPersistentEntityIndexResolver : Found cycle for field 'appointed_date' in type 'Doctor' for path 'doctor -> patients -> medicalCard -> medicalExaminations -> doctor'
2018-06-11 08:53:59.115  INFO 5768 --- [           main] m.c.i.MongoPersistentEntityIndexResolver : Found cycle for field 'medicalCard' in type 'Patient' for path 'medicalCard -> patient -> medicalCard'
2018-06-11 08:53:59.118  INFO 5768 --- [           main] m.c.i.MongoPersistentEntityIndexResolver : Found cycle for field 'patients' in type 'Doctor' for path 'doctor -> patients -> medicalCard -> medicalExaminations -> doctor'
2018-06-11 08:53:59.134  INFO 5768 --- [           main] m.c.i.MongoPersistentEntityIndexResolver : Found cycle for field 'medicalCard' in type 'Patient' for path 'patient -> medicalCard -> patient'
2018-06-11 08:53:59.134  INFO 5768 --- [           main] m.c.i.MongoPersistentEntityIndexResolver : Found cycle for field '_id' in type 'MedicalCard' for path 'medicalCard -> medicalExaminations -> doctor -> patients -> medicalCard'
2018-06-11 08:53:59.135  INFO 5768 --- [           main] m.c.i.MongoPersistentEntityIndexResolver : Found cycle for field '_id' in type 'MedicalCard' for path 'medicalCard -> patient -> medicalCard'
2018-06-11 08:53:59.136  INFO 5768 --- [           main] m.c.i.MongoPersistentEntityIndexResolver : Found cycle for field '_id' in type 'MedicalExamination' for path 'medicalExaminations -> doctor -> patients -> medicalCard -> medicalExaminations'
2018-06-11 08:53:59.137  INFO 5768 --- [           main] m.c.i.MongoPersistentEntityIndexResolver : Found cycle for field 'medicalCard' in type 'Patient' for path 'patient -> medicalCard -> patient'
2018-06-11 08:53:59.138  INFO 5768 --- [           main] m.c.i.MongoPersistentEntityIndexResolver : Found cycle for field 'medicalCard' in type 'Patient' for path 'medicalCard -> medicalExaminations -> doctor -> patients -> medicalCard'
2018-06-11 08:53:59.138  INFO 5768 --- [           main] m.c.i.MongoPersistentEntityIndexResolver : Found cycle for field 'medicalCard' in type 'Patient' for path 'medicalCard -> patient -> medicalCard'
2018-06-11 08:53:59.138  INFO 5768 --- [           main] m.c.i.MongoPersistentEntityIndexResolver : Found cycle for field 'doctor' in type 'MedicalExamination' for path 'medicalExaminations -> doctor -> patients -> medicalCard -> medicalExaminations'
2018-06-11 08:53:59.158  WARN 5768 --- [           main] o.s.d.m.c.m.BasicMongoPersistentProperty : Customizing field name for id property not allowed! Custom name will not be considered!
2018-06-11 08:53:59.162  INFO 5768 --- [           main] m.c.i.MongoPersistentEntityIndexResolver : Found cycle for field '_id' in type 'MedicalCard' for path 'medicalCard -> patient -> medicalCard'
2018-06-11 08:53:59.163  INFO 5768 --- [           main] m.c.i.MongoPersistentEntityIndexResolver : Found cycle for field '_id' in type 'MedicalCard' for path 'medicalCard -> medicalExaminations -> doctor -> patients -> medicalCard'
2018-06-11 08:53:59.163  INFO 5768 --- [           main] m.c.i.MongoPersistentEntityIndexResolver : Found cycle for field 'patient' in type 'MedicalCard' for path 'medicalCard -> patient -> medicalCard'
2018-06-11 08:53:59.164  INFO 5768 --- [           main] m.c.i.MongoPersistentEntityIndexResolver : Found cycle for field 'medicalCard' in type 'Patient' for path 'medicalCard -> medicalExaminations -> doctor -> patients -> medicalCard'
2018-06-11 08:53:59.173  WARN 5768 --- [           main] o.s.d.m.c.m.BasicMongoPersistentProperty : Customizing field name for id property not allowed! Custom name will not be considered!
2018-06-11 08:53:59.176  INFO 5768 --- [           main] m.c.i.MongoPersistentEntityIndexResolver : Found cycle for field '_id' in type 'MedicalCard' for path 'medicalCard -> patient -> medicalCard'
2018-06-11 08:53:59.177  INFO 5768 --- [           main] m.c.i.MongoPersistentEntityIndexResolver : Found cycle for field 'medicalCard' in type 'Patient' for path 'patients -> medicalCard -> medicalExaminations -> doctor -> patients'
2018-06-11 08:53:59.179  INFO 5768 --- [           main] m.c.i.MongoPersistentEntityIndexResolver : Found cycle for field 'medicalCard' in type 'Patient' for path 'medicalCard -> patient -> medicalCard'
2018-06-11 08:53:59.181  INFO 5768 --- [           main] m.c.i.MongoPersistentEntityIndexResolver : Found cycle for field 'medicalCard' in type 'Patient' for path 'patients -> medicalCard -> medicalExaminations -> doctor -> patients'
2018-06-11 08:53:59.187  INFO 5768 --- [           main] m.c.i.MongoPersistentEntityIndexResolver : Found cycle for field '_id' in type 'MedicalCard' for path 'medicalCard -> patient -> medicalCard'
2018-06-11 08:53:59.188  INFO 5768 --- [           main] m.c.i.MongoPersistentEntityIndexResolver : Found cycle for field 'medicalCard' in type 'Patient' for path 'patients -> medicalCard -> medicalExaminations -> doctor -> patients'
2018-06-11 08:53:59.190  INFO 5768 --- [           main] m.c.i.MongoPersistentEntityIndexResolver : Found cycle for field 'medicalCard' in type 'Patient' for path 'medicalCard -> patient -> medicalCard'
2018-06-11 08:53:59.191  INFO 5768 --- [           main] m.c.i.MongoPersistentEntityIndexResolver : Found cycle for field 'patients' in type 'Doctor' for path 'patients -> medicalCard -> medicalExaminations -> doctor -> patients'
2018-06-11 08:54:02.050  WARN 5768 --- [           main] o.s.d.m.c.m.BasicMongoPersistentProperty : Customizing field name for id property not allowed! Custom name will not be considered!
2018-06-11 08:54:02.052  INFO 5768 --- [           main] m.c.i.MongoPersistentEntityIndexResolver : Found cycle for field 'medicalCard' in type 'Patient' for path 'patient -> medicalCard -> patient'
2018-06-11 08:54:02.052  INFO 5768 --- [           main] m.c.i.MongoPersistentEntityIndexResolver : Found cycle for field '_id' in type 'MedicalCard' for path 'medicalCard -> medicalExaminations -> doctor -> patients -> medicalCard'
2018-06-11 08:54:02.053  INFO 5768 --- [           main] m.c.i.MongoPersistentEntityIndexResolver : Found cycle for field '_id' in type 'MedicalCard' for path 'medicalCard -> patient -> medicalCard'
2018-06-11 08:54:02.053  INFO 5768 --- [           main] m.c.i.MongoPersistentEntityIndexResolver : Found cycle for field '_id' in type 'MedicalExamination' for path 'medicalExaminations -> doctor -> patients -> medicalCard -> medicalExaminations'
2018-06-11 08:54:02.055  INFO 5768 --- [           main] m.c.i.MongoPersistentEntityIndexResolver : Found cycle for field 'patient' in type 'MedicalCard' for path 'patient -> medicalCard -> patient'
2018-06-11 08:54:02.057  INFO 5768 --- [           main] m.c.i.MongoPersistentEntityIndexResolver : Found cycle for field 'medicalCard' in type 'Patient' for path 'medicalCard -> patient -> medicalCard'
2018-06-11 08:54:02.058  INFO 5768 --- [           main] m.c.i.MongoPersistentEntityIndexResolver : Found cycle for field 'medicalExaminations' in type 'MedicalCard' for path 'medicalExaminations -> doctor -> patients -> medicalCard -> medicalExaminations'
2018-06-11 08:54:02.676  INFO 5768 --- [           main] org.mongodb.driver.cluster               : Cluster description not yet available. Waiting for 30000 ms before timing out
2018-06-11 08:54:32.678  WARN 5768 --- [           main] o.s.w.c.s.GenericWebApplicationContext   : Exception encountered during context initialization - cancelling refresh attempt: org.springframework.beans.factory.BeanCreationException: Error creating bean with name 'hospitalRepository': Invocation of init method failed; nested exception is org.springframework.dao.DataAccessResourceFailureException: Timed out after 30000 ms while waiting to connect. Client view of cluster state is {type=UNKNOWN, servers=[{address=127.0.0.1:27017, type=UNKNOWN, state=CONNECTING, exception={com.mongodb.MongoSocketOpenException: Exception opening socket}, caused by {java.net.ConnectException: Connection refused: connect}}]; nested exception is com.mongodb.MongoTimeoutException: Timed out after 30000 ms while waiting to connect. Client view of cluster state is {type=UNKNOWN, servers=[{address=127.0.0.1:27017, type=UNKNOWN, state=CONNECTING, exception={com.mongodb.MongoSocketOpenException: Exception opening socket}, caused by {java.net.ConnectException: Connection refused: connect}}]
2018-06-11 08:54:32.794  INFO 5768 --- [           main] ConditionEvaluationReportLoggingListener : 

Error starting ApplicationContext. To display the conditions report re-run your application with 'debug' enabled.
2018-06-11 08:54:32.803 ERROR 5768 --- [           main] o.s.boot.SpringApplication               : Application run failed

org.springframework.beans.factory.BeanCreationException: Error creating bean with name 'hospitalRepository': Invocation of init method failed; nested exception is org.springframework.dao.DataAccessResourceFailureException: Timed out after 30000 ms while waiting to connect. Client view of cluster state is {type=UNKNOWN, servers=[{address=127.0.0.1:27017, type=UNKNOWN, state=CONNECTING, exception={com.mongodb.MongoSocketOpenException: Exception opening socket}, caused by {java.net.ConnectException: Connection refused: connect}}]; nested exception is com.mongodb.MongoTimeoutException: Timed out after 30000 ms while waiting to connect. Client view of cluster state is {type=UNKNOWN, servers=[{address=127.0.0.1:27017, type=UNKNOWN, state=CONNECTING, exception={com.mongodb.MongoSocketOpenException: Exception opening socket}, caused by {java.net.ConnectException: Connection refused: connect}}]
	at org.springframework.beans.factory.support.AbstractAutowireCapableBeanFactory.initializeBean(AbstractAutowireCapableBeanFactory.java:1702) ~[spring-beans-5.0.5.RELEASE.jar:5.0.5.RELEASE]
	at org.springframework.beans.factory.support.AbstractAutowireCapableBeanFactory.doCreateBean(AbstractAutowireCapableBeanFactory.java:579) ~[spring-beans-5.0.5.RELEASE.jar:5.0.5.RELEASE]
	at org.springframework.beans.factory.support.AbstractAutowireCapableBeanFactory.createBean(AbstractAutowireCapableBeanFactory.java:501) ~[spring-beans-5.0.5.RELEASE.jar:5.0.5.RELEASE]
	at org.springframework.beans.factory.support.AbstractBeanFactory.lambda$doGetBean$0(AbstractBeanFactory.java:317) ~[spring-beans-5.0.5.RELEASE.jar:5.0.5.RELEASE]
	at org.springframework.beans.factory.support.DefaultSingletonBeanRegistry.getSingleton(DefaultSingletonBeanRegistry.java:228) ~[spring-beans-5.0.5.RELEASE.jar:5.0.5.RELEASE]
	at org.springframework.beans.factory.support.AbstractBeanFactory.doGetBean(AbstractBeanFactory.java:315) ~[spring-beans-5.0.5.RELEASE.jar:5.0.5.RELEASE]
	at org.springframework.beans.factory.support.AbstractBeanFactory.getBean(AbstractBeanFactory.java:199) ~[spring-beans-5.0.5.RELEASE.jar:5.0.5.RELEASE]
	at org.springframework.beans.factory.support.DefaultListableBeanFactory.preInstantiateSingletons(DefaultListableBeanFactory.java:741) ~[spring-beans-5.0.5.RELEASE.jar:5.0.5.RELEASE]
	at org.springframework.context.support.AbstractApplicationContext.finishBeanFactoryInitialization(AbstractApplicationContext.java:869) ~[spring-context-5.0.5.RELEASE.jar:5.0.5.RELEASE]
	at org.springframework.context.support.AbstractApplicationContext.refresh(AbstractApplicationContext.java:550) ~[spring-context-5.0.5.RELEASE.jar:5.0.5.RELEASE]
	at org.springframework.boot.SpringApplication.refresh(SpringApplication.java:759) ~[spring-boot-2.0.1.RELEASE.jar:2.0.1.RELEASE]
	at org.springframework.boot.SpringApplication.refreshContext(SpringApplication.java:395) ~[spring-boot-2.0.1.RELEASE.jar:2.0.1.RELEASE]
	at org.springframework.boot.SpringApplication.run(SpringApplication.java:327) ~[spring-boot-2.0.1.RELEASE.jar:2.0.1.RELEASE]
	at org.springframework.boot.test.context.SpringBootContextLoader.loadContext(SpringBootContextLoader.java:138) [spring-boot-test-2.0.1.RELEASE.jar:2.0.1.RELEASE]
	at org.springframework.test.context.cache.DefaultCacheAwareContextLoaderDelegate.loadContextInternal(DefaultCacheAwareContextLoaderDelegate.java:99) [spring-test-5.0.5.RELEASE.jar:5.0.5.RELEASE]
	at org.springframework.test.context.cache.DefaultCacheAwareContextLoaderDelegate.loadContext(DefaultCacheAwareContextLoaderDelegate.java:117) [spring-test-5.0.5.RELEASE.jar:5.0.5.RELEASE]
	at org.springframework.test.context.support.DefaultTestContext.getApplicationContext(DefaultTestContext.java:108) [spring-test-5.0.5.RELEASE.jar:5.0.5.RELEASE]
	at org.springframework.test.context.web.ServletTestExecutionListener.setUpRequestContextIfNecessary(ServletTestExecutionListener.java:190) [spring-test-5.0.5.RELEASE.jar:5.0.5.RELEASE]
	at org.springframework.test.context.web.ServletTestExecutionListener.prepareTestInstance(ServletTestExecutionListener.java:132) [spring-test-5.0.5.RELEASE.jar:5.0.5.RELEASE]
	at org.springframework.test.context.TestContextManager.prepareTestInstance(TestContextManager.java:246) [spring-test-5.0.5.RELEASE.jar:5.0.5.RELEASE]
	at org.springframework.test.context.junit4.SpringJUnit4ClassRunner.createTest(SpringJUnit4ClassRunner.java:227) [spring-test-5.0.5.RELEASE.jar:5.0.5.RELEASE]
	at org.springframework.test.context.junit4.SpringJUnit4ClassRunner$1.runReflectiveCall(SpringJUnit4ClassRunner.java:289) [spring-test-5.0.5.RELEASE.jar:5.0.5.RELEASE]
	at org.junit.internal.runners.model.ReflectiveCallable.run(ReflectiveCallable.java:12) [junit-4.12.jar:4.12]
	at org.springframework.test.context.junit4.SpringJUnit4ClassRunner.methodBlock(SpringJUnit4ClassRunner.java:291) [spring-test-5.0.5.RELEASE.jar:5.0.5.RELEASE]
	at org.springframework.test.context.junit4.SpringJUnit4ClassRunner.runChild(SpringJUnit4ClassRunner.java:246) [spring-test-5.0.5.RELEASE.jar:5.0.5.RELEASE]
	at org.springframework.test.context.junit4.SpringJUnit4ClassRunner.runChild(SpringJUnit4ClassRunner.java:97) [spring-test-5.0.5.RELEASE.jar:5.0.5.RELEASE]
	at org.junit.runners.ParentRunner$3.run(ParentRunner.java:290) [junit-4.12.jar:4.12]
	at org.junit.runners.ParentRunner$1.schedule(ParentRunner.java:71) [junit-4.12.jar:4.12]
	at org.junit.runners.ParentRunner.runChildren(ParentRunner.java:288) [junit-4.12.jar:4.12]
	at org.junit.runners.ParentRunner.access$000(ParentRunner.java:58) [junit-4.12.jar:4.12]
	at org.junit.runners.ParentRunner$2.evaluate(ParentRunner.java:268) [junit-4.12.jar:4.12]
	at org.springframework.test.context.junit4.statements.RunBeforeTestClassCallbacks.evaluate(RunBeforeTestClassCallbacks.java:61) [spring-test-5.0.5.RELEASE.jar:5.0.5.RELEASE]
	at org.springframework.test.context.junit4.statements.RunAfterTestClassCallbacks.evaluate(RunAfterTestClassCallbacks.java:70) [spring-test-5.0.5.RELEASE.jar:5.0.5.RELEASE]
	at org.junit.runners.ParentRunner.run(ParentRunner.java:363) [junit-4.12.jar:4.12]
	at org.springframework.test.context.junit4.SpringJUnit4ClassRunner.run(SpringJUnit4ClassRunner.java:190) [spring-test-5.0.5.RELEASE.jar:5.0.5.RELEASE]
	at org.apache.maven.surefire.junit4.JUnit4Provider.execute(JUnit4Provider.java:365) [surefire-junit4-2.21.0.jar:2.21.0]
	at org.apache.maven.surefire.junit4.JUnit4Provider.executeWithRerun(JUnit4Provider.java:273) [surefire-junit4-2.21.0.jar:2.21.0]
	at org.apache.maven.surefire.junit4.JUnit4Provider.executeTestSet(JUnit4Provider.java:238) [surefire-junit4-2.21.0.jar:2.21.0]
	at org.apache.maven.surefire.junit4.JUnit4Provider.invoke(JUnit4Provider.java:159) [surefire-junit4-2.21.0.jar:2.21.0]
	at org.apache.maven.surefire.booter.ForkedBooter.invokeProviderInSameClassLoader(ForkedBooter.java:379) [surefire-booter-2.21.0.jar:2.21.0]
	at org.apache.maven.surefire.booter.ForkedBooter.runSuitesInProcess(ForkedBooter.java:340) [surefire-booter-2.21.0.jar:2.21.0]
	at org.apache.maven.surefire.booter.ForkedBooter.execute(ForkedBooter.java:125) [surefire-booter-2.21.0.jar:2.21.0]
	at org.apache.maven.surefire.booter.ForkedBooter.main(ForkedBooter.java:413) [surefire-booter-2.21.0.jar:2.21.0]
Caused by: org.springframework.dao.DataAccessResourceFailureException: Timed out after 30000 ms while waiting to connect. Client view of cluster state is {type=UNKNOWN, servers=[{address=127.0.0.1:27017, type=UNKNOWN, state=CONNECTING, exception={com.mongodb.MongoSocketOpenException: Exception opening socket}, caused by {java.net.ConnectException: Connection refused: connect}}]; nested exception is com.mongodb.MongoTimeoutException: Timed out after 30000 ms while waiting to connect. Client view of cluster state is {type=UNKNOWN, servers=[{address=127.0.0.1:27017, type=UNKNOWN, state=CONNECTING, exception={com.mongodb.MongoSocketOpenException: Exception opening socket}, caused by {java.net.ConnectException: Connection refused: connect}}]
	at org.springframework.data.mongodb.core.MongoExceptionTranslator.translateExceptionIfPossible(MongoExceptionTranslator.java:87) ~[spring-data-mongodb-2.0.7.RELEASE.jar:2.0.7.RELEASE]
	at org.springframework.data.mongodb.core.MongoTemplate.potentiallyConvertRuntimeException(MongoTemplate.java:2589) ~[spring-data-mongodb-2.0.7.RELEASE.jar:2.0.7.RELEASE]
	at org.springframework.data.mongodb.core.DefaultIndexOperations.execute(DefaultIndexOperations.java:194) ~[spring-data-mongodb-2.0.7.RELEASE.jar:2.0.7.RELEASE]
	at org.springframework.data.mongodb.core.DefaultIndexOperations.ensureIndex(DefaultIndexOperations.java:97) ~[spring-data-mongodb-2.0.7.RELEASE.jar:2.0.7.RELEASE]
	at org.springframework.data.mongodb.core.index.MongoPersistentEntityIndexCreator.createIndex(MongoPersistentEntityIndexCreator.java:145) ~[spring-data-mongodb-2.0.7.RELEASE.jar:2.0.7.RELEASE]
	at org.springframework.data.mongodb.core.index.MongoPersistentEntityIndexCreator.checkForAndCreateIndexes(MongoPersistentEntityIndexCreator.java:135) ~[spring-data-mongodb-2.0.7.RELEASE.jar:2.0.7.RELEASE]
	at org.springframework.data.mongodb.core.index.MongoPersistentEntityIndexCreator.checkForIndexes(MongoPersistentEntityIndexCreator.java:127) ~[spring-data-mongodb-2.0.7.RELEASE.jar:2.0.7.RELEASE]
	at org.springframework.data.mongodb.core.index.MongoPersistentEntityIndexCreator.onApplicationEvent(MongoPersistentEntityIndexCreator.java:111) ~[spring-data-mongodb-2.0.7.RELEASE.jar:2.0.7.RELEASE]
	at org.springframework.data.mongodb.core.index.MongoPersistentEntityIndexCreator.onApplicationEvent(MongoPersistentEntityIndexCreator.java:54) ~[spring-data-mongodb-2.0.7.RELEASE.jar:2.0.7.RELEASE]
	at org.springframework.context.event.SimpleApplicationEventMulticaster.doInvokeListener(SimpleApplicationEventMulticaster.java:172) ~[spring-context-5.0.5.RELEASE.jar:5.0.5.RELEASE]
	at org.springframework.context.event.SimpleApplicationEventMulticaster.invokeListener(SimpleApplicationEventMulticaster.java:165) ~[spring-context-5.0.5.RELEASE.jar:5.0.5.RELEASE]
	at org.springframework.context.event.SimpleApplicationEventMulticaster.multicastEvent(SimpleApplicationEventMulticaster.java:139) ~[spring-context-5.0.5.RELEASE.jar:5.0.5.RELEASE]
	at org.springframework.context.support.AbstractApplicationContext.publishEvent(AbstractApplicationContext.java:400) ~[spring-context-5.0.5.RELEASE.jar:5.0.5.RELEASE]
	at org.springframework.context.support.AbstractApplicationContext.publishEvent(AbstractApplicationContext.java:354) ~[spring-context-5.0.5.RELEASE.jar:5.0.5.RELEASE]
	at org.springframework.data.mapping.context.AbstractMappingContext.addPersistentEntity(AbstractMappingContext.java:420) ~[spring-data-commons-2.0.6.RELEASE.jar:2.0.6.RELEASE]
	at java.util.Collections$SingletonSet.forEach(Collections.java:4767) ~[na:1.8.0_161]
	at org.springframework.data.mapping.context.AbstractMappingContext$PersistentPropertyCreator.createAndRegisterProperty(AbstractMappingContext.java:572) ~[spring-data-commons-2.0.6.RELEASE.jar:2.0.6.RELEASE]
	at org.springframework.data.mapping.context.AbstractMappingContext$PersistentPropertyCreator.doWith(AbstractMappingContext.java:530) ~[spring-data-commons-2.0.6.RELEASE.jar:2.0.6.RELEASE]
	at org.springframework.util.ReflectionUtils.doWithFields(ReflectionUtils.java:729) ~[spring-core-5.0.5.RELEASE.jar:5.0.5.RELEASE]
	at org.springframework.data.mapping.context.AbstractMappingContext.addPersistentEntity(AbstractMappingContext.java:398) ~[spring-data-commons-2.0.6.RELEASE.jar:2.0.6.RELEASE]
	at org.springframework.data.mapping.context.AbstractMappingContext.getPersistentEntity(AbstractMappingContext.java:229) ~[spring-data-commons-2.0.6.RELEASE.jar:2.0.6.RELEASE]
	at org.springframework.data.mapping.context.AbstractMappingContext.getPersistentEntity(AbstractMappingContext.java:172) ~[spring-data-commons-2.0.6.RELEASE.jar:2.0.6.RELEASE]
	at org.springframework.data.mapping.context.AbstractMappingContext.getPersistentEntity(AbstractMappingContext.java:85) ~[spring-data-commons-2.0.6.RELEASE.jar:2.0.6.RELEASE]
	at org.springframework.data.mapping.context.MappingContext.getRequiredPersistentEntity(MappingContext.java:70) ~[spring-data-commons-2.0.6.RELEASE.jar:2.0.6.RELEASE]
	at org.springframework.data.mongodb.repository.support.MongoRepositoryFactory.getEntityInformation(MongoRepositoryFactory.java:149) ~[spring-data-mongodb-2.0.7.RELEASE.jar:2.0.7.RELEASE]
	at org.springframework.data.mongodb.repository.support.MongoRepositoryFactory.getTargetRepository(MongoRepositoryFactory.java:123) ~[spring-data-mongodb-2.0.7.RELEASE.jar:2.0.7.RELEASE]
	at org.springframework.data.repository.core.support.RepositoryFactorySupport.getRepository(RepositoryFactorySupport.java:298) ~[spring-data-commons-2.0.6.RELEASE.jar:2.0.6.RELEASE]
	at org.springframework.data.repository.core.support.RepositoryFactoryBeanSupport.lambda$afterPropertiesSet$3(RepositoryFactoryBeanSupport.java:287) ~[spring-data-commons-2.0.6.RELEASE.jar:2.0.6.RELEASE]
	at org.springframework.data.util.Lazy.getNullable(Lazy.java:141) ~[spring-data-commons-2.0.6.RELEASE.jar:2.0.6.RELEASE]
	at org.springframework.data.util.Lazy.get(Lazy.java:63) ~[spring-data-commons-2.0.6.RELEASE.jar:2.0.6.RELEASE]
	at org.springframework.data.repository.core.support.RepositoryFactoryBeanSupport.afterPropertiesSet(RepositoryFactoryBeanSupport.java:290) ~[spring-data-commons-2.0.6.RELEASE.jar:2.0.6.RELEASE]
	at org.springframework.data.mongodb.repository.support.MongoRepositoryFactoryBean.afterPropertiesSet(MongoRepositoryFactoryBean.java:119) ~[spring-data-mongodb-2.0.7.RELEASE.jar:2.0.7.RELEASE]
	at org.springframework.beans.factory.support.AbstractAutowireCapableBeanFactory.invokeInitMethods(AbstractAutowireCapableBeanFactory.java:1761) ~[spring-beans-5.0.5.RELEASE.jar:5.0.5.RELEASE]
	at org.springframework.beans.factory.support.AbstractAutowireCapableBeanFactory.initializeBean(AbstractAutowireCapableBeanFactory.java:1698) ~[spring-beans-5.0.5.RELEASE.jar:5.0.5.RELEASE]
	... 42 common frames omitted
Caused by: com.mongodb.MongoTimeoutException: Timed out after 30000 ms while waiting to connect. Client view of cluster state is {type=UNKNOWN, servers=[{address=127.0.0.1:27017, type=UNKNOWN, state=CONNECTING, exception={com.mongodb.MongoSocketOpenException: Exception opening socket}, caused by {java.net.ConnectException: Connection refused: connect}}]
	at com.mongodb.connection.BaseCluster.getDescription(BaseCluster.java:167) ~[mongo-java-driver-3.6.3.jar:na]
	at com.mongodb.Mongo.getConnectedClusterDescription(Mongo.java:885) ~[mongo-java-driver-3.6.3.jar:na]
	at com.mongodb.Mongo.createClientSession(Mongo.java:877) ~[mongo-java-driver-3.6.3.jar:na]
	at com.mongodb.Mongo$3.getClientSession(Mongo.java:866) ~[mongo-java-driver-3.6.3.jar:na]
	at com.mongodb.Mongo$3.execute(Mongo.java:834) ~[mongo-java-driver-3.6.3.jar:na]
	at com.mongodb.MongoCollectionImpl.executeCreateIndexes(MongoCollectionImpl.java:867) ~[mongo-java-driver-3.6.3.jar:na]
	at com.mongodb.MongoCollectionImpl.createIndexes(MongoCollectionImpl.java:820) ~[mongo-java-driver-3.6.3.jar:na]
	at com.mongodb.MongoCollectionImpl.createIndexes(MongoCollectionImpl.java:815) ~[mongo-java-driver-3.6.3.jar:na]
	at com.mongodb.MongoCollectionImpl.createIndex(MongoCollectionImpl.java:800) ~[mongo-java-driver-3.6.3.jar:na]
	at org.springframework.data.mongodb.core.DefaultIndexOperations.lambda$ensureIndex$0(DefaultIndexOperations.java:111) ~[spring-data-mongodb-2.0.7.RELEASE.jar:2.0.7.RELEASE]
	at org.springframework.data.mongodb.core.DefaultIndexOperations.execute(DefaultIndexOperations.java:192) ~[spring-data-mongodb-2.0.7.RELEASE.jar:2.0.7.RELEASE]
	... 73 common frames omitted

2018-06-11 08:54:32.840 ERROR 5768 --- [           main] o.s.test.context.TestContextManager      : Caught exception while allowing TestExecutionListener [org.springframework.test.context.web.ServletTestExecutionListener@15bbf42f] to prepare test instance [com.nau.digitalhospital.DigitalHospitalApplicationTests@4d27d9d]

java.lang.IllegalStateException: Failed to load ApplicationContext
	at org.springframework.test.context.cache.DefaultCacheAwareContextLoaderDelegate.loadContext(DefaultCacheAwareContextLoaderDelegate.java:125) ~[spring-test-5.0.5.RELEASE.jar:5.0.5.RELEASE]
	at org.springframework.test.context.support.DefaultTestContext.getApplicationContext(DefaultTestContext.java:108) ~[spring-test-5.0.5.RELEASE.jar:5.0.5.RELEASE]
	at org.springframework.test.context.web.ServletTestExecutionListener.setUpRequestContextIfNecessary(ServletTestExecutionListener.java:190) ~[spring-test-5.0.5.RELEASE.jar:5.0.5.RELEASE]
	at org.springframework.test.context.web.ServletTestExecutionListener.prepareTestInstance(ServletTestExecutionListener.java:132) ~[spring-test-5.0.5.RELEASE.jar:5.0.5.RELEASE]
	at org.springframework.test.context.TestContextManager.prepareTestInstance(TestContextManager.java:246) ~[spring-test-5.0.5.RELEASE.jar:5.0.5.RELEASE]
	at org.springframework.test.context.junit4.SpringJUnit4ClassRunner.createTest(SpringJUnit4ClassRunner.java:227) [spring-test-5.0.5.RELEASE.jar:5.0.5.RELEASE]
	at org.springframework.test.context.junit4.SpringJUnit4ClassRunner$1.runReflectiveCall(SpringJUnit4ClassRunner.java:289) [spring-test-5.0.5.RELEASE.jar:5.0.5.RELEASE]
	at org.junit.internal.runners.model.ReflectiveCallable.run(ReflectiveCallable.java:12) [junit-4.12.jar:4.12]
	at org.springframework.test.context.junit4.SpringJUnit4ClassRunner.methodBlock(SpringJUnit4ClassRunner.java:291) [spring-test-5.0.5.RELEASE.jar:5.0.5.RELEASE]
	at org.springframework.test.context.junit4.SpringJUnit4ClassRunner.runChild(SpringJUnit4ClassRunner.java:246) [spring-test-5.0.5.RELEASE.jar:5.0.5.RELEASE]
	at org.springframework.test.context.junit4.SpringJUnit4ClassRunner.runChild(SpringJUnit4ClassRunner.java:97) [spring-test-5.0.5.RELEASE.jar:5.0.5.RELEASE]
	at org.junit.runners.ParentRunner$3.run(ParentRunner.java:290) [junit-4.12.jar:4.12]
	at org.junit.runners.ParentRunner$1.schedule(ParentRunner.java:71) [junit-4.12.jar:4.12]
	at org.junit.runners.ParentRunner.runChildren(ParentRunner.java:288) [junit-4.12.jar:4.12]
	at org.junit.runners.ParentRunner.access$000(ParentRunner.java:58) [junit-4.12.jar:4.12]
	at org.junit.runners.ParentRunner$2.evaluate(ParentRunner.java:268) [junit-4.12.jar:4.12]
	at org.springframework.test.context.junit4.statements.RunBeforeTestClassCallbacks.evaluate(RunBeforeTestClassCallbacks.java:61) [spring-test-5.0.5.RELEASE.jar:5.0.5.RELEASE]
	at org.springframework.test.context.junit4.statements.RunAfterTestClassCallbacks.evaluate(RunAfterTestClassCallbacks.java:70) [spring-test-5.0.5.RELEASE.jar:5.0.5.RELEASE]
	at org.junit.runners.ParentRunner.run(ParentRunner.java:363) [junit-4.12.jar:4.12]
	at org.springframework.test.context.junit4.SpringJUnit4ClassRunner.run(SpringJUnit4ClassRunner.java:190) [spring-test-5.0.5.RELEASE.jar:5.0.5.RELEASE]
	at org.apache.maven.surefire.junit4.JUnit4Provider.execute(JUnit4Provider.java:365) [surefire-junit4-2.21.0.jar:2.21.0]
	at org.apache.maven.surefire.junit4.JUnit4Provider.executeWithRerun(JUnit4Provider.java:273) [surefire-junit4-2.21.0.jar:2.21.0]
	at org.apache.maven.surefire.junit4.JUnit4Provider.executeTestSet(JUnit4Provider.java:238) [surefire-junit4-2.21.0.jar:2.21.0]
	at org.apache.maven.surefire.junit4.JUnit4Provider.invoke(JUnit4Provider.java:159) [surefire-junit4-2.21.0.jar:2.21.0]
	at org.apache.maven.surefire.booter.ForkedBooter.invokeProviderInSameClassLoader(ForkedBooter.java:379) [surefire-booter-2.21.0.jar:2.21.0]
	at org.apache.maven.surefire.booter.ForkedBooter.runSuitesInProcess(ForkedBooter.java:340) [surefire-booter-2.21.0.jar:2.21.0]
	at org.apache.maven.surefire.booter.ForkedBooter.execute(ForkedBooter.java:125) [surefire-booter-2.21.0.jar:2.21.0]
	at org.apache.maven.surefire.booter.ForkedBooter.main(ForkedBooter.java:413) [surefire-booter-2.21.0.jar:2.21.0]
Caused by: org.springframework.beans.factory.BeanCreationException: Error creating bean with name 'hospitalRepository': Invocation of init method failed; nested exception is org.springframework.dao.DataAccessResourceFailureException: Timed out after 30000 ms while waiting to connect. Client view of cluster state is {type=UNKNOWN, servers=[{address=127.0.0.1:27017, type=UNKNOWN, state=CONNECTING, exception={com.mongodb.MongoSocketOpenException: Exception opening socket}, caused by {java.net.ConnectException: Connection refused: connect}}]; nested exception is com.mongodb.MongoTimeoutException: Timed out after 30000 ms while waiting to connect. Client view of cluster state is {type=UNKNOWN, servers=[{address=127.0.0.1:27017, type=UNKNOWN, state=CONNECTING, exception={com.mongodb.MongoSocketOpenException: Exception opening socket}, caused by {java.net.ConnectException: Connection refused: connect}}]
	at org.springframework.beans.factory.support.AbstractAutowireCapableBeanFactory.initializeBean(AbstractAutowireCapableBeanFactory.java:1702) ~[spring-beans-5.0.5.RELEASE.jar:5.0.5.RELEASE]
	at org.springframework.beans.factory.support.AbstractAutowireCapableBeanFactory.doCreateBean(AbstractAutowireCapableBeanFactory.java:579) ~[spring-beans-5.0.5.RELEASE.jar:5.0.5.RELEASE]
	at org.springframework.beans.factory.support.AbstractAutowireCapableBeanFactory.createBean(AbstractAutowireCapableBeanFactory.java:501) ~[spring-beans-5.0.5.RELEASE.jar:5.0.5.RELEASE]
	at org.springframework.beans.factory.support.AbstractBeanFactory.lambda$doGetBean$0(AbstractBeanFactory.java:317) ~[spring-beans-5.0.5.RELEASE.jar:5.0.5.RELEASE]
	at org.springframework.beans.factory.support.DefaultSingletonBeanRegistry.getSingleton(DefaultSingletonBeanRegistry.java:228) ~[spring-beans-5.0.5.RELEASE.jar:5.0.5.RELEASE]
	at org.springframework.beans.factory.support.AbstractBeanFactory.doGetBean(AbstractBeanFactory.java:315) ~[spring-beans-5.0.5.RELEASE.jar:5.0.5.RELEASE]
	at org.springframework.beans.factory.support.AbstractBeanFactory.getBean(AbstractBeanFactory.java:199) ~[spring-beans-5.0.5.RELEASE.jar:5.0.5.RELEASE]
	at org.springframework.beans.factory.support.DefaultListableBeanFactory.preInstantiateSingletons(DefaultListableBeanFactory.java:741) ~[spring-beans-5.0.5.RELEASE.jar:5.0.5.RELEASE]
	at org.springframework.context.support.AbstractApplicationContext.finishBeanFactoryInitialization(AbstractApplicationContext.java:869) ~[spring-context-5.0.5.RELEASE.jar:5.0.5.RELEASE]
	at org.springframework.context.support.AbstractApplicationContext.refresh(AbstractApplicationContext.java:550) ~[spring-context-5.0.5.RELEASE.jar:5.0.5.RELEASE]
	at org.springframework.boot.SpringApplication.refresh(SpringApplication.java:759) ~[spring-boot-2.0.1.RELEASE.jar:2.0.1.RELEASE]
	at org.springframework.boot.SpringApplication.refreshContext(SpringApplication.java:395) ~[spring-boot-2.0.1.RELEASE.jar:2.0.1.RELEASE]
	at org.springframework.boot.SpringApplication.run(SpringApplication.java:327) ~[spring-boot-2.0.1.RELEASE.jar:2.0.1.RELEASE]
	at org.springframework.boot.test.context.SpringBootContextLoader.loadContext(SpringBootContextLoader.java:138) ~[spring-boot-test-2.0.1.RELEASE.jar:2.0.1.RELEASE]
	at org.springframework.test.context.cache.DefaultCacheAwareContextLoaderDelegate.loadContextInternal(DefaultCacheAwareContextLoaderDelegate.java:99) ~[spring-test-5.0.5.RELEASE.jar:5.0.5.RELEASE]
	at org.springframework.test.context.cache.DefaultCacheAwareContextLoaderDelegate.loadContext(DefaultCacheAwareContextLoaderDelegate.java:117) ~[spring-test-5.0.5.RELEASE.jar:5.0.5.RELEASE]
	... 27 common frames omitted
Caused by: org.springframework.dao.DataAccessResourceFailureException: Timed out after 30000 ms while waiting to connect. Client view of cluster state is {type=UNKNOWN, servers=[{address=127.0.0.1:27017, type=UNKNOWN, state=CONNECTING, exception={com.mongodb.MongoSocketOpenException: Exception opening socket}, caused by {java.net.ConnectException: Connection refused: connect}}]; nested exception is com.mongodb.MongoTimeoutException: Timed out after 30000 ms while waiting to connect. Client view of cluster state is {type=UNKNOWN, servers=[{address=127.0.0.1:27017, type=UNKNOWN, state=CONNECTING, exception={com.mongodb.MongoSocketOpenException: Exception opening socket}, caused by {java.net.ConnectException: Connection refused: connect}}]
	at org.springframework.data.mongodb.core.MongoExceptionTranslator.translateExceptionIfPossible(MongoExceptionTranslator.java:87) ~[spring-data-mongodb-2.0.7.RELEASE.jar:2.0.7.RELEASE]
	at org.springframework.data.mongodb.core.MongoTemplate.potentiallyConvertRuntimeException(MongoTemplate.java:2589) ~[spring-data-mongodb-2.0.7.RELEASE.jar:2.0.7.RELEASE]
	at org.springframework.data.mongodb.core.DefaultIndexOperations.execute(DefaultIndexOperations.java:194) ~[spring-data-mongodb-2.0.7.RELEASE.jar:2.0.7.RELEASE]
	at org.springframework.data.mongodb.core.DefaultIndexOperations.ensureIndex(DefaultIndexOperations.java:97) ~[spring-data-mongodb-2.0.7.RELEASE.jar:2.0.7.RELEASE]
	at org.springframework.data.mongodb.core.index.MongoPersistentEntityIndexCreator.createIndex(MongoPersistentEntityIndexCreator.java:145) ~[spring-data-mongodb-2.0.7.RELEASE.jar:2.0.7.RELEASE]
	at org.springframework.data.mongodb.core.index.MongoPersistentEntityIndexCreator.checkForAndCreateIndexes(MongoPersistentEntityIndexCreator.java:135) ~[spring-data-mongodb-2.0.7.RELEASE.jar:2.0.7.RELEASE]
	at org.springframework.data.mongodb.core.index.MongoPersistentEntityIndexCreator.checkForIndexes(MongoPersistentEntityIndexCreator.java:127) ~[spring-data-mongodb-2.0.7.RELEASE.jar:2.0.7.RELEASE]
	at org.springframework.data.mongodb.core.index.MongoPersistentEntityIndexCreator.onApplicationEvent(MongoPersistentEntityIndexCreator.java:111) ~[spring-data-mongodb-2.0.7.RELEASE.jar:2.0.7.RELEASE]
	at org.springframework.data.mongodb.core.index.MongoPersistentEntityIndexCreator.onApplicationEvent(MongoPersistentEntityIndexCreator.java:54) ~[spring-data-mongodb-2.0.7.RELEASE.jar:2.0.7.RELEASE]
	at org.springframework.context.event.SimpleApplicationEventMulticaster.doInvokeListener(SimpleApplicationEventMulticaster.java:172) ~[spring-context-5.0.5.RELEASE.jar:5.0.5.RELEASE]
	at org.springframework.context.event.SimpleApplicationEventMulticaster.invokeListener(SimpleApplicationEventMulticaster.java:165) ~[spring-context-5.0.5.RELEASE.jar:5.0.5.RELEASE]
	at org.springframework.context.event.SimpleApplicationEventMulticaster.multicastEvent(SimpleApplicationEventMulticaster.java:139) ~[spring-context-5.0.5.RELEASE.jar:5.0.5.RELEASE]
	at org.springframework.context.support.AbstractApplicationContext.publishEvent(AbstractApplicationContext.java:400) ~[spring-context-5.0.5.RELEASE.jar:5.0.5.RELEASE]
	at org.springframework.context.support.AbstractApplicationContext.publishEvent(AbstractApplicationContext.java:354) ~[spring-context-5.0.5.RELEASE.jar:5.0.5.RELEASE]
	at org.springframework.data.mapping.context.AbstractMappingContext.addPersistentEntity(AbstractMappingContext.java:420) ~[spring-data-commons-2.0.6.RELEASE.jar:2.0.6.RELEASE]
	at java.util.Collections$SingletonSet.forEach(Collections.java:4767) ~[na:1.8.0_161]
	at org.springframework.data.mapping.context.AbstractMappingContext$PersistentPropertyCreator.createAndRegisterProperty(AbstractMappingContext.java:572) ~[spring-data-commons-2.0.6.RELEASE.jar:2.0.6.RELEASE]
	at org.springframework.data.mapping.context.AbstractMappingContext$PersistentPropertyCreator.doWith(AbstractMappingContext.java:530) ~[spring-data-commons-2.0.6.RELEASE.jar:2.0.6.RELEASE]
	at org.springframework.util.ReflectionUtils.doWithFields(ReflectionUtils.java:729) ~[spring-core-5.0.5.RELEASE.jar:5.0.5.RELEASE]
	at org.springframework.data.mapping.context.AbstractMappingContext.addPersistentEntity(AbstractMappingContext.java:398) ~[spring-data-commons-2.0.6.RELEASE.jar:2.0.6.RELEASE]
	at org.springframework.data.mapping.context.AbstractMappingContext.getPersistentEntity(AbstractMappingContext.java:229) ~[spring-data-commons-2.0.6.RELEASE.jar:2.0.6.RELEASE]
	at org.springframework.data.mapping.context.AbstractMappingContext.getPersistentEntity(AbstractMappingContext.java:172) ~[spring-data-commons-2.0.6.RELEASE.jar:2.0.6.RELEASE]
	at org.springframework.data.mapping.context.AbstractMappingContext.getPersistentEntity(AbstractMappingContext.java:85) ~[spring-data-commons-2.0.6.RELEASE.jar:2.0.6.RELEASE]
	at org.springframework.data.mapping.context.MappingContext.getRequiredPersistentEntity(MappingContext.java:70) ~[spring-data-commons-2.0.6.RELEASE.jar:2.0.6.RELEASE]
	at org.springframework.data.mongodb.repository.support.MongoRepositoryFactory.getEntityInformation(MongoRepositoryFactory.java:149) ~[spring-data-mongodb-2.0.7.RELEASE.jar:2.0.7.RELEASE]
	at org.springframework.data.mongodb.repository.support.MongoRepositoryFactory.getTargetRepository(MongoRepositoryFactory.java:123) ~[spring-data-mongodb-2.0.7.RELEASE.jar:2.0.7.RELEASE]
	at org.springframework.data.repository.core.support.RepositoryFactorySupport.getRepository(RepositoryFactorySupport.java:298) ~[spring-data-commons-2.0.6.RELEASE.jar:2.0.6.RELEASE]
	at org.springframework.data.repository.core.support.RepositoryFactoryBeanSupport.lambda$afterPropertiesSet$3(RepositoryFactoryBeanSupport.java:287) ~[spring-data-commons-2.0.6.RELEASE.jar:2.0.6.RELEASE]
	at org.springframework.data.util.Lazy.getNullable(Lazy.java:141) ~[spring-data-commons-2.0.6.RELEASE.jar:2.0.6.RELEASE]
	at org.springframework.data.util.Lazy.get(Lazy.java:63) ~[spring-data-commons-2.0.6.RELEASE.jar:2.0.6.RELEASE]
	at org.springframework.data.repository.core.support.RepositoryFactoryBeanSupport.afterPropertiesSet(RepositoryFactoryBeanSupport.java:290) ~[spring-data-commons-2.0.6.RELEASE.jar:2.0.6.RELEASE]
	at org.springframework.data.mongodb.repository.support.MongoRepositoryFactoryBean.afterPropertiesSet(MongoRepositoryFactoryBean.java:119) ~[spring-data-mongodb-2.0.7.RELEASE.jar:2.0.7.RELEASE]
	at org.springframework.beans.factory.support.AbstractAutowireCapableBeanFactory.invokeInitMethods(AbstractAutowireCapableBeanFactory.java:1761) ~[spring-beans-5.0.5.RELEASE.jar:5.0.5.RELEASE]
	at org.springframework.beans.factory.support.AbstractAutowireCapableBeanFactory.initializeBean(AbstractAutowireCapableBeanFactory.java:1698) ~[spring-beans-5.0.5.RELEASE.jar:5.0.5.RELEASE]
	... 42 common frames omitted
Caused by: com.mongodb.MongoTimeoutException: Timed out after 30000 ms while waiting to connect. Client view of cluster state is {type=UNKNOWN, servers=[{address=127.0.0.1:27017, type=UNKNOWN, state=CONNECTING, exception={com.mongodb.MongoSocketOpenException: Exception opening socket}, caused by {java.net.ConnectException: Connection refused: connect}}]
	at com.mongodb.connection.BaseCluster.getDescription(BaseCluster.java:167) ~[mongo-java-driver-3.6.3.jar:na]
	at com.mongodb.Mongo.getConnectedClusterDescription(Mongo.java:885) ~[mongo-java-driver-3.6.3.jar:na]
	at com.mongodb.Mongo.createClientSession(Mongo.java:877) ~[mongo-java-driver-3.6.3.jar:na]
	at com.mongodb.Mongo$3.getClientSession(Mongo.java:866) ~[mongo-java-driver-3.6.3.jar:na]
	at com.mongodb.Mongo$3.execute(Mongo.java:834) ~[mongo-java-driver-3.6.3.jar:na]
	at com.mongodb.MongoCollectionImpl.executeCreateIndexes(MongoCollectionImpl.java:867) ~[mongo-java-driver-3.6.3.jar:na]
	at com.mongodb.MongoCollectionImpl.createIndexes(MongoCollectionImpl.java:820) ~[mongo-java-driver-3.6.3.jar:na]
	at com.mongodb.MongoCollectionImpl.createIndexes(MongoCollectionImpl.java:815) ~[mongo-java-driver-3.6.3.jar:na]
	at com.mongodb.MongoCollectionImpl.createIndex(MongoCollectionImpl.java:800) ~[mongo-java-driver-3.6.3.jar:na]
	at org.springframework.data.mongodb.core.DefaultIndexOperations.lambda$ensureIndex$0(DefaultIndexOperations.java:111) ~[spring-data-mongodb-2.0.7.RELEASE.jar:2.0.7.RELEASE]
	at org.springframework.data.mongodb.core.DefaultIndexOperations.execute(DefaultIndexOperations.java:192) ~[spring-data-mongodb-2.0.7.RELEASE.jar:2.0.7.RELEASE]
	... 73 common frames omitted

]]></system-out>
    <system-err><![CDATA[SLF4J: Class path contains multiple SLF4J bindings.
SLF4J: Found binding in [jar:file:/C:/Users/DELL/.m2/repository/ch/qos/logback/logback-classic/1.2.3/logback-classic-1.2.3.jar!/org/slf4j/impl/StaticLoggerBinder.class]
SLF4J: Found binding in [jar:file:/C:/Users/DELL/.m2/repository/org/apache/logging/log4j/log4j-slf4j-impl/2.10.0/log4j-slf4j-impl-2.10.0.jar!/org/slf4j/impl/StaticLoggerBinder.class]
SLF4J: See http://www.slf4j.org/codes.html#multiple_bindings for an explanation.
SLF4J: Actual binding is of type [ch.qos.logback.classic.util.ContextSelectorStaticBinder]
]]></system-err>
  </testcase>
  <testcase name="shouldAddSomeEntries" classname="com.nau.digitalhospital.DigitalHospitalApplicationTests" time="0">
    <error message="Failed to load ApplicationContext" type="java.lang.IllegalStateException">java.lang.IllegalStateException: Failed to load ApplicationContext
Caused by: org.springframework.beans.factory.BeanCreationException: Error creating bean with name 'hospitalRepository': Invocation of init method failed; nested exception is org.springframework.dao.DataAccessResourceFailureException: Timed out after 30000 ms while waiting to connect. Client view of cluster state is {type=UNKNOWN, servers=[{address=127.0.0.1:27017, type=UNKNOWN, state=CONNECTING, exception={com.mongodb.MongoSocketOpenException: Exception opening socket}, caused by {java.net.ConnectException: Connection refused: connect}}]; nested exception is com.mongodb.MongoTimeoutException: Timed out after 30000 ms while waiting to connect. Client view of cluster state is {type=UNKNOWN, servers=[{address=127.0.0.1:27017, type=UNKNOWN, state=CONNECTING, exception={com.mongodb.MongoSocketOpenException: Exception opening socket}, caused by {java.net.ConnectException: Connection refused: connect}}]
Caused by: org.springframework.dao.DataAccessResourceFailureException: Timed out after 30000 ms while waiting to connect. Client view of cluster state is {type=UNKNOWN, servers=[{address=127.0.0.1:27017, type=UNKNOWN, state=CONNECTING, exception={com.mongodb.MongoSocketOpenException: Exception opening socket}, caused by {java.net.ConnectException: Connection refused: connect}}]; nested exception is com.mongodb.MongoTimeoutException: Timed out after 30000 ms while waiting to connect. Client view of cluster state is {type=UNKNOWN, servers=[{address=127.0.0.1:27017, type=UNKNOWN, state=CONNECTING, exception={com.mongodb.MongoSocketOpenException: Exception opening socket}, caused by {java.net.ConnectException: Connection refused: connect}}]
Caused by: com.mongodb.MongoTimeoutException: Timed out after 30000 ms while waiting to connect. Client view of cluster state is {type=UNKNOWN, servers=[{address=127.0.0.1:27017, type=UNKNOWN, state=CONNECTING, exception={com.mongodb.MongoSocketOpenException: Exception opening socket}, caused by {java.net.ConnectException: Connection refused: connect}}]
</error>
    <system-out><![CDATA[
  .   ____          _            __ _ _
 /\\ / ___'_ __ _ _(_)_ __  __ _ \ \ \ \
( ( )\___ | '_ | '_| | '_ \/ _` | \ \ \ \
 \\/  ___)| |_)| | | | | || (_| |  ) ) ) )
  '  |____| .__|_| |_|_| |_\__, | / / / /
 =========|_|==============|___/=/_/_/_/
 :: Spring Boot ::        (v2.0.1.RELEASE)

2018-06-11 08:54:33.028  INFO 5768 --- [           main] c.n.d.DigitalHospitalApplicationTests    : Starting DigitalHospitalApplicationTests on DELL with PID 5768 (started by DELL in M:\JavaLibrary\eepractice\digitalhospital)
2018-06-11 08:54:33.031  INFO 5768 --- [           main] c.n.d.DigitalHospitalApplicationTests    : No active profile set, falling back to default profiles: default
2018-06-11 08:54:33.040  INFO 5768 --- [           main] o.s.w.c.s.GenericWebApplicationContext   : Refreshing org.springframework.web.context.support.GenericWebApplicationContext@71d8cfe7: startup date [Mon Jun 11 08:54:33 EEST 2018]; root of context hierarchy
2018-06-11 08:54:33.593  INFO 5768 --- [           main] f.a.AutowiredAnnotationBeanPostProcessor : JSR-330 'javax.inject.Inject' annotation found and supported for autowiring
2018-06-11 08:54:34.133  INFO 5768 --- [           main] o.s.s.web.DefaultSecurityFilterChain     : Creating filter chain: org.springframework.security.web.util.matcher.AnyRequestMatcher@1, [org.springframework.security.web.context.request.async.WebAsyncManagerIntegrationFilter@859ea42, org.springframework.security.web.context.SecurityContextPersistenceFilter@10358c32, org.springframework.security.web.header.HeaderWriterFilter@4cdb8504, org.springframework.security.web.csrf.CsrfFilter@ebd06a9, org.springframework.security.web.authentication.logout.LogoutFilter@2a2843ec, org.springframework.security.web.authentication.UsernamePasswordAuthenticationFilter@688d411b, org.springframework.security.web.authentication.ui.DefaultLoginPageGeneratingFilter@1640190a, org.springframework.security.web.authentication.www.BasicAuthenticationFilter@382c90c2, org.springframework.security.web.savedrequest.RequestCacheAwareFilter@2af4129d, org.springframework.security.web.servletapi.SecurityContextHolderAwareRequestFilter@3a175162, org.springframework.security.web.authentication.AnonymousAuthenticationFilter@28737371, org.springframework.security.web.session.SessionManagementFilter@76db540e, org.springframework.security.web.access.ExceptionTranslationFilter@16c587de, org.springframework.security.web.access.intercept.FilterSecurityInterceptor@5e1fc2aa]
2018-06-11 08:54:34.153  INFO 5768 --- [           main] org.mongodb.driver.cluster               : Cluster created with settings {hosts=[127.0.0.1:27017], mode=SINGLE, requiredClusterType=UNKNOWN, serverSelectionTimeout='30000 ms', maxWaitQueueSize=500}
2018-06-11 08:54:34.273  WARN 5768 --- [           main] o.s.d.m.c.m.BasicMongoPersistentProperty : Customizing field name for id property not allowed! Custom name will not be considered!
2018-06-11 08:54:34.276  INFO 5768 --- [           main] m.c.i.MongoPersistentEntityIndexResolver : Found cycle for field '_id' in type 'MedicalCard' for path 'medicalCard -> patient -> medicalCard'
2018-06-11 08:54:34.277  INFO 5768 --- [           main] m.c.i.MongoPersistentEntityIndexResolver : Found cycle for field 'medicalCard' in type 'Patient' for path 'patients -> medicalCard -> medicalExaminations -> doctor -> patients'
2018-06-11 08:54:34.278  INFO 5768 --- [           main] m.c.i.MongoPersistentEntityIndexResolver : Found cycle for field 'medicalCard' in type 'Patient' for path 'medicalCard -> patient -> medicalCard'
2018-06-11 08:54:34.279  INFO 5768 --- [           main] m.c.i.MongoPersistentEntityIndexResolver : Found cycle for field 'medicalCard' in type 'Patient' for path 'patients -> medicalCard -> medicalExaminations -> doctor -> patients'
2018-06-11 08:54:34.282  INFO 5768 --- [           main] m.c.i.MongoPersistentEntityIndexResolver : Found cycle for field '_id' in type 'MedicalCard' for path 'medicalCard -> patient -> medicalCard'
2018-06-11 08:54:34.283  INFO 5768 --- [           main] m.c.i.MongoPersistentEntityIndexResolver : Found cycle for field 'appointed_date' in type 'Doctor' for path 'doctor -> patients -> medicalCard -> medicalExaminations -> doctor'
2018-06-11 08:54:34.284  INFO 5768 --- [           main] m.c.i.MongoPersistentEntityIndexResolver : Found cycle for field 'medicalCard' in type 'Patient' for path 'medicalCard -> patient -> medicalCard'
2018-06-11 08:54:34.284  INFO 5768 --- [           main] m.c.i.MongoPersistentEntityIndexResolver : Found cycle for field 'patients' in type 'Doctor' for path 'doctor -> patients -> medicalCard -> medicalExaminations -> doctor'
2018-06-11 08:54:34.286  INFO 5768 --- [           main] m.c.i.MongoPersistentEntityIndexResolver : Found cycle for field 'medicalCard' in type 'Patient' for path 'patient -> medicalCard -> patient'
2018-06-11 08:54:34.286  INFO 5768 --- [           main] m.c.i.MongoPersistentEntityIndexResolver : Found cycle for field '_id' in type 'MedicalCard' for path 'medicalCard -> medicalExaminations -> doctor -> patients -> medicalCard'
2018-06-11 08:54:34.287  INFO 5768 --- [           main] m.c.i.MongoPersistentEntityIndexResolver : Found cycle for field '_id' in type 'MedicalCard' for path 'medicalCard -> patient -> medicalCard'
2018-06-11 08:54:34.288  INFO 5768 --- [           main] m.c.i.MongoPersistentEntityIndexResolver : Found cycle for field '_id' in type 'MedicalExamination' for path 'medicalExaminations -> doctor -> patients -> medicalCard -> medicalExaminations'
2018-06-11 08:54:34.293  INFO 5768 --- [           main] m.c.i.MongoPersistentEntityIndexResolver : Found cycle for field 'medicalCard' in type 'Patient' for path 'patient -> medicalCard -> patient'
2018-06-11 08:54:34.294  INFO 5768 --- [           main] m.c.i.MongoPersistentEntityIndexResolver : Found cycle for field 'medicalCard' in type 'Patient' for path 'medicalCard -> medicalExaminations -> doctor -> patients -> medicalCard'
2018-06-11 08:54:34.296  INFO 5768 --- [           main] m.c.i.MongoPersistentEntityIndexResolver : Found cycle for field 'medicalCard' in type 'Patient' for path 'medicalCard -> patient -> medicalCard'
2018-06-11 08:54:34.297  INFO 5768 --- [           main] m.c.i.MongoPersistentEntityIndexResolver : Found cycle for field 'doctor' in type 'MedicalExamination' for path 'medicalExaminations -> doctor -> patients -> medicalCard -> medicalExaminations'
2018-06-11 08:54:34.302  WARN 5768 --- [           main] o.s.d.m.c.m.BasicMongoPersistentProperty : Customizing field name for id property not allowed! Custom name will not be considered!
2018-06-11 08:54:34.305  INFO 5768 --- [           main] m.c.i.MongoPersistentEntityIndexResolver : Found cycle for field '_id' in type 'MedicalCard' for path 'medicalCard -> patient -> medicalCard'
2018-06-11 08:54:34.306  INFO 5768 --- [           main] m.c.i.MongoPersistentEntityIndexResolver : Found cycle for field '_id' in type 'MedicalCard' for path 'medicalCard -> medicalExaminations -> doctor -> patients -> medicalCard'
2018-06-11 08:54:34.307  INFO 5768 --- [           main] m.c.i.MongoPersistentEntityIndexResolver : Found cycle for field 'patient' in type 'MedicalCard' for path 'medicalCard -> patient -> medicalCard'
2018-06-11 08:54:34.310  INFO 5768 --- [           main] m.c.i.MongoPersistentEntityIndexResolver : Found cycle for field 'medicalCard' in type 'Patient' for path 'medicalCard -> medicalExaminations -> doctor -> patients -> medicalCard'
2018-06-11 08:54:34.360  WARN 5768 --- [           main] o.s.d.m.c.m.BasicMongoPersistentProperty : Customizing field name for id property not allowed! Custom name will not be considered!
2018-06-11 08:54:34.363  INFO 5768 --- [           main] m.c.i.MongoPersistentEntityIndexResolver : Found cycle for field 'medicalCard' in type 'Patient' for path 'patient -> medicalCard -> patient'
2018-06-11 08:54:34.364  INFO 5768 --- [           main] m.c.i.MongoPersistentEntityIndexResolver : Found cycle for field '_id' in type 'MedicalCard' for path 'medicalCard -> medicalExaminations -> doctor -> patients -> medicalCard'
2018-06-11 08:54:34.366  INFO 5768 --- [           main] m.c.i.MongoPersistentEntityIndexResolver : Found cycle for field '_id' in type 'MedicalCard' for path 'medicalCard -> patient -> medicalCard'
2018-06-11 08:54:34.367  INFO 5768 --- [           main] m.c.i.MongoPersistentEntityIndexResolver : Found cycle for field '_id' in type 'MedicalExamination' for path 'medicalExaminations -> doctor -> patients -> medicalCard -> medicalExaminations'
2018-06-11 08:54:34.368  INFO 5768 --- [           main] m.c.i.MongoPersistentEntityIndexResolver : Found cycle for field 'patient' in type 'MedicalCard' for path 'patient -> medicalCard -> patient'
2018-06-11 08:54:34.369  INFO 5768 --- [           main] m.c.i.MongoPersistentEntityIndexResolver : Found cycle for field 'medicalCard' in type 'Patient' for path 'medicalCard -> patient -> medicalCard'
2018-06-11 08:54:34.369  INFO 5768 --- [           main] m.c.i.MongoPersistentEntityIndexResolver : Found cycle for field 'medicalExaminations' in type 'MedicalCard' for path 'medicalExaminations -> doctor -> patients -> medicalCard -> medicalExaminations'
2018-06-11 08:54:34.370  INFO 5768 --- [           main] org.mongodb.driver.cluster               : Cluster description not yet available. Waiting for 30000 ms before timing out
2018-06-11 08:54:35.159  INFO 5768 --- [127.0.0.1:27017] org.mongodb.driver.cluster               : Exception in monitor thread while connecting to server 127.0.0.1:27017

com.mongodb.MongoSocketOpenException: Exception opening socket
	at com.mongodb.connection.SocketStream.open(SocketStream.java:62) ~[mongo-java-driver-3.6.3.jar:na]
	at com.mongodb.connection.InternalStreamConnection.open(InternalStreamConnection.java:126) ~[mongo-java-driver-3.6.3.jar:na]
	at com.mongodb.connection.DefaultServerMonitor$ServerMonitorRunnable.run(DefaultServerMonitor.java:114) ~[mongo-java-driver-3.6.3.jar:na]
	at java.lang.Thread.run(Thread.java:748) [na:1.8.0_161]
Caused by: java.net.ConnectException: Connection refused: connect
	at java.net.DualStackPlainSocketImpl.waitForConnect(Native Method) ~[na:1.8.0_161]
	at java.net.DualStackPlainSocketImpl.socketConnect(DualStackPlainSocketImpl.java:85) ~[na:1.8.0_161]
	at java.net.AbstractPlainSocketImpl.doConnect(AbstractPlainSocketImpl.java:350) ~[na:1.8.0_161]
	at java.net.AbstractPlainSocketImpl.connectToAddress(AbstractPlainSocketImpl.java:206) ~[na:1.8.0_161]
	at java.net.AbstractPlainSocketImpl.connect(AbstractPlainSocketImpl.java:188) ~[na:1.8.0_161]
	at java.net.PlainSocketImpl.connect(PlainSocketImpl.java:172) ~[na:1.8.0_161]
	at java.net.SocksSocketImpl.connect(SocksSocketImpl.java:392) ~[na:1.8.0_161]
	at java.net.Socket.connect(Socket.java:589) ~[na:1.8.0_161]
	at com.mongodb.connection.SocketStreamHelper.initialize(SocketStreamHelper.java:59) ~[mongo-java-driver-3.6.3.jar:na]
	at com.mongodb.connection.SocketStream.open(SocketStream.java:57) ~[mongo-java-driver-3.6.3.jar:na]
	... 3 common frames omitted

2018-06-11 08:55:04.371  WARN 5768 --- [           main] o.s.w.c.s.GenericWebApplicationContext   : Exception encountered during context initialization - cancelling refresh attempt: org.springframework.beans.factory.BeanCreationException: Error creating bean with name 'hospitalRepository': Invocation of init method failed; nested exception is org.springframework.dao.DataAccessResourceFailureException: Timed out after 30000 ms while waiting to connect. Client view of cluster state is {type=UNKNOWN, servers=[{address=127.0.0.1:27017, type=UNKNOWN, state=CONNECTING, exception={com.mongodb.MongoSocketOpenException: Exception opening socket}, caused by {java.net.ConnectException: Connection refused: connect}}]; nested exception is com.mongodb.MongoTimeoutException: Timed out after 30000 ms while waiting to connect. Client view of cluster state is {type=UNKNOWN, servers=[{address=127.0.0.1:27017, type=UNKNOWN, state=CONNECTING, exception={com.mongodb.MongoSocketOpenException: Exception opening socket}, caused by {java.net.ConnectException: Connection refused: connect}}]
2018-06-11 08:55:04.543  INFO 5768 --- [           main] ConditionEvaluationReportLoggingListener : 

Error starting ApplicationContext. To display the conditions report re-run your application with 'debug' enabled.
2018-06-11 08:55:04.546 ERROR 5768 --- [           main] o.s.boot.SpringApplication               : Application run failed

org.springframework.beans.factory.BeanCreationException: Error creating bean with name 'hospitalRepository': Invocation of init method failed; nested exception is org.springframework.dao.DataAccessResourceFailureException: Timed out after 30000 ms while waiting to connect. Client view of cluster state is {type=UNKNOWN, servers=[{address=127.0.0.1:27017, type=UNKNOWN, state=CONNECTING, exception={com.mongodb.MongoSocketOpenException: Exception opening socket}, caused by {java.net.ConnectException: Connection refused: connect}}]; nested exception is com.mongodb.MongoTimeoutException: Timed out after 30000 ms while waiting to connect. Client view of cluster state is {type=UNKNOWN, servers=[{address=127.0.0.1:27017, type=UNKNOWN, state=CONNECTING, exception={com.mongodb.MongoSocketOpenException: Exception opening socket}, caused by {java.net.ConnectException: Connection refused: connect}}]
	at org.springframework.beans.factory.support.AbstractAutowireCapableBeanFactory.initializeBean(AbstractAutowireCapableBeanFactory.java:1702) ~[spring-beans-5.0.5.RELEASE.jar:5.0.5.RELEASE]
	at org.springframework.beans.factory.support.AbstractAutowireCapableBeanFactory.doCreateBean(AbstractAutowireCapableBeanFactory.java:579) ~[spring-beans-5.0.5.RELEASE.jar:5.0.5.RELEASE]
	at org.springframework.beans.factory.support.AbstractAutowireCapableBeanFactory.createBean(AbstractAutowireCapableBeanFactory.java:501) ~[spring-beans-5.0.5.RELEASE.jar:5.0.5.RELEASE]
	at org.springframework.beans.factory.support.AbstractBeanFactory.lambda$doGetBean$0(AbstractBeanFactory.java:317) ~[spring-beans-5.0.5.RELEASE.jar:5.0.5.RELEASE]
	at org.springframework.beans.factory.support.DefaultSingletonBeanRegistry.getSingleton(DefaultSingletonBeanRegistry.java:228) ~[spring-beans-5.0.5.RELEASE.jar:5.0.5.RELEASE]
	at org.springframework.beans.factory.support.AbstractBeanFactory.doGetBean(AbstractBeanFactory.java:315) ~[spring-beans-5.0.5.RELEASE.jar:5.0.5.RELEASE]
	at org.springframework.beans.factory.support.AbstractBeanFactory.getBean(AbstractBeanFactory.java:199) ~[spring-beans-5.0.5.RELEASE.jar:5.0.5.RELEASE]
	at org.springframework.beans.factory.support.DefaultListableBeanFactory.preInstantiateSingletons(DefaultListableBeanFactory.java:741) ~[spring-beans-5.0.5.RELEASE.jar:5.0.5.RELEASE]
	at org.springframework.context.support.AbstractApplicationContext.finishBeanFactoryInitialization(AbstractApplicationContext.java:869) ~[spring-context-5.0.5.RELEASE.jar:5.0.5.RELEASE]
	at org.springframework.context.support.AbstractApplicationContext.refresh(AbstractApplicationContext.java:550) ~[spring-context-5.0.5.RELEASE.jar:5.0.5.RELEASE]
	at org.springframework.boot.SpringApplication.refresh(SpringApplication.java:759) ~[spring-boot-2.0.1.RELEASE.jar:2.0.1.RELEASE]
	at org.springframework.boot.SpringApplication.refreshContext(SpringApplication.java:395) ~[spring-boot-2.0.1.RELEASE.jar:2.0.1.RELEASE]
	at org.springframework.boot.SpringApplication.run(SpringApplication.java:327) ~[spring-boot-2.0.1.RELEASE.jar:2.0.1.RELEASE]
	at org.springframework.boot.test.context.SpringBootContextLoader.loadContext(SpringBootContextLoader.java:138) [spring-boot-test-2.0.1.RELEASE.jar:2.0.1.RELEASE]
	at org.springframework.test.context.cache.DefaultCacheAwareContextLoaderDelegate.loadContextInternal(DefaultCacheAwareContextLoaderDelegate.java:99) [spring-test-5.0.5.RELEASE.jar:5.0.5.RELEASE]
	at org.springframework.test.context.cache.DefaultCacheAwareContextLoaderDelegate.loadContext(DefaultCacheAwareContextLoaderDelegate.java:117) [spring-test-5.0.5.RELEASE.jar:5.0.5.RELEASE]
	at org.springframework.test.context.support.DefaultTestContext.getApplicationContext(DefaultTestContext.java:108) [spring-test-5.0.5.RELEASE.jar:5.0.5.RELEASE]
	at org.springframework.test.context.web.ServletTestExecutionListener.setUpRequestContextIfNecessary(ServletTestExecutionListener.java:190) [spring-test-5.0.5.RELEASE.jar:5.0.5.RELEASE]
	at org.springframework.test.context.web.ServletTestExecutionListener.prepareTestInstance(ServletTestExecutionListener.java:132) [spring-test-5.0.5.RELEASE.jar:5.0.5.RELEASE]
	at org.springframework.test.context.TestContextManager.prepareTestInstance(TestContextManager.java:246) [spring-test-5.0.5.RELEASE.jar:5.0.5.RELEASE]
	at org.springframework.test.context.junit4.SpringJUnit4ClassRunner.createTest(SpringJUnit4ClassRunner.java:227) [spring-test-5.0.5.RELEASE.jar:5.0.5.RELEASE]
	at org.springframework.test.context.junit4.SpringJUnit4ClassRunner$1.runReflectiveCall(SpringJUnit4ClassRunner.java:289) [spring-test-5.0.5.RELEASE.jar:5.0.5.RELEASE]
	at org.junit.internal.runners.model.ReflectiveCallable.run(ReflectiveCallable.java:12) [junit-4.12.jar:4.12]
	at org.springframework.test.context.junit4.SpringJUnit4ClassRunner.methodBlock(SpringJUnit4ClassRunner.java:291) [spring-test-5.0.5.RELEASE.jar:5.0.5.RELEASE]
	at org.springframework.test.context.junit4.SpringJUnit4ClassRunner.runChild(SpringJUnit4ClassRunner.java:246) [spring-test-5.0.5.RELEASE.jar:5.0.5.RELEASE]
	at org.springframework.test.context.junit4.SpringJUnit4ClassRunner.runChild(SpringJUnit4ClassRunner.java:97) [spring-test-5.0.5.RELEASE.jar:5.0.5.RELEASE]
	at org.junit.runners.ParentRunner$3.run(ParentRunner.java:290) [junit-4.12.jar:4.12]
	at org.junit.runners.ParentRunner$1.schedule(ParentRunner.java:71) [junit-4.12.jar:4.12]
	at org.junit.runners.ParentRunner.runChildren(ParentRunner.java:288) [junit-4.12.jar:4.12]
	at org.junit.runners.ParentRunner.access$000(ParentRunner.java:58) [junit-4.12.jar:4.12]
	at org.junit.runners.ParentRunner$2.evaluate(ParentRunner.java:268) [junit-4.12.jar:4.12]
	at org.springframework.test.context.junit4.statements.RunBeforeTestClassCallbacks.evaluate(RunBeforeTestClassCallbacks.java:61) [spring-test-5.0.5.RELEASE.jar:5.0.5.RELEASE]
	at org.springframework.test.context.junit4.statements.RunAfterTestClassCallbacks.evaluate(RunAfterTestClassCallbacks.java:70) [spring-test-5.0.5.RELEASE.jar:5.0.5.RELEASE]
	at org.junit.runners.ParentRunner.run(ParentRunner.java:363) [junit-4.12.jar:4.12]
	at org.springframework.test.context.junit4.SpringJUnit4ClassRunner.run(SpringJUnit4ClassRunner.java:190) [spring-test-5.0.5.RELEASE.jar:5.0.5.RELEASE]
	at org.apache.maven.surefire.junit4.JUnit4Provider.execute(JUnit4Provider.java:365) [surefire-junit4-2.21.0.jar:2.21.0]
	at org.apache.maven.surefire.junit4.JUnit4Provider.executeWithRerun(JUnit4Provider.java:273) [surefire-junit4-2.21.0.jar:2.21.0]
	at org.apache.maven.surefire.junit4.JUnit4Provider.executeTestSet(JUnit4Provider.java:238) [surefire-junit4-2.21.0.jar:2.21.0]
	at org.apache.maven.surefire.junit4.JUnit4Provider.invoke(JUnit4Provider.java:159) [surefire-junit4-2.21.0.jar:2.21.0]
	at org.apache.maven.surefire.booter.ForkedBooter.invokeProviderInSameClassLoader(ForkedBooter.java:379) [surefire-booter-2.21.0.jar:2.21.0]
	at org.apache.maven.surefire.booter.ForkedBooter.runSuitesInProcess(ForkedBooter.java:340) [surefire-booter-2.21.0.jar:2.21.0]
	at org.apache.maven.surefire.booter.ForkedBooter.execute(ForkedBooter.java:125) [surefire-booter-2.21.0.jar:2.21.0]
	at org.apache.maven.surefire.booter.ForkedBooter.main(ForkedBooter.java:413) [surefire-booter-2.21.0.jar:2.21.0]
Caused by: org.springframework.dao.DataAccessResourceFailureException: Timed out after 30000 ms while waiting to connect. Client view of cluster state is {type=UNKNOWN, servers=[{address=127.0.0.1:27017, type=UNKNOWN, state=CONNECTING, exception={com.mongodb.MongoSocketOpenException: Exception opening socket}, caused by {java.net.ConnectException: Connection refused: connect}}]; nested exception is com.mongodb.MongoTimeoutException: Timed out after 30000 ms while waiting to connect. Client view of cluster state is {type=UNKNOWN, servers=[{address=127.0.0.1:27017, type=UNKNOWN, state=CONNECTING, exception={com.mongodb.MongoSocketOpenException: Exception opening socket}, caused by {java.net.ConnectException: Connection refused: connect}}]
	at org.springframework.data.mongodb.core.MongoExceptionTranslator.translateExceptionIfPossible(MongoExceptionTranslator.java:87) ~[spring-data-mongodb-2.0.7.RELEASE.jar:2.0.7.RELEASE]
	at org.springframework.data.mongodb.core.MongoTemplate.potentiallyConvertRuntimeException(MongoTemplate.java:2589) ~[spring-data-mongodb-2.0.7.RELEASE.jar:2.0.7.RELEASE]
	at org.springframework.data.mongodb.core.DefaultIndexOperations.execute(DefaultIndexOperations.java:194) ~[spring-data-mongodb-2.0.7.RELEASE.jar:2.0.7.RELEASE]
	at org.springframework.data.mongodb.core.DefaultIndexOperations.ensureIndex(DefaultIndexOperations.java:97) ~[spring-data-mongodb-2.0.7.RELEASE.jar:2.0.7.RELEASE]
	at org.springframework.data.mongodb.core.index.MongoPersistentEntityIndexCreator.createIndex(MongoPersistentEntityIndexCreator.java:145) ~[spring-data-mongodb-2.0.7.RELEASE.jar:2.0.7.RELEASE]
	at org.springframework.data.mongodb.core.index.MongoPersistentEntityIndexCreator.checkForAndCreateIndexes(MongoPersistentEntityIndexCreator.java:135) ~[spring-data-mongodb-2.0.7.RELEASE.jar:2.0.7.RELEASE]
	at org.springframework.data.mongodb.core.index.MongoPersistentEntityIndexCreator.checkForIndexes(MongoPersistentEntityIndexCreator.java:127) ~[spring-data-mongodb-2.0.7.RELEASE.jar:2.0.7.RELEASE]
	at org.springframework.data.mongodb.core.index.MongoPersistentEntityIndexCreator.onApplicationEvent(MongoPersistentEntityIndexCreator.java:111) ~[spring-data-mongodb-2.0.7.RELEASE.jar:2.0.7.RELEASE]
	at org.springframework.data.mongodb.core.index.MongoPersistentEntityIndexCreator.onApplicationEvent(MongoPersistentEntityIndexCreator.java:54) ~[spring-data-mongodb-2.0.7.RELEASE.jar:2.0.7.RELEASE]
	at org.springframework.context.event.SimpleApplicationEventMulticaster.doInvokeListener(SimpleApplicationEventMulticaster.java:172) ~[spring-context-5.0.5.RELEASE.jar:5.0.5.RELEASE]
	at org.springframework.context.event.SimpleApplicationEventMulticaster.invokeListener(SimpleApplicationEventMulticaster.java:165) ~[spring-context-5.0.5.RELEASE.jar:5.0.5.RELEASE]
	at org.springframework.context.event.SimpleApplicationEventMulticaster.multicastEvent(SimpleApplicationEventMulticaster.java:139) ~[spring-context-5.0.5.RELEASE.jar:5.0.5.RELEASE]
	at org.springframework.context.support.AbstractApplicationContext.publishEvent(AbstractApplicationContext.java:400) ~[spring-context-5.0.5.RELEASE.jar:5.0.5.RELEASE]
	at org.springframework.context.support.AbstractApplicationContext.publishEvent(AbstractApplicationContext.java:354) ~[spring-context-5.0.5.RELEASE.jar:5.0.5.RELEASE]
	at org.springframework.data.mapping.context.AbstractMappingContext.addPersistentEntity(AbstractMappingContext.java:420) ~[spring-data-commons-2.0.6.RELEASE.jar:2.0.6.RELEASE]
	at java.util.Collections$SingletonSet.forEach(Collections.java:4767) ~[na:1.8.0_161]
	at org.springframework.data.mapping.context.AbstractMappingContext$PersistentPropertyCreator.createAndRegisterProperty(AbstractMappingContext.java:572) ~[spring-data-commons-2.0.6.RELEASE.jar:2.0.6.RELEASE]
	at org.springframework.data.mapping.context.AbstractMappingContext$PersistentPropertyCreator.doWith(AbstractMappingContext.java:530) ~[spring-data-commons-2.0.6.RELEASE.jar:2.0.6.RELEASE]
	at org.springframework.util.ReflectionUtils.doWithFields(ReflectionUtils.java:729) ~[spring-core-5.0.5.RELEASE.jar:5.0.5.RELEASE]
	at org.springframework.data.mapping.context.AbstractMappingContext.addPersistentEntity(AbstractMappingContext.java:398) ~[spring-data-commons-2.0.6.RELEASE.jar:2.0.6.RELEASE]
	at org.springframework.data.mapping.context.AbstractMappingContext.getPersistentEntity(AbstractMappingContext.java:229) ~[spring-data-commons-2.0.6.RELEASE.jar:2.0.6.RELEASE]
	at org.springframework.data.mapping.context.AbstractMappingContext.getPersistentEntity(AbstractMappingContext.java:172) ~[spring-data-commons-2.0.6.RELEASE.jar:2.0.6.RELEASE]
	at org.springframework.data.mapping.context.AbstractMappingContext.getPersistentEntity(AbstractMappingContext.java:85) ~[spring-data-commons-2.0.6.RELEASE.jar:2.0.6.RELEASE]
	at org.springframework.data.mapping.context.MappingContext.getRequiredPersistentEntity(MappingContext.java:70) ~[spring-data-commons-2.0.6.RELEASE.jar:2.0.6.RELEASE]
	at org.springframework.data.mongodb.repository.support.MongoRepositoryFactory.getEntityInformation(MongoRepositoryFactory.java:149) ~[spring-data-mongodb-2.0.7.RELEASE.jar:2.0.7.RELEASE]
	at org.springframework.data.mongodb.repository.support.MongoRepositoryFactory.getTargetRepository(MongoRepositoryFactory.java:123) ~[spring-data-mongodb-2.0.7.RELEASE.jar:2.0.7.RELEASE]
	at org.springframework.data.repository.core.support.RepositoryFactorySupport.getRepository(RepositoryFactorySupport.java:298) ~[spring-data-commons-2.0.6.RELEASE.jar:2.0.6.RELEASE]
	at org.springframework.data.repository.core.support.RepositoryFactoryBeanSupport.lambda$afterPropertiesSet$3(RepositoryFactoryBeanSupport.java:287) ~[spring-data-commons-2.0.6.RELEASE.jar:2.0.6.RELEASE]
	at org.springframework.data.util.Lazy.getNullable(Lazy.java:141) ~[spring-data-commons-2.0.6.RELEASE.jar:2.0.6.RELEASE]
	at org.springframework.data.util.Lazy.get(Lazy.java:63) ~[spring-data-commons-2.0.6.RELEASE.jar:2.0.6.RELEASE]
	at org.springframework.data.repository.core.support.RepositoryFactoryBeanSupport.afterPropertiesSet(RepositoryFactoryBeanSupport.java:290) ~[spring-data-commons-2.0.6.RELEASE.jar:2.0.6.RELEASE]
	at org.springframework.data.mongodb.repository.support.MongoRepositoryFactoryBean.afterPropertiesSet(MongoRepositoryFactoryBean.java:119) ~[spring-data-mongodb-2.0.7.RELEASE.jar:2.0.7.RELEASE]
	at org.springframework.beans.factory.support.AbstractAutowireCapableBeanFactory.invokeInitMethods(AbstractAutowireCapableBeanFactory.java:1761) ~[spring-beans-5.0.5.RELEASE.jar:5.0.5.RELEASE]
	at org.springframework.beans.factory.support.AbstractAutowireCapableBeanFactory.initializeBean(AbstractAutowireCapableBeanFactory.java:1698) ~[spring-beans-5.0.5.RELEASE.jar:5.0.5.RELEASE]
	... 42 common frames omitted
Caused by: com.mongodb.MongoTimeoutException: Timed out after 30000 ms while waiting to connect. Client view of cluster state is {type=UNKNOWN, servers=[{address=127.0.0.1:27017, type=UNKNOWN, state=CONNECTING, exception={com.mongodb.MongoSocketOpenException: Exception opening socket}, caused by {java.net.ConnectException: Connection refused: connect}}]
	at com.mongodb.connection.BaseCluster.getDescription(BaseCluster.java:167) ~[mongo-java-driver-3.6.3.jar:na]
	at com.mongodb.Mongo.getConnectedClusterDescription(Mongo.java:885) ~[mongo-java-driver-3.6.3.jar:na]
	at com.mongodb.Mongo.createClientSession(Mongo.java:877) ~[mongo-java-driver-3.6.3.jar:na]
	at com.mongodb.Mongo$3.getClientSession(Mongo.java:866) ~[mongo-java-driver-3.6.3.jar:na]
	at com.mongodb.Mongo$3.execute(Mongo.java:834) ~[mongo-java-driver-3.6.3.jar:na]
	at com.mongodb.MongoCollectionImpl.executeCreateIndexes(MongoCollectionImpl.java:867) ~[mongo-java-driver-3.6.3.jar:na]
	at com.mongodb.MongoCollectionImpl.createIndexes(MongoCollectionImpl.java:820) ~[mongo-java-driver-3.6.3.jar:na]
	at com.mongodb.MongoCollectionImpl.createIndexes(MongoCollectionImpl.java:815) ~[mongo-java-driver-3.6.3.jar:na]
	at com.mongodb.MongoCollectionImpl.createIndex(MongoCollectionImpl.java:800) ~[mongo-java-driver-3.6.3.jar:na]
	at org.springframework.data.mongodb.core.DefaultIndexOperations.lambda$ensureIndex$0(DefaultIndexOperations.java:111) ~[spring-data-mongodb-2.0.7.RELEASE.jar:2.0.7.RELEASE]
	at org.springframework.data.mongodb.core.DefaultIndexOperations.execute(DefaultIndexOperations.java:192) ~[spring-data-mongodb-2.0.7.RELEASE.jar:2.0.7.RELEASE]
	... 73 common frames omitted

2018-06-11 08:55:04.550 ERROR 5768 --- [           main] o.s.test.context.TestContextManager      : Caught exception while allowing TestExecutionListener [org.springframework.test.context.web.ServletTestExecutionListener@15bbf42f] to prepare test instance [com.nau.digitalhospital.DigitalHospitalApplicationTests@1866da85]

java.lang.IllegalStateException: Failed to load ApplicationContext
	at org.springframework.test.context.cache.DefaultCacheAwareContextLoaderDelegate.loadContext(DefaultCacheAwareContextLoaderDelegate.java:125) ~[spring-test-5.0.5.RELEASE.jar:5.0.5.RELEASE]
	at org.springframework.test.context.support.DefaultTestContext.getApplicationContext(DefaultTestContext.java:108) ~[spring-test-5.0.5.RELEASE.jar:5.0.5.RELEASE]
	at org.springframework.test.context.web.ServletTestExecutionListener.setUpRequestContextIfNecessary(ServletTestExecutionListener.java:190) ~[spring-test-5.0.5.RELEASE.jar:5.0.5.RELEASE]
	at org.springframework.test.context.web.ServletTestExecutionListener.prepareTestInstance(ServletTestExecutionListener.java:132) ~[spring-test-5.0.5.RELEASE.jar:5.0.5.RELEASE]
	at org.springframework.test.context.TestContextManager.prepareTestInstance(TestContextManager.java:246) ~[spring-test-5.0.5.RELEASE.jar:5.0.5.RELEASE]
	at org.springframework.test.context.junit4.SpringJUnit4ClassRunner.createTest(SpringJUnit4ClassRunner.java:227) [spring-test-5.0.5.RELEASE.jar:5.0.5.RELEASE]
	at org.springframework.test.context.junit4.SpringJUnit4ClassRunner$1.runReflectiveCall(SpringJUnit4ClassRunner.java:289) [spring-test-5.0.5.RELEASE.jar:5.0.5.RELEASE]
	at org.junit.internal.runners.model.ReflectiveCallable.run(ReflectiveCallable.java:12) [junit-4.12.jar:4.12]
	at org.springframework.test.context.junit4.SpringJUnit4ClassRunner.methodBlock(SpringJUnit4ClassRunner.java:291) [spring-test-5.0.5.RELEASE.jar:5.0.5.RELEASE]
	at org.springframework.test.context.junit4.SpringJUnit4ClassRunner.runChild(SpringJUnit4ClassRunner.java:246) [spring-test-5.0.5.RELEASE.jar:5.0.5.RELEASE]
	at org.springframework.test.context.junit4.SpringJUnit4ClassRunner.runChild(SpringJUnit4ClassRunner.java:97) [spring-test-5.0.5.RELEASE.jar:5.0.5.RELEASE]
	at org.junit.runners.ParentRunner$3.run(ParentRunner.java:290) [junit-4.12.jar:4.12]
	at org.junit.runners.ParentRunner$1.schedule(ParentRunner.java:71) [junit-4.12.jar:4.12]
	at org.junit.runners.ParentRunner.runChildren(ParentRunner.java:288) [junit-4.12.jar:4.12]
	at org.junit.runners.ParentRunner.access$000(ParentRunner.java:58) [junit-4.12.jar:4.12]
	at org.junit.runners.ParentRunner$2.evaluate(ParentRunner.java:268) [junit-4.12.jar:4.12]
	at org.springframework.test.context.junit4.statements.RunBeforeTestClassCallbacks.evaluate(RunBeforeTestClassCallbacks.java:61) [spring-test-5.0.5.RELEASE.jar:5.0.5.RELEASE]
	at org.springframework.test.context.junit4.statements.RunAfterTestClassCallbacks.evaluate(RunAfterTestClassCallbacks.java:70) [spring-test-5.0.5.RELEASE.jar:5.0.5.RELEASE]
	at org.junit.runners.ParentRunner.run(ParentRunner.java:363) [junit-4.12.jar:4.12]
	at org.springframework.test.context.junit4.SpringJUnit4ClassRunner.run(SpringJUnit4ClassRunner.java:190) [spring-test-5.0.5.RELEASE.jar:5.0.5.RELEASE]
	at org.apache.maven.surefire.junit4.JUnit4Provider.execute(JUnit4Provider.java:365) [surefire-junit4-2.21.0.jar:2.21.0]
	at org.apache.maven.surefire.junit4.JUnit4Provider.executeWithRerun(JUnit4Provider.java:273) [surefire-junit4-2.21.0.jar:2.21.0]
	at org.apache.maven.surefire.junit4.JUnit4Provider.executeTestSet(JUnit4Provider.java:238) [surefire-junit4-2.21.0.jar:2.21.0]
	at org.apache.maven.surefire.junit4.JUnit4Provider.invoke(JUnit4Provider.java:159) [surefire-junit4-2.21.0.jar:2.21.0]
	at org.apache.maven.surefire.booter.ForkedBooter.invokeProviderInSameClassLoader(ForkedBooter.java:379) [surefire-booter-2.21.0.jar:2.21.0]
	at org.apache.maven.surefire.booter.ForkedBooter.runSuitesInProcess(ForkedBooter.java:340) [surefire-booter-2.21.0.jar:2.21.0]
	at org.apache.maven.surefire.booter.ForkedBooter.execute(ForkedBooter.java:125) [surefire-booter-2.21.0.jar:2.21.0]
	at org.apache.maven.surefire.booter.ForkedBooter.main(ForkedBooter.java:413) [surefire-booter-2.21.0.jar:2.21.0]
Caused by: org.springframework.beans.factory.BeanCreationException: Error creating bean with name 'hospitalRepository': Invocation of init method failed; nested exception is org.springframework.dao.DataAccessResourceFailureException: Timed out after 30000 ms while waiting to connect. Client view of cluster state is {type=UNKNOWN, servers=[{address=127.0.0.1:27017, type=UNKNOWN, state=CONNECTING, exception={com.mongodb.MongoSocketOpenException: Exception opening socket}, caused by {java.net.ConnectException: Connection refused: connect}}]; nested exception is com.mongodb.MongoTimeoutException: Timed out after 30000 ms while waiting to connect. Client view of cluster state is {type=UNKNOWN, servers=[{address=127.0.0.1:27017, type=UNKNOWN, state=CONNECTING, exception={com.mongodb.MongoSocketOpenException: Exception opening socket}, caused by {java.net.ConnectException: Connection refused: connect}}]
	at org.springframework.beans.factory.support.AbstractAutowireCapableBeanFactory.initializeBean(AbstractAutowireCapableBeanFactory.java:1702) ~[spring-beans-5.0.5.RELEASE.jar:5.0.5.RELEASE]
	at org.springframework.beans.factory.support.AbstractAutowireCapableBeanFactory.doCreateBean(AbstractAutowireCapableBeanFactory.java:579) ~[spring-beans-5.0.5.RELEASE.jar:5.0.5.RELEASE]
	at org.springframework.beans.factory.support.AbstractAutowireCapableBeanFactory.createBean(AbstractAutowireCapableBeanFactory.java:501) ~[spring-beans-5.0.5.RELEASE.jar:5.0.5.RELEASE]
	at org.springframework.beans.factory.support.AbstractBeanFactory.lambda$doGetBean$0(AbstractBeanFactory.java:317) ~[spring-beans-5.0.5.RELEASE.jar:5.0.5.RELEASE]
	at org.springframework.beans.factory.support.DefaultSingletonBeanRegistry.getSingleton(DefaultSingletonBeanRegistry.java:228) ~[spring-beans-5.0.5.RELEASE.jar:5.0.5.RELEASE]
	at org.springframework.beans.factory.support.AbstractBeanFactory.doGetBean(AbstractBeanFactory.java:315) ~[spring-beans-5.0.5.RELEASE.jar:5.0.5.RELEASE]
	at org.springframework.beans.factory.support.AbstractBeanFactory.getBean(AbstractBeanFactory.java:199) ~[spring-beans-5.0.5.RELEASE.jar:5.0.5.RELEASE]
	at org.springframework.beans.factory.support.DefaultListableBeanFactory.preInstantiateSingletons(DefaultListableBeanFactory.java:741) ~[spring-beans-5.0.5.RELEASE.jar:5.0.5.RELEASE]
	at org.springframework.context.support.AbstractApplicationContext.finishBeanFactoryInitialization(AbstractApplicationContext.java:869) ~[spring-context-5.0.5.RELEASE.jar:5.0.5.RELEASE]
	at org.springframework.context.support.AbstractApplicationContext.refresh(AbstractApplicationContext.java:550) ~[spring-context-5.0.5.RELEASE.jar:5.0.5.RELEASE]
	at org.springframework.boot.SpringApplication.refresh(SpringApplication.java:759) ~[spring-boot-2.0.1.RELEASE.jar:2.0.1.RELEASE]
	at org.springframework.boot.SpringApplication.refreshContext(SpringApplication.java:395) ~[spring-boot-2.0.1.RELEASE.jar:2.0.1.RELEASE]
	at org.springframework.boot.SpringApplication.run(SpringApplication.java:327) ~[spring-boot-2.0.1.RELEASE.jar:2.0.1.RELEASE]
	at org.springframework.boot.test.context.SpringBootContextLoader.loadContext(SpringBootContextLoader.java:138) ~[spring-boot-test-2.0.1.RELEASE.jar:2.0.1.RELEASE]
	at org.springframework.test.context.cache.DefaultCacheAwareContextLoaderDelegate.loadContextInternal(DefaultCacheAwareContextLoaderDelegate.java:99) ~[spring-test-5.0.5.RELEASE.jar:5.0.5.RELEASE]
	at org.springframework.test.context.cache.DefaultCacheAwareContextLoaderDelegate.loadContext(DefaultCacheAwareContextLoaderDelegate.java:117) ~[spring-test-5.0.5.RELEASE.jar:5.0.5.RELEASE]
	... 27 common frames omitted
Caused by: org.springframework.dao.DataAccessResourceFailureException: Timed out after 30000 ms while waiting to connect. Client view of cluster state is {type=UNKNOWN, servers=[{address=127.0.0.1:27017, type=UNKNOWN, state=CONNECTING, exception={com.mongodb.MongoSocketOpenException: Exception opening socket}, caused by {java.net.ConnectException: Connection refused: connect}}]; nested exception is com.mongodb.MongoTimeoutException: Timed out after 30000 ms while waiting to connect. Client view of cluster state is {type=UNKNOWN, servers=[{address=127.0.0.1:27017, type=UNKNOWN, state=CONNECTING, exception={com.mongodb.MongoSocketOpenException: Exception opening socket}, caused by {java.net.ConnectException: Connection refused: connect}}]
	at org.springframework.data.mongodb.core.MongoExceptionTranslator.translateExceptionIfPossible(MongoExceptionTranslator.java:87) ~[spring-data-mongodb-2.0.7.RELEASE.jar:2.0.7.RELEASE]
	at org.springframework.data.mongodb.core.MongoTemplate.potentiallyConvertRuntimeException(MongoTemplate.java:2589) ~[spring-data-mongodb-2.0.7.RELEASE.jar:2.0.7.RELEASE]
	at org.springframework.data.mongodb.core.DefaultIndexOperations.execute(DefaultIndexOperations.java:194) ~[spring-data-mongodb-2.0.7.RELEASE.jar:2.0.7.RELEASE]
	at org.springframework.data.mongodb.core.DefaultIndexOperations.ensureIndex(DefaultIndexOperations.java:97) ~[spring-data-mongodb-2.0.7.RELEASE.jar:2.0.7.RELEASE]
	at org.springframework.data.mongodb.core.index.MongoPersistentEntityIndexCreator.createIndex(MongoPersistentEntityIndexCreator.java:145) ~[spring-data-mongodb-2.0.7.RELEASE.jar:2.0.7.RELEASE]
	at org.springframework.data.mongodb.core.index.MongoPersistentEntityIndexCreator.checkForAndCreateIndexes(MongoPersistentEntityIndexCreator.java:135) ~[spring-data-mongodb-2.0.7.RELEASE.jar:2.0.7.RELEASE]
	at org.springframework.data.mongodb.core.index.MongoPersistentEntityIndexCreator.checkForIndexes(MongoPersistentEntityIndexCreator.java:127) ~[spring-data-mongodb-2.0.7.RELEASE.jar:2.0.7.RELEASE]
	at org.springframework.data.mongodb.core.index.MongoPersistentEntityIndexCreator.onApplicationEvent(MongoPersistentEntityIndexCreator.java:111) ~[spring-data-mongodb-2.0.7.RELEASE.jar:2.0.7.RELEASE]
	at org.springframework.data.mongodb.core.index.MongoPersistentEntityIndexCreator.onApplicationEvent(MongoPersistentEntityIndexCreator.java:54) ~[spring-data-mongodb-2.0.7.RELEASE.jar:2.0.7.RELEASE]
	at org.springframework.context.event.SimpleApplicationEventMulticaster.doInvokeListener(SimpleApplicationEventMulticaster.java:172) ~[spring-context-5.0.5.RELEASE.jar:5.0.5.RELEASE]
	at org.springframework.context.event.SimpleApplicationEventMulticaster.invokeListener(SimpleApplicationEventMulticaster.java:165) ~[spring-context-5.0.5.RELEASE.jar:5.0.5.RELEASE]
	at org.springframework.context.event.SimpleApplicationEventMulticaster.multicastEvent(SimpleApplicationEventMulticaster.java:139) ~[spring-context-5.0.5.RELEASE.jar:5.0.5.RELEASE]
	at org.springframework.context.support.AbstractApplicationContext.publishEvent(AbstractApplicationContext.java:400) ~[spring-context-5.0.5.RELEASE.jar:5.0.5.RELEASE]
	at org.springframework.context.support.AbstractApplicationContext.publishEvent(AbstractApplicationContext.java:354) ~[spring-context-5.0.5.RELEASE.jar:5.0.5.RELEASE]
	at org.springframework.data.mapping.context.AbstractMappingContext.addPersistentEntity(AbstractMappingContext.java:420) ~[spring-data-commons-2.0.6.RELEASE.jar:2.0.6.RELEASE]
	at java.util.Collections$SingletonSet.forEach(Collections.java:4767) ~[na:1.8.0_161]
	at org.springframework.data.mapping.context.AbstractMappingContext$PersistentPropertyCreator.createAndRegisterProperty(AbstractMappingContext.java:572) ~[spring-data-commons-2.0.6.RELEASE.jar:2.0.6.RELEASE]
	at org.springframework.data.mapping.context.AbstractMappingContext$PersistentPropertyCreator.doWith(AbstractMappingContext.java:530) ~[spring-data-commons-2.0.6.RELEASE.jar:2.0.6.RELEASE]
	at org.springframework.util.ReflectionUtils.doWithFields(ReflectionUtils.java:729) ~[spring-core-5.0.5.RELEASE.jar:5.0.5.RELEASE]
	at org.springframework.data.mapping.context.AbstractMappingContext.addPersistentEntity(AbstractMappingContext.java:398) ~[spring-data-commons-2.0.6.RELEASE.jar:2.0.6.RELEASE]
	at org.springframework.data.mapping.context.AbstractMappingContext.getPersistentEntity(AbstractMappingContext.java:229) ~[spring-data-commons-2.0.6.RELEASE.jar:2.0.6.RELEASE]
	at org.springframework.data.mapping.context.AbstractMappingContext.getPersistentEntity(AbstractMappingContext.java:172) ~[spring-data-commons-2.0.6.RELEASE.jar:2.0.6.RELEASE]
	at org.springframework.data.mapping.context.AbstractMappingContext.getPersistentEntity(AbstractMappingContext.java:85) ~[spring-data-commons-2.0.6.RELEASE.jar:2.0.6.RELEASE]
	at org.springframework.data.mapping.context.MappingContext.getRequiredPersistentEntity(MappingContext.java:70) ~[spring-data-commons-2.0.6.RELEASE.jar:2.0.6.RELEASE]
	at org.springframework.data.mongodb.repository.support.MongoRepositoryFactory.getEntityInformation(MongoRepositoryFactory.java:149) ~[spring-data-mongodb-2.0.7.RELEASE.jar:2.0.7.RELEASE]
	at org.springframework.data.mongodb.repository.support.MongoRepositoryFactory.getTargetRepository(MongoRepositoryFactory.java:123) ~[spring-data-mongodb-2.0.7.RELEASE.jar:2.0.7.RELEASE]
	at org.springframework.data.repository.core.support.RepositoryFactorySupport.getRepository(RepositoryFactorySupport.java:298) ~[spring-data-commons-2.0.6.RELEASE.jar:2.0.6.RELEASE]
	at org.springframework.data.repository.core.support.RepositoryFactoryBeanSupport.lambda$afterPropertiesSet$3(RepositoryFactoryBeanSupport.java:287) ~[spring-data-commons-2.0.6.RELEASE.jar:2.0.6.RELEASE]
	at org.springframework.data.util.Lazy.getNullable(Lazy.java:141) ~[spring-data-commons-2.0.6.RELEASE.jar:2.0.6.RELEASE]
	at org.springframework.data.util.Lazy.get(Lazy.java:63) ~[spring-data-commons-2.0.6.RELEASE.jar:2.0.6.RELEASE]
	at org.springframework.data.repository.core.support.RepositoryFactoryBeanSupport.afterPropertiesSet(RepositoryFactoryBeanSupport.java:290) ~[spring-data-commons-2.0.6.RELEASE.jar:2.0.6.RELEASE]
	at org.springframework.data.mongodb.repository.support.MongoRepositoryFactoryBean.afterPropertiesSet(MongoRepositoryFactoryBean.java:119) ~[spring-data-mongodb-2.0.7.RELEASE.jar:2.0.7.RELEASE]
	at org.springframework.beans.factory.support.AbstractAutowireCapableBeanFactory.invokeInitMethods(AbstractAutowireCapableBeanFactory.java:1761) ~[spring-beans-5.0.5.RELEASE.jar:5.0.5.RELEASE]
	at org.springframework.beans.factory.support.AbstractAutowireCapableBeanFactory.initializeBean(AbstractAutowireCapableBeanFactory.java:1698) ~[spring-beans-5.0.5.RELEASE.jar:5.0.5.RELEASE]
	... 42 common frames omitted
Caused by: com.mongodb.MongoTimeoutException: Timed out after 30000 ms while waiting to connect. Client view of cluster state is {type=UNKNOWN, servers=[{address=127.0.0.1:27017, type=UNKNOWN, state=CONNECTING, exception={com.mongodb.MongoSocketOpenException: Exception opening socket}, caused by {java.net.ConnectException: Connection refused: connect}}]
	at com.mongodb.connection.BaseCluster.getDescription(BaseCluster.java:167) ~[mongo-java-driver-3.6.3.jar:na]
	at com.mongodb.Mongo.getConnectedClusterDescription(Mongo.java:885) ~[mongo-java-driver-3.6.3.jar:na]
	at com.mongodb.Mongo.createClientSession(Mongo.java:877) ~[mongo-java-driver-3.6.3.jar:na]
	at com.mongodb.Mongo$3.getClientSession(Mongo.java:866) ~[mongo-java-driver-3.6.3.jar:na]
	at com.mongodb.Mongo$3.execute(Mongo.java:834) ~[mongo-java-driver-3.6.3.jar:na]
	at com.mongodb.MongoCollectionImpl.executeCreateIndexes(MongoCollectionImpl.java:867) ~[mongo-java-driver-3.6.3.jar:na]
	at com.mongodb.MongoCollectionImpl.createIndexes(MongoCollectionImpl.java:820) ~[mongo-java-driver-3.6.3.jar:na]
	at com.mongodb.MongoCollectionImpl.createIndexes(MongoCollectionImpl.java:815) ~[mongo-java-driver-3.6.3.jar:na]
	at com.mongodb.MongoCollectionImpl.createIndex(MongoCollectionImpl.java:800) ~[mongo-java-driver-3.6.3.jar:na]
	at org.springframework.data.mongodb.core.DefaultIndexOperations.lambda$ensureIndex$0(DefaultIndexOperations.java:111) ~[spring-data-mongodb-2.0.7.RELEASE.jar:2.0.7.RELEASE]
	at org.springframework.data.mongodb.core.DefaultIndexOperations.execute(DefaultIndexOperations.java:192) ~[spring-data-mongodb-2.0.7.RELEASE.jar:2.0.7.RELEASE]
	... 73 common frames omitted

]]></system-out>
  </testcase>
  <testcase name="shouldConnectToDatabase" classname="com.nau.digitalhospital.DigitalHospitalApplicationTests" time="0">
    <error message="Failed to load ApplicationContext" type="java.lang.IllegalStateException">java.lang.IllegalStateException: Failed to load ApplicationContext
Caused by: org.springframework.beans.factory.BeanCreationException: Error creating bean with name 'accountRepository': Invocation of init method failed; nested exception is org.springframework.dao.DataAccessResourceFailureException: Timed out after 30000 ms while waiting to connect. Client view of cluster state is {type=UNKNOWN, servers=[{address=127.0.0.1:27017, type=UNKNOWN, state=CONNECTING, exception={com.mongodb.MongoSocketOpenException: Exception opening socket}, caused by {java.net.ConnectException: Connection refused: connect}}]; nested exception is com.mongodb.MongoTimeoutException: Timed out after 30000 ms while waiting to connect. Client view of cluster state is {type=UNKNOWN, servers=[{address=127.0.0.1:27017, type=UNKNOWN, state=CONNECTING, exception={com.mongodb.MongoSocketOpenException: Exception opening socket}, caused by {java.net.ConnectException: Connection refused: connect}}]
Caused by: org.springframework.dao.DataAccessResourceFailureException: Timed out after 30000 ms while waiting to connect. Client view of cluster state is {type=UNKNOWN, servers=[{address=127.0.0.1:27017, type=UNKNOWN, state=CONNECTING, exception={com.mongodb.MongoSocketOpenException: Exception opening socket}, caused by {java.net.ConnectException: Connection refused: connect}}]; nested exception is com.mongodb.MongoTimeoutException: Timed out after 30000 ms while waiting to connect. Client view of cluster state is {type=UNKNOWN, servers=[{address=127.0.0.1:27017, type=UNKNOWN, state=CONNECTING, exception={com.mongodb.MongoSocketOpenException: Exception opening socket}, caused by {java.net.ConnectException: Connection refused: connect}}]
Caused by: com.mongodb.MongoTimeoutException: Timed out after 30000 ms while waiting to connect. Client view of cluster state is {type=UNKNOWN, servers=[{address=127.0.0.1:27017, type=UNKNOWN, state=CONNECTING, exception={com.mongodb.MongoSocketOpenException: Exception opening socket}, caused by {java.net.ConnectException: Connection refused: connect}}]
</error>
    <system-out><![CDATA[
  .   ____          _            __ _ _
 /\\ / ___'_ __ _ _(_)_ __  __ _ \ \ \ \
( ( )\___ | '_ | '_| | '_ \/ _` | \ \ \ \
 \\/  ___)| |_)| | | | | || (_| |  ) ) ) )
  '  |____| .__|_| |_|_| |_\__, | / / / /
 =========|_|==============|___/=/_/_/_/
 :: Spring Boot ::        (v2.0.1.RELEASE)

2018-06-11 08:55:04.639  INFO 5768 --- [           main] c.n.d.DigitalHospitalApplicationTests    : Starting DigitalHospitalApplicationTests on DELL with PID 5768 (started by DELL in M:\JavaLibrary\eepractice\digitalhospital)
2018-06-11 08:55:04.641  INFO 5768 --- [           main] c.n.d.DigitalHospitalApplicationTests    : No active profile set, falling back to default profiles: default
2018-06-11 08:55:04.648  INFO 5768 --- [           main] o.s.w.c.s.GenericWebApplicationContext   : Refreshing org.springframework.web.context.support.GenericWebApplicationContext@2d272b0d: startup date [Mon Jun 11 08:55:04 EEST 2018]; root of context hierarchy
2018-06-11 08:55:05.014  INFO 5768 --- [           main] f.a.AutowiredAnnotationBeanPostProcessor : JSR-330 'javax.inject.Inject' annotation found and supported for autowiring
2018-06-11 08:55:05.366  INFO 5768 --- [           main] o.s.s.web.DefaultSecurityFilterChain     : Creating filter chain: org.springframework.security.web.util.matcher.AnyRequestMatcher@1, [org.springframework.security.web.context.request.async.WebAsyncManagerIntegrationFilter@1e7ab390, org.springframework.security.web.context.SecurityContextPersistenceFilter@e57e5d6, org.springframework.security.web.header.HeaderWriterFilter@22a6e998, org.springframework.security.web.csrf.CsrfFilter@7e74a380, org.springframework.security.web.authentication.logout.LogoutFilter@3dffc764, org.springframework.security.web.authentication.UsernamePasswordAuthenticationFilter@15400fff, org.springframework.security.web.authentication.ui.DefaultLoginPageGeneratingFilter@cb7fa71, org.springframework.security.web.authentication.www.BasicAuthenticationFilter@18d910b3, org.springframework.security.web.savedrequest.RequestCacheAwareFilter@6dfa915a, org.springframework.security.web.servletapi.SecurityContextHolderAwareRequestFilter@78054f54, org.springframework.security.web.authentication.AnonymousAuthenticationFilter@625d9132, org.springframework.security.web.session.SessionManagementFilter@55e42449, org.springframework.security.web.access.ExceptionTranslationFilter@6dd1c3ed, org.springframework.security.web.access.intercept.FilterSecurityInterceptor@26cb5207]
2018-06-11 08:55:05.396  INFO 5768 --- [           main] org.mongodb.driver.cluster               : Cluster created with settings {hosts=[127.0.0.1:27017], mode=SINGLE, requiredClusterType=UNKNOWN, serverSelectionTimeout='30000 ms', maxWaitQueueSize=500}
2018-06-11 08:55:05.525  WARN 5768 --- [           main] o.s.d.m.c.m.BasicMongoPersistentProperty : Customizing field name for id property not allowed! Custom name will not be considered!
2018-06-11 08:55:05.528  INFO 5768 --- [           main] m.c.i.MongoPersistentEntityIndexResolver : Found cycle for field '_id' in type 'MedicalCard' for path 'medicalCard -> patient -> medicalCard'
2018-06-11 08:55:05.529  INFO 5768 --- [           main] m.c.i.MongoPersistentEntityIndexResolver : Found cycle for field 'medicalCard' in type 'Patient' for path 'patients -> medicalCard -> medicalExaminations -> doctor -> patients'
2018-06-11 08:55:05.536  INFO 5768 --- [           main] m.c.i.MongoPersistentEntityIndexResolver : Found cycle for field 'medicalCard' in type 'Patient' for path 'medicalCard -> patient -> medicalCard'
2018-06-11 08:55:05.539  INFO 5768 --- [           main] m.c.i.MongoPersistentEntityIndexResolver : Found cycle for field 'medicalCard' in type 'Patient' for path 'patients -> medicalCard -> medicalExaminations -> doctor -> patients'
2018-06-11 08:55:05.543  INFO 5768 --- [           main] m.c.i.MongoPersistentEntityIndexResolver : Found cycle for field '_id' in type 'MedicalCard' for path 'medicalCard -> patient -> medicalCard'
2018-06-11 08:55:05.544  INFO 5768 --- [           main] m.c.i.MongoPersistentEntityIndexResolver : Found cycle for field 'appointed_date' in type 'Doctor' for path 'doctor -> patients -> medicalCard -> medicalExaminations -> doctor'
2018-06-11 08:55:05.545  INFO 5768 --- [           main] m.c.i.MongoPersistentEntityIndexResolver : Found cycle for field 'medicalCard' in type 'Patient' for path 'medicalCard -> patient -> medicalCard'
2018-06-11 08:55:05.545  INFO 5768 --- [           main] m.c.i.MongoPersistentEntityIndexResolver : Found cycle for field 'patients' in type 'Doctor' for path 'doctor -> patients -> medicalCard -> medicalExaminations -> doctor'
2018-06-11 08:55:05.547  INFO 5768 --- [           main] m.c.i.MongoPersistentEntityIndexResolver : Found cycle for field 'medicalCard' in type 'Patient' for path 'patient -> medicalCard -> patient'
2018-06-11 08:55:05.547  INFO 5768 --- [           main] m.c.i.MongoPersistentEntityIndexResolver : Found cycle for field '_id' in type 'MedicalCard' for path 'medicalCard -> medicalExaminations -> doctor -> patients -> medicalCard'
2018-06-11 08:55:05.548  INFO 5768 --- [           main] m.c.i.MongoPersistentEntityIndexResolver : Found cycle for field '_id' in type 'MedicalCard' for path 'medicalCard -> patient -> medicalCard'
2018-06-11 08:55:05.548  INFO 5768 --- [           main] m.c.i.MongoPersistentEntityIndexResolver : Found cycle for field '_id' in type 'MedicalExamination' for path 'medicalExaminations -> doctor -> patients -> medicalCard -> medicalExaminations'
2018-06-11 08:55:05.550  INFO 5768 --- [           main] m.c.i.MongoPersistentEntityIndexResolver : Found cycle for field 'medicalCard' in type 'Patient' for path 'patient -> medicalCard -> patient'
2018-06-11 08:55:05.550  INFO 5768 --- [           main] m.c.i.MongoPersistentEntityIndexResolver : Found cycle for field 'medicalCard' in type 'Patient' for path 'medicalCard -> medicalExaminations -> doctor -> patients -> medicalCard'
2018-06-11 08:55:05.558  INFO 5768 --- [           main] m.c.i.MongoPersistentEntityIndexResolver : Found cycle for field 'medicalCard' in type 'Patient' for path 'medicalCard -> patient -> medicalCard'
2018-06-11 08:55:05.558  INFO 5768 --- [           main] m.c.i.MongoPersistentEntityIndexResolver : Found cycle for field 'doctor' in type 'MedicalExamination' for path 'medicalExaminations -> doctor -> patients -> medicalCard -> medicalExaminations'
2018-06-11 08:55:05.562  WARN 5768 --- [           main] o.s.d.m.c.m.BasicMongoPersistentProperty : Customizing field name for id property not allowed! Custom name will not be considered!
2018-06-11 08:55:05.565  INFO 5768 --- [           main] m.c.i.MongoPersistentEntityIndexResolver : Found cycle for field '_id' in type 'MedicalCard' for path 'medicalCard -> patient -> medicalCard'
2018-06-11 08:55:05.566  INFO 5768 --- [           main] m.c.i.MongoPersistentEntityIndexResolver : Found cycle for field '_id' in type 'MedicalCard' for path 'medicalCard -> medicalExaminations -> doctor -> patients -> medicalCard'
2018-06-11 08:55:05.567  INFO 5768 --- [           main] m.c.i.MongoPersistentEntityIndexResolver : Found cycle for field 'patient' in type 'MedicalCard' for path 'medicalCard -> patient -> medicalCard'
2018-06-11 08:55:05.573  INFO 5768 --- [           main] m.c.i.MongoPersistentEntityIndexResolver : Found cycle for field 'medicalCard' in type 'Patient' for path 'medicalCard -> medicalExaminations -> doctor -> patients -> medicalCard'
2018-06-11 08:55:05.601  WARN 5768 --- [           main] o.s.d.m.c.m.BasicMongoPersistentProperty : Customizing field name for id property not allowed! Custom name will not be considered!
2018-06-11 08:55:05.611  INFO 5768 --- [           main] m.c.i.MongoPersistentEntityIndexResolver : Found cycle for field 'medicalCard' in type 'Patient' for path 'patient -> medicalCard -> patient'
2018-06-11 08:55:05.612  INFO 5768 --- [           main] m.c.i.MongoPersistentEntityIndexResolver : Found cycle for field '_id' in type 'MedicalCard' for path 'medicalCard -> medicalExaminations -> doctor -> patients -> medicalCard'
2018-06-11 08:55:05.613  INFO 5768 --- [           main] m.c.i.MongoPersistentEntityIndexResolver : Found cycle for field '_id' in type 'MedicalCard' for path 'medicalCard -> patient -> medicalCard'
2018-06-11 08:55:05.613  INFO 5768 --- [           main] m.c.i.MongoPersistentEntityIndexResolver : Found cycle for field '_id' in type 'MedicalExamination' for path 'medicalExaminations -> doctor -> patients -> medicalCard -> medicalExaminations'
2018-06-11 08:55:05.614  INFO 5768 --- [           main] m.c.i.MongoPersistentEntityIndexResolver : Found cycle for field 'patient' in type 'MedicalCard' for path 'patient -> medicalCard -> patient'
2018-06-11 08:55:05.616  INFO 5768 --- [           main] m.c.i.MongoPersistentEntityIndexResolver : Found cycle for field 'medicalCard' in type 'Patient' for path 'medicalCard -> patient -> medicalCard'
2018-06-11 08:55:05.617  INFO 5768 --- [           main] m.c.i.MongoPersistentEntityIndexResolver : Found cycle for field 'medicalExaminations' in type 'MedicalCard' for path 'medicalExaminations -> doctor -> patients -> medicalCard -> medicalExaminations'
2018-06-11 08:55:05.618  INFO 5768 --- [           main] org.mongodb.driver.cluster               : Cluster description not yet available. Waiting for 30000 ms before timing out
2018-06-11 08:55:06.403  INFO 5768 --- [127.0.0.1:27017] org.mongodb.driver.cluster               : Exception in monitor thread while connecting to server 127.0.0.1:27017

com.mongodb.MongoSocketOpenException: Exception opening socket
	at com.mongodb.connection.SocketStream.open(SocketStream.java:62) ~[mongo-java-driver-3.6.3.jar:na]
	at com.mongodb.connection.InternalStreamConnection.open(InternalStreamConnection.java:126) ~[mongo-java-driver-3.6.3.jar:na]
	at com.mongodb.connection.DefaultServerMonitor$ServerMonitorRunnable.run(DefaultServerMonitor.java:114) ~[mongo-java-driver-3.6.3.jar:na]
	at java.lang.Thread.run(Thread.java:748) [na:1.8.0_161]
Caused by: java.net.ConnectException: Connection refused: connect
	at java.net.DualStackPlainSocketImpl.waitForConnect(Native Method) ~[na:1.8.0_161]
	at java.net.DualStackPlainSocketImpl.socketConnect(DualStackPlainSocketImpl.java:85) ~[na:1.8.0_161]
	at java.net.AbstractPlainSocketImpl.doConnect(AbstractPlainSocketImpl.java:350) ~[na:1.8.0_161]
	at java.net.AbstractPlainSocketImpl.connectToAddress(AbstractPlainSocketImpl.java:206) ~[na:1.8.0_161]
	at java.net.AbstractPlainSocketImpl.connect(AbstractPlainSocketImpl.java:188) ~[na:1.8.0_161]
	at java.net.PlainSocketImpl.connect(PlainSocketImpl.java:172) ~[na:1.8.0_161]
	at java.net.SocksSocketImpl.connect(SocksSocketImpl.java:392) ~[na:1.8.0_161]
	at java.net.Socket.connect(Socket.java:589) ~[na:1.8.0_161]
	at com.mongodb.connection.SocketStreamHelper.initialize(SocketStreamHelper.java:59) ~[mongo-java-driver-3.6.3.jar:na]
	at com.mongodb.connection.SocketStream.open(SocketStream.java:57) ~[mongo-java-driver-3.6.3.jar:na]
	... 3 common frames omitted

2018-06-11 08:55:35.619  WARN 5768 --- [           main] o.s.w.c.s.GenericWebApplicationContext   : Exception encountered during context initialization - cancelling refresh attempt: org.springframework.beans.factory.BeanCreationException: Error creating bean with name 'accountRepository': Invocation of init method failed; nested exception is org.springframework.dao.DataAccessResourceFailureException: Timed out after 30000 ms while waiting to connect. Client view of cluster state is {type=UNKNOWN, servers=[{address=127.0.0.1:27017, type=UNKNOWN, state=CONNECTING, exception={com.mongodb.MongoSocketOpenException: Exception opening socket}, caused by {java.net.ConnectException: Connection refused: connect}}]; nested exception is com.mongodb.MongoTimeoutException: Timed out after 30000 ms while waiting to connect. Client view of cluster state is {type=UNKNOWN, servers=[{address=127.0.0.1:27017, type=UNKNOWN, state=CONNECTING, exception={com.mongodb.MongoSocketOpenException: Exception opening socket}, caused by {java.net.ConnectException: Connection refused: connect}}]
2018-06-11 08:55:35.621  INFO 5768 --- [           main] ConditionEvaluationReportLoggingListener : 

Error starting ApplicationContext. To display the conditions report re-run your application with 'debug' enabled.
2018-06-11 08:55:35.623 ERROR 5768 --- [           main] o.s.boot.SpringApplication               : Application run failed

org.springframework.beans.factory.BeanCreationException: Error creating bean with name 'accountRepository': Invocation of init method failed; nested exception is org.springframework.dao.DataAccessResourceFailureException: Timed out after 30000 ms while waiting to connect. Client view of cluster state is {type=UNKNOWN, servers=[{address=127.0.0.1:27017, type=UNKNOWN, state=CONNECTING, exception={com.mongodb.MongoSocketOpenException: Exception opening socket}, caused by {java.net.ConnectException: Connection refused: connect}}]; nested exception is com.mongodb.MongoTimeoutException: Timed out after 30000 ms while waiting to connect. Client view of cluster state is {type=UNKNOWN, servers=[{address=127.0.0.1:27017, type=UNKNOWN, state=CONNECTING, exception={com.mongodb.MongoSocketOpenException: Exception opening socket}, caused by {java.net.ConnectException: Connection refused: connect}}]
	at org.springframework.beans.factory.support.AbstractAutowireCapableBeanFactory.initializeBean(AbstractAutowireCapableBeanFactory.java:1702) ~[spring-beans-5.0.5.RELEASE.jar:5.0.5.RELEASE]
	at org.springframework.beans.factory.support.AbstractAutowireCapableBeanFactory.doCreateBean(AbstractAutowireCapableBeanFactory.java:579) ~[spring-beans-5.0.5.RELEASE.jar:5.0.5.RELEASE]
	at org.springframework.beans.factory.support.AbstractAutowireCapableBeanFactory.createBean(AbstractAutowireCapableBeanFactory.java:501) ~[spring-beans-5.0.5.RELEASE.jar:5.0.5.RELEASE]
	at org.springframework.beans.factory.support.AbstractBeanFactory.lambda$doGetBean$0(AbstractBeanFactory.java:317) ~[spring-beans-5.0.5.RELEASE.jar:5.0.5.RELEASE]
	at org.springframework.beans.factory.support.DefaultSingletonBeanRegistry.getSingleton(DefaultSingletonBeanRegistry.java:228) ~[spring-beans-5.0.5.RELEASE.jar:5.0.5.RELEASE]
	at org.springframework.beans.factory.support.AbstractBeanFactory.doGetBean(AbstractBeanFactory.java:315) ~[spring-beans-5.0.5.RELEASE.jar:5.0.5.RELEASE]
	at org.springframework.beans.factory.support.AbstractBeanFactory.getBean(AbstractBeanFactory.java:199) ~[spring-beans-5.0.5.RELEASE.jar:5.0.5.RELEASE]
	at org.springframework.beans.factory.support.DefaultListableBeanFactory.preInstantiateSingletons(DefaultListableBeanFactory.java:741) ~[spring-beans-5.0.5.RELEASE.jar:5.0.5.RELEASE]
	at org.springframework.context.support.AbstractApplicationContext.finishBeanFactoryInitialization(AbstractApplicationContext.java:869) ~[spring-context-5.0.5.RELEASE.jar:5.0.5.RELEASE]
	at org.springframework.context.support.AbstractApplicationContext.refresh(AbstractApplicationContext.java:550) ~[spring-context-5.0.5.RELEASE.jar:5.0.5.RELEASE]
	at org.springframework.boot.SpringApplication.refresh(SpringApplication.java:759) ~[spring-boot-2.0.1.RELEASE.jar:2.0.1.RELEASE]
	at org.springframework.boot.SpringApplication.refreshContext(SpringApplication.java:395) ~[spring-boot-2.0.1.RELEASE.jar:2.0.1.RELEASE]
	at org.springframework.boot.SpringApplication.run(SpringApplication.java:327) ~[spring-boot-2.0.1.RELEASE.jar:2.0.1.RELEASE]
	at org.springframework.boot.test.context.SpringBootContextLoader.loadContext(SpringBootContextLoader.java:138) [spring-boot-test-2.0.1.RELEASE.jar:2.0.1.RELEASE]
	at org.springframework.test.context.cache.DefaultCacheAwareContextLoaderDelegate.loadContextInternal(DefaultCacheAwareContextLoaderDelegate.java:99) [spring-test-5.0.5.RELEASE.jar:5.0.5.RELEASE]
	at org.springframework.test.context.cache.DefaultCacheAwareContextLoaderDelegate.loadContext(DefaultCacheAwareContextLoaderDelegate.java:117) [spring-test-5.0.5.RELEASE.jar:5.0.5.RELEASE]
	at org.springframework.test.context.support.DefaultTestContext.getApplicationContext(DefaultTestContext.java:108) [spring-test-5.0.5.RELEASE.jar:5.0.5.RELEASE]
	at org.springframework.test.context.web.ServletTestExecutionListener.setUpRequestContextIfNecessary(ServletTestExecutionListener.java:190) [spring-test-5.0.5.RELEASE.jar:5.0.5.RELEASE]
	at org.springframework.test.context.web.ServletTestExecutionListener.prepareTestInstance(ServletTestExecutionListener.java:132) [spring-test-5.0.5.RELEASE.jar:5.0.5.RELEASE]
	at org.springframework.test.context.TestContextManager.prepareTestInstance(TestContextManager.java:246) [spring-test-5.0.5.RELEASE.jar:5.0.5.RELEASE]
	at org.springframework.test.context.junit4.SpringJUnit4ClassRunner.createTest(SpringJUnit4ClassRunner.java:227) [spring-test-5.0.5.RELEASE.jar:5.0.5.RELEASE]
	at org.springframework.test.context.junit4.SpringJUnit4ClassRunner$1.runReflectiveCall(SpringJUnit4ClassRunner.java:289) [spring-test-5.0.5.RELEASE.jar:5.0.5.RELEASE]
	at org.junit.internal.runners.model.ReflectiveCallable.run(ReflectiveCallable.java:12) [junit-4.12.jar:4.12]
	at org.springframework.test.context.junit4.SpringJUnit4ClassRunner.methodBlock(SpringJUnit4ClassRunner.java:291) [spring-test-5.0.5.RELEASE.jar:5.0.5.RELEASE]
	at org.springframework.test.context.junit4.SpringJUnit4ClassRunner.runChild(SpringJUnit4ClassRunner.java:246) [spring-test-5.0.5.RELEASE.jar:5.0.5.RELEASE]
	at org.springframework.test.context.junit4.SpringJUnit4ClassRunner.runChild(SpringJUnit4ClassRunner.java:97) [spring-test-5.0.5.RELEASE.jar:5.0.5.RELEASE]
	at org.junit.runners.ParentRunner$3.run(ParentRunner.java:290) [junit-4.12.jar:4.12]
	at org.junit.runners.ParentRunner$1.schedule(ParentRunner.java:71) [junit-4.12.jar:4.12]
	at org.junit.runners.ParentRunner.runChildren(ParentRunner.java:288) [junit-4.12.jar:4.12]
	at org.junit.runners.ParentRunner.access$000(ParentRunner.java:58) [junit-4.12.jar:4.12]
	at org.junit.runners.ParentRunner$2.evaluate(ParentRunner.java:268) [junit-4.12.jar:4.12]
	at org.springframework.test.context.junit4.statements.RunBeforeTestClassCallbacks.evaluate(RunBeforeTestClassCallbacks.java:61) [spring-test-5.0.5.RELEASE.jar:5.0.5.RELEASE]
	at org.springframework.test.context.junit4.statements.RunAfterTestClassCallbacks.evaluate(RunAfterTestClassCallbacks.java:70) [spring-test-5.0.5.RELEASE.jar:5.0.5.RELEASE]
	at org.junit.runners.ParentRunner.run(ParentRunner.java:363) [junit-4.12.jar:4.12]
	at org.springframework.test.context.junit4.SpringJUnit4ClassRunner.run(SpringJUnit4ClassRunner.java:190) [spring-test-5.0.5.RELEASE.jar:5.0.5.RELEASE]
	at org.apache.maven.surefire.junit4.JUnit4Provider.execute(JUnit4Provider.java:365) [surefire-junit4-2.21.0.jar:2.21.0]
	at org.apache.maven.surefire.junit4.JUnit4Provider.executeWithRerun(JUnit4Provider.java:273) [surefire-junit4-2.21.0.jar:2.21.0]
	at org.apache.maven.surefire.junit4.JUnit4Provider.executeTestSet(JUnit4Provider.java:238) [surefire-junit4-2.21.0.jar:2.21.0]
	at org.apache.maven.surefire.junit4.JUnit4Provider.invoke(JUnit4Provider.java:159) [surefire-junit4-2.21.0.jar:2.21.0]
	at org.apache.maven.surefire.booter.ForkedBooter.invokeProviderInSameClassLoader(ForkedBooter.java:379) [surefire-booter-2.21.0.jar:2.21.0]
	at org.apache.maven.surefire.booter.ForkedBooter.runSuitesInProcess(ForkedBooter.java:340) [surefire-booter-2.21.0.jar:2.21.0]
	at org.apache.maven.surefire.booter.ForkedBooter.execute(ForkedBooter.java:125) [surefire-booter-2.21.0.jar:2.21.0]
	at org.apache.maven.surefire.booter.ForkedBooter.main(ForkedBooter.java:413) [surefire-booter-2.21.0.jar:2.21.0]
Caused by: org.springframework.dao.DataAccessResourceFailureException: Timed out after 30000 ms while waiting to connect. Client view of cluster state is {type=UNKNOWN, servers=[{address=127.0.0.1:27017, type=UNKNOWN, state=CONNECTING, exception={com.mongodb.MongoSocketOpenException: Exception opening socket}, caused by {java.net.ConnectException: Connection refused: connect}}]; nested exception is com.mongodb.MongoTimeoutException: Timed out after 30000 ms while waiting to connect. Client view of cluster state is {type=UNKNOWN, servers=[{address=127.0.0.1:27017, type=UNKNOWN, state=CONNECTING, exception={com.mongodb.MongoSocketOpenException: Exception opening socket}, caused by {java.net.ConnectException: Connection refused: connect}}]
	at org.springframework.data.mongodb.core.MongoExceptionTranslator.translateExceptionIfPossible(MongoExceptionTranslator.java:87) ~[spring-data-mongodb-2.0.7.RELEASE.jar:2.0.7.RELEASE]
	at org.springframework.data.mongodb.core.MongoTemplate.potentiallyConvertRuntimeException(MongoTemplate.java:2589) ~[spring-data-mongodb-2.0.7.RELEASE.jar:2.0.7.RELEASE]
	at org.springframework.data.mongodb.core.DefaultIndexOperations.execute(DefaultIndexOperations.java:194) ~[spring-data-mongodb-2.0.7.RELEASE.jar:2.0.7.RELEASE]
	at org.springframework.data.mongodb.core.DefaultIndexOperations.ensureIndex(DefaultIndexOperations.java:97) ~[spring-data-mongodb-2.0.7.RELEASE.jar:2.0.7.RELEASE]
	at org.springframework.data.mongodb.core.index.MongoPersistentEntityIndexCreator.createIndex(MongoPersistentEntityIndexCreator.java:145) ~[spring-data-mongodb-2.0.7.RELEASE.jar:2.0.7.RELEASE]
	at org.springframework.data.mongodb.core.index.MongoPersistentEntityIndexCreator.checkForAndCreateIndexes(MongoPersistentEntityIndexCreator.java:135) ~[spring-data-mongodb-2.0.7.RELEASE.jar:2.0.7.RELEASE]
	at org.springframework.data.mongodb.core.index.MongoPersistentEntityIndexCreator.checkForIndexes(MongoPersistentEntityIndexCreator.java:127) ~[spring-data-mongodb-2.0.7.RELEASE.jar:2.0.7.RELEASE]
	at org.springframework.data.mongodb.core.index.MongoPersistentEntityIndexCreator.onApplicationEvent(MongoPersistentEntityIndexCreator.java:111) ~[spring-data-mongodb-2.0.7.RELEASE.jar:2.0.7.RELEASE]
	at org.springframework.data.mongodb.core.index.MongoPersistentEntityIndexCreator.onApplicationEvent(MongoPersistentEntityIndexCreator.java:54) ~[spring-data-mongodb-2.0.7.RELEASE.jar:2.0.7.RELEASE]
	at org.springframework.context.event.SimpleApplicationEventMulticaster.doInvokeListener(SimpleApplicationEventMulticaster.java:172) ~[spring-context-5.0.5.RELEASE.jar:5.0.5.RELEASE]
	at org.springframework.context.event.SimpleApplicationEventMulticaster.invokeListener(SimpleApplicationEventMulticaster.java:165) ~[spring-context-5.0.5.RELEASE.jar:5.0.5.RELEASE]
	at org.springframework.context.event.SimpleApplicationEventMulticaster.multicastEvent(SimpleApplicationEventMulticaster.java:139) ~[spring-context-5.0.5.RELEASE.jar:5.0.5.RELEASE]
	at org.springframework.context.support.AbstractApplicationContext.publishEvent(AbstractApplicationContext.java:400) ~[spring-context-5.0.5.RELEASE.jar:5.0.5.RELEASE]
	at org.springframework.context.support.AbstractApplicationContext.publishEvent(AbstractApplicationContext.java:354) ~[spring-context-5.0.5.RELEASE.jar:5.0.5.RELEASE]
	at org.springframework.data.mapping.context.AbstractMappingContext.addPersistentEntity(AbstractMappingContext.java:420) ~[spring-data-commons-2.0.6.RELEASE.jar:2.0.6.RELEASE]
	at org.springframework.data.mapping.context.AbstractMappingContext.getPersistentEntity(AbstractMappingContext.java:229) ~[spring-data-commons-2.0.6.RELEASE.jar:2.0.6.RELEASE]
	at org.springframework.data.mapping.context.AbstractMappingContext.getPersistentEntity(AbstractMappingContext.java:172) ~[spring-data-commons-2.0.6.RELEASE.jar:2.0.6.RELEASE]
	at org.springframework.data.mapping.context.AbstractMappingContext.getPersistentEntity(AbstractMappingContext.java:85) ~[spring-data-commons-2.0.6.RELEASE.jar:2.0.6.RELEASE]
	at org.springframework.data.mapping.context.MappingContext.getRequiredPersistentEntity(MappingContext.java:70) ~[spring-data-commons-2.0.6.RELEASE.jar:2.0.6.RELEASE]
	at org.springframework.data.mongodb.repository.support.MongoRepositoryFactory.getEntityInformation(MongoRepositoryFactory.java:149) ~[spring-data-mongodb-2.0.7.RELEASE.jar:2.0.7.RELEASE]
	at org.springframework.data.mongodb.repository.support.MongoRepositoryFactory.getTargetRepository(MongoRepositoryFactory.java:123) ~[spring-data-mongodb-2.0.7.RELEASE.jar:2.0.7.RELEASE]
	at org.springframework.data.repository.core.support.RepositoryFactorySupport.getRepository(RepositoryFactorySupport.java:298) ~[spring-data-commons-2.0.6.RELEASE.jar:2.0.6.RELEASE]
	at org.springframework.data.repository.core.support.RepositoryFactoryBeanSupport.lambda$afterPropertiesSet$3(RepositoryFactoryBeanSupport.java:287) ~[spring-data-commons-2.0.6.RELEASE.jar:2.0.6.RELEASE]
	at org.springframework.data.util.Lazy.getNullable(Lazy.java:141) ~[spring-data-commons-2.0.6.RELEASE.jar:2.0.6.RELEASE]
	at org.springframework.data.util.Lazy.get(Lazy.java:63) ~[spring-data-commons-2.0.6.RELEASE.jar:2.0.6.RELEASE]
	at org.springframework.data.repository.core.support.RepositoryFactoryBeanSupport.afterPropertiesSet(RepositoryFactoryBeanSupport.java:290) ~[spring-data-commons-2.0.6.RELEASE.jar:2.0.6.RELEASE]
	at org.springframework.data.mongodb.repository.support.MongoRepositoryFactoryBean.afterPropertiesSet(MongoRepositoryFactoryBean.java:119) ~[spring-data-mongodb-2.0.7.RELEASE.jar:2.0.7.RELEASE]
	at org.springframework.beans.factory.support.AbstractAutowireCapableBeanFactory.invokeInitMethods(AbstractAutowireCapableBeanFactory.java:1761) ~[spring-beans-5.0.5.RELEASE.jar:5.0.5.RELEASE]
	at org.springframework.beans.factory.support.AbstractAutowireCapableBeanFactory.initializeBean(AbstractAutowireCapableBeanFactory.java:1698) ~[spring-beans-5.0.5.RELEASE.jar:5.0.5.RELEASE]
	... 42 common frames omitted
Caused by: com.mongodb.MongoTimeoutException: Timed out after 30000 ms while waiting to connect. Client view of cluster state is {type=UNKNOWN, servers=[{address=127.0.0.1:27017, type=UNKNOWN, state=CONNECTING, exception={com.mongodb.MongoSocketOpenException: Exception opening socket}, caused by {java.net.ConnectException: Connection refused: connect}}]
	at com.mongodb.connection.BaseCluster.getDescription(BaseCluster.java:167) ~[mongo-java-driver-3.6.3.jar:na]
	at com.mongodb.Mongo.getConnectedClusterDescription(Mongo.java:885) ~[mongo-java-driver-3.6.3.jar:na]
	at com.mongodb.Mongo.createClientSession(Mongo.java:877) ~[mongo-java-driver-3.6.3.jar:na]
	at com.mongodb.Mongo$3.getClientSession(Mongo.java:866) ~[mongo-java-driver-3.6.3.jar:na]
	at com.mongodb.Mongo$3.execute(Mongo.java:834) ~[mongo-java-driver-3.6.3.jar:na]
	at com.mongodb.MongoCollectionImpl.executeCreateIndexes(MongoCollectionImpl.java:867) ~[mongo-java-driver-3.6.3.jar:na]
	at com.mongodb.MongoCollectionImpl.createIndexes(MongoCollectionImpl.java:820) ~[mongo-java-driver-3.6.3.jar:na]
	at com.mongodb.MongoCollectionImpl.createIndexes(MongoCollectionImpl.java:815) ~[mongo-java-driver-3.6.3.jar:na]
	at com.mongodb.MongoCollectionImpl.createIndex(MongoCollectionImpl.java:800) ~[mongo-java-driver-3.6.3.jar:na]
	at org.springframework.data.mongodb.core.DefaultIndexOperations.lambda$ensureIndex$0(DefaultIndexOperations.java:111) ~[spring-data-mongodb-2.0.7.RELEASE.jar:2.0.7.RELEASE]
	at org.springframework.data.mongodb.core.DefaultIndexOperations.execute(DefaultIndexOperations.java:192) ~[spring-data-mongodb-2.0.7.RELEASE.jar:2.0.7.RELEASE]
	... 68 common frames omitted

2018-06-11 08:55:35.625 ERROR 5768 --- [           main] o.s.test.context.TestContextManager      : Caught exception while allowing TestExecutionListener [org.springframework.test.context.web.ServletTestExecutionListener@15bbf42f] to prepare test instance [com.nau.digitalhospital.DigitalHospitalApplicationTests@3c87e6b7]

java.lang.IllegalStateException: Failed to load ApplicationContext
	at org.springframework.test.context.cache.DefaultCacheAwareContextLoaderDelegate.loadContext(DefaultCacheAwareContextLoaderDelegate.java:125) ~[spring-test-5.0.5.RELEASE.jar:5.0.5.RELEASE]
	at org.springframework.test.context.support.DefaultTestContext.getApplicationContext(DefaultTestContext.java:108) ~[spring-test-5.0.5.RELEASE.jar:5.0.5.RELEASE]
	at org.springframework.test.context.web.ServletTestExecutionListener.setUpRequestContextIfNecessary(ServletTestExecutionListener.java:190) ~[spring-test-5.0.5.RELEASE.jar:5.0.5.RELEASE]
	at org.springframework.test.context.web.ServletTestExecutionListener.prepareTestInstance(ServletTestExecutionListener.java:132) ~[spring-test-5.0.5.RELEASE.jar:5.0.5.RELEASE]
	at org.springframework.test.context.TestContextManager.prepareTestInstance(TestContextManager.java:246) ~[spring-test-5.0.5.RELEASE.jar:5.0.5.RELEASE]
	at org.springframework.test.context.junit4.SpringJUnit4ClassRunner.createTest(SpringJUnit4ClassRunner.java:227) [spring-test-5.0.5.RELEASE.jar:5.0.5.RELEASE]
	at org.springframework.test.context.junit4.SpringJUnit4ClassRunner$1.runReflectiveCall(SpringJUnit4ClassRunner.java:289) [spring-test-5.0.5.RELEASE.jar:5.0.5.RELEASE]
	at org.junit.internal.runners.model.ReflectiveCallable.run(ReflectiveCallable.java:12) [junit-4.12.jar:4.12]
	at org.springframework.test.context.junit4.SpringJUnit4ClassRunner.methodBlock(SpringJUnit4ClassRunner.java:291) [spring-test-5.0.5.RELEASE.jar:5.0.5.RELEASE]
	at org.springframework.test.context.junit4.SpringJUnit4ClassRunner.runChild(SpringJUnit4ClassRunner.java:246) [spring-test-5.0.5.RELEASE.jar:5.0.5.RELEASE]
	at org.springframework.test.context.junit4.SpringJUnit4ClassRunner.runChild(SpringJUnit4ClassRunner.java:97) [spring-test-5.0.5.RELEASE.jar:5.0.5.RELEASE]
	at org.junit.runners.ParentRunner$3.run(ParentRunner.java:290) [junit-4.12.jar:4.12]
	at org.junit.runners.ParentRunner$1.schedule(ParentRunner.java:71) [junit-4.12.jar:4.12]
	at org.junit.runners.ParentRunner.runChildren(ParentRunner.java:288) [junit-4.12.jar:4.12]
	at org.junit.runners.ParentRunner.access$000(ParentRunner.java:58) [junit-4.12.jar:4.12]
	at org.junit.runners.ParentRunner$2.evaluate(ParentRunner.java:268) [junit-4.12.jar:4.12]
	at org.springframework.test.context.junit4.statements.RunBeforeTestClassCallbacks.evaluate(RunBeforeTestClassCallbacks.java:61) [spring-test-5.0.5.RELEASE.jar:5.0.5.RELEASE]
	at org.springframework.test.context.junit4.statements.RunAfterTestClassCallbacks.evaluate(RunAfterTestClassCallbacks.java:70) [spring-test-5.0.5.RELEASE.jar:5.0.5.RELEASE]
	at org.junit.runners.ParentRunner.run(ParentRunner.java:363) [junit-4.12.jar:4.12]
	at org.springframework.test.context.junit4.SpringJUnit4ClassRunner.run(SpringJUnit4ClassRunner.java:190) [spring-test-5.0.5.RELEASE.jar:5.0.5.RELEASE]
	at org.apache.maven.surefire.junit4.JUnit4Provider.execute(JUnit4Provider.java:365) [surefire-junit4-2.21.0.jar:2.21.0]
	at org.apache.maven.surefire.junit4.JUnit4Provider.executeWithRerun(JUnit4Provider.java:273) [surefire-junit4-2.21.0.jar:2.21.0]
	at org.apache.maven.surefire.junit4.JUnit4Provider.executeTestSet(JUnit4Provider.java:238) [surefire-junit4-2.21.0.jar:2.21.0]
	at org.apache.maven.surefire.junit4.JUnit4Provider.invoke(JUnit4Provider.java:159) [surefire-junit4-2.21.0.jar:2.21.0]
	at org.apache.maven.surefire.booter.ForkedBooter.invokeProviderInSameClassLoader(ForkedBooter.java:379) [surefire-booter-2.21.0.jar:2.21.0]
	at org.apache.maven.surefire.booter.ForkedBooter.runSuitesInProcess(ForkedBooter.java:340) [surefire-booter-2.21.0.jar:2.21.0]
	at org.apache.maven.surefire.booter.ForkedBooter.execute(ForkedBooter.java:125) [surefire-booter-2.21.0.jar:2.21.0]
	at org.apache.maven.surefire.booter.ForkedBooter.main(ForkedBooter.java:413) [surefire-booter-2.21.0.jar:2.21.0]
Caused by: org.springframework.beans.factory.BeanCreationException: Error creating bean with name 'accountRepository': Invocation of init method failed; nested exception is org.springframework.dao.DataAccessResourceFailureException: Timed out after 30000 ms while waiting to connect. Client view of cluster state is {type=UNKNOWN, servers=[{address=127.0.0.1:27017, type=UNKNOWN, state=CONNECTING, exception={com.mongodb.MongoSocketOpenException: Exception opening socket}, caused by {java.net.ConnectException: Connection refused: connect}}]; nested exception is com.mongodb.MongoTimeoutException: Timed out after 30000 ms while waiting to connect. Client view of cluster state is {type=UNKNOWN, servers=[{address=127.0.0.1:27017, type=UNKNOWN, state=CONNECTING, exception={com.mongodb.MongoSocketOpenException: Exception opening socket}, caused by {java.net.ConnectException: Connection refused: connect}}]
	at org.springframework.beans.factory.support.AbstractAutowireCapableBeanFactory.initializeBean(AbstractAutowireCapableBeanFactory.java:1702) ~[spring-beans-5.0.5.RELEASE.jar:5.0.5.RELEASE]
	at org.springframework.beans.factory.support.AbstractAutowireCapableBeanFactory.doCreateBean(AbstractAutowireCapableBeanFactory.java:579) ~[spring-beans-5.0.5.RELEASE.jar:5.0.5.RELEASE]
	at org.springframework.beans.factory.support.AbstractAutowireCapableBeanFactory.createBean(AbstractAutowireCapableBeanFactory.java:501) ~[spring-beans-5.0.5.RELEASE.jar:5.0.5.RELEASE]
	at org.springframework.beans.factory.support.AbstractBeanFactory.lambda$doGetBean$0(AbstractBeanFactory.java:317) ~[spring-beans-5.0.5.RELEASE.jar:5.0.5.RELEASE]
	at org.springframework.beans.factory.support.DefaultSingletonBeanRegistry.getSingleton(DefaultSingletonBeanRegistry.java:228) ~[spring-beans-5.0.5.RELEASE.jar:5.0.5.RELEASE]
	at org.springframework.beans.factory.support.AbstractBeanFactory.doGetBean(AbstractBeanFactory.java:315) ~[spring-beans-5.0.5.RELEASE.jar:5.0.5.RELEASE]
	at org.springframework.beans.factory.support.AbstractBeanFactory.getBean(AbstractBeanFactory.java:199) ~[spring-beans-5.0.5.RELEASE.jar:5.0.5.RELEASE]
	at org.springframework.beans.factory.support.DefaultListableBeanFactory.preInstantiateSingletons(DefaultListableBeanFactory.java:741) ~[spring-beans-5.0.5.RELEASE.jar:5.0.5.RELEASE]
	at org.springframework.context.support.AbstractApplicationContext.finishBeanFactoryInitialization(AbstractApplicationContext.java:869) ~[spring-context-5.0.5.RELEASE.jar:5.0.5.RELEASE]
	at org.springframework.context.support.AbstractApplicationContext.refresh(AbstractApplicationContext.java:550) ~[spring-context-5.0.5.RELEASE.jar:5.0.5.RELEASE]
	at org.springframework.boot.SpringApplication.refresh(SpringApplication.java:759) ~[spring-boot-2.0.1.RELEASE.jar:2.0.1.RELEASE]
	at org.springframework.boot.SpringApplication.refreshContext(SpringApplication.java:395) ~[spring-boot-2.0.1.RELEASE.jar:2.0.1.RELEASE]
	at org.springframework.boot.SpringApplication.run(SpringApplication.java:327) ~[spring-boot-2.0.1.RELEASE.jar:2.0.1.RELEASE]
	at org.springframework.boot.test.context.SpringBootContextLoader.loadContext(SpringBootContextLoader.java:138) ~[spring-boot-test-2.0.1.RELEASE.jar:2.0.1.RELEASE]
	at org.springframework.test.context.cache.DefaultCacheAwareContextLoaderDelegate.loadContextInternal(DefaultCacheAwareContextLoaderDelegate.java:99) ~[spring-test-5.0.5.RELEASE.jar:5.0.5.RELEASE]
	at org.springframework.test.context.cache.DefaultCacheAwareContextLoaderDelegate.loadContext(DefaultCacheAwareContextLoaderDelegate.java:117) ~[spring-test-5.0.5.RELEASE.jar:5.0.5.RELEASE]
	... 27 common frames omitted
Caused by: org.springframework.dao.DataAccessResourceFailureException: Timed out after 30000 ms while waiting to connect. Client view of cluster state is {type=UNKNOWN, servers=[{address=127.0.0.1:27017, type=UNKNOWN, state=CONNECTING, exception={com.mongodb.MongoSocketOpenException: Exception opening socket}, caused by {java.net.ConnectException: Connection refused: connect}}]; nested exception is com.mongodb.MongoTimeoutException: Timed out after 30000 ms while waiting to connect. Client view of cluster state is {type=UNKNOWN, servers=[{address=127.0.0.1:27017, type=UNKNOWN, state=CONNECTING, exception={com.mongodb.MongoSocketOpenException: Exception opening socket}, caused by {java.net.ConnectException: Connection refused: connect}}]
	at org.springframework.data.mongodb.core.MongoExceptionTranslator.translateExceptionIfPossible(MongoExceptionTranslator.java:87) ~[spring-data-mongodb-2.0.7.RELEASE.jar:2.0.7.RELEASE]
	at org.springframework.data.mongodb.core.MongoTemplate.potentiallyConvertRuntimeException(MongoTemplate.java:2589) ~[spring-data-mongodb-2.0.7.RELEASE.jar:2.0.7.RELEASE]
	at org.springframework.data.mongodb.core.DefaultIndexOperations.execute(DefaultIndexOperations.java:194) ~[spring-data-mongodb-2.0.7.RELEASE.jar:2.0.7.RELEASE]
	at org.springframework.data.mongodb.core.DefaultIndexOperations.ensureIndex(DefaultIndexOperations.java:97) ~[spring-data-mongodb-2.0.7.RELEASE.jar:2.0.7.RELEASE]
	at org.springframework.data.mongodb.core.index.MongoPersistentEntityIndexCreator.createIndex(MongoPersistentEntityIndexCreator.java:145) ~[spring-data-mongodb-2.0.7.RELEASE.jar:2.0.7.RELEASE]
	at org.springframework.data.mongodb.core.index.MongoPersistentEntityIndexCreator.checkForAndCreateIndexes(MongoPersistentEntityIndexCreator.java:135) ~[spring-data-mongodb-2.0.7.RELEASE.jar:2.0.7.RELEASE]
	at org.springframework.data.mongodb.core.index.MongoPersistentEntityIndexCreator.checkForIndexes(MongoPersistentEntityIndexCreator.java:127) ~[spring-data-mongodb-2.0.7.RELEASE.jar:2.0.7.RELEASE]
	at org.springframework.data.mongodb.core.index.MongoPersistentEntityIndexCreator.onApplicationEvent(MongoPersistentEntityIndexCreator.java:111) ~[spring-data-mongodb-2.0.7.RELEASE.jar:2.0.7.RELEASE]
	at org.springframework.data.mongodb.core.index.MongoPersistentEntityIndexCreator.onApplicationEvent(MongoPersistentEntityIndexCreator.java:54) ~[spring-data-mongodb-2.0.7.RELEASE.jar:2.0.7.RELEASE]
	at org.springframework.context.event.SimpleApplicationEventMulticaster.doInvokeListener(SimpleApplicationEventMulticaster.java:172) ~[spring-context-5.0.5.RELEASE.jar:5.0.5.RELEASE]
	at org.springframework.context.event.SimpleApplicationEventMulticaster.invokeListener(SimpleApplicationEventMulticaster.java:165) ~[spring-context-5.0.5.RELEASE.jar:5.0.5.RELEASE]
	at org.springframework.context.event.SimpleApplicationEventMulticaster.multicastEvent(SimpleApplicationEventMulticaster.java:139) ~[spring-context-5.0.5.RELEASE.jar:5.0.5.RELEASE]
	at org.springframework.context.support.AbstractApplicationContext.publishEvent(AbstractApplicationContext.java:400) ~[spring-context-5.0.5.RELEASE.jar:5.0.5.RELEASE]
	at org.springframework.context.support.AbstractApplicationContext.publishEvent(AbstractApplicationContext.java:354) ~[spring-context-5.0.5.RELEASE.jar:5.0.5.RELEASE]
	at org.springframework.data.mapping.context.AbstractMappingContext.addPersistentEntity(AbstractMappingContext.java:420) ~[spring-data-commons-2.0.6.RELEASE.jar:2.0.6.RELEASE]
	at org.springframework.data.mapping.context.AbstractMappingContext.getPersistentEntity(AbstractMappingContext.java:229) ~[spring-data-commons-2.0.6.RELEASE.jar:2.0.6.RELEASE]
	at org.springframework.data.mapping.context.AbstractMappingContext.getPersistentEntity(AbstractMappingContext.java:172) ~[spring-data-commons-2.0.6.RELEASE.jar:2.0.6.RELEASE]
	at org.springframework.data.mapping.context.AbstractMappingContext.getPersistentEntity(AbstractMappingContext.java:85) ~[spring-data-commons-2.0.6.RELEASE.jar:2.0.6.RELEASE]
	at org.springframework.data.mapping.context.MappingContext.getRequiredPersistentEntity(MappingContext.java:70) ~[spring-data-commons-2.0.6.RELEASE.jar:2.0.6.RELEASE]
	at org.springframework.data.mongodb.repository.support.MongoRepositoryFactory.getEntityInformation(MongoRepositoryFactory.java:149) ~[spring-data-mongodb-2.0.7.RELEASE.jar:2.0.7.RELEASE]
	at org.springframework.data.mongodb.repository.support.MongoRepositoryFactory.getTargetRepository(MongoRepositoryFactory.java:123) ~[spring-data-mongodb-2.0.7.RELEASE.jar:2.0.7.RELEASE]
	at org.springframework.data.repository.core.support.RepositoryFactorySupport.getRepository(RepositoryFactorySupport.java:298) ~[spring-data-commons-2.0.6.RELEASE.jar:2.0.6.RELEASE]
	at org.springframework.data.repository.core.support.RepositoryFactoryBeanSupport.lambda$afterPropertiesSet$3(RepositoryFactoryBeanSupport.java:287) ~[spring-data-commons-2.0.6.RELEASE.jar:2.0.6.RELEASE]
	at org.springframework.data.util.Lazy.getNullable(Lazy.java:141) ~[spring-data-commons-2.0.6.RELEASE.jar:2.0.6.RELEASE]
	at org.springframework.data.util.Lazy.get(Lazy.java:63) ~[spring-data-commons-2.0.6.RELEASE.jar:2.0.6.RELEASE]
	at org.springframework.data.repository.core.support.RepositoryFactoryBeanSupport.afterPropertiesSet(RepositoryFactoryBeanSupport.java:290) ~[spring-data-commons-2.0.6.RELEASE.jar:2.0.6.RELEASE]
	at org.springframework.data.mongodb.repository.support.MongoRepositoryFactoryBean.afterPropertiesSet(MongoRepositoryFactoryBean.java:119) ~[spring-data-mongodb-2.0.7.RELEASE.jar:2.0.7.RELEASE]
	at org.springframework.beans.factory.support.AbstractAutowireCapableBeanFactory.invokeInitMethods(AbstractAutowireCapableBeanFactory.java:1761) ~[spring-beans-5.0.5.RELEASE.jar:5.0.5.RELEASE]
	at org.springframework.beans.factory.support.AbstractAutowireCapableBeanFactory.initializeBean(AbstractAutowireCapableBeanFactory.java:1698) ~[spring-beans-5.0.5.RELEASE.jar:5.0.5.RELEASE]
	... 42 common frames omitted
Caused by: com.mongodb.MongoTimeoutException: Timed out after 30000 ms while waiting to connect. Client view of cluster state is {type=UNKNOWN, servers=[{address=127.0.0.1:27017, type=UNKNOWN, state=CONNECTING, exception={com.mongodb.MongoSocketOpenException: Exception opening socket}, caused by {java.net.ConnectException: Connection refused: connect}}]
	at com.mongodb.connection.BaseCluster.getDescription(BaseCluster.java:167) ~[mongo-java-driver-3.6.3.jar:na]
	at com.mongodb.Mongo.getConnectedClusterDescription(Mongo.java:885) ~[mongo-java-driver-3.6.3.jar:na]
	at com.mongodb.Mongo.createClientSession(Mongo.java:877) ~[mongo-java-driver-3.6.3.jar:na]
	at com.mongodb.Mongo$3.getClientSession(Mongo.java:866) ~[mongo-java-driver-3.6.3.jar:na]
	at com.mongodb.Mongo$3.execute(Mongo.java:834) ~[mongo-java-driver-3.6.3.jar:na]
	at com.mongodb.MongoCollectionImpl.executeCreateIndexes(MongoCollectionImpl.java:867) ~[mongo-java-driver-3.6.3.jar:na]
	at com.mongodb.MongoCollectionImpl.createIndexes(MongoCollectionImpl.java:820) ~[mongo-java-driver-3.6.3.jar:na]
	at com.mongodb.MongoCollectionImpl.createIndexes(MongoCollectionImpl.java:815) ~[mongo-java-driver-3.6.3.jar:na]
	at com.mongodb.MongoCollectionImpl.createIndex(MongoCollectionImpl.java:800) ~[mongo-java-driver-3.6.3.jar:na]
	at org.springframework.data.mongodb.core.DefaultIndexOperations.lambda$ensureIndex$0(DefaultIndexOperations.java:111) ~[spring-data-mongodb-2.0.7.RELEASE.jar:2.0.7.RELEASE]
	at org.springframework.data.mongodb.core.DefaultIndexOperations.execute(DefaultIndexOperations.java:192) ~[spring-data-mongodb-2.0.7.RELEASE.jar:2.0.7.RELEASE]
	... 68 common frames omitted

]]></system-out>
  </testcase>
  <testcase name="countPatientCollectionEntries" classname="com.nau.digitalhospital.DigitalHospitalApplicationTests" time="0">
    <error message="Failed to load ApplicationContext" type="java.lang.IllegalStateException">java.lang.IllegalStateException: Failed to load ApplicationContext
Caused by: org.springframework.beans.factory.BeanCreationException: Error creating bean with name 'accountRepository': Invocation of init method failed; nested exception is org.springframework.dao.DataAccessResourceFailureException: Timed out after 30000 ms while waiting to connect. Client view of cluster state is {type=UNKNOWN, servers=[{address=127.0.0.1:27017, type=UNKNOWN, state=CONNECTING, exception={com.mongodb.MongoSocketOpenException: Exception opening socket}, caused by {java.net.ConnectException: Connection refused: connect}}]; nested exception is com.mongodb.MongoTimeoutException: Timed out after 30000 ms while waiting to connect. Client view of cluster state is {type=UNKNOWN, servers=[{address=127.0.0.1:27017, type=UNKNOWN, state=CONNECTING, exception={com.mongodb.MongoSocketOpenException: Exception opening socket}, caused by {java.net.ConnectException: Connection refused: connect}}]
Caused by: org.springframework.dao.DataAccessResourceFailureException: Timed out after 30000 ms while waiting to connect. Client view of cluster state is {type=UNKNOWN, servers=[{address=127.0.0.1:27017, type=UNKNOWN, state=CONNECTING, exception={com.mongodb.MongoSocketOpenException: Exception opening socket}, caused by {java.net.ConnectException: Connection refused: connect}}]; nested exception is com.mongodb.MongoTimeoutException: Timed out after 30000 ms while waiting to connect. Client view of cluster state is {type=UNKNOWN, servers=[{address=127.0.0.1:27017, type=UNKNOWN, state=CONNECTING, exception={com.mongodb.MongoSocketOpenException: Exception opening socket}, caused by {java.net.ConnectException: Connection refused: connect}}]
Caused by: com.mongodb.MongoTimeoutException: Timed out after 30000 ms while waiting to connect. Client view of cluster state is {type=UNKNOWN, servers=[{address=127.0.0.1:27017, type=UNKNOWN, state=CONNECTING, exception={com.mongodb.MongoSocketOpenException: Exception opening socket}, caused by {java.net.ConnectException: Connection refused: connect}}]
</error>
    <system-out><![CDATA[
  .   ____          _            __ _ _
 /\\ / ___'_ __ _ _(_)_ __  __ _ \ \ \ \
( ( )\___ | '_ | '_| | '_ \/ _` | \ \ \ \
 \\/  ___)| |_)| | | | | || (_| |  ) ) ) )
  '  |____| .__|_| |_|_| |_\__, | / / / /
 =========|_|==============|___/=/_/_/_/
 :: Spring Boot ::        (v2.0.1.RELEASE)

2018-06-11 08:55:35.673  INFO 5768 --- [           main] c.n.d.DigitalHospitalApplicationTests    : Starting DigitalHospitalApplicationTests on DELL with PID 5768 (started by DELL in M:\JavaLibrary\eepractice\digitalhospital)
2018-06-11 08:55:35.674  INFO 5768 --- [           main] c.n.d.DigitalHospitalApplicationTests    : No active profile set, falling back to default profiles: default
2018-06-11 08:55:35.678  INFO 5768 --- [           main] o.s.w.c.s.GenericWebApplicationContext   : Refreshing org.springframework.web.context.support.GenericWebApplicationContext@524a076e: startup date [Mon Jun 11 08:55:35 EEST 2018]; root of context hierarchy
2018-06-11 08:55:35.885  INFO 5768 --- [           main] f.a.AutowiredAnnotationBeanPostProcessor : JSR-330 'javax.inject.Inject' annotation found and supported for autowiring
2018-06-11 08:55:36.210  INFO 5768 --- [           main] o.s.s.web.DefaultSecurityFilterChain     : Creating filter chain: org.springframework.security.web.util.matcher.AnyRequestMatcher@1, [org.springframework.security.web.context.request.async.WebAsyncManagerIntegrationFilter@1b7a52dd, org.springframework.security.web.context.SecurityContextPersistenceFilter@177515d1, org.springframework.security.web.header.HeaderWriterFilter@480ad82c, org.springframework.security.web.csrf.CsrfFilter@53d13cd4, org.springframework.security.web.authentication.logout.LogoutFilter@7b676112, org.springframework.security.web.authentication.UsernamePasswordAuthenticationFilter@435cc7f9, org.springframework.security.web.authentication.ui.DefaultLoginPageGeneratingFilter@44032fde, org.springframework.security.web.authentication.www.BasicAuthenticationFilter@4364712f, org.springframework.security.web.savedrequest.RequestCacheAwareFilter@52ff99cd, org.springframework.security.web.servletapi.SecurityContextHolderAwareRequestFilter@4c2af006, org.springframework.security.web.authentication.AnonymousAuthenticationFilter@7f93dd4e, org.springframework.security.web.session.SessionManagementFilter@4d18b73a, org.springframework.security.web.access.ExceptionTranslationFilter@77865933, org.springframework.security.web.access.intercept.FilterSecurityInterceptor@53c6f96d]
2018-06-11 08:55:36.238  INFO 5768 --- [           main] org.mongodb.driver.cluster               : Cluster created with settings {hosts=[127.0.0.1:27017], mode=SINGLE, requiredClusterType=UNKNOWN, serverSelectionTimeout='30000 ms', maxWaitQueueSize=500}
2018-06-11 08:55:36.353  WARN 5768 --- [           main] o.s.d.m.c.m.BasicMongoPersistentProperty : Customizing field name for id property not allowed! Custom name will not be considered!
2018-06-11 08:55:36.355  INFO 5768 --- [           main] m.c.i.MongoPersistentEntityIndexResolver : Found cycle for field '_id' in type 'MedicalCard' for path 'medicalCard -> patient -> medicalCard'
2018-06-11 08:55:36.356  INFO 5768 --- [           main] m.c.i.MongoPersistentEntityIndexResolver : Found cycle for field 'patient' in type 'MedicalCard' for path 'medicalCard -> patient -> medicalCard'
2018-06-11 08:55:36.374  WARN 5768 --- [           main] o.s.d.m.c.m.BasicMongoPersistentProperty : Customizing field name for id property not allowed! Custom name will not be considered!
2018-06-11 08:55:36.377  INFO 5768 --- [           main] m.c.i.MongoPersistentEntityIndexResolver : Found cycle for field '_id' in type 'MedicalCard' for path 'medicalCard -> patient -> medicalCard'
2018-06-11 08:55:36.378  INFO 5768 --- [           main] m.c.i.MongoPersistentEntityIndexResolver : Found cycle for field 'medicalCard' in type 'Patient' for path 'patients -> medicalCard -> medicalExaminations -> doctor -> patients'
2018-06-11 08:55:36.379  INFO 5768 --- [           main] m.c.i.MongoPersistentEntityIndexResolver : Found cycle for field 'medicalCard' in type 'Patient' for path 'medicalCard -> patient -> medicalCard'
2018-06-11 08:55:36.381  INFO 5768 --- [           main] m.c.i.MongoPersistentEntityIndexResolver : Found cycle for field 'medicalCard' in type 'Patient' for path 'patients -> medicalCard -> medicalExaminations -> doctor -> patients'
2018-06-11 08:55:36.385  INFO 5768 --- [           main] m.c.i.MongoPersistentEntityIndexResolver : Found cycle for field '_id' in type 'MedicalCard' for path 'medicalCard -> patient -> medicalCard'
2018-06-11 08:55:36.386  INFO 5768 --- [           main] m.c.i.MongoPersistentEntityIndexResolver : Found cycle for field 'appointed_date' in type 'Doctor' for path 'doctor -> patients -> medicalCard -> medicalExaminations -> doctor'
2018-06-11 08:55:36.387  INFO 5768 --- [           main] m.c.i.MongoPersistentEntityIndexResolver : Found cycle for field 'medicalCard' in type 'Patient' for path 'medicalCard -> patient -> medicalCard'
2018-06-11 08:55:36.387  INFO 5768 --- [           main] m.c.i.MongoPersistentEntityIndexResolver : Found cycle for field 'patients' in type 'Doctor' for path 'doctor -> patients -> medicalCard -> medicalExaminations -> doctor'
2018-06-11 08:55:36.393  INFO 5768 --- [           main] m.c.i.MongoPersistentEntityIndexResolver : Found cycle for field 'medicalCard' in type 'Patient' for path 'patient -> medicalCard -> patient'
2018-06-11 08:55:36.393  INFO 5768 --- [           main] m.c.i.MongoPersistentEntityIndexResolver : Found cycle for field '_id' in type 'MedicalCard' for path 'medicalCard -> medicalExaminations -> doctor -> patients -> medicalCard'
2018-06-11 08:55:36.394  INFO 5768 --- [           main] m.c.i.MongoPersistentEntityIndexResolver : Found cycle for field '_id' in type 'MedicalCard' for path 'medicalCard -> patient -> medicalCard'
2018-06-11 08:55:36.394  INFO 5768 --- [           main] m.c.i.MongoPersistentEntityIndexResolver : Found cycle for field '_id' in type 'MedicalExamination' for path 'medicalExaminations -> doctor -> patients -> medicalCard -> medicalExaminations'
2018-06-11 08:55:36.395  INFO 5768 --- [           main] m.c.i.MongoPersistentEntityIndexResolver : Found cycle for field 'medicalCard' in type 'Patient' for path 'patient -> medicalCard -> patient'
2018-06-11 08:55:36.395  INFO 5768 --- [           main] m.c.i.MongoPersistentEntityIndexResolver : Found cycle for field 'medicalCard' in type 'Patient' for path 'medicalCard -> medicalExaminations -> doctor -> patients -> medicalCard'
2018-06-11 08:55:36.396  INFO 5768 --- [           main] m.c.i.MongoPersistentEntityIndexResolver : Found cycle for field 'medicalCard' in type 'Patient' for path 'medicalCard -> patient -> medicalCard'
2018-06-11 08:55:36.397  INFO 5768 --- [           main] m.c.i.MongoPersistentEntityIndexResolver : Found cycle for field 'doctor' in type 'MedicalExamination' for path 'medicalExaminations -> doctor -> patients -> medicalCard -> medicalExaminations'
2018-06-11 08:55:36.398  WARN 5768 --- [           main] o.s.d.m.c.m.BasicMongoPersistentProperty : Customizing field name for id property not allowed! Custom name will not be considered!
2018-06-11 08:55:36.401  INFO 5768 --- [           main] m.c.i.MongoPersistentEntityIndexResolver : Found cycle for field 'medicalCard' in type 'Patient' for path 'patient -> medicalCard -> patient'
2018-06-11 08:55:36.401  INFO 5768 --- [           main] m.c.i.MongoPersistentEntityIndexResolver : Found cycle for field '_id' in type 'MedicalCard' for path 'medicalCard -> medicalExaminations -> doctor -> patients -> medicalCard'
2018-06-11 08:55:36.402  INFO 5768 --- [           main] m.c.i.MongoPersistentEntityIndexResolver : Found cycle for field '_id' in type 'MedicalCard' for path 'medicalCard -> patient -> medicalCard'
2018-06-11 08:55:36.402  INFO 5768 --- [           main] m.c.i.MongoPersistentEntityIndexResolver : Found cycle for field '_id' in type 'MedicalExamination' for path 'medicalExaminations -> doctor -> patients -> medicalCard -> medicalExaminations'
2018-06-11 08:55:36.403  INFO 5768 --- [           main] m.c.i.MongoPersistentEntityIndexResolver : Found cycle for field 'patient' in type 'MedicalCard' for path 'patient -> medicalCard -> patient'
2018-06-11 08:55:36.404  INFO 5768 --- [           main] m.c.i.MongoPersistentEntityIndexResolver : Found cycle for field 'medicalCard' in type 'Patient' for path 'medicalCard -> patient -> medicalCard'
2018-06-11 08:55:36.406  INFO 5768 --- [           main] m.c.i.MongoPersistentEntityIndexResolver : Found cycle for field 'medicalExaminations' in type 'MedicalCard' for path 'medicalExaminations -> doctor -> patients -> medicalCard -> medicalExaminations'
2018-06-11 08:55:36.408  INFO 5768 --- [           main] org.mongodb.driver.cluster               : Cluster description not yet available. Waiting for 30000 ms before timing out
2018-06-11 08:55:37.265  INFO 5768 --- [127.0.0.1:27017] org.mongodb.driver.cluster               : Exception in monitor thread while connecting to server 127.0.0.1:27017

com.mongodb.MongoSocketOpenException: Exception opening socket
	at com.mongodb.connection.SocketStream.open(SocketStream.java:62) ~[mongo-java-driver-3.6.3.jar:na]
	at com.mongodb.connection.InternalStreamConnection.open(InternalStreamConnection.java:126) ~[mongo-java-driver-3.6.3.jar:na]
	at com.mongodb.connection.DefaultServerMonitor$ServerMonitorRunnable.run(DefaultServerMonitor.java:114) ~[mongo-java-driver-3.6.3.jar:na]
	at java.lang.Thread.run(Thread.java:748) [na:1.8.0_161]
Caused by: java.net.ConnectException: Connection refused: connect
	at java.net.DualStackPlainSocketImpl.waitForConnect(Native Method) ~[na:1.8.0_161]
	at java.net.DualStackPlainSocketImpl.socketConnect(DualStackPlainSocketImpl.java:85) ~[na:1.8.0_161]
	at java.net.AbstractPlainSocketImpl.doConnect(AbstractPlainSocketImpl.java:350) ~[na:1.8.0_161]
	at java.net.AbstractPlainSocketImpl.connectToAddress(AbstractPlainSocketImpl.java:206) ~[na:1.8.0_161]
	at java.net.AbstractPlainSocketImpl.connect(AbstractPlainSocketImpl.java:188) ~[na:1.8.0_161]
	at java.net.PlainSocketImpl.connect(PlainSocketImpl.java:172) ~[na:1.8.0_161]
	at java.net.SocksSocketImpl.connect(SocksSocketImpl.java:392) ~[na:1.8.0_161]
	at java.net.Socket.connect(Socket.java:589) ~[na:1.8.0_161]
	at com.mongodb.connection.SocketStreamHelper.initialize(SocketStreamHelper.java:59) ~[mongo-java-driver-3.6.3.jar:na]
	at com.mongodb.connection.SocketStream.open(SocketStream.java:57) ~[mongo-java-driver-3.6.3.jar:na]
	... 3 common frames omitted

2018-06-11 08:56:06.410  WARN 5768 --- [           main] o.s.w.c.s.GenericWebApplicationContext   : Exception encountered during context initialization - cancelling refresh attempt: org.springframework.beans.factory.BeanCreationException: Error creating bean with name 'accountRepository': Invocation of init method failed; nested exception is org.springframework.dao.DataAccessResourceFailureException: Timed out after 30000 ms while waiting to connect. Client view of cluster state is {type=UNKNOWN, servers=[{address=127.0.0.1:27017, type=UNKNOWN, state=CONNECTING, exception={com.mongodb.MongoSocketOpenException: Exception opening socket}, caused by {java.net.ConnectException: Connection refused: connect}}]; nested exception is com.mongodb.MongoTimeoutException: Timed out after 30000 ms while waiting to connect. Client view of cluster state is {type=UNKNOWN, servers=[{address=127.0.0.1:27017, type=UNKNOWN, state=CONNECTING, exception={com.mongodb.MongoSocketOpenException: Exception opening socket}, caused by {java.net.ConnectException: Connection refused: connect}}]
2018-06-11 08:56:06.414  INFO 5768 --- [           main] ConditionEvaluationReportLoggingListener : 

Error starting ApplicationContext. To display the conditions report re-run your application with 'debug' enabled.
2018-06-11 08:56:06.417 ERROR 5768 --- [           main] o.s.boot.SpringApplication               : Application run failed

org.springframework.beans.factory.BeanCreationException: Error creating bean with name 'accountRepository': Invocation of init method failed; nested exception is org.springframework.dao.DataAccessResourceFailureException: Timed out after 30000 ms while waiting to connect. Client view of cluster state is {type=UNKNOWN, servers=[{address=127.0.0.1:27017, type=UNKNOWN, state=CONNECTING, exception={com.mongodb.MongoSocketOpenException: Exception opening socket}, caused by {java.net.ConnectException: Connection refused: connect}}]; nested exception is com.mongodb.MongoTimeoutException: Timed out after 30000 ms while waiting to connect. Client view of cluster state is {type=UNKNOWN, servers=[{address=127.0.0.1:27017, type=UNKNOWN, state=CONNECTING, exception={com.mongodb.MongoSocketOpenException: Exception opening socket}, caused by {java.net.ConnectException: Connection refused: connect}}]
	at org.springframework.beans.factory.support.AbstractAutowireCapableBeanFactory.initializeBean(AbstractAutowireCapableBeanFactory.java:1702) ~[spring-beans-5.0.5.RELEASE.jar:5.0.5.RELEASE]
	at org.springframework.beans.factory.support.AbstractAutowireCapableBeanFactory.doCreateBean(AbstractAutowireCapableBeanFactory.java:579) ~[spring-beans-5.0.5.RELEASE.jar:5.0.5.RELEASE]
	at org.springframework.beans.factory.support.AbstractAutowireCapableBeanFactory.createBean(AbstractAutowireCapableBeanFactory.java:501) ~[spring-beans-5.0.5.RELEASE.jar:5.0.5.RELEASE]
	at org.springframework.beans.factory.support.AbstractBeanFactory.lambda$doGetBean$0(AbstractBeanFactory.java:317) ~[spring-beans-5.0.5.RELEASE.jar:5.0.5.RELEASE]
	at org.springframework.beans.factory.support.DefaultSingletonBeanRegistry.getSingleton(DefaultSingletonBeanRegistry.java:228) ~[spring-beans-5.0.5.RELEASE.jar:5.0.5.RELEASE]
	at org.springframework.beans.factory.support.AbstractBeanFactory.doGetBean(AbstractBeanFactory.java:315) ~[spring-beans-5.0.5.RELEASE.jar:5.0.5.RELEASE]
	at org.springframework.beans.factory.support.AbstractBeanFactory.getBean(AbstractBeanFactory.java:199) ~[spring-beans-5.0.5.RELEASE.jar:5.0.5.RELEASE]
	at org.springframework.beans.factory.support.DefaultListableBeanFactory.preInstantiateSingletons(DefaultListableBeanFactory.java:741) ~[spring-beans-5.0.5.RELEASE.jar:5.0.5.RELEASE]
	at org.springframework.context.support.AbstractApplicationContext.finishBeanFactoryInitialization(AbstractApplicationContext.java:869) ~[spring-context-5.0.5.RELEASE.jar:5.0.5.RELEASE]
	at org.springframework.context.support.AbstractApplicationContext.refresh(AbstractApplicationContext.java:550) ~[spring-context-5.0.5.RELEASE.jar:5.0.5.RELEASE]
	at org.springframework.boot.SpringApplication.refresh(SpringApplication.java:759) ~[spring-boot-2.0.1.RELEASE.jar:2.0.1.RELEASE]
	at org.springframework.boot.SpringApplication.refreshContext(SpringApplication.java:395) ~[spring-boot-2.0.1.RELEASE.jar:2.0.1.RELEASE]
	at org.springframework.boot.SpringApplication.run(SpringApplication.java:327) ~[spring-boot-2.0.1.RELEASE.jar:2.0.1.RELEASE]
	at org.springframework.boot.test.context.SpringBootContextLoader.loadContext(SpringBootContextLoader.java:138) [spring-boot-test-2.0.1.RELEASE.jar:2.0.1.RELEASE]
	at org.springframework.test.context.cache.DefaultCacheAwareContextLoaderDelegate.loadContextInternal(DefaultCacheAwareContextLoaderDelegate.java:99) [spring-test-5.0.5.RELEASE.jar:5.0.5.RELEASE]
	at org.springframework.test.context.cache.DefaultCacheAwareContextLoaderDelegate.loadContext(DefaultCacheAwareContextLoaderDelegate.java:117) [spring-test-5.0.5.RELEASE.jar:5.0.5.RELEASE]
	at org.springframework.test.context.support.DefaultTestContext.getApplicationContext(DefaultTestContext.java:108) [spring-test-5.0.5.RELEASE.jar:5.0.5.RELEASE]
	at org.springframework.test.context.web.ServletTestExecutionListener.setUpRequestContextIfNecessary(ServletTestExecutionListener.java:190) [spring-test-5.0.5.RELEASE.jar:5.0.5.RELEASE]
	at org.springframework.test.context.web.ServletTestExecutionListener.prepareTestInstance(ServletTestExecutionListener.java:132) [spring-test-5.0.5.RELEASE.jar:5.0.5.RELEASE]
	at org.springframework.test.context.TestContextManager.prepareTestInstance(TestContextManager.java:246) [spring-test-5.0.5.RELEASE.jar:5.0.5.RELEASE]
	at org.springframework.test.context.junit4.SpringJUnit4ClassRunner.createTest(SpringJUnit4ClassRunner.java:227) [spring-test-5.0.5.RELEASE.jar:5.0.5.RELEASE]
	at org.springframework.test.context.junit4.SpringJUnit4ClassRunner$1.runReflectiveCall(SpringJUnit4ClassRunner.java:289) [spring-test-5.0.5.RELEASE.jar:5.0.5.RELEASE]
	at org.junit.internal.runners.model.ReflectiveCallable.run(ReflectiveCallable.java:12) [junit-4.12.jar:4.12]
	at org.springframework.test.context.junit4.SpringJUnit4ClassRunner.methodBlock(SpringJUnit4ClassRunner.java:291) [spring-test-5.0.5.RELEASE.jar:5.0.5.RELEASE]
	at org.springframework.test.context.junit4.SpringJUnit4ClassRunner.runChild(SpringJUnit4ClassRunner.java:246) [spring-test-5.0.5.RELEASE.jar:5.0.5.RELEASE]
	at org.springframework.test.context.junit4.SpringJUnit4ClassRunner.runChild(SpringJUnit4ClassRunner.java:97) [spring-test-5.0.5.RELEASE.jar:5.0.5.RELEASE]
	at org.junit.runners.ParentRunner$3.run(ParentRunner.java:290) [junit-4.12.jar:4.12]
	at org.junit.runners.ParentRunner$1.schedule(ParentRunner.java:71) [junit-4.12.jar:4.12]
	at org.junit.runners.ParentRunner.runChildren(ParentRunner.java:288) [junit-4.12.jar:4.12]
	at org.junit.runners.ParentRunner.access$000(ParentRunner.java:58) [junit-4.12.jar:4.12]
	at org.junit.runners.ParentRunner$2.evaluate(ParentRunner.java:268) [junit-4.12.jar:4.12]
	at org.springframework.test.context.junit4.statements.RunBeforeTestClassCallbacks.evaluate(RunBeforeTestClassCallbacks.java:61) [spring-test-5.0.5.RELEASE.jar:5.0.5.RELEASE]
	at org.springframework.test.context.junit4.statements.RunAfterTestClassCallbacks.evaluate(RunAfterTestClassCallbacks.java:70) [spring-test-5.0.5.RELEASE.jar:5.0.5.RELEASE]
	at org.junit.runners.ParentRunner.run(ParentRunner.java:363) [junit-4.12.jar:4.12]
	at org.springframework.test.context.junit4.SpringJUnit4ClassRunner.run(SpringJUnit4ClassRunner.java:190) [spring-test-5.0.5.RELEASE.jar:5.0.5.RELEASE]
	at org.apache.maven.surefire.junit4.JUnit4Provider.execute(JUnit4Provider.java:365) [surefire-junit4-2.21.0.jar:2.21.0]
	at org.apache.maven.surefire.junit4.JUnit4Provider.executeWithRerun(JUnit4Provider.java:273) [surefire-junit4-2.21.0.jar:2.21.0]
	at org.apache.maven.surefire.junit4.JUnit4Provider.executeTestSet(JUnit4Provider.java:238) [surefire-junit4-2.21.0.jar:2.21.0]
	at org.apache.maven.surefire.junit4.JUnit4Provider.invoke(JUnit4Provider.java:159) [surefire-junit4-2.21.0.jar:2.21.0]
	at org.apache.maven.surefire.booter.ForkedBooter.invokeProviderInSameClassLoader(ForkedBooter.java:379) [surefire-booter-2.21.0.jar:2.21.0]
	at org.apache.maven.surefire.booter.ForkedBooter.runSuitesInProcess(ForkedBooter.java:340) [surefire-booter-2.21.0.jar:2.21.0]
	at org.apache.maven.surefire.booter.ForkedBooter.execute(ForkedBooter.java:125) [surefire-booter-2.21.0.jar:2.21.0]
	at org.apache.maven.surefire.booter.ForkedBooter.main(ForkedBooter.java:413) [surefire-booter-2.21.0.jar:2.21.0]
Caused by: org.springframework.dao.DataAccessResourceFailureException: Timed out after 30000 ms while waiting to connect. Client view of cluster state is {type=UNKNOWN, servers=[{address=127.0.0.1:27017, type=UNKNOWN, state=CONNECTING, exception={com.mongodb.MongoSocketOpenException: Exception opening socket}, caused by {java.net.ConnectException: Connection refused: connect}}]; nested exception is com.mongodb.MongoTimeoutException: Timed out after 30000 ms while waiting to connect. Client view of cluster state is {type=UNKNOWN, servers=[{address=127.0.0.1:27017, type=UNKNOWN, state=CONNECTING, exception={com.mongodb.MongoSocketOpenException: Exception opening socket}, caused by {java.net.ConnectException: Connection refused: connect}}]
	at org.springframework.data.mongodb.core.MongoExceptionTranslator.translateExceptionIfPossible(MongoExceptionTranslator.java:87) ~[spring-data-mongodb-2.0.7.RELEASE.jar:2.0.7.RELEASE]
	at org.springframework.data.mongodb.core.MongoTemplate.potentiallyConvertRuntimeException(MongoTemplate.java:2589) ~[spring-data-mongodb-2.0.7.RELEASE.jar:2.0.7.RELEASE]
	at org.springframework.data.mongodb.core.DefaultIndexOperations.execute(DefaultIndexOperations.java:194) ~[spring-data-mongodb-2.0.7.RELEASE.jar:2.0.7.RELEASE]
	at org.springframework.data.mongodb.core.DefaultIndexOperations.ensureIndex(DefaultIndexOperations.java:97) ~[spring-data-mongodb-2.0.7.RELEASE.jar:2.0.7.RELEASE]
	at org.springframework.data.mongodb.core.index.MongoPersistentEntityIndexCreator.createIndex(MongoPersistentEntityIndexCreator.java:145) ~[spring-data-mongodb-2.0.7.RELEASE.jar:2.0.7.RELEASE]
	at org.springframework.data.mongodb.core.index.MongoPersistentEntityIndexCreator.checkForAndCreateIndexes(MongoPersistentEntityIndexCreator.java:135) ~[spring-data-mongodb-2.0.7.RELEASE.jar:2.0.7.RELEASE]
	at org.springframework.data.mongodb.core.index.MongoPersistentEntityIndexCreator.checkForIndexes(MongoPersistentEntityIndexCreator.java:127) ~[spring-data-mongodb-2.0.7.RELEASE.jar:2.0.7.RELEASE]
	at org.springframework.data.mongodb.core.index.MongoPersistentEntityIndexCreator.onApplicationEvent(MongoPersistentEntityIndexCreator.java:111) ~[spring-data-mongodb-2.0.7.RELEASE.jar:2.0.7.RELEASE]
	at org.springframework.data.mongodb.core.index.MongoPersistentEntityIndexCreator.onApplicationEvent(MongoPersistentEntityIndexCreator.java:54) ~[spring-data-mongodb-2.0.7.RELEASE.jar:2.0.7.RELEASE]
	at org.springframework.context.event.SimpleApplicationEventMulticaster.doInvokeListener(SimpleApplicationEventMulticaster.java:172) ~[spring-context-5.0.5.RELEASE.jar:5.0.5.RELEASE]
	at org.springframework.context.event.SimpleApplicationEventMulticaster.invokeListener(SimpleApplicationEventMulticaster.java:165) ~[spring-context-5.0.5.RELEASE.jar:5.0.5.RELEASE]
	at org.springframework.context.event.SimpleApplicationEventMulticaster.multicastEvent(SimpleApplicationEventMulticaster.java:139) ~[spring-context-5.0.5.RELEASE.jar:5.0.5.RELEASE]
	at org.springframework.context.support.AbstractApplicationContext.publishEvent(AbstractApplicationContext.java:400) ~[spring-context-5.0.5.RELEASE.jar:5.0.5.RELEASE]
	at org.springframework.context.support.AbstractApplicationContext.publishEvent(AbstractApplicationContext.java:354) ~[spring-context-5.0.5.RELEASE.jar:5.0.5.RELEASE]
	at org.springframework.data.mapping.context.AbstractMappingContext.addPersistentEntity(AbstractMappingContext.java:420) ~[spring-data-commons-2.0.6.RELEASE.jar:2.0.6.RELEASE]
	at org.springframework.data.mapping.context.AbstractMappingContext.getPersistentEntity(AbstractMappingContext.java:229) ~[spring-data-commons-2.0.6.RELEASE.jar:2.0.6.RELEASE]
	at org.springframework.data.mapping.context.AbstractMappingContext.getPersistentEntity(AbstractMappingContext.java:172) ~[spring-data-commons-2.0.6.RELEASE.jar:2.0.6.RELEASE]
	at org.springframework.data.mapping.context.AbstractMappingContext.getPersistentEntity(AbstractMappingContext.java:85) ~[spring-data-commons-2.0.6.RELEASE.jar:2.0.6.RELEASE]
	at org.springframework.data.mapping.context.MappingContext.getRequiredPersistentEntity(MappingContext.java:70) ~[spring-data-commons-2.0.6.RELEASE.jar:2.0.6.RELEASE]
	at org.springframework.data.mongodb.repository.support.MongoRepositoryFactory.getEntityInformation(MongoRepositoryFactory.java:149) ~[spring-data-mongodb-2.0.7.RELEASE.jar:2.0.7.RELEASE]
	at org.springframework.data.mongodb.repository.support.MongoRepositoryFactory.getTargetRepository(MongoRepositoryFactory.java:123) ~[spring-data-mongodb-2.0.7.RELEASE.jar:2.0.7.RELEASE]
	at org.springframework.data.repository.core.support.RepositoryFactorySupport.getRepository(RepositoryFactorySupport.java:298) ~[spring-data-commons-2.0.6.RELEASE.jar:2.0.6.RELEASE]
	at org.springframework.data.repository.core.support.RepositoryFactoryBeanSupport.lambda$afterPropertiesSet$3(RepositoryFactoryBeanSupport.java:287) ~[spring-data-commons-2.0.6.RELEASE.jar:2.0.6.RELEASE]
	at org.springframework.data.util.Lazy.getNullable(Lazy.java:141) ~[spring-data-commons-2.0.6.RELEASE.jar:2.0.6.RELEASE]
	at org.springframework.data.util.Lazy.get(Lazy.java:63) ~[spring-data-commons-2.0.6.RELEASE.jar:2.0.6.RELEASE]
	at org.springframework.data.repository.core.support.RepositoryFactoryBeanSupport.afterPropertiesSet(RepositoryFactoryBeanSupport.java:290) ~[spring-data-commons-2.0.6.RELEASE.jar:2.0.6.RELEASE]
	at org.springframework.data.mongodb.repository.support.MongoRepositoryFactoryBean.afterPropertiesSet(MongoRepositoryFactoryBean.java:119) ~[spring-data-mongodb-2.0.7.RELEASE.jar:2.0.7.RELEASE]
	at org.springframework.beans.factory.support.AbstractAutowireCapableBeanFactory.invokeInitMethods(AbstractAutowireCapableBeanFactory.java:1761) ~[spring-beans-5.0.5.RELEASE.jar:5.0.5.RELEASE]
	at org.springframework.beans.factory.support.AbstractAutowireCapableBeanFactory.initializeBean(AbstractAutowireCapableBeanFactory.java:1698) ~[spring-beans-5.0.5.RELEASE.jar:5.0.5.RELEASE]
	... 42 common frames omitted
Caused by: com.mongodb.MongoTimeoutException: Timed out after 30000 ms while waiting to connect. Client view of cluster state is {type=UNKNOWN, servers=[{address=127.0.0.1:27017, type=UNKNOWN, state=CONNECTING, exception={com.mongodb.MongoSocketOpenException: Exception opening socket}, caused by {java.net.ConnectException: Connection refused: connect}}]
	at com.mongodb.connection.BaseCluster.getDescription(BaseCluster.java:167) ~[mongo-java-driver-3.6.3.jar:na]
	at com.mongodb.Mongo.getConnectedClusterDescription(Mongo.java:885) ~[mongo-java-driver-3.6.3.jar:na]
	at com.mongodb.Mongo.createClientSession(Mongo.java:877) ~[mongo-java-driver-3.6.3.jar:na]
	at com.mongodb.Mongo$3.getClientSession(Mongo.java:866) ~[mongo-java-driver-3.6.3.jar:na]
	at com.mongodb.Mongo$3.execute(Mongo.java:834) ~[mongo-java-driver-3.6.3.jar:na]
	at com.mongodb.MongoCollectionImpl.executeCreateIndexes(MongoCollectionImpl.java:867) ~[mongo-java-driver-3.6.3.jar:na]
	at com.mongodb.MongoCollectionImpl.createIndexes(MongoCollectionImpl.java:820) ~[mongo-java-driver-3.6.3.jar:na]
	at com.mongodb.MongoCollectionImpl.createIndexes(MongoCollectionImpl.java:815) ~[mongo-java-driver-3.6.3.jar:na]
	at com.mongodb.MongoCollectionImpl.createIndex(MongoCollectionImpl.java:800) ~[mongo-java-driver-3.6.3.jar:na]
	at org.springframework.data.mongodb.core.DefaultIndexOperations.lambda$ensureIndex$0(DefaultIndexOperations.java:111) ~[spring-data-mongodb-2.0.7.RELEASE.jar:2.0.7.RELEASE]
	at org.springframework.data.mongodb.core.DefaultIndexOperations.execute(DefaultIndexOperations.java:192) ~[spring-data-mongodb-2.0.7.RELEASE.jar:2.0.7.RELEASE]
	... 68 common frames omitted

2018-06-11 08:56:06.419 ERROR 5768 --- [           main] o.s.test.context.TestContextManager      : Caught exception while allowing TestExecutionListener [org.springframework.test.context.web.ServletTestExecutionListener@15bbf42f] to prepare test instance [com.nau.digitalhospital.DigitalHospitalApplicationTests@cda6019]

java.lang.IllegalStateException: Failed to load ApplicationContext
	at org.springframework.test.context.cache.DefaultCacheAwareContextLoaderDelegate.loadContext(DefaultCacheAwareContextLoaderDelegate.java:125) ~[spring-test-5.0.5.RELEASE.jar:5.0.5.RELEASE]
	at org.springframework.test.context.support.DefaultTestContext.getApplicationContext(DefaultTestContext.java:108) ~[spring-test-5.0.5.RELEASE.jar:5.0.5.RELEASE]
	at org.springframework.test.context.web.ServletTestExecutionListener.setUpRequestContextIfNecessary(ServletTestExecutionListener.java:190) ~[spring-test-5.0.5.RELEASE.jar:5.0.5.RELEASE]
	at org.springframework.test.context.web.ServletTestExecutionListener.prepareTestInstance(ServletTestExecutionListener.java:132) ~[spring-test-5.0.5.RELEASE.jar:5.0.5.RELEASE]
	at org.springframework.test.context.TestContextManager.prepareTestInstance(TestContextManager.java:246) ~[spring-test-5.0.5.RELEASE.jar:5.0.5.RELEASE]
	at org.springframework.test.context.junit4.SpringJUnit4ClassRunner.createTest(SpringJUnit4ClassRunner.java:227) [spring-test-5.0.5.RELEASE.jar:5.0.5.RELEASE]
	at org.springframework.test.context.junit4.SpringJUnit4ClassRunner$1.runReflectiveCall(SpringJUnit4ClassRunner.java:289) [spring-test-5.0.5.RELEASE.jar:5.0.5.RELEASE]
	at org.junit.internal.runners.model.ReflectiveCallable.run(ReflectiveCallable.java:12) [junit-4.12.jar:4.12]
	at org.springframework.test.context.junit4.SpringJUnit4ClassRunner.methodBlock(SpringJUnit4ClassRunner.java:291) [spring-test-5.0.5.RELEASE.jar:5.0.5.RELEASE]
	at org.springframework.test.context.junit4.SpringJUnit4ClassRunner.runChild(SpringJUnit4ClassRunner.java:246) [spring-test-5.0.5.RELEASE.jar:5.0.5.RELEASE]
	at org.springframework.test.context.junit4.SpringJUnit4ClassRunner.runChild(SpringJUnit4ClassRunner.java:97) [spring-test-5.0.5.RELEASE.jar:5.0.5.RELEASE]
	at org.junit.runners.ParentRunner$3.run(ParentRunner.java:290) [junit-4.12.jar:4.12]
	at org.junit.runners.ParentRunner$1.schedule(ParentRunner.java:71) [junit-4.12.jar:4.12]
	at org.junit.runners.ParentRunner.runChildren(ParentRunner.java:288) [junit-4.12.jar:4.12]
	at org.junit.runners.ParentRunner.access$000(ParentRunner.java:58) [junit-4.12.jar:4.12]
	at org.junit.runners.ParentRunner$2.evaluate(ParentRunner.java:268) [junit-4.12.jar:4.12]
	at org.springframework.test.context.junit4.statements.RunBeforeTestClassCallbacks.evaluate(RunBeforeTestClassCallbacks.java:61) [spring-test-5.0.5.RELEASE.jar:5.0.5.RELEASE]
	at org.springframework.test.context.junit4.statements.RunAfterTestClassCallbacks.evaluate(RunAfterTestClassCallbacks.java:70) [spring-test-5.0.5.RELEASE.jar:5.0.5.RELEASE]
	at org.junit.runners.ParentRunner.run(ParentRunner.java:363) [junit-4.12.jar:4.12]
	at org.springframework.test.context.junit4.SpringJUnit4ClassRunner.run(SpringJUnit4ClassRunner.java:190) [spring-test-5.0.5.RELEASE.jar:5.0.5.RELEASE]
	at org.apache.maven.surefire.junit4.JUnit4Provider.execute(JUnit4Provider.java:365) [surefire-junit4-2.21.0.jar:2.21.0]
	at org.apache.maven.surefire.junit4.JUnit4Provider.executeWithRerun(JUnit4Provider.java:273) [surefire-junit4-2.21.0.jar:2.21.0]
	at org.apache.maven.surefire.junit4.JUnit4Provider.executeTestSet(JUnit4Provider.java:238) [surefire-junit4-2.21.0.jar:2.21.0]
	at org.apache.maven.surefire.junit4.JUnit4Provider.invoke(JUnit4Provider.java:159) [surefire-junit4-2.21.0.jar:2.21.0]
	at org.apache.maven.surefire.booter.ForkedBooter.invokeProviderInSameClassLoader(ForkedBooter.java:379) [surefire-booter-2.21.0.jar:2.21.0]
	at org.apache.maven.surefire.booter.ForkedBooter.runSuitesInProcess(ForkedBooter.java:340) [surefire-booter-2.21.0.jar:2.21.0]
	at org.apache.maven.surefire.booter.ForkedBooter.execute(ForkedBooter.java:125) [surefire-booter-2.21.0.jar:2.21.0]
	at org.apache.maven.surefire.booter.ForkedBooter.main(ForkedBooter.java:413) [surefire-booter-2.21.0.jar:2.21.0]
Caused by: org.springframework.beans.factory.BeanCreationException: Error creating bean with name 'accountRepository': Invocation of init method failed; nested exception is org.springframework.dao.DataAccessResourceFailureException: Timed out after 30000 ms while waiting to connect. Client view of cluster state is {type=UNKNOWN, servers=[{address=127.0.0.1:27017, type=UNKNOWN, state=CONNECTING, exception={com.mongodb.MongoSocketOpenException: Exception opening socket}, caused by {java.net.ConnectException: Connection refused: connect}}]; nested exception is com.mongodb.MongoTimeoutException: Timed out after 30000 ms while waiting to connect. Client view of cluster state is {type=UNKNOWN, servers=[{address=127.0.0.1:27017, type=UNKNOWN, state=CONNECTING, exception={com.mongodb.MongoSocketOpenException: Exception opening socket}, caused by {java.net.ConnectException: Connection refused: connect}}]
	at org.springframework.beans.factory.support.AbstractAutowireCapableBeanFactory.initializeBean(AbstractAutowireCapableBeanFactory.java:1702) ~[spring-beans-5.0.5.RELEASE.jar:5.0.5.RELEASE]
	at org.springframework.beans.factory.support.AbstractAutowireCapableBeanFactory.doCreateBean(AbstractAutowireCapableBeanFactory.java:579) ~[spring-beans-5.0.5.RELEASE.jar:5.0.5.RELEASE]
	at org.springframework.beans.factory.support.AbstractAutowireCapableBeanFactory.createBean(AbstractAutowireCapableBeanFactory.java:501) ~[spring-beans-5.0.5.RELEASE.jar:5.0.5.RELEASE]
	at org.springframework.beans.factory.support.AbstractBeanFactory.lambda$doGetBean$0(AbstractBeanFactory.java:317) ~[spring-beans-5.0.5.RELEASE.jar:5.0.5.RELEASE]
	at org.springframework.beans.factory.support.DefaultSingletonBeanRegistry.getSingleton(DefaultSingletonBeanRegistry.java:228) ~[spring-beans-5.0.5.RELEASE.jar:5.0.5.RELEASE]
	at org.springframework.beans.factory.support.AbstractBeanFactory.doGetBean(AbstractBeanFactory.java:315) ~[spring-beans-5.0.5.RELEASE.jar:5.0.5.RELEASE]
	at org.springframework.beans.factory.support.AbstractBeanFactory.getBean(AbstractBeanFactory.java:199) ~[spring-beans-5.0.5.RELEASE.jar:5.0.5.RELEASE]
	at org.springframework.beans.factory.support.DefaultListableBeanFactory.preInstantiateSingletons(DefaultListableBeanFactory.java:741) ~[spring-beans-5.0.5.RELEASE.jar:5.0.5.RELEASE]
	at org.springframework.context.support.AbstractApplicationContext.finishBeanFactoryInitialization(AbstractApplicationContext.java:869) ~[spring-context-5.0.5.RELEASE.jar:5.0.5.RELEASE]
	at org.springframework.context.support.AbstractApplicationContext.refresh(AbstractApplicationContext.java:550) ~[spring-context-5.0.5.RELEASE.jar:5.0.5.RELEASE]
	at org.springframework.boot.SpringApplication.refresh(SpringApplication.java:759) ~[spring-boot-2.0.1.RELEASE.jar:2.0.1.RELEASE]
	at org.springframework.boot.SpringApplication.refreshContext(SpringApplication.java:395) ~[spring-boot-2.0.1.RELEASE.jar:2.0.1.RELEASE]
	at org.springframework.boot.SpringApplication.run(SpringApplication.java:327) ~[spring-boot-2.0.1.RELEASE.jar:2.0.1.RELEASE]
	at org.springframework.boot.test.context.SpringBootContextLoader.loadContext(SpringBootContextLoader.java:138) ~[spring-boot-test-2.0.1.RELEASE.jar:2.0.1.RELEASE]
	at org.springframework.test.context.cache.DefaultCacheAwareContextLoaderDelegate.loadContextInternal(DefaultCacheAwareContextLoaderDelegate.java:99) ~[spring-test-5.0.5.RELEASE.jar:5.0.5.RELEASE]
	at org.springframework.test.context.cache.DefaultCacheAwareContextLoaderDelegate.loadContext(DefaultCacheAwareContextLoaderDelegate.java:117) ~[spring-test-5.0.5.RELEASE.jar:5.0.5.RELEASE]
	... 27 common frames omitted
Caused by: org.springframework.dao.DataAccessResourceFailureException: Timed out after 30000 ms while waiting to connect. Client view of cluster state is {type=UNKNOWN, servers=[{address=127.0.0.1:27017, type=UNKNOWN, state=CONNECTING, exception={com.mongodb.MongoSocketOpenException: Exception opening socket}, caused by {java.net.ConnectException: Connection refused: connect}}]; nested exception is com.mongodb.MongoTimeoutException: Timed out after 30000 ms while waiting to connect. Client view of cluster state is {type=UNKNOWN, servers=[{address=127.0.0.1:27017, type=UNKNOWN, state=CONNECTING, exception={com.mongodb.MongoSocketOpenException: Exception opening socket}, caused by {java.net.ConnectException: Connection refused: connect}}]
	at org.springframework.data.mongodb.core.MongoExceptionTranslator.translateExceptionIfPossible(MongoExceptionTranslator.java:87) ~[spring-data-mongodb-2.0.7.RELEASE.jar:2.0.7.RELEASE]
	at org.springframework.data.mongodb.core.MongoTemplate.potentiallyConvertRuntimeException(MongoTemplate.java:2589) ~[spring-data-mongodb-2.0.7.RELEASE.jar:2.0.7.RELEASE]
	at org.springframework.data.mongodb.core.DefaultIndexOperations.execute(DefaultIndexOperations.java:194) ~[spring-data-mongodb-2.0.7.RELEASE.jar:2.0.7.RELEASE]
	at org.springframework.data.mongodb.core.DefaultIndexOperations.ensureIndex(DefaultIndexOperations.java:97) ~[spring-data-mongodb-2.0.7.RELEASE.jar:2.0.7.RELEASE]
	at org.springframework.data.mongodb.core.index.MongoPersistentEntityIndexCreator.createIndex(MongoPersistentEntityIndexCreator.java:145) ~[spring-data-mongodb-2.0.7.RELEASE.jar:2.0.7.RELEASE]
	at org.springframework.data.mongodb.core.index.MongoPersistentEntityIndexCreator.checkForAndCreateIndexes(MongoPersistentEntityIndexCreator.java:135) ~[spring-data-mongodb-2.0.7.RELEASE.jar:2.0.7.RELEASE]
	at org.springframework.data.mongodb.core.index.MongoPersistentEntityIndexCreator.checkForIndexes(MongoPersistentEntityIndexCreator.java:127) ~[spring-data-mongodb-2.0.7.RELEASE.jar:2.0.7.RELEASE]
	at org.springframework.data.mongodb.core.index.MongoPersistentEntityIndexCreator.onApplicationEvent(MongoPersistentEntityIndexCreator.java:111) ~[spring-data-mongodb-2.0.7.RELEASE.jar:2.0.7.RELEASE]
	at org.springframework.data.mongodb.core.index.MongoPersistentEntityIndexCreator.onApplicationEvent(MongoPersistentEntityIndexCreator.java:54) ~[spring-data-mongodb-2.0.7.RELEASE.jar:2.0.7.RELEASE]
	at org.springframework.context.event.SimpleApplicationEventMulticaster.doInvokeListener(SimpleApplicationEventMulticaster.java:172) ~[spring-context-5.0.5.RELEASE.jar:5.0.5.RELEASE]
	at org.springframework.context.event.SimpleApplicationEventMulticaster.invokeListener(SimpleApplicationEventMulticaster.java:165) ~[spring-context-5.0.5.RELEASE.jar:5.0.5.RELEASE]
	at org.springframework.context.event.SimpleApplicationEventMulticaster.multicastEvent(SimpleApplicationEventMulticaster.java:139) ~[spring-context-5.0.5.RELEASE.jar:5.0.5.RELEASE]
	at org.springframework.context.support.AbstractApplicationContext.publishEvent(AbstractApplicationContext.java:400) ~[spring-context-5.0.5.RELEASE.jar:5.0.5.RELEASE]
	at org.springframework.context.support.AbstractApplicationContext.publishEvent(AbstractApplicationContext.java:354) ~[spring-context-5.0.5.RELEASE.jar:5.0.5.RELEASE]
	at org.springframework.data.mapping.context.AbstractMappingContext.addPersistentEntity(AbstractMappingContext.java:420) ~[spring-data-commons-2.0.6.RELEASE.jar:2.0.6.RELEASE]
	at org.springframework.data.mapping.context.AbstractMappingContext.getPersistentEntity(AbstractMappingContext.java:229) ~[spring-data-commons-2.0.6.RELEASE.jar:2.0.6.RELEASE]
	at org.springframework.data.mapping.context.AbstractMappingContext.getPersistentEntity(AbstractMappingContext.java:172) ~[spring-data-commons-2.0.6.RELEASE.jar:2.0.6.RELEASE]
	at org.springframework.data.mapping.context.AbstractMappingContext.getPersistentEntity(AbstractMappingContext.java:85) ~[spring-data-commons-2.0.6.RELEASE.jar:2.0.6.RELEASE]
	at org.springframework.data.mapping.context.MappingContext.getRequiredPersistentEntity(MappingContext.java:70) ~[spring-data-commons-2.0.6.RELEASE.jar:2.0.6.RELEASE]
	at org.springframework.data.mongodb.repository.support.MongoRepositoryFactory.getEntityInformation(MongoRepositoryFactory.java:149) ~[spring-data-mongodb-2.0.7.RELEASE.jar:2.0.7.RELEASE]
	at org.springframework.data.mongodb.repository.support.MongoRepositoryFactory.getTargetRepository(MongoRepositoryFactory.java:123) ~[spring-data-mongodb-2.0.7.RELEASE.jar:2.0.7.RELEASE]
	at org.springframework.data.repository.core.support.RepositoryFactorySupport.getRepository(RepositoryFactorySupport.java:298) ~[spring-data-commons-2.0.6.RELEASE.jar:2.0.6.RELEASE]
	at org.springframework.data.repository.core.support.RepositoryFactoryBeanSupport.lambda$afterPropertiesSet$3(RepositoryFactoryBeanSupport.java:287) ~[spring-data-commons-2.0.6.RELEASE.jar:2.0.6.RELEASE]
	at org.springframework.data.util.Lazy.getNullable(Lazy.java:141) ~[spring-data-commons-2.0.6.RELEASE.jar:2.0.6.RELEASE]
	at org.springframework.data.util.Lazy.get(Lazy.java:63) ~[spring-data-commons-2.0.6.RELEASE.jar:2.0.6.RELEASE]
	at org.springframework.data.repository.core.support.RepositoryFactoryBeanSupport.afterPropertiesSet(RepositoryFactoryBeanSupport.java:290) ~[spring-data-commons-2.0.6.RELEASE.jar:2.0.6.RELEASE]
	at org.springframework.data.mongodb.repository.support.MongoRepositoryFactoryBean.afterPropertiesSet(MongoRepositoryFactoryBean.java:119) ~[spring-data-mongodb-2.0.7.RELEASE.jar:2.0.7.RELEASE]
	at org.springframework.beans.factory.support.AbstractAutowireCapableBeanFactory.invokeInitMethods(AbstractAutowireCapableBeanFactory.java:1761) ~[spring-beans-5.0.5.RELEASE.jar:5.0.5.RELEASE]
	at org.springframework.beans.factory.support.AbstractAutowireCapableBeanFactory.initializeBean(AbstractAutowireCapableBeanFactory.java:1698) ~[spring-beans-5.0.5.RELEASE.jar:5.0.5.RELEASE]
	... 42 common frames omitted
Caused by: com.mongodb.MongoTimeoutException: Timed out after 30000 ms while waiting to connect. Client view of cluster state is {type=UNKNOWN, servers=[{address=127.0.0.1:27017, type=UNKNOWN, state=CONNECTING, exception={com.mongodb.MongoSocketOpenException: Exception opening socket}, caused by {java.net.ConnectException: Connection refused: connect}}]
	at com.mongodb.connection.BaseCluster.getDescription(BaseCluster.java:167) ~[mongo-java-driver-3.6.3.jar:na]
	at com.mongodb.Mongo.getConnectedClusterDescription(Mongo.java:885) ~[mongo-java-driver-3.6.3.jar:na]
	at com.mongodb.Mongo.createClientSession(Mongo.java:877) ~[mongo-java-driver-3.6.3.jar:na]
	at com.mongodb.Mongo$3.getClientSession(Mongo.java:866) ~[mongo-java-driver-3.6.3.jar:na]
	at com.mongodb.Mongo$3.execute(Mongo.java:834) ~[mongo-java-driver-3.6.3.jar:na]
	at com.mongodb.MongoCollectionImpl.executeCreateIndexes(MongoCollectionImpl.java:867) ~[mongo-java-driver-3.6.3.jar:na]
	at com.mongodb.MongoCollectionImpl.createIndexes(MongoCollectionImpl.java:820) ~[mongo-java-driver-3.6.3.jar:na]
	at com.mongodb.MongoCollectionImpl.createIndexes(MongoCollectionImpl.java:815) ~[mongo-java-driver-3.6.3.jar:na]
	at com.mongodb.MongoCollectionImpl.createIndex(MongoCollectionImpl.java:800) ~[mongo-java-driver-3.6.3.jar:na]
	at org.springframework.data.mongodb.core.DefaultIndexOperations.lambda$ensureIndex$0(DefaultIndexOperations.java:111) ~[spring-data-mongodb-2.0.7.RELEASE.jar:2.0.7.RELEASE]
	at org.springframework.data.mongodb.core.DefaultIndexOperations.execute(DefaultIndexOperations.java:192) ~[spring-data-mongodb-2.0.7.RELEASE.jar:2.0.7.RELEASE]
	... 68 common frames omitted

]]></system-out>
  </testcase>
  <testcase name="insertTestData" classname="com.nau.digitalhospital.DigitalHospitalApplicationTests" time="0">
    <error message="Failed to load ApplicationContext" type="java.lang.IllegalStateException">java.lang.IllegalStateException: Failed to load ApplicationContext
Caused by: org.springframework.beans.factory.BeanCreationException: Error creating bean with name 'accountRepository': Invocation of init method failed; nested exception is org.springframework.dao.DataAccessResourceFailureException: Timed out after 30000 ms while waiting to connect. Client view of cluster state is {type=UNKNOWN, servers=[{address=127.0.0.1:27017, type=UNKNOWN, state=CONNECTING, exception={com.mongodb.MongoSocketOpenException: Exception opening socket}, caused by {java.net.ConnectException: Connection refused: connect}}]; nested exception is com.mongodb.MongoTimeoutException: Timed out after 30000 ms while waiting to connect. Client view of cluster state is {type=UNKNOWN, servers=[{address=127.0.0.1:27017, type=UNKNOWN, state=CONNECTING, exception={com.mongodb.MongoSocketOpenException: Exception opening socket}, caused by {java.net.ConnectException: Connection refused: connect}}]
Caused by: org.springframework.dao.DataAccessResourceFailureException: Timed out after 30000 ms while waiting to connect. Client view of cluster state is {type=UNKNOWN, servers=[{address=127.0.0.1:27017, type=UNKNOWN, state=CONNECTING, exception={com.mongodb.MongoSocketOpenException: Exception opening socket}, caused by {java.net.ConnectException: Connection refused: connect}}]; nested exception is com.mongodb.MongoTimeoutException: Timed out after 30000 ms while waiting to connect. Client view of cluster state is {type=UNKNOWN, servers=[{address=127.0.0.1:27017, type=UNKNOWN, state=CONNECTING, exception={com.mongodb.MongoSocketOpenException: Exception opening socket}, caused by {java.net.ConnectException: Connection refused: connect}}]
Caused by: com.mongodb.MongoTimeoutException: Timed out after 30000 ms while waiting to connect. Client view of cluster state is {type=UNKNOWN, servers=[{address=127.0.0.1:27017, type=UNKNOWN, state=CONNECTING, exception={com.mongodb.MongoSocketOpenException: Exception opening socket}, caused by {java.net.ConnectException: Connection refused: connect}}]
</error>
    <system-out><![CDATA[
  .   ____          _            __ _ _
 /\\ / ___'_ __ _ _(_)_ __  __ _ \ \ \ \
( ( )\___ | '_ | '_| | '_ \/ _` | \ \ \ \
 \\/  ___)| |_)| | | | | || (_| |  ) ) ) )
  '  |____| .__|_| |_|_| |_\__, | / / / /
 =========|_|==============|___/=/_/_/_/
 :: Spring Boot ::        (v2.0.1.RELEASE)

2018-06-11 08:56:06.468  INFO 5768 --- [           main] c.n.d.DigitalHospitalApplicationTests    : Starting DigitalHospitalApplicationTests on DELL with PID 5768 (started by DELL in M:\JavaLibrary\eepractice\digitalhospital)
2018-06-11 08:56:06.469  INFO 5768 --- [           main] c.n.d.DigitalHospitalApplicationTests    : No active profile set, falling back to default profiles: default
2018-06-11 08:56:06.473  INFO 5768 --- [           main] o.s.w.c.s.GenericWebApplicationContext   : Refreshing org.springframework.web.context.support.GenericWebApplicationContext@60b34931: startup date [Mon Jun 11 08:56:06 EEST 2018]; root of context hierarchy
2018-06-11 08:56:06.884  INFO 5768 --- [           main] f.a.AutowiredAnnotationBeanPostProcessor : JSR-330 'javax.inject.Inject' annotation found and supported for autowiring
2018-06-11 08:56:07.368  INFO 5768 --- [           main] o.s.s.web.DefaultSecurityFilterChain     : Creating filter chain: org.springframework.security.web.util.matcher.AnyRequestMatcher@1, [org.springframework.security.web.context.request.async.WebAsyncManagerIntegrationFilter@2f860823, org.springframework.security.web.context.SecurityContextPersistenceFilter@2aa7399c, org.springframework.security.web.header.HeaderWriterFilter@2be95d31, org.springframework.security.web.csrf.CsrfFilter@68ee3b6d, org.springframework.security.web.authentication.logout.LogoutFilter@a5bbaec, org.springframework.security.web.authentication.UsernamePasswordAuthenticationFilter@5a0bef24, org.springframework.security.web.authentication.ui.DefaultLoginPageGeneratingFilter@19a31b9d, org.springframework.security.web.authentication.www.BasicAuthenticationFilter@6468a7b6, org.springframework.security.web.savedrequest.RequestCacheAwareFilter@11eed657, org.springframework.security.web.servletapi.SecurityContextHolderAwareRequestFilter@708f018e, org.springframework.security.web.authentication.AnonymousAuthenticationFilter@696b4a95, org.springframework.security.web.session.SessionManagementFilter@338b49d3, org.springframework.security.web.access.ExceptionTranslationFilter@e76b097, org.springframework.security.web.access.intercept.FilterSecurityInterceptor@334ebcaa]
2018-06-11 08:56:07.384  INFO 5768 --- [           main] org.mongodb.driver.cluster               : Cluster created with settings {hosts=[127.0.0.1:27017], mode=SINGLE, requiredClusterType=UNKNOWN, serverSelectionTimeout='30000 ms', maxWaitQueueSize=500}
2018-06-11 08:56:07.473  WARN 5768 --- [           main] o.s.d.m.c.m.BasicMongoPersistentProperty : Customizing field name for id property not allowed! Custom name will not be considered!
2018-06-11 08:56:07.475  INFO 5768 --- [           main] m.c.i.MongoPersistentEntityIndexResolver : Found cycle for field '_id' in type 'MedicalCard' for path 'medicalCard -> patient -> medicalCard'
2018-06-11 08:56:07.476  INFO 5768 --- [           main] m.c.i.MongoPersistentEntityIndexResolver : Found cycle for field 'patient' in type 'MedicalCard' for path 'medicalCard -> patient -> medicalCard'
2018-06-11 08:56:07.486  WARN 5768 --- [           main] o.s.d.m.c.m.BasicMongoPersistentProperty : Customizing field name for id property not allowed! Custom name will not be considered!
2018-06-11 08:56:07.493  INFO 5768 --- [           main] m.c.i.MongoPersistentEntityIndexResolver : Found cycle for field '_id' in type 'MedicalCard' for path 'medicalCard -> patient -> medicalCard'
2018-06-11 08:56:07.494  INFO 5768 --- [           main] m.c.i.MongoPersistentEntityIndexResolver : Found cycle for field 'medicalCard' in type 'Patient' for path 'patients -> medicalCard -> medicalExaminations -> doctor -> patients'
2018-06-11 08:56:07.495  INFO 5768 --- [           main] m.c.i.MongoPersistentEntityIndexResolver : Found cycle for field 'medicalCard' in type 'Patient' for path 'medicalCard -> patient -> medicalCard'
2018-06-11 08:56:07.495  INFO 5768 --- [           main] m.c.i.MongoPersistentEntityIndexResolver : Found cycle for field 'medicalCard' in type 'Patient' for path 'patients -> medicalCard -> medicalExaminations -> doctor -> patients'
2018-06-11 08:56:07.498  INFO 5768 --- [           main] m.c.i.MongoPersistentEntityIndexResolver : Found cycle for field '_id' in type 'MedicalCard' for path 'medicalCard -> patient -> medicalCard'
2018-06-11 08:56:07.498  INFO 5768 --- [           main] m.c.i.MongoPersistentEntityIndexResolver : Found cycle for field 'appointed_date' in type 'Doctor' for path 'doctor -> patients -> medicalCard -> medicalExaminations -> doctor'
2018-06-11 08:56:07.499  INFO 5768 --- [           main] m.c.i.MongoPersistentEntityIndexResolver : Found cycle for field 'medicalCard' in type 'Patient' for path 'medicalCard -> patient -> medicalCard'
2018-06-11 08:56:07.499  INFO 5768 --- [           main] m.c.i.MongoPersistentEntityIndexResolver : Found cycle for field 'patients' in type 'Doctor' for path 'doctor -> patients -> medicalCard -> medicalExaminations -> doctor'
2018-06-11 08:56:07.501  INFO 5768 --- [           main] m.c.i.MongoPersistentEntityIndexResolver : Found cycle for field 'medicalCard' in type 'Patient' for path 'patient -> medicalCard -> patient'
2018-06-11 08:56:07.501  INFO 5768 --- [           main] m.c.i.MongoPersistentEntityIndexResolver : Found cycle for field '_id' in type 'MedicalCard' for path 'medicalCard -> medicalExaminations -> doctor -> patients -> medicalCard'
2018-06-11 08:56:07.502  INFO 5768 --- [           main] m.c.i.MongoPersistentEntityIndexResolver : Found cycle for field '_id' in type 'MedicalCard' for path 'medicalCard -> patient -> medicalCard'
2018-06-11 08:56:07.502  INFO 5768 --- [           main] m.c.i.MongoPersistentEntityIndexResolver : Found cycle for field '_id' in type 'MedicalExamination' for path 'medicalExaminations -> doctor -> patients -> medicalCard -> medicalExaminations'
2018-06-11 08:56:07.502  INFO 5768 --- [           main] m.c.i.MongoPersistentEntityIndexResolver : Found cycle for field 'medicalCard' in type 'Patient' for path 'patient -> medicalCard -> patient'
2018-06-11 08:56:07.502  INFO 5768 --- [           main] m.c.i.MongoPersistentEntityIndexResolver : Found cycle for field 'medicalCard' in type 'Patient' for path 'medicalCard -> medicalExaminations -> doctor -> patients -> medicalCard'
2018-06-11 08:56:07.503  INFO 5768 --- [           main] m.c.i.MongoPersistentEntityIndexResolver : Found cycle for field 'medicalCard' in type 'Patient' for path 'medicalCard -> patient -> medicalCard'
2018-06-11 08:56:07.503  INFO 5768 --- [           main] m.c.i.MongoPersistentEntityIndexResolver : Found cycle for field 'doctor' in type 'MedicalExamination' for path 'medicalExaminations -> doctor -> patients -> medicalCard -> medicalExaminations'
2018-06-11 08:56:07.504  WARN 5768 --- [           main] o.s.d.m.c.m.BasicMongoPersistentProperty : Customizing field name for id property not allowed! Custom name will not be considered!
2018-06-11 08:56:07.505  INFO 5768 --- [           main] m.c.i.MongoPersistentEntityIndexResolver : Found cycle for field 'medicalCard' in type 'Patient' for path 'patient -> medicalCard -> patient'
2018-06-11 08:56:07.506  INFO 5768 --- [           main] m.c.i.MongoPersistentEntityIndexResolver : Found cycle for field '_id' in type 'MedicalCard' for path 'medicalCard -> medicalExaminations -> doctor -> patients -> medicalCard'
2018-06-11 08:56:07.507  INFO 5768 --- [           main] m.c.i.MongoPersistentEntityIndexResolver : Found cycle for field '_id' in type 'MedicalCard' for path 'medicalCard -> patient -> medicalCard'
2018-06-11 08:56:07.507  INFO 5768 --- [           main] m.c.i.MongoPersistentEntityIndexResolver : Found cycle for field '_id' in type 'MedicalExamination' for path 'medicalExaminations -> doctor -> patients -> medicalCard -> medicalExaminations'
2018-06-11 08:56:07.508  INFO 5768 --- [           main] m.c.i.MongoPersistentEntityIndexResolver : Found cycle for field 'patient' in type 'MedicalCard' for path 'patient -> medicalCard -> patient'
2018-06-11 08:56:07.508  INFO 5768 --- [           main] m.c.i.MongoPersistentEntityIndexResolver : Found cycle for field 'medicalCard' in type 'Patient' for path 'medicalCard -> patient -> medicalCard'
2018-06-11 08:56:07.508  INFO 5768 --- [           main] m.c.i.MongoPersistentEntityIndexResolver : Found cycle for field 'medicalExaminations' in type 'MedicalCard' for path 'medicalExaminations -> doctor -> patients -> medicalCard -> medicalExaminations'
2018-06-11 08:56:07.509  INFO 5768 --- [           main] org.mongodb.driver.cluster               : Cluster description not yet available. Waiting for 30000 ms before timing out
2018-06-11 08:56:08.403  INFO 5768 --- [127.0.0.1:27017] org.mongodb.driver.cluster               : Exception in monitor thread while connecting to server 127.0.0.1:27017

com.mongodb.MongoSocketOpenException: Exception opening socket
	at com.mongodb.connection.SocketStream.open(SocketStream.java:62) ~[mongo-java-driver-3.6.3.jar:na]
	at com.mongodb.connection.InternalStreamConnection.open(InternalStreamConnection.java:126) ~[mongo-java-driver-3.6.3.jar:na]
	at com.mongodb.connection.DefaultServerMonitor$ServerMonitorRunnable.run(DefaultServerMonitor.java:114) ~[mongo-java-driver-3.6.3.jar:na]
	at java.lang.Thread.run(Thread.java:748) [na:1.8.0_161]
Caused by: java.net.ConnectException: Connection refused: connect
	at java.net.DualStackPlainSocketImpl.waitForConnect(Native Method) ~[na:1.8.0_161]
	at java.net.DualStackPlainSocketImpl.socketConnect(DualStackPlainSocketImpl.java:85) ~[na:1.8.0_161]
	at java.net.AbstractPlainSocketImpl.doConnect(AbstractPlainSocketImpl.java:350) ~[na:1.8.0_161]
	at java.net.AbstractPlainSocketImpl.connectToAddress(AbstractPlainSocketImpl.java:206) ~[na:1.8.0_161]
	at java.net.AbstractPlainSocketImpl.connect(AbstractPlainSocketImpl.java:188) ~[na:1.8.0_161]
	at java.net.PlainSocketImpl.connect(PlainSocketImpl.java:172) ~[na:1.8.0_161]
	at java.net.SocksSocketImpl.connect(SocksSocketImpl.java:392) ~[na:1.8.0_161]
	at java.net.Socket.connect(Socket.java:589) ~[na:1.8.0_161]
	at com.mongodb.connection.SocketStreamHelper.initialize(SocketStreamHelper.java:59) ~[mongo-java-driver-3.6.3.jar:na]
	at com.mongodb.connection.SocketStream.open(SocketStream.java:57) ~[mongo-java-driver-3.6.3.jar:na]
	... 3 common frames omitted

2018-06-11 08:56:37.510  WARN 5768 --- [           main] o.s.w.c.s.GenericWebApplicationContext   : Exception encountered during context initialization - cancelling refresh attempt: org.springframework.beans.factory.BeanCreationException: Error creating bean with name 'accountRepository': Invocation of init method failed; nested exception is org.springframework.dao.DataAccessResourceFailureException: Timed out after 30000 ms while waiting to connect. Client view of cluster state is {type=UNKNOWN, servers=[{address=127.0.0.1:27017, type=UNKNOWN, state=CONNECTING, exception={com.mongodb.MongoSocketOpenException: Exception opening socket}, caused by {java.net.ConnectException: Connection refused: connect}}]; nested exception is com.mongodb.MongoTimeoutException: Timed out after 30000 ms while waiting to connect. Client view of cluster state is {type=UNKNOWN, servers=[{address=127.0.0.1:27017, type=UNKNOWN, state=CONNECTING, exception={com.mongodb.MongoSocketOpenException: Exception opening socket}, caused by {java.net.ConnectException: Connection refused: connect}}]
2018-06-11 08:56:37.512  INFO 5768 --- [           main] ConditionEvaluationReportLoggingListener : 

Error starting ApplicationContext. To display the conditions report re-run your application with 'debug' enabled.
2018-06-11 08:56:37.515 ERROR 5768 --- [           main] o.s.boot.SpringApplication               : Application run failed

org.springframework.beans.factory.BeanCreationException: Error creating bean with name 'accountRepository': Invocation of init method failed; nested exception is org.springframework.dao.DataAccessResourceFailureException: Timed out after 30000 ms while waiting to connect. Client view of cluster state is {type=UNKNOWN, servers=[{address=127.0.0.1:27017, type=UNKNOWN, state=CONNECTING, exception={com.mongodb.MongoSocketOpenException: Exception opening socket}, caused by {java.net.ConnectException: Connection refused: connect}}]; nested exception is com.mongodb.MongoTimeoutException: Timed out after 30000 ms while waiting to connect. Client view of cluster state is {type=UNKNOWN, servers=[{address=127.0.0.1:27017, type=UNKNOWN, state=CONNECTING, exception={com.mongodb.MongoSocketOpenException: Exception opening socket}, caused by {java.net.ConnectException: Connection refused: connect}}]
	at org.springframework.beans.factory.support.AbstractAutowireCapableBeanFactory.initializeBean(AbstractAutowireCapableBeanFactory.java:1702) ~[spring-beans-5.0.5.RELEASE.jar:5.0.5.RELEASE]
	at org.springframework.beans.factory.support.AbstractAutowireCapableBeanFactory.doCreateBean(AbstractAutowireCapableBeanFactory.java:579) ~[spring-beans-5.0.5.RELEASE.jar:5.0.5.RELEASE]
	at org.springframework.beans.factory.support.AbstractAutowireCapableBeanFactory.createBean(AbstractAutowireCapableBeanFactory.java:501) ~[spring-beans-5.0.5.RELEASE.jar:5.0.5.RELEASE]
	at org.springframework.beans.factory.support.AbstractBeanFactory.lambda$doGetBean$0(AbstractBeanFactory.java:317) ~[spring-beans-5.0.5.RELEASE.jar:5.0.5.RELEASE]
	at org.springframework.beans.factory.support.DefaultSingletonBeanRegistry.getSingleton(DefaultSingletonBeanRegistry.java:228) ~[spring-beans-5.0.5.RELEASE.jar:5.0.5.RELEASE]
	at org.springframework.beans.factory.support.AbstractBeanFactory.doGetBean(AbstractBeanFactory.java:315) ~[spring-beans-5.0.5.RELEASE.jar:5.0.5.RELEASE]
	at org.springframework.beans.factory.support.AbstractBeanFactory.getBean(AbstractBeanFactory.java:199) ~[spring-beans-5.0.5.RELEASE.jar:5.0.5.RELEASE]
	at org.springframework.beans.factory.support.DefaultListableBeanFactory.preInstantiateSingletons(DefaultListableBeanFactory.java:741) ~[spring-beans-5.0.5.RELEASE.jar:5.0.5.RELEASE]
	at org.springframework.context.support.AbstractApplicationContext.finishBeanFactoryInitialization(AbstractApplicationContext.java:869) ~[spring-context-5.0.5.RELEASE.jar:5.0.5.RELEASE]
	at org.springframework.context.support.AbstractApplicationContext.refresh(AbstractApplicationContext.java:550) ~[spring-context-5.0.5.RELEASE.jar:5.0.5.RELEASE]
	at org.springframework.boot.SpringApplication.refresh(SpringApplication.java:759) ~[spring-boot-2.0.1.RELEASE.jar:2.0.1.RELEASE]
	at org.springframework.boot.SpringApplication.refreshContext(SpringApplication.java:395) ~[spring-boot-2.0.1.RELEASE.jar:2.0.1.RELEASE]
	at org.springframework.boot.SpringApplication.run(SpringApplication.java:327) ~[spring-boot-2.0.1.RELEASE.jar:2.0.1.RELEASE]
	at org.springframework.boot.test.context.SpringBootContextLoader.loadContext(SpringBootContextLoader.java:138) [spring-boot-test-2.0.1.RELEASE.jar:2.0.1.RELEASE]
	at org.springframework.test.context.cache.DefaultCacheAwareContextLoaderDelegate.loadContextInternal(DefaultCacheAwareContextLoaderDelegate.java:99) [spring-test-5.0.5.RELEASE.jar:5.0.5.RELEASE]
	at org.springframework.test.context.cache.DefaultCacheAwareContextLoaderDelegate.loadContext(DefaultCacheAwareContextLoaderDelegate.java:117) [spring-test-5.0.5.RELEASE.jar:5.0.5.RELEASE]
	at org.springframework.test.context.support.DefaultTestContext.getApplicationContext(DefaultTestContext.java:108) [spring-test-5.0.5.RELEASE.jar:5.0.5.RELEASE]
	at org.springframework.test.context.web.ServletTestExecutionListener.setUpRequestContextIfNecessary(ServletTestExecutionListener.java:190) [spring-test-5.0.5.RELEASE.jar:5.0.5.RELEASE]
	at org.springframework.test.context.web.ServletTestExecutionListener.prepareTestInstance(ServletTestExecutionListener.java:132) [spring-test-5.0.5.RELEASE.jar:5.0.5.RELEASE]
	at org.springframework.test.context.TestContextManager.prepareTestInstance(TestContextManager.java:246) [spring-test-5.0.5.RELEASE.jar:5.0.5.RELEASE]
	at org.springframework.test.context.junit4.SpringJUnit4ClassRunner.createTest(SpringJUnit4ClassRunner.java:227) [spring-test-5.0.5.RELEASE.jar:5.0.5.RELEASE]
	at org.springframework.test.context.junit4.SpringJUnit4ClassRunner$1.runReflectiveCall(SpringJUnit4ClassRunner.java:289) [spring-test-5.0.5.RELEASE.jar:5.0.5.RELEASE]
	at org.junit.internal.runners.model.ReflectiveCallable.run(ReflectiveCallable.java:12) [junit-4.12.jar:4.12]
	at org.springframework.test.context.junit4.SpringJUnit4ClassRunner.methodBlock(SpringJUnit4ClassRunner.java:291) [spring-test-5.0.5.RELEASE.jar:5.0.5.RELEASE]
	at org.springframework.test.context.junit4.SpringJUnit4ClassRunner.runChild(SpringJUnit4ClassRunner.java:246) [spring-test-5.0.5.RELEASE.jar:5.0.5.RELEASE]
	at org.springframework.test.context.junit4.SpringJUnit4ClassRunner.runChild(SpringJUnit4ClassRunner.java:97) [spring-test-5.0.5.RELEASE.jar:5.0.5.RELEASE]
	at org.junit.runners.ParentRunner$3.run(ParentRunner.java:290) [junit-4.12.jar:4.12]
	at org.junit.runners.ParentRunner$1.schedule(ParentRunner.java:71) [junit-4.12.jar:4.12]
	at org.junit.runners.ParentRunner.runChildren(ParentRunner.java:288) [junit-4.12.jar:4.12]
	at org.junit.runners.ParentRunner.access$000(ParentRunner.java:58) [junit-4.12.jar:4.12]
	at org.junit.runners.ParentRunner$2.evaluate(ParentRunner.java:268) [junit-4.12.jar:4.12]
	at org.springframework.test.context.junit4.statements.RunBeforeTestClassCallbacks.evaluate(RunBeforeTestClassCallbacks.java:61) [spring-test-5.0.5.RELEASE.jar:5.0.5.RELEASE]
	at org.springframework.test.context.junit4.statements.RunAfterTestClassCallbacks.evaluate(RunAfterTestClassCallbacks.java:70) [spring-test-5.0.5.RELEASE.jar:5.0.5.RELEASE]
	at org.junit.runners.ParentRunner.run(ParentRunner.java:363) [junit-4.12.jar:4.12]
	at org.springframework.test.context.junit4.SpringJUnit4ClassRunner.run(SpringJUnit4ClassRunner.java:190) [spring-test-5.0.5.RELEASE.jar:5.0.5.RELEASE]
	at org.apache.maven.surefire.junit4.JUnit4Provider.execute(JUnit4Provider.java:365) [surefire-junit4-2.21.0.jar:2.21.0]
	at org.apache.maven.surefire.junit4.JUnit4Provider.executeWithRerun(JUnit4Provider.java:273) [surefire-junit4-2.21.0.jar:2.21.0]
	at org.apache.maven.surefire.junit4.JUnit4Provider.executeTestSet(JUnit4Provider.java:238) [surefire-junit4-2.21.0.jar:2.21.0]
	at org.apache.maven.surefire.junit4.JUnit4Provider.invoke(JUnit4Provider.java:159) [surefire-junit4-2.21.0.jar:2.21.0]
	at org.apache.maven.surefire.booter.ForkedBooter.invokeProviderInSameClassLoader(ForkedBooter.java:379) [surefire-booter-2.21.0.jar:2.21.0]
	at org.apache.maven.surefire.booter.ForkedBooter.runSuitesInProcess(ForkedBooter.java:340) [surefire-booter-2.21.0.jar:2.21.0]
	at org.apache.maven.surefire.booter.ForkedBooter.execute(ForkedBooter.java:125) [surefire-booter-2.21.0.jar:2.21.0]
	at org.apache.maven.surefire.booter.ForkedBooter.main(ForkedBooter.java:413) [surefire-booter-2.21.0.jar:2.21.0]
Caused by: org.springframework.dao.DataAccessResourceFailureException: Timed out after 30000 ms while waiting to connect. Client view of cluster state is {type=UNKNOWN, servers=[{address=127.0.0.1:27017, type=UNKNOWN, state=CONNECTING, exception={com.mongodb.MongoSocketOpenException: Exception opening socket}, caused by {java.net.ConnectException: Connection refused: connect}}]; nested exception is com.mongodb.MongoTimeoutException: Timed out after 30000 ms while waiting to connect. Client view of cluster state is {type=UNKNOWN, servers=[{address=127.0.0.1:27017, type=UNKNOWN, state=CONNECTING, exception={com.mongodb.MongoSocketOpenException: Exception opening socket}, caused by {java.net.ConnectException: Connection refused: connect}}]
	at org.springframework.data.mongodb.core.MongoExceptionTranslator.translateExceptionIfPossible(MongoExceptionTranslator.java:87) ~[spring-data-mongodb-2.0.7.RELEASE.jar:2.0.7.RELEASE]
	at org.springframework.data.mongodb.core.MongoTemplate.potentiallyConvertRuntimeException(MongoTemplate.java:2589) ~[spring-data-mongodb-2.0.7.RELEASE.jar:2.0.7.RELEASE]
	at org.springframework.data.mongodb.core.DefaultIndexOperations.execute(DefaultIndexOperations.java:194) ~[spring-data-mongodb-2.0.7.RELEASE.jar:2.0.7.RELEASE]
	at org.springframework.data.mongodb.core.DefaultIndexOperations.ensureIndex(DefaultIndexOperations.java:97) ~[spring-data-mongodb-2.0.7.RELEASE.jar:2.0.7.RELEASE]
	at org.springframework.data.mongodb.core.index.MongoPersistentEntityIndexCreator.createIndex(MongoPersistentEntityIndexCreator.java:145) ~[spring-data-mongodb-2.0.7.RELEASE.jar:2.0.7.RELEASE]
	at org.springframework.data.mongodb.core.index.MongoPersistentEntityIndexCreator.checkForAndCreateIndexes(MongoPersistentEntityIndexCreator.java:135) ~[spring-data-mongodb-2.0.7.RELEASE.jar:2.0.7.RELEASE]
	at org.springframework.data.mongodb.core.index.MongoPersistentEntityIndexCreator.checkForIndexes(MongoPersistentEntityIndexCreator.java:127) ~[spring-data-mongodb-2.0.7.RELEASE.jar:2.0.7.RELEASE]
	at org.springframework.data.mongodb.core.index.MongoPersistentEntityIndexCreator.onApplicationEvent(MongoPersistentEntityIndexCreator.java:111) ~[spring-data-mongodb-2.0.7.RELEASE.jar:2.0.7.RELEASE]
	at org.springframework.data.mongodb.core.index.MongoPersistentEntityIndexCreator.onApplicationEvent(MongoPersistentEntityIndexCreator.java:54) ~[spring-data-mongodb-2.0.7.RELEASE.jar:2.0.7.RELEASE]
	at org.springframework.context.event.SimpleApplicationEventMulticaster.doInvokeListener(SimpleApplicationEventMulticaster.java:172) ~[spring-context-5.0.5.RELEASE.jar:5.0.5.RELEASE]
	at org.springframework.context.event.SimpleApplicationEventMulticaster.invokeListener(SimpleApplicationEventMulticaster.java:165) ~[spring-context-5.0.5.RELEASE.jar:5.0.5.RELEASE]
	at org.springframework.context.event.SimpleApplicationEventMulticaster.multicastEvent(SimpleApplicationEventMulticaster.java:139) ~[spring-context-5.0.5.RELEASE.jar:5.0.5.RELEASE]
	at org.springframework.context.support.AbstractApplicationContext.publishEvent(AbstractApplicationContext.java:400) ~[spring-context-5.0.5.RELEASE.jar:5.0.5.RELEASE]
	at org.springframework.context.support.AbstractApplicationContext.publishEvent(AbstractApplicationContext.java:354) ~[spring-context-5.0.5.RELEASE.jar:5.0.5.RELEASE]
	at org.springframework.data.mapping.context.AbstractMappingContext.addPersistentEntity(AbstractMappingContext.java:420) ~[spring-data-commons-2.0.6.RELEASE.jar:2.0.6.RELEASE]
	at org.springframework.data.mapping.context.AbstractMappingContext.getPersistentEntity(AbstractMappingContext.java:229) ~[spring-data-commons-2.0.6.RELEASE.jar:2.0.6.RELEASE]
	at org.springframework.data.mapping.context.AbstractMappingContext.getPersistentEntity(AbstractMappingContext.java:172) ~[spring-data-commons-2.0.6.RELEASE.jar:2.0.6.RELEASE]
	at org.springframework.data.mapping.context.AbstractMappingContext.getPersistentEntity(AbstractMappingContext.java:85) ~[spring-data-commons-2.0.6.RELEASE.jar:2.0.6.RELEASE]
	at org.springframework.data.mapping.context.MappingContext.getRequiredPersistentEntity(MappingContext.java:70) ~[spring-data-commons-2.0.6.RELEASE.jar:2.0.6.RELEASE]
	at org.springframework.data.mongodb.repository.support.MongoRepositoryFactory.getEntityInformation(MongoRepositoryFactory.java:149) ~[spring-data-mongodb-2.0.7.RELEASE.jar:2.0.7.RELEASE]
	at org.springframework.data.mongodb.repository.support.MongoRepositoryFactory.getTargetRepository(MongoRepositoryFactory.java:123) ~[spring-data-mongodb-2.0.7.RELEASE.jar:2.0.7.RELEASE]
	at org.springframework.data.repository.core.support.RepositoryFactorySupport.getRepository(RepositoryFactorySupport.java:298) ~[spring-data-commons-2.0.6.RELEASE.jar:2.0.6.RELEASE]
	at org.springframework.data.repository.core.support.RepositoryFactoryBeanSupport.lambda$afterPropertiesSet$3(RepositoryFactoryBeanSupport.java:287) ~[spring-data-commons-2.0.6.RELEASE.jar:2.0.6.RELEASE]
	at org.springframework.data.util.Lazy.getNullable(Lazy.java:141) ~[spring-data-commons-2.0.6.RELEASE.jar:2.0.6.RELEASE]
	at org.springframework.data.util.Lazy.get(Lazy.java:63) ~[spring-data-commons-2.0.6.RELEASE.jar:2.0.6.RELEASE]
	at org.springframework.data.repository.core.support.RepositoryFactoryBeanSupport.afterPropertiesSet(RepositoryFactoryBeanSupport.java:290) ~[spring-data-commons-2.0.6.RELEASE.jar:2.0.6.RELEASE]
	at org.springframework.data.mongodb.repository.support.MongoRepositoryFactoryBean.afterPropertiesSet(MongoRepositoryFactoryBean.java:119) ~[spring-data-mongodb-2.0.7.RELEASE.jar:2.0.7.RELEASE]
	at org.springframework.beans.factory.support.AbstractAutowireCapableBeanFactory.invokeInitMethods(AbstractAutowireCapableBeanFactory.java:1761) ~[spring-beans-5.0.5.RELEASE.jar:5.0.5.RELEASE]
	at org.springframework.beans.factory.support.AbstractAutowireCapableBeanFactory.initializeBean(AbstractAutowireCapableBeanFactory.java:1698) ~[spring-beans-5.0.5.RELEASE.jar:5.0.5.RELEASE]
	... 42 common frames omitted
Caused by: com.mongodb.MongoTimeoutException: Timed out after 30000 ms while waiting to connect. Client view of cluster state is {type=UNKNOWN, servers=[{address=127.0.0.1:27017, type=UNKNOWN, state=CONNECTING, exception={com.mongodb.MongoSocketOpenException: Exception opening socket}, caused by {java.net.ConnectException: Connection refused: connect}}]
	at com.mongodb.connection.BaseCluster.getDescription(BaseCluster.java:167) ~[mongo-java-driver-3.6.3.jar:na]
	at com.mongodb.Mongo.getConnectedClusterDescription(Mongo.java:885) ~[mongo-java-driver-3.6.3.jar:na]
	at com.mongodb.Mongo.createClientSession(Mongo.java:877) ~[mongo-java-driver-3.6.3.jar:na]
	at com.mongodb.Mongo$3.getClientSession(Mongo.java:866) ~[mongo-java-driver-3.6.3.jar:na]
	at com.mongodb.Mongo$3.execute(Mongo.java:834) ~[mongo-java-driver-3.6.3.jar:na]
	at com.mongodb.MongoCollectionImpl.executeCreateIndexes(MongoCollectionImpl.java:867) ~[mongo-java-driver-3.6.3.jar:na]
	at com.mongodb.MongoCollectionImpl.createIndexes(MongoCollectionImpl.java:820) ~[mongo-java-driver-3.6.3.jar:na]
	at com.mongodb.MongoCollectionImpl.createIndexes(MongoCollectionImpl.java:815) ~[mongo-java-driver-3.6.3.jar:na]
	at com.mongodb.MongoCollectionImpl.createIndex(MongoCollectionImpl.java:800) ~[mongo-java-driver-3.6.3.jar:na]
	at org.springframework.data.mongodb.core.DefaultIndexOperations.lambda$ensureIndex$0(DefaultIndexOperations.java:111) ~[spring-data-mongodb-2.0.7.RELEASE.jar:2.0.7.RELEASE]
	at org.springframework.data.mongodb.core.DefaultIndexOperations.execute(DefaultIndexOperations.java:192) ~[spring-data-mongodb-2.0.7.RELEASE.jar:2.0.7.RELEASE]
	... 68 common frames omitted

2018-06-11 08:56:37.517 ERROR 5768 --- [           main] o.s.test.context.TestContextManager      : Caught exception while allowing TestExecutionListener [org.springframework.test.context.web.ServletTestExecutionListener@15bbf42f] to prepare test instance [com.nau.digitalhospital.DigitalHospitalApplicationTests@404eca05]

java.lang.IllegalStateException: Failed to load ApplicationContext
	at org.springframework.test.context.cache.DefaultCacheAwareContextLoaderDelegate.loadContext(DefaultCacheAwareContextLoaderDelegate.java:125) ~[spring-test-5.0.5.RELEASE.jar:5.0.5.RELEASE]
	at org.springframework.test.context.support.DefaultTestContext.getApplicationContext(DefaultTestContext.java:108) ~[spring-test-5.0.5.RELEASE.jar:5.0.5.RELEASE]
	at org.springframework.test.context.web.ServletTestExecutionListener.setUpRequestContextIfNecessary(ServletTestExecutionListener.java:190) ~[spring-test-5.0.5.RELEASE.jar:5.0.5.RELEASE]
	at org.springframework.test.context.web.ServletTestExecutionListener.prepareTestInstance(ServletTestExecutionListener.java:132) ~[spring-test-5.0.5.RELEASE.jar:5.0.5.RELEASE]
	at org.springframework.test.context.TestContextManager.prepareTestInstance(TestContextManager.java:246) ~[spring-test-5.0.5.RELEASE.jar:5.0.5.RELEASE]
	at org.springframework.test.context.junit4.SpringJUnit4ClassRunner.createTest(SpringJUnit4ClassRunner.java:227) [spring-test-5.0.5.RELEASE.jar:5.0.5.RELEASE]
	at org.springframework.test.context.junit4.SpringJUnit4ClassRunner$1.runReflectiveCall(SpringJUnit4ClassRunner.java:289) [spring-test-5.0.5.RELEASE.jar:5.0.5.RELEASE]
	at org.junit.internal.runners.model.ReflectiveCallable.run(ReflectiveCallable.java:12) [junit-4.12.jar:4.12]
	at org.springframework.test.context.junit4.SpringJUnit4ClassRunner.methodBlock(SpringJUnit4ClassRunner.java:291) [spring-test-5.0.5.RELEASE.jar:5.0.5.RELEASE]
	at org.springframework.test.context.junit4.SpringJUnit4ClassRunner.runChild(SpringJUnit4ClassRunner.java:246) [spring-test-5.0.5.RELEASE.jar:5.0.5.RELEASE]
	at org.springframework.test.context.junit4.SpringJUnit4ClassRunner.runChild(SpringJUnit4ClassRunner.java:97) [spring-test-5.0.5.RELEASE.jar:5.0.5.RELEASE]
	at org.junit.runners.ParentRunner$3.run(ParentRunner.java:290) [junit-4.12.jar:4.12]
	at org.junit.runners.ParentRunner$1.schedule(ParentRunner.java:71) [junit-4.12.jar:4.12]
	at org.junit.runners.ParentRunner.runChildren(ParentRunner.java:288) [junit-4.12.jar:4.12]
	at org.junit.runners.ParentRunner.access$000(ParentRunner.java:58) [junit-4.12.jar:4.12]
	at org.junit.runners.ParentRunner$2.evaluate(ParentRunner.java:268) [junit-4.12.jar:4.12]
	at org.springframework.test.context.junit4.statements.RunBeforeTestClassCallbacks.evaluate(RunBeforeTestClassCallbacks.java:61) [spring-test-5.0.5.RELEASE.jar:5.0.5.RELEASE]
	at org.springframework.test.context.junit4.statements.RunAfterTestClassCallbacks.evaluate(RunAfterTestClassCallbacks.java:70) [spring-test-5.0.5.RELEASE.jar:5.0.5.RELEASE]
	at org.junit.runners.ParentRunner.run(ParentRunner.java:363) [junit-4.12.jar:4.12]
	at org.springframework.test.context.junit4.SpringJUnit4ClassRunner.run(SpringJUnit4ClassRunner.java:190) [spring-test-5.0.5.RELEASE.jar:5.0.5.RELEASE]
	at org.apache.maven.surefire.junit4.JUnit4Provider.execute(JUnit4Provider.java:365) [surefire-junit4-2.21.0.jar:2.21.0]
	at org.apache.maven.surefire.junit4.JUnit4Provider.executeWithRerun(JUnit4Provider.java:273) [surefire-junit4-2.21.0.jar:2.21.0]
	at org.apache.maven.surefire.junit4.JUnit4Provider.executeTestSet(JUnit4Provider.java:238) [surefire-junit4-2.21.0.jar:2.21.0]
	at org.apache.maven.surefire.junit4.JUnit4Provider.invoke(JUnit4Provider.java:159) [surefire-junit4-2.21.0.jar:2.21.0]
	at org.apache.maven.surefire.booter.ForkedBooter.invokeProviderInSameClassLoader(ForkedBooter.java:379) [surefire-booter-2.21.0.jar:2.21.0]
	at org.apache.maven.surefire.booter.ForkedBooter.runSuitesInProcess(ForkedBooter.java:340) [surefire-booter-2.21.0.jar:2.21.0]
	at org.apache.maven.surefire.booter.ForkedBooter.execute(ForkedBooter.java:125) [surefire-booter-2.21.0.jar:2.21.0]
	at org.apache.maven.surefire.booter.ForkedBooter.main(ForkedBooter.java:413) [surefire-booter-2.21.0.jar:2.21.0]
Caused by: org.springframework.beans.factory.BeanCreationException: Error creating bean with name 'accountRepository': Invocation of init method failed; nested exception is org.springframework.dao.DataAccessResourceFailureException: Timed out after 30000 ms while waiting to connect. Client view of cluster state is {type=UNKNOWN, servers=[{address=127.0.0.1:27017, type=UNKNOWN, state=CONNECTING, exception={com.mongodb.MongoSocketOpenException: Exception opening socket}, caused by {java.net.ConnectException: Connection refused: connect}}]; nested exception is com.mongodb.MongoTimeoutException: Timed out after 30000 ms while waiting to connect. Client view of cluster state is {type=UNKNOWN, servers=[{address=127.0.0.1:27017, type=UNKNOWN, state=CONNECTING, exception={com.mongodb.MongoSocketOpenException: Exception opening socket}, caused by {java.net.ConnectException: Connection refused: connect}}]
	at org.springframework.beans.factory.support.AbstractAutowireCapableBeanFactory.initializeBean(AbstractAutowireCapableBeanFactory.java:1702) ~[spring-beans-5.0.5.RELEASE.jar:5.0.5.RELEASE]
	at org.springframework.beans.factory.support.AbstractAutowireCapableBeanFactory.doCreateBean(AbstractAutowireCapableBeanFactory.java:579) ~[spring-beans-5.0.5.RELEASE.jar:5.0.5.RELEASE]
	at org.springframework.beans.factory.support.AbstractAutowireCapableBeanFactory.createBean(AbstractAutowireCapableBeanFactory.java:501) ~[spring-beans-5.0.5.RELEASE.jar:5.0.5.RELEASE]
	at org.springframework.beans.factory.support.AbstractBeanFactory.lambda$doGetBean$0(AbstractBeanFactory.java:317) ~[spring-beans-5.0.5.RELEASE.jar:5.0.5.RELEASE]
	at org.springframework.beans.factory.support.DefaultSingletonBeanRegistry.getSingleton(DefaultSingletonBeanRegistry.java:228) ~[spring-beans-5.0.5.RELEASE.jar:5.0.5.RELEASE]
	at org.springframework.beans.factory.support.AbstractBeanFactory.doGetBean(AbstractBeanFactory.java:315) ~[spring-beans-5.0.5.RELEASE.jar:5.0.5.RELEASE]
	at org.springframework.beans.factory.support.AbstractBeanFactory.getBean(AbstractBeanFactory.java:199) ~[spring-beans-5.0.5.RELEASE.jar:5.0.5.RELEASE]
	at org.springframework.beans.factory.support.DefaultListableBeanFactory.preInstantiateSingletons(DefaultListableBeanFactory.java:741) ~[spring-beans-5.0.5.RELEASE.jar:5.0.5.RELEASE]
	at org.springframework.context.support.AbstractApplicationContext.finishBeanFactoryInitialization(AbstractApplicationContext.java:869) ~[spring-context-5.0.5.RELEASE.jar:5.0.5.RELEASE]
	at org.springframework.context.support.AbstractApplicationContext.refresh(AbstractApplicationContext.java:550) ~[spring-context-5.0.5.RELEASE.jar:5.0.5.RELEASE]
	at org.springframework.boot.SpringApplication.refresh(SpringApplication.java:759) ~[spring-boot-2.0.1.RELEASE.jar:2.0.1.RELEASE]
	at org.springframework.boot.SpringApplication.refreshContext(SpringApplication.java:395) ~[spring-boot-2.0.1.RELEASE.jar:2.0.1.RELEASE]
	at org.springframework.boot.SpringApplication.run(SpringApplication.java:327) ~[spring-boot-2.0.1.RELEASE.jar:2.0.1.RELEASE]
	at org.springframework.boot.test.context.SpringBootContextLoader.loadContext(SpringBootContextLoader.java:138) ~[spring-boot-test-2.0.1.RELEASE.jar:2.0.1.RELEASE]
	at org.springframework.test.context.cache.DefaultCacheAwareContextLoaderDelegate.loadContextInternal(DefaultCacheAwareContextLoaderDelegate.java:99) ~[spring-test-5.0.5.RELEASE.jar:5.0.5.RELEASE]
	at org.springframework.test.context.cache.DefaultCacheAwareContextLoaderDelegate.loadContext(DefaultCacheAwareContextLoaderDelegate.java:117) ~[spring-test-5.0.5.RELEASE.jar:5.0.5.RELEASE]
	... 27 common frames omitted
Caused by: org.springframework.dao.DataAccessResourceFailureException: Timed out after 30000 ms while waiting to connect. Client view of cluster state is {type=UNKNOWN, servers=[{address=127.0.0.1:27017, type=UNKNOWN, state=CONNECTING, exception={com.mongodb.MongoSocketOpenException: Exception opening socket}, caused by {java.net.ConnectException: Connection refused: connect}}]; nested exception is com.mongodb.MongoTimeoutException: Timed out after 30000 ms while waiting to connect. Client view of cluster state is {type=UNKNOWN, servers=[{address=127.0.0.1:27017, type=UNKNOWN, state=CONNECTING, exception={com.mongodb.MongoSocketOpenException: Exception opening socket}, caused by {java.net.ConnectException: Connection refused: connect}}]
	at org.springframework.data.mongodb.core.MongoExceptionTranslator.translateExceptionIfPossible(MongoExceptionTranslator.java:87) ~[spring-data-mongodb-2.0.7.RELEASE.jar:2.0.7.RELEASE]
	at org.springframework.data.mongodb.core.MongoTemplate.potentiallyConvertRuntimeException(MongoTemplate.java:2589) ~[spring-data-mongodb-2.0.7.RELEASE.jar:2.0.7.RELEASE]
	at org.springframework.data.mongodb.core.DefaultIndexOperations.execute(DefaultIndexOperations.java:194) ~[spring-data-mongodb-2.0.7.RELEASE.jar:2.0.7.RELEASE]
	at org.springframework.data.mongodb.core.DefaultIndexOperations.ensureIndex(DefaultIndexOperations.java:97) ~[spring-data-mongodb-2.0.7.RELEASE.jar:2.0.7.RELEASE]
	at org.springframework.data.mongodb.core.index.MongoPersistentEntityIndexCreator.createIndex(MongoPersistentEntityIndexCreator.java:145) ~[spring-data-mongodb-2.0.7.RELEASE.jar:2.0.7.RELEASE]
	at org.springframework.data.mongodb.core.index.MongoPersistentEntityIndexCreator.checkForAndCreateIndexes(MongoPersistentEntityIndexCreator.java:135) ~[spring-data-mongodb-2.0.7.RELEASE.jar:2.0.7.RELEASE]
	at org.springframework.data.mongodb.core.index.MongoPersistentEntityIndexCreator.checkForIndexes(MongoPersistentEntityIndexCreator.java:127) ~[spring-data-mongodb-2.0.7.RELEASE.jar:2.0.7.RELEASE]
	at org.springframework.data.mongodb.core.index.MongoPersistentEntityIndexCreator.onApplicationEvent(MongoPersistentEntityIndexCreator.java:111) ~[spring-data-mongodb-2.0.7.RELEASE.jar:2.0.7.RELEASE]
	at org.springframework.data.mongodb.core.index.MongoPersistentEntityIndexCreator.onApplicationEvent(MongoPersistentEntityIndexCreator.java:54) ~[spring-data-mongodb-2.0.7.RELEASE.jar:2.0.7.RELEASE]
	at org.springframework.context.event.SimpleApplicationEventMulticaster.doInvokeListener(SimpleApplicationEventMulticaster.java:172) ~[spring-context-5.0.5.RELEASE.jar:5.0.5.RELEASE]
	at org.springframework.context.event.SimpleApplicationEventMulticaster.invokeListener(SimpleApplicationEventMulticaster.java:165) ~[spring-context-5.0.5.RELEASE.jar:5.0.5.RELEASE]
	at org.springframework.context.event.SimpleApplicationEventMulticaster.multicastEvent(SimpleApplicationEventMulticaster.java:139) ~[spring-context-5.0.5.RELEASE.jar:5.0.5.RELEASE]
	at org.springframework.context.support.AbstractApplicationContext.publishEvent(AbstractApplicationContext.java:400) ~[spring-context-5.0.5.RELEASE.jar:5.0.5.RELEASE]
	at org.springframework.context.support.AbstractApplicationContext.publishEvent(AbstractApplicationContext.java:354) ~[spring-context-5.0.5.RELEASE.jar:5.0.5.RELEASE]
	at org.springframework.data.mapping.context.AbstractMappingContext.addPersistentEntity(AbstractMappingContext.java:420) ~[spring-data-commons-2.0.6.RELEASE.jar:2.0.6.RELEASE]
	at org.springframework.data.mapping.context.AbstractMappingContext.getPersistentEntity(AbstractMappingContext.java:229) ~[spring-data-commons-2.0.6.RELEASE.jar:2.0.6.RELEASE]
	at org.springframework.data.mapping.context.AbstractMappingContext.getPersistentEntity(AbstractMappingContext.java:172) ~[spring-data-commons-2.0.6.RELEASE.jar:2.0.6.RELEASE]
	at org.springframework.data.mapping.context.AbstractMappingContext.getPersistentEntity(AbstractMappingContext.java:85) ~[spring-data-commons-2.0.6.RELEASE.jar:2.0.6.RELEASE]
	at org.springframework.data.mapping.context.MappingContext.getRequiredPersistentEntity(MappingContext.java:70) ~[spring-data-commons-2.0.6.RELEASE.jar:2.0.6.RELEASE]
	at org.springframework.data.mongodb.repository.support.MongoRepositoryFactory.getEntityInformation(MongoRepositoryFactory.java:149) ~[spring-data-mongodb-2.0.7.RELEASE.jar:2.0.7.RELEASE]
	at org.springframework.data.mongodb.repository.support.MongoRepositoryFactory.getTargetRepository(MongoRepositoryFactory.java:123) ~[spring-data-mongodb-2.0.7.RELEASE.jar:2.0.7.RELEASE]
	at org.springframework.data.repository.core.support.RepositoryFactorySupport.getRepository(RepositoryFactorySupport.java:298) ~[spring-data-commons-2.0.6.RELEASE.jar:2.0.6.RELEASE]
	at org.springframework.data.repository.core.support.RepositoryFactoryBeanSupport.lambda$afterPropertiesSet$3(RepositoryFactoryBeanSupport.java:287) ~[spring-data-commons-2.0.6.RELEASE.jar:2.0.6.RELEASE]
	at org.springframework.data.util.Lazy.getNullable(Lazy.java:141) ~[spring-data-commons-2.0.6.RELEASE.jar:2.0.6.RELEASE]
	at org.springframework.data.util.Lazy.get(Lazy.java:63) ~[spring-data-commons-2.0.6.RELEASE.jar:2.0.6.RELEASE]
	at org.springframework.data.repository.core.support.RepositoryFactoryBeanSupport.afterPropertiesSet(RepositoryFactoryBeanSupport.java:290) ~[spring-data-commons-2.0.6.RELEASE.jar:2.0.6.RELEASE]
	at org.springframework.data.mongodb.repository.support.MongoRepositoryFactoryBean.afterPropertiesSet(MongoRepositoryFactoryBean.java:119) ~[spring-data-mongodb-2.0.7.RELEASE.jar:2.0.7.RELEASE]
	at org.springframework.beans.factory.support.AbstractAutowireCapableBeanFactory.invokeInitMethods(AbstractAutowireCapableBeanFactory.java:1761) ~[spring-beans-5.0.5.RELEASE.jar:5.0.5.RELEASE]
	at org.springframework.beans.factory.support.AbstractAutowireCapableBeanFactory.initializeBean(AbstractAutowireCapableBeanFactory.java:1698) ~[spring-beans-5.0.5.RELEASE.jar:5.0.5.RELEASE]
	... 42 common frames omitted
Caused by: com.mongodb.MongoTimeoutException: Timed out after 30000 ms while waiting to connect. Client view of cluster state is {type=UNKNOWN, servers=[{address=127.0.0.1:27017, type=UNKNOWN, state=CONNECTING, exception={com.mongodb.MongoSocketOpenException: Exception opening socket}, caused by {java.net.ConnectException: Connection refused: connect}}]
	at com.mongodb.connection.BaseCluster.getDescription(BaseCluster.java:167) ~[mongo-java-driver-3.6.3.jar:na]
	at com.mongodb.Mongo.getConnectedClusterDescription(Mongo.java:885) ~[mongo-java-driver-3.6.3.jar:na]
	at com.mongodb.Mongo.createClientSession(Mongo.java:877) ~[mongo-java-driver-3.6.3.jar:na]
	at com.mongodb.Mongo$3.getClientSession(Mongo.java:866) ~[mongo-java-driver-3.6.3.jar:na]
	at com.mongodb.Mongo$3.execute(Mongo.java:834) ~[mongo-java-driver-3.6.3.jar:na]
	at com.mongodb.MongoCollectionImpl.executeCreateIndexes(MongoCollectionImpl.java:867) ~[mongo-java-driver-3.6.3.jar:na]
	at com.mongodb.MongoCollectionImpl.createIndexes(MongoCollectionImpl.java:820) ~[mongo-java-driver-3.6.3.jar:na]
	at com.mongodb.MongoCollectionImpl.createIndexes(MongoCollectionImpl.java:815) ~[mongo-java-driver-3.6.3.jar:na]
	at com.mongodb.MongoCollectionImpl.createIndex(MongoCollectionImpl.java:800) ~[mongo-java-driver-3.6.3.jar:na]
	at org.springframework.data.mongodb.core.DefaultIndexOperations.lambda$ensureIndex$0(DefaultIndexOperations.java:111) ~[spring-data-mongodb-2.0.7.RELEASE.jar:2.0.7.RELEASE]
	at org.springframework.data.mongodb.core.DefaultIndexOperations.execute(DefaultIndexOperations.java:192) ~[spring-data-mongodb-2.0.7.RELEASE.jar:2.0.7.RELEASE]
	... 68 common frames omitted

]]></system-out>
  </testcase>
  <testcase name="contextLoads" classname="com.nau.digitalhospital.DigitalHospitalApplicationTests" time="0">
    <error message="Failed to load ApplicationContext" type="java.lang.IllegalStateException">java.lang.IllegalStateException: Failed to load ApplicationContext
Caused by: org.springframework.beans.factory.BeanCreationException: Error creating bean with name 'hospitalRepository': Invocation of init method failed; nested exception is org.springframework.dao.DataAccessResourceFailureException: Timed out after 30000 ms while waiting to connect. Client view of cluster state is {type=UNKNOWN, servers=[{address=127.0.0.1:27017, type=UNKNOWN, state=CONNECTING, exception={com.mongodb.MongoSocketOpenException: Exception opening socket}, caused by {java.net.ConnectException: Connection refused: connect}}]; nested exception is com.mongodb.MongoTimeoutException: Timed out after 30000 ms while waiting to connect. Client view of cluster state is {type=UNKNOWN, servers=[{address=127.0.0.1:27017, type=UNKNOWN, state=CONNECTING, exception={com.mongodb.MongoSocketOpenException: Exception opening socket}, caused by {java.net.ConnectException: Connection refused: connect}}]
Caused by: org.springframework.dao.DataAccessResourceFailureException: Timed out after 30000 ms while waiting to connect. Client view of cluster state is {type=UNKNOWN, servers=[{address=127.0.0.1:27017, type=UNKNOWN, state=CONNECTING, exception={com.mongodb.MongoSocketOpenException: Exception opening socket}, caused by {java.net.ConnectException: Connection refused: connect}}]; nested exception is com.mongodb.MongoTimeoutException: Timed out after 30000 ms while waiting to connect. Client view of cluster state is {type=UNKNOWN, servers=[{address=127.0.0.1:27017, type=UNKNOWN, state=CONNECTING, exception={com.mongodb.MongoSocketOpenException: Exception opening socket}, caused by {java.net.ConnectException: Connection refused: connect}}]
Caused by: com.mongodb.MongoTimeoutException: Timed out after 30000 ms while waiting to connect. Client view of cluster state is {type=UNKNOWN, servers=[{address=127.0.0.1:27017, type=UNKNOWN, state=CONNECTING, exception={com.mongodb.MongoSocketOpenException: Exception opening socket}, caused by {java.net.ConnectException: Connection refused: connect}}]
</error>
    <system-out><![CDATA[
  .   ____          _            __ _ _
 /\\ / ___'_ __ _ _(_)_ __  __ _ \ \ \ \
( ( )\___ | '_ | '_| | '_ \/ _` | \ \ \ \
 \\/  ___)| |_)| | | | | || (_| |  ) ) ) )
  '  |____| .__|_| |_|_| |_\__, | / / / /
 =========|_|==============|___/=/_/_/_/
 :: Spring Boot ::        (v2.0.1.RELEASE)

2018-06-11 08:56:37.555  INFO 5768 --- [           main] c.n.d.DigitalHospitalApplicationTests    : Starting DigitalHospitalApplicationTests on DELL with PID 5768 (started by DELL in M:\JavaLibrary\eepractice\digitalhospital)
2018-06-11 08:56:37.556  INFO 5768 --- [           main] c.n.d.DigitalHospitalApplicationTests    : No active profile set, falling back to default profiles: default
2018-06-11 08:56:37.563  INFO 5768 --- [           main] o.s.w.c.s.GenericWebApplicationContext   : Refreshing org.springframework.web.context.support.GenericWebApplicationContext@6d074b14: startup date [Mon Jun 11 08:56:37 EEST 2018]; root of context hierarchy
2018-06-11 08:56:37.758  INFO 5768 --- [           main] f.a.AutowiredAnnotationBeanPostProcessor : JSR-330 'javax.inject.Inject' annotation found and supported for autowiring
2018-06-11 08:56:38.036  INFO 5768 --- [           main] o.s.s.web.DefaultSecurityFilterChain     : Creating filter chain: org.springframework.security.web.util.matcher.AnyRequestMatcher@1, [org.springframework.security.web.context.request.async.WebAsyncManagerIntegrationFilter@118dcbbd, org.springframework.security.web.context.SecurityContextPersistenceFilter@6f6c6077, org.springframework.security.web.header.HeaderWriterFilter@3b8ec001, org.springframework.security.web.csrf.CsrfFilter@7d21852b, org.springframework.security.web.authentication.logout.LogoutFilter@3df1a1ac, org.springframework.security.web.authentication.UsernamePasswordAuthenticationFilter@203d1d93, org.springframework.security.web.authentication.ui.DefaultLoginPageGeneratingFilter@31120021, org.springframework.security.web.authentication.www.BasicAuthenticationFilter@2c2a027c, org.springframework.security.web.savedrequest.RequestCacheAwareFilter@4fc5563d, org.springframework.security.web.servletapi.SecurityContextHolderAwareRequestFilter@286090c, org.springframework.security.web.authentication.AnonymousAuthenticationFilter@7d979d34, org.springframework.security.web.session.SessionManagementFilter@1e95b653, org.springframework.security.web.access.ExceptionTranslationFilter@6cd98a05, org.springframework.security.web.access.intercept.FilterSecurityInterceptor@7be2f29a]
2018-06-11 08:56:38.051  INFO 5768 --- [           main] org.mongodb.driver.cluster               : Cluster created with settings {hosts=[127.0.0.1:27017], mode=SINGLE, requiredClusterType=UNKNOWN, serverSelectionTimeout='30000 ms', maxWaitQueueSize=500}
2018-06-11 08:56:38.121  WARN 5768 --- [           main] o.s.d.m.c.m.BasicMongoPersistentProperty : Customizing field name for id property not allowed! Custom name will not be considered!
2018-06-11 08:56:38.126  INFO 5768 --- [           main] m.c.i.MongoPersistentEntityIndexResolver : Found cycle for field '_id' in type 'MedicalCard' for path 'medicalCard -> patient -> medicalCard'
2018-06-11 08:56:38.133  INFO 5768 --- [           main] m.c.i.MongoPersistentEntityIndexResolver : Found cycle for field 'patient' in type 'MedicalCard' for path 'medicalCard -> patient -> medicalCard'
2018-06-11 08:56:38.146  WARN 5768 --- [           main] o.s.d.m.c.m.BasicMongoPersistentProperty : Customizing field name for id property not allowed! Custom name will not be considered!
2018-06-11 08:56:38.148  INFO 5768 --- [           main] m.c.i.MongoPersistentEntityIndexResolver : Found cycle for field '_id' in type 'MedicalCard' for path 'medicalCard -> patient -> medicalCard'
2018-06-11 08:56:38.148  INFO 5768 --- [           main] m.c.i.MongoPersistentEntityIndexResolver : Found cycle for field 'medicalCard' in type 'Patient' for path 'patients -> medicalCard -> medicalExaminations -> doctor -> patients'
2018-06-11 08:56:38.171  INFO 5768 --- [           main] m.c.i.MongoPersistentEntityIndexResolver : Found cycle for field 'medicalCard' in type 'Patient' for path 'medicalCard -> patient -> medicalCard'
2018-06-11 08:56:38.172  INFO 5768 --- [           main] m.c.i.MongoPersistentEntityIndexResolver : Found cycle for field 'medicalCard' in type 'Patient' for path 'patients -> medicalCard -> medicalExaminations -> doctor -> patients'
2018-06-11 08:56:38.173  INFO 5768 --- [           main] m.c.i.MongoPersistentEntityIndexResolver : Found cycle for field '_id' in type 'MedicalCard' for path 'medicalCard -> patient -> medicalCard'
2018-06-11 08:56:38.174  INFO 5768 --- [           main] m.c.i.MongoPersistentEntityIndexResolver : Found cycle for field 'appointed_date' in type 'Doctor' for path 'doctor -> patients -> medicalCard -> medicalExaminations -> doctor'
2018-06-11 08:56:38.175  INFO 5768 --- [           main] m.c.i.MongoPersistentEntityIndexResolver : Found cycle for field 'medicalCard' in type 'Patient' for path 'medicalCard -> patient -> medicalCard'
2018-06-11 08:56:38.175  INFO 5768 --- [           main] m.c.i.MongoPersistentEntityIndexResolver : Found cycle for field 'patients' in type 'Doctor' for path 'doctor -> patients -> medicalCard -> medicalExaminations -> doctor'
2018-06-11 08:56:38.176  INFO 5768 --- [           main] m.c.i.MongoPersistentEntityIndexResolver : Found cycle for field 'medicalCard' in type 'Patient' for path 'patient -> medicalCard -> patient'
2018-06-11 08:56:38.177  INFO 5768 --- [           main] m.c.i.MongoPersistentEntityIndexResolver : Found cycle for field '_id' in type 'MedicalCard' for path 'medicalCard -> medicalExaminations -> doctor -> patients -> medicalCard'
2018-06-11 08:56:38.177  INFO 5768 --- [           main] m.c.i.MongoPersistentEntityIndexResolver : Found cycle for field '_id' in type 'MedicalCard' for path 'medicalCard -> patient -> medicalCard'
2018-06-11 08:56:38.177  INFO 5768 --- [           main] m.c.i.MongoPersistentEntityIndexResolver : Found cycle for field '_id' in type 'MedicalExamination' for path 'medicalExaminations -> doctor -> patients -> medicalCard -> medicalExaminations'
2018-06-11 08:56:38.178  INFO 5768 --- [           main] m.c.i.MongoPersistentEntityIndexResolver : Found cycle for field 'medicalCard' in type 'Patient' for path 'patient -> medicalCard -> patient'
2018-06-11 08:56:38.178  INFO 5768 --- [           main] m.c.i.MongoPersistentEntityIndexResolver : Found cycle for field 'medicalCard' in type 'Patient' for path 'medicalCard -> medicalExaminations -> doctor -> patients -> medicalCard'
2018-06-11 08:56:38.179  INFO 5768 --- [           main] m.c.i.MongoPersistentEntityIndexResolver : Found cycle for field 'medicalCard' in type 'Patient' for path 'medicalCard -> patient -> medicalCard'
2018-06-11 08:56:38.180  INFO 5768 --- [           main] m.c.i.MongoPersistentEntityIndexResolver : Found cycle for field 'doctor' in type 'MedicalExamination' for path 'medicalExaminations -> doctor -> patients -> medicalCard -> medicalExaminations'
2018-06-11 08:56:38.181  WARN 5768 --- [           main] o.s.d.m.c.m.BasicMongoPersistentProperty : Customizing field name for id property not allowed! Custom name will not be considered!
2018-06-11 08:56:38.182  INFO 5768 --- [           main] m.c.i.MongoPersistentEntityIndexResolver : Found cycle for field 'medicalCard' in type 'Patient' for path 'patient -> medicalCard -> patient'
2018-06-11 08:56:38.183  INFO 5768 --- [           main] m.c.i.MongoPersistentEntityIndexResolver : Found cycle for field '_id' in type 'MedicalCard' for path 'medicalCard -> medicalExaminations -> doctor -> patients -> medicalCard'
2018-06-11 08:56:38.184  INFO 5768 --- [           main] m.c.i.MongoPersistentEntityIndexResolver : Found cycle for field '_id' in type 'MedicalCard' for path 'medicalCard -> patient -> medicalCard'
2018-06-11 08:56:38.184  INFO 5768 --- [           main] m.c.i.MongoPersistentEntityIndexResolver : Found cycle for field '_id' in type 'MedicalExamination' for path 'medicalExaminations -> doctor -> patients -> medicalCard -> medicalExaminations'
2018-06-11 08:56:38.185  INFO 5768 --- [           main] m.c.i.MongoPersistentEntityIndexResolver : Found cycle for field 'patient' in type 'MedicalCard' for path 'patient -> medicalCard -> patient'
2018-06-11 08:56:38.185  INFO 5768 --- [           main] m.c.i.MongoPersistentEntityIndexResolver : Found cycle for field 'medicalCard' in type 'Patient' for path 'medicalCard -> patient -> medicalCard'
2018-06-11 08:56:38.186  INFO 5768 --- [           main] m.c.i.MongoPersistentEntityIndexResolver : Found cycle for field 'medicalExaminations' in type 'MedicalCard' for path 'medicalExaminations -> doctor -> patients -> medicalCard -> medicalExaminations'
2018-06-11 08:56:38.186  INFO 5768 --- [           main] org.mongodb.driver.cluster               : Cluster description not yet available. Waiting for 30000 ms before timing out
2018-06-11 08:56:39.057  INFO 5768 --- [127.0.0.1:27017] org.mongodb.driver.cluster               : Exception in monitor thread while connecting to server 127.0.0.1:27017

com.mongodb.MongoSocketOpenException: Exception opening socket
	at com.mongodb.connection.SocketStream.open(SocketStream.java:62) ~[mongo-java-driver-3.6.3.jar:na]
	at com.mongodb.connection.InternalStreamConnection.open(InternalStreamConnection.java:126) ~[mongo-java-driver-3.6.3.jar:na]
	at com.mongodb.connection.DefaultServerMonitor$ServerMonitorRunnable.run(DefaultServerMonitor.java:114) ~[mongo-java-driver-3.6.3.jar:na]
	at java.lang.Thread.run(Thread.java:748) [na:1.8.0_161]
Caused by: java.net.ConnectException: Connection refused: connect
	at java.net.DualStackPlainSocketImpl.waitForConnect(Native Method) ~[na:1.8.0_161]
	at java.net.DualStackPlainSocketImpl.socketConnect(DualStackPlainSocketImpl.java:85) ~[na:1.8.0_161]
	at java.net.AbstractPlainSocketImpl.doConnect(AbstractPlainSocketImpl.java:350) ~[na:1.8.0_161]
	at java.net.AbstractPlainSocketImpl.connectToAddress(AbstractPlainSocketImpl.java:206) ~[na:1.8.0_161]
	at java.net.AbstractPlainSocketImpl.connect(AbstractPlainSocketImpl.java:188) ~[na:1.8.0_161]
	at java.net.PlainSocketImpl.connect(PlainSocketImpl.java:172) ~[na:1.8.0_161]
	at java.net.SocksSocketImpl.connect(SocksSocketImpl.java:392) ~[na:1.8.0_161]
	at java.net.Socket.connect(Socket.java:589) ~[na:1.8.0_161]
	at com.mongodb.connection.SocketStreamHelper.initialize(SocketStreamHelper.java:59) ~[mongo-java-driver-3.6.3.jar:na]
	at com.mongodb.connection.SocketStream.open(SocketStream.java:57) ~[mongo-java-driver-3.6.3.jar:na]
	... 3 common frames omitted

2018-06-11 08:57:08.189  WARN 5768 --- [           main] o.s.w.c.s.GenericWebApplicationContext   : Exception encountered during context initialization - cancelling refresh attempt: org.springframework.beans.factory.BeanCreationException: Error creating bean with name 'hospitalRepository': Invocation of init method failed; nested exception is org.springframework.dao.DataAccessResourceFailureException: Timed out after 30000 ms while waiting to connect. Client view of cluster state is {type=UNKNOWN, servers=[{address=127.0.0.1:27017, type=UNKNOWN, state=CONNECTING, exception={com.mongodb.MongoSocketOpenException: Exception opening socket}, caused by {java.net.ConnectException: Connection refused: connect}}]; nested exception is com.mongodb.MongoTimeoutException: Timed out after 30000 ms while waiting to connect. Client view of cluster state is {type=UNKNOWN, servers=[{address=127.0.0.1:27017, type=UNKNOWN, state=CONNECTING, exception={com.mongodb.MongoSocketOpenException: Exception opening socket}, caused by {java.net.ConnectException: Connection refused: connect}}]
2018-06-11 08:57:08.193  INFO 5768 --- [           main] ConditionEvaluationReportLoggingListener : 

Error starting ApplicationContext. To display the conditions report re-run your application with 'debug' enabled.
2018-06-11 08:57:08.198 ERROR 5768 --- [           main] o.s.boot.SpringApplication               : Application run failed

org.springframework.beans.factory.BeanCreationException: Error creating bean with name 'hospitalRepository': Invocation of init method failed; nested exception is org.springframework.dao.DataAccessResourceFailureException: Timed out after 30000 ms while waiting to connect. Client view of cluster state is {type=UNKNOWN, servers=[{address=127.0.0.1:27017, type=UNKNOWN, state=CONNECTING, exception={com.mongodb.MongoSocketOpenException: Exception opening socket}, caused by {java.net.ConnectException: Connection refused: connect}}]; nested exception is com.mongodb.MongoTimeoutException: Timed out after 30000 ms while waiting to connect. Client view of cluster state is {type=UNKNOWN, servers=[{address=127.0.0.1:27017, type=UNKNOWN, state=CONNECTING, exception={com.mongodb.MongoSocketOpenException: Exception opening socket}, caused by {java.net.ConnectException: Connection refused: connect}}]
	at org.springframework.beans.factory.support.AbstractAutowireCapableBeanFactory.initializeBean(AbstractAutowireCapableBeanFactory.java:1702) ~[spring-beans-5.0.5.RELEASE.jar:5.0.5.RELEASE]
	at org.springframework.beans.factory.support.AbstractAutowireCapableBeanFactory.doCreateBean(AbstractAutowireCapableBeanFactory.java:579) ~[spring-beans-5.0.5.RELEASE.jar:5.0.5.RELEASE]
	at org.springframework.beans.factory.support.AbstractAutowireCapableBeanFactory.createBean(AbstractAutowireCapableBeanFactory.java:501) ~[spring-beans-5.0.5.RELEASE.jar:5.0.5.RELEASE]
	at org.springframework.beans.factory.support.AbstractBeanFactory.lambda$doGetBean$0(AbstractBeanFactory.java:317) ~[spring-beans-5.0.5.RELEASE.jar:5.0.5.RELEASE]
	at org.springframework.beans.factory.support.DefaultSingletonBeanRegistry.getSingleton(DefaultSingletonBeanRegistry.java:228) ~[spring-beans-5.0.5.RELEASE.jar:5.0.5.RELEASE]
	at org.springframework.beans.factory.support.AbstractBeanFactory.doGetBean(AbstractBeanFactory.java:315) ~[spring-beans-5.0.5.RELEASE.jar:5.0.5.RELEASE]
	at org.springframework.beans.factory.support.AbstractBeanFactory.getBean(AbstractBeanFactory.java:199) ~[spring-beans-5.0.5.RELEASE.jar:5.0.5.RELEASE]
	at org.springframework.beans.factory.support.DefaultListableBeanFactory.preInstantiateSingletons(DefaultListableBeanFactory.java:741) ~[spring-beans-5.0.5.RELEASE.jar:5.0.5.RELEASE]
	at org.springframework.context.support.AbstractApplicationContext.finishBeanFactoryInitialization(AbstractApplicationContext.java:869) ~[spring-context-5.0.5.RELEASE.jar:5.0.5.RELEASE]
	at org.springframework.context.support.AbstractApplicationContext.refresh(AbstractApplicationContext.java:550) ~[spring-context-5.0.5.RELEASE.jar:5.0.5.RELEASE]
	at org.springframework.boot.SpringApplication.refresh(SpringApplication.java:759) ~[spring-boot-2.0.1.RELEASE.jar:2.0.1.RELEASE]
	at org.springframework.boot.SpringApplication.refreshContext(SpringApplication.java:395) ~[spring-boot-2.0.1.RELEASE.jar:2.0.1.RELEASE]
	at org.springframework.boot.SpringApplication.run(SpringApplication.java:327) ~[spring-boot-2.0.1.RELEASE.jar:2.0.1.RELEASE]
	at org.springframework.boot.test.context.SpringBootContextLoader.loadContext(SpringBootContextLoader.java:138) [spring-boot-test-2.0.1.RELEASE.jar:2.0.1.RELEASE]
	at org.springframework.test.context.cache.DefaultCacheAwareContextLoaderDelegate.loadContextInternal(DefaultCacheAwareContextLoaderDelegate.java:99) [spring-test-5.0.5.RELEASE.jar:5.0.5.RELEASE]
	at org.springframework.test.context.cache.DefaultCacheAwareContextLoaderDelegate.loadContext(DefaultCacheAwareContextLoaderDelegate.java:117) [spring-test-5.0.5.RELEASE.jar:5.0.5.RELEASE]
	at org.springframework.test.context.support.DefaultTestContext.getApplicationContext(DefaultTestContext.java:108) [spring-test-5.0.5.RELEASE.jar:5.0.5.RELEASE]
	at org.springframework.test.context.web.ServletTestExecutionListener.setUpRequestContextIfNecessary(ServletTestExecutionListener.java:190) [spring-test-5.0.5.RELEASE.jar:5.0.5.RELEASE]
	at org.springframework.test.context.web.ServletTestExecutionListener.prepareTestInstance(ServletTestExecutionListener.java:132) [spring-test-5.0.5.RELEASE.jar:5.0.5.RELEASE]
	at org.springframework.test.context.TestContextManager.prepareTestInstance(TestContextManager.java:246) [spring-test-5.0.5.RELEASE.jar:5.0.5.RELEASE]
	at org.springframework.test.context.junit4.SpringJUnit4ClassRunner.createTest(SpringJUnit4ClassRunner.java:227) [spring-test-5.0.5.RELEASE.jar:5.0.5.RELEASE]
	at org.springframework.test.context.junit4.SpringJUnit4ClassRunner$1.runReflectiveCall(SpringJUnit4ClassRunner.java:289) [spring-test-5.0.5.RELEASE.jar:5.0.5.RELEASE]
	at org.junit.internal.runners.model.ReflectiveCallable.run(ReflectiveCallable.java:12) [junit-4.12.jar:4.12]
	at org.springframework.test.context.junit4.SpringJUnit4ClassRunner.methodBlock(SpringJUnit4ClassRunner.java:291) [spring-test-5.0.5.RELEASE.jar:5.0.5.RELEASE]
	at org.springframework.test.context.junit4.SpringJUnit4ClassRunner.runChild(SpringJUnit4ClassRunner.java:246) [spring-test-5.0.5.RELEASE.jar:5.0.5.RELEASE]
	at org.springframework.test.context.junit4.SpringJUnit4ClassRunner.runChild(SpringJUnit4ClassRunner.java:97) [spring-test-5.0.5.RELEASE.jar:5.0.5.RELEASE]
	at org.junit.runners.ParentRunner$3.run(ParentRunner.java:290) [junit-4.12.jar:4.12]
	at org.junit.runners.ParentRunner$1.schedule(ParentRunner.java:71) [junit-4.12.jar:4.12]
	at org.junit.runners.ParentRunner.runChildren(ParentRunner.java:288) [junit-4.12.jar:4.12]
	at org.junit.runners.ParentRunner.access$000(ParentRunner.java:58) [junit-4.12.jar:4.12]
	at org.junit.runners.ParentRunner$2.evaluate(ParentRunner.java:268) [junit-4.12.jar:4.12]
	at org.springframework.test.context.junit4.statements.RunBeforeTestClassCallbacks.evaluate(RunBeforeTestClassCallbacks.java:61) [spring-test-5.0.5.RELEASE.jar:5.0.5.RELEASE]
	at org.springframework.test.context.junit4.statements.RunAfterTestClassCallbacks.evaluate(RunAfterTestClassCallbacks.java:70) [spring-test-5.0.5.RELEASE.jar:5.0.5.RELEASE]
	at org.junit.runners.ParentRunner.run(ParentRunner.java:363) [junit-4.12.jar:4.12]
	at org.springframework.test.context.junit4.SpringJUnit4ClassRunner.run(SpringJUnit4ClassRunner.java:190) [spring-test-5.0.5.RELEASE.jar:5.0.5.RELEASE]
	at org.apache.maven.surefire.junit4.JUnit4Provider.execute(JUnit4Provider.java:365) [surefire-junit4-2.21.0.jar:2.21.0]
	at org.apache.maven.surefire.junit4.JUnit4Provider.executeWithRerun(JUnit4Provider.java:273) [surefire-junit4-2.21.0.jar:2.21.0]
	at org.apache.maven.surefire.junit4.JUnit4Provider.executeTestSet(JUnit4Provider.java:238) [surefire-junit4-2.21.0.jar:2.21.0]
	at org.apache.maven.surefire.junit4.JUnit4Provider.invoke(JUnit4Provider.java:159) [surefire-junit4-2.21.0.jar:2.21.0]
	at org.apache.maven.surefire.booter.ForkedBooter.invokeProviderInSameClassLoader(ForkedBooter.java:379) [surefire-booter-2.21.0.jar:2.21.0]
	at org.apache.maven.surefire.booter.ForkedBooter.runSuitesInProcess(ForkedBooter.java:340) [surefire-booter-2.21.0.jar:2.21.0]
	at org.apache.maven.surefire.booter.ForkedBooter.execute(ForkedBooter.java:125) [surefire-booter-2.21.0.jar:2.21.0]
	at org.apache.maven.surefire.booter.ForkedBooter.main(ForkedBooter.java:413) [surefire-booter-2.21.0.jar:2.21.0]
Caused by: org.springframework.dao.DataAccessResourceFailureException: Timed out after 30000 ms while waiting to connect. Client view of cluster state is {type=UNKNOWN, servers=[{address=127.0.0.1:27017, type=UNKNOWN, state=CONNECTING, exception={com.mongodb.MongoSocketOpenException: Exception opening socket}, caused by {java.net.ConnectException: Connection refused: connect}}]; nested exception is com.mongodb.MongoTimeoutException: Timed out after 30000 ms while waiting to connect. Client view of cluster state is {type=UNKNOWN, servers=[{address=127.0.0.1:27017, type=UNKNOWN, state=CONNECTING, exception={com.mongodb.MongoSocketOpenException: Exception opening socket}, caused by {java.net.ConnectException: Connection refused: connect}}]
	at org.springframework.data.mongodb.core.MongoExceptionTranslator.translateExceptionIfPossible(MongoExceptionTranslator.java:87) ~[spring-data-mongodb-2.0.7.RELEASE.jar:2.0.7.RELEASE]
	at org.springframework.data.mongodb.core.MongoTemplate.potentiallyConvertRuntimeException(MongoTemplate.java:2589) ~[spring-data-mongodb-2.0.7.RELEASE.jar:2.0.7.RELEASE]
	at org.springframework.data.mongodb.core.DefaultIndexOperations.execute(DefaultIndexOperations.java:194) ~[spring-data-mongodb-2.0.7.RELEASE.jar:2.0.7.RELEASE]
	at org.springframework.data.mongodb.core.DefaultIndexOperations.ensureIndex(DefaultIndexOperations.java:97) ~[spring-data-mongodb-2.0.7.RELEASE.jar:2.0.7.RELEASE]
	at org.springframework.data.mongodb.core.index.MongoPersistentEntityIndexCreator.createIndex(MongoPersistentEntityIndexCreator.java:145) ~[spring-data-mongodb-2.0.7.RELEASE.jar:2.0.7.RELEASE]
	at org.springframework.data.mongodb.core.index.MongoPersistentEntityIndexCreator.checkForAndCreateIndexes(MongoPersistentEntityIndexCreator.java:135) ~[spring-data-mongodb-2.0.7.RELEASE.jar:2.0.7.RELEASE]
	at org.springframework.data.mongodb.core.index.MongoPersistentEntityIndexCreator.checkForIndexes(MongoPersistentEntityIndexCreator.java:127) ~[spring-data-mongodb-2.0.7.RELEASE.jar:2.0.7.RELEASE]
	at org.springframework.data.mongodb.core.index.MongoPersistentEntityIndexCreator.onApplicationEvent(MongoPersistentEntityIndexCreator.java:111) ~[spring-data-mongodb-2.0.7.RELEASE.jar:2.0.7.RELEASE]
	at org.springframework.data.mongodb.core.index.MongoPersistentEntityIndexCreator.onApplicationEvent(MongoPersistentEntityIndexCreator.java:54) ~[spring-data-mongodb-2.0.7.RELEASE.jar:2.0.7.RELEASE]
	at org.springframework.context.event.SimpleApplicationEventMulticaster.doInvokeListener(SimpleApplicationEventMulticaster.java:172) ~[spring-context-5.0.5.RELEASE.jar:5.0.5.RELEASE]
	at org.springframework.context.event.SimpleApplicationEventMulticaster.invokeListener(SimpleApplicationEventMulticaster.java:165) ~[spring-context-5.0.5.RELEASE.jar:5.0.5.RELEASE]
	at org.springframework.context.event.SimpleApplicationEventMulticaster.multicastEvent(SimpleApplicationEventMulticaster.java:139) ~[spring-context-5.0.5.RELEASE.jar:5.0.5.RELEASE]
	at org.springframework.context.support.AbstractApplicationContext.publishEvent(AbstractApplicationContext.java:400) ~[spring-context-5.0.5.RELEASE.jar:5.0.5.RELEASE]
	at org.springframework.context.support.AbstractApplicationContext.publishEvent(AbstractApplicationContext.java:354) ~[spring-context-5.0.5.RELEASE.jar:5.0.5.RELEASE]
	at org.springframework.data.mapping.context.AbstractMappingContext.addPersistentEntity(AbstractMappingContext.java:420) ~[spring-data-commons-2.0.6.RELEASE.jar:2.0.6.RELEASE]
	at java.util.Collections$SingletonSet.forEach(Collections.java:4767) ~[na:1.8.0_161]
	at org.springframework.data.mapping.context.AbstractMappingContext$PersistentPropertyCreator.createAndRegisterProperty(AbstractMappingContext.java:572) ~[spring-data-commons-2.0.6.RELEASE.jar:2.0.6.RELEASE]
	at org.springframework.data.mapping.context.AbstractMappingContext$PersistentPropertyCreator.doWith(AbstractMappingContext.java:530) ~[spring-data-commons-2.0.6.RELEASE.jar:2.0.6.RELEASE]
	at org.springframework.util.ReflectionUtils.doWithFields(ReflectionUtils.java:729) ~[spring-core-5.0.5.RELEASE.jar:5.0.5.RELEASE]
	at org.springframework.data.mapping.context.AbstractMappingContext.addPersistentEntity(AbstractMappingContext.java:398) ~[spring-data-commons-2.0.6.RELEASE.jar:2.0.6.RELEASE]
	at org.springframework.data.mapping.context.AbstractMappingContext.getPersistentEntity(AbstractMappingContext.java:229) ~[spring-data-commons-2.0.6.RELEASE.jar:2.0.6.RELEASE]
	at org.springframework.data.mapping.context.AbstractMappingContext.getPersistentEntity(AbstractMappingContext.java:172) ~[spring-data-commons-2.0.6.RELEASE.jar:2.0.6.RELEASE]
	at org.springframework.data.mapping.context.AbstractMappingContext.getPersistentEntity(AbstractMappingContext.java:85) ~[spring-data-commons-2.0.6.RELEASE.jar:2.0.6.RELEASE]
	at org.springframework.data.mapping.context.MappingContext.getRequiredPersistentEntity(MappingContext.java:70) ~[spring-data-commons-2.0.6.RELEASE.jar:2.0.6.RELEASE]
	at org.springframework.data.mongodb.repository.support.MongoRepositoryFactory.getEntityInformation(MongoRepositoryFactory.java:149) ~[spring-data-mongodb-2.0.7.RELEASE.jar:2.0.7.RELEASE]
	at org.springframework.data.mongodb.repository.support.MongoRepositoryFactory.getTargetRepository(MongoRepositoryFactory.java:123) ~[spring-data-mongodb-2.0.7.RELEASE.jar:2.0.7.RELEASE]
	at org.springframework.data.repository.core.support.RepositoryFactorySupport.getRepository(RepositoryFactorySupport.java:298) ~[spring-data-commons-2.0.6.RELEASE.jar:2.0.6.RELEASE]
	at org.springframework.data.repository.core.support.RepositoryFactoryBeanSupport.lambda$afterPropertiesSet$3(RepositoryFactoryBeanSupport.java:287) ~[spring-data-commons-2.0.6.RELEASE.jar:2.0.6.RELEASE]
	at org.springframework.data.util.Lazy.getNullable(Lazy.java:141) ~[spring-data-commons-2.0.6.RELEASE.jar:2.0.6.RELEASE]
	at org.springframework.data.util.Lazy.get(Lazy.java:63) ~[spring-data-commons-2.0.6.RELEASE.jar:2.0.6.RELEASE]
	at org.springframework.data.repository.core.support.RepositoryFactoryBeanSupport.afterPropertiesSet(RepositoryFactoryBeanSupport.java:290) ~[spring-data-commons-2.0.6.RELEASE.jar:2.0.6.RELEASE]
	at org.springframework.data.mongodb.repository.support.MongoRepositoryFactoryBean.afterPropertiesSet(MongoRepositoryFactoryBean.java:119) ~[spring-data-mongodb-2.0.7.RELEASE.jar:2.0.7.RELEASE]
	at org.springframework.beans.factory.support.AbstractAutowireCapableBeanFactory.invokeInitMethods(AbstractAutowireCapableBeanFactory.java:1761) ~[spring-beans-5.0.5.RELEASE.jar:5.0.5.RELEASE]
	at org.springframework.beans.factory.support.AbstractAutowireCapableBeanFactory.initializeBean(AbstractAutowireCapableBeanFactory.java:1698) ~[spring-beans-5.0.5.RELEASE.jar:5.0.5.RELEASE]
	... 42 common frames omitted
Caused by: com.mongodb.MongoTimeoutException: Timed out after 30000 ms while waiting to connect. Client view of cluster state is {type=UNKNOWN, servers=[{address=127.0.0.1:27017, type=UNKNOWN, state=CONNECTING, exception={com.mongodb.MongoSocketOpenException: Exception opening socket}, caused by {java.net.ConnectException: Connection refused: connect}}]
	at com.mongodb.connection.BaseCluster.getDescription(BaseCluster.java:167) ~[mongo-java-driver-3.6.3.jar:na]
	at com.mongodb.Mongo.getConnectedClusterDescription(Mongo.java:885) ~[mongo-java-driver-3.6.3.jar:na]
	at com.mongodb.Mongo.createClientSession(Mongo.java:877) ~[mongo-java-driver-3.6.3.jar:na]
	at com.mongodb.Mongo$3.getClientSession(Mongo.java:866) ~[mongo-java-driver-3.6.3.jar:na]
	at com.mongodb.Mongo$3.execute(Mongo.java:834) ~[mongo-java-driver-3.6.3.jar:na]
	at com.mongodb.MongoCollectionImpl.executeCreateIndexes(MongoCollectionImpl.java:867) ~[mongo-java-driver-3.6.3.jar:na]
	at com.mongodb.MongoCollectionImpl.createIndexes(MongoCollectionImpl.java:820) ~[mongo-java-driver-3.6.3.jar:na]
	at com.mongodb.MongoCollectionImpl.createIndexes(MongoCollectionImpl.java:815) ~[mongo-java-driver-3.6.3.jar:na]
	at com.mongodb.MongoCollectionImpl.createIndex(MongoCollectionImpl.java:800) ~[mongo-java-driver-3.6.3.jar:na]
	at org.springframework.data.mongodb.core.DefaultIndexOperations.lambda$ensureIndex$0(DefaultIndexOperations.java:111) ~[spring-data-mongodb-2.0.7.RELEASE.jar:2.0.7.RELEASE]
	at org.springframework.data.mongodb.core.DefaultIndexOperations.execute(DefaultIndexOperations.java:192) ~[spring-data-mongodb-2.0.7.RELEASE.jar:2.0.7.RELEASE]
	... 73 common frames omitted

2018-06-11 08:57:08.200 ERROR 5768 --- [           main] o.s.test.context.TestContextManager      : Caught exception while allowing TestExecutionListener [org.springframework.test.context.web.ServletTestExecutionListener@15bbf42f] to prepare test instance [com.nau.digitalhospital.DigitalHospitalApplicationTests@7f973a14]

java.lang.IllegalStateException: Failed to load ApplicationContext
	at org.springframework.test.context.cache.DefaultCacheAwareContextLoaderDelegate.loadContext(DefaultCacheAwareContextLoaderDelegate.java:125) ~[spring-test-5.0.5.RELEASE.jar:5.0.5.RELEASE]
	at org.springframework.test.context.support.DefaultTestContext.getApplicationContext(DefaultTestContext.java:108) ~[spring-test-5.0.5.RELEASE.jar:5.0.5.RELEASE]
	at org.springframework.test.context.web.ServletTestExecutionListener.setUpRequestContextIfNecessary(ServletTestExecutionListener.java:190) ~[spring-test-5.0.5.RELEASE.jar:5.0.5.RELEASE]
	at org.springframework.test.context.web.ServletTestExecutionListener.prepareTestInstance(ServletTestExecutionListener.java:132) ~[spring-test-5.0.5.RELEASE.jar:5.0.5.RELEASE]
	at org.springframework.test.context.TestContextManager.prepareTestInstance(TestContextManager.java:246) ~[spring-test-5.0.5.RELEASE.jar:5.0.5.RELEASE]
	at org.springframework.test.context.junit4.SpringJUnit4ClassRunner.createTest(SpringJUnit4ClassRunner.java:227) [spring-test-5.0.5.RELEASE.jar:5.0.5.RELEASE]
	at org.springframework.test.context.junit4.SpringJUnit4ClassRunner$1.runReflectiveCall(SpringJUnit4ClassRunner.java:289) [spring-test-5.0.5.RELEASE.jar:5.0.5.RELEASE]
	at org.junit.internal.runners.model.ReflectiveCallable.run(ReflectiveCallable.java:12) [junit-4.12.jar:4.12]
	at org.springframework.test.context.junit4.SpringJUnit4ClassRunner.methodBlock(SpringJUnit4ClassRunner.java:291) [spring-test-5.0.5.RELEASE.jar:5.0.5.RELEASE]
	at org.springframework.test.context.junit4.SpringJUnit4ClassRunner.runChild(SpringJUnit4ClassRunner.java:246) [spring-test-5.0.5.RELEASE.jar:5.0.5.RELEASE]
	at org.springframework.test.context.junit4.SpringJUnit4ClassRunner.runChild(SpringJUnit4ClassRunner.java:97) [spring-test-5.0.5.RELEASE.jar:5.0.5.RELEASE]
	at org.junit.runners.ParentRunner$3.run(ParentRunner.java:290) [junit-4.12.jar:4.12]
	at org.junit.runners.ParentRunner$1.schedule(ParentRunner.java:71) [junit-4.12.jar:4.12]
	at org.junit.runners.ParentRunner.runChildren(ParentRunner.java:288) [junit-4.12.jar:4.12]
	at org.junit.runners.ParentRunner.access$000(ParentRunner.java:58) [junit-4.12.jar:4.12]
	at org.junit.runners.ParentRunner$2.evaluate(ParentRunner.java:268) [junit-4.12.jar:4.12]
	at org.springframework.test.context.junit4.statements.RunBeforeTestClassCallbacks.evaluate(RunBeforeTestClassCallbacks.java:61) [spring-test-5.0.5.RELEASE.jar:5.0.5.RELEASE]
	at org.springframework.test.context.junit4.statements.RunAfterTestClassCallbacks.evaluate(RunAfterTestClassCallbacks.java:70) [spring-test-5.0.5.RELEASE.jar:5.0.5.RELEASE]
	at org.junit.runners.ParentRunner.run(ParentRunner.java:363) [junit-4.12.jar:4.12]
	at org.springframework.test.context.junit4.SpringJUnit4ClassRunner.run(SpringJUnit4ClassRunner.java:190) [spring-test-5.0.5.RELEASE.jar:5.0.5.RELEASE]
	at org.apache.maven.surefire.junit4.JUnit4Provider.execute(JUnit4Provider.java:365) [surefire-junit4-2.21.0.jar:2.21.0]
	at org.apache.maven.surefire.junit4.JUnit4Provider.executeWithRerun(JUnit4Provider.java:273) [surefire-junit4-2.21.0.jar:2.21.0]
	at org.apache.maven.surefire.junit4.JUnit4Provider.executeTestSet(JUnit4Provider.java:238) [surefire-junit4-2.21.0.jar:2.21.0]
	at org.apache.maven.surefire.junit4.JUnit4Provider.invoke(JUnit4Provider.java:159) [surefire-junit4-2.21.0.jar:2.21.0]
	at org.apache.maven.surefire.booter.ForkedBooter.invokeProviderInSameClassLoader(ForkedBooter.java:379) [surefire-booter-2.21.0.jar:2.21.0]
	at org.apache.maven.surefire.booter.ForkedBooter.runSuitesInProcess(ForkedBooter.java:340) [surefire-booter-2.21.0.jar:2.21.0]
	at org.apache.maven.surefire.booter.ForkedBooter.execute(ForkedBooter.java:125) [surefire-booter-2.21.0.jar:2.21.0]
	at org.apache.maven.surefire.booter.ForkedBooter.main(ForkedBooter.java:413) [surefire-booter-2.21.0.jar:2.21.0]
Caused by: org.springframework.beans.factory.BeanCreationException: Error creating bean with name 'hospitalRepository': Invocation of init method failed; nested exception is org.springframework.dao.DataAccessResourceFailureException: Timed out after 30000 ms while waiting to connect. Client view of cluster state is {type=UNKNOWN, servers=[{address=127.0.0.1:27017, type=UNKNOWN, state=CONNECTING, exception={com.mongodb.MongoSocketOpenException: Exception opening socket}, caused by {java.net.ConnectException: Connection refused: connect}}]; nested exception is com.mongodb.MongoTimeoutException: Timed out after 30000 ms while waiting to connect. Client view of cluster state is {type=UNKNOWN, servers=[{address=127.0.0.1:27017, type=UNKNOWN, state=CONNECTING, exception={com.mongodb.MongoSocketOpenException: Exception opening socket}, caused by {java.net.ConnectException: Connection refused: connect}}]
	at org.springframework.beans.factory.support.AbstractAutowireCapableBeanFactory.initializeBean(AbstractAutowireCapableBeanFactory.java:1702) ~[spring-beans-5.0.5.RELEASE.jar:5.0.5.RELEASE]
	at org.springframework.beans.factory.support.AbstractAutowireCapableBeanFactory.doCreateBean(AbstractAutowireCapableBeanFactory.java:579) ~[spring-beans-5.0.5.RELEASE.jar:5.0.5.RELEASE]
	at org.springframework.beans.factory.support.AbstractAutowireCapableBeanFactory.createBean(AbstractAutowireCapableBeanFactory.java:501) ~[spring-beans-5.0.5.RELEASE.jar:5.0.5.RELEASE]
	at org.springframework.beans.factory.support.AbstractBeanFactory.lambda$doGetBean$0(AbstractBeanFactory.java:317) ~[spring-beans-5.0.5.RELEASE.jar:5.0.5.RELEASE]
	at org.springframework.beans.factory.support.DefaultSingletonBeanRegistry.getSingleton(DefaultSingletonBeanRegistry.java:228) ~[spring-beans-5.0.5.RELEASE.jar:5.0.5.RELEASE]
	at org.springframework.beans.factory.support.AbstractBeanFactory.doGetBean(AbstractBeanFactory.java:315) ~[spring-beans-5.0.5.RELEASE.jar:5.0.5.RELEASE]
	at org.springframework.beans.factory.support.AbstractBeanFactory.getBean(AbstractBeanFactory.java:199) ~[spring-beans-5.0.5.RELEASE.jar:5.0.5.RELEASE]
	at org.springframework.beans.factory.support.DefaultListableBeanFactory.preInstantiateSingletons(DefaultListableBeanFactory.java:741) ~[spring-beans-5.0.5.RELEASE.jar:5.0.5.RELEASE]
	at org.springframework.context.support.AbstractApplicationContext.finishBeanFactoryInitialization(AbstractApplicationContext.java:869) ~[spring-context-5.0.5.RELEASE.jar:5.0.5.RELEASE]
	at org.springframework.context.support.AbstractApplicationContext.refresh(AbstractApplicationContext.java:550) ~[spring-context-5.0.5.RELEASE.jar:5.0.5.RELEASE]
	at org.springframework.boot.SpringApplication.refresh(SpringApplication.java:759) ~[spring-boot-2.0.1.RELEASE.jar:2.0.1.RELEASE]
	at org.springframework.boot.SpringApplication.refreshContext(SpringApplication.java:395) ~[spring-boot-2.0.1.RELEASE.jar:2.0.1.RELEASE]
	at org.springframework.boot.SpringApplication.run(SpringApplication.java:327) ~[spring-boot-2.0.1.RELEASE.jar:2.0.1.RELEASE]
	at org.springframework.boot.test.context.SpringBootContextLoader.loadContext(SpringBootContextLoader.java:138) ~[spring-boot-test-2.0.1.RELEASE.jar:2.0.1.RELEASE]
	at org.springframework.test.context.cache.DefaultCacheAwareContextLoaderDelegate.loadContextInternal(DefaultCacheAwareContextLoaderDelegate.java:99) ~[spring-test-5.0.5.RELEASE.jar:5.0.5.RELEASE]
	at org.springframework.test.context.cache.DefaultCacheAwareContextLoaderDelegate.loadContext(DefaultCacheAwareContextLoaderDelegate.java:117) ~[spring-test-5.0.5.RELEASE.jar:5.0.5.RELEASE]
	... 27 common frames omitted
Caused by: org.springframework.dao.DataAccessResourceFailureException: Timed out after 30000 ms while waiting to connect. Client view of cluster state is {type=UNKNOWN, servers=[{address=127.0.0.1:27017, type=UNKNOWN, state=CONNECTING, exception={com.mongodb.MongoSocketOpenException: Exception opening socket}, caused by {java.net.ConnectException: Connection refused: connect}}]; nested exception is com.mongodb.MongoTimeoutException: Timed out after 30000 ms while waiting to connect. Client view of cluster state is {type=UNKNOWN, servers=[{address=127.0.0.1:27017, type=UNKNOWN, state=CONNECTING, exception={com.mongodb.MongoSocketOpenException: Exception opening socket}, caused by {java.net.ConnectException: Connection refused: connect}}]
	at org.springframework.data.mongodb.core.MongoExceptionTranslator.translateExceptionIfPossible(MongoExceptionTranslator.java:87) ~[spring-data-mongodb-2.0.7.RELEASE.jar:2.0.7.RELEASE]
	at org.springframework.data.mongodb.core.MongoTemplate.potentiallyConvertRuntimeException(MongoTemplate.java:2589) ~[spring-data-mongodb-2.0.7.RELEASE.jar:2.0.7.RELEASE]
	at org.springframework.data.mongodb.core.DefaultIndexOperations.execute(DefaultIndexOperations.java:194) ~[spring-data-mongodb-2.0.7.RELEASE.jar:2.0.7.RELEASE]
	at org.springframework.data.mongodb.core.DefaultIndexOperations.ensureIndex(DefaultIndexOperations.java:97) ~[spring-data-mongodb-2.0.7.RELEASE.jar:2.0.7.RELEASE]
	at org.springframework.data.mongodb.core.index.MongoPersistentEntityIndexCreator.createIndex(MongoPersistentEntityIndexCreator.java:145) ~[spring-data-mongodb-2.0.7.RELEASE.jar:2.0.7.RELEASE]
	at org.springframework.data.mongodb.core.index.MongoPersistentEntityIndexCreator.checkForAndCreateIndexes(MongoPersistentEntityIndexCreator.java:135) ~[spring-data-mongodb-2.0.7.RELEASE.jar:2.0.7.RELEASE]
	at org.springframework.data.mongodb.core.index.MongoPersistentEntityIndexCreator.checkForIndexes(MongoPersistentEntityIndexCreator.java:127) ~[spring-data-mongodb-2.0.7.RELEASE.jar:2.0.7.RELEASE]
	at org.springframework.data.mongodb.core.index.MongoPersistentEntityIndexCreator.onApplicationEvent(MongoPersistentEntityIndexCreator.java:111) ~[spring-data-mongodb-2.0.7.RELEASE.jar:2.0.7.RELEASE]
	at org.springframework.data.mongodb.core.index.MongoPersistentEntityIndexCreator.onApplicationEvent(MongoPersistentEntityIndexCreator.java:54) ~[spring-data-mongodb-2.0.7.RELEASE.jar:2.0.7.RELEASE]
	at org.springframework.context.event.SimpleApplicationEventMulticaster.doInvokeListener(SimpleApplicationEventMulticaster.java:172) ~[spring-context-5.0.5.RELEASE.jar:5.0.5.RELEASE]
	at org.springframework.context.event.SimpleApplicationEventMulticaster.invokeListener(SimpleApplicationEventMulticaster.java:165) ~[spring-context-5.0.5.RELEASE.jar:5.0.5.RELEASE]
	at org.springframework.context.event.SimpleApplicationEventMulticaster.multicastEvent(SimpleApplicationEventMulticaster.java:139) ~[spring-context-5.0.5.RELEASE.jar:5.0.5.RELEASE]
	at org.springframework.context.support.AbstractApplicationContext.publishEvent(AbstractApplicationContext.java:400) ~[spring-context-5.0.5.RELEASE.jar:5.0.5.RELEASE]
	at org.springframework.context.support.AbstractApplicationContext.publishEvent(AbstractApplicationContext.java:354) ~[spring-context-5.0.5.RELEASE.jar:5.0.5.RELEASE]
	at org.springframework.data.mapping.context.AbstractMappingContext.addPersistentEntity(AbstractMappingContext.java:420) ~[spring-data-commons-2.0.6.RELEASE.jar:2.0.6.RELEASE]
	at java.util.Collections$SingletonSet.forEach(Collections.java:4767) ~[na:1.8.0_161]
	at org.springframework.data.mapping.context.AbstractMappingContext$PersistentPropertyCreator.createAndRegisterProperty(AbstractMappingContext.java:572) ~[spring-data-commons-2.0.6.RELEASE.jar:2.0.6.RELEASE]
	at org.springframework.data.mapping.context.AbstractMappingContext$PersistentPropertyCreator.doWith(AbstractMappingContext.java:530) ~[spring-data-commons-2.0.6.RELEASE.jar:2.0.6.RELEASE]
	at org.springframework.util.ReflectionUtils.doWithFields(ReflectionUtils.java:729) ~[spring-core-5.0.5.RELEASE.jar:5.0.5.RELEASE]
	at org.springframework.data.mapping.context.AbstractMappingContext.addPersistentEntity(AbstractMappingContext.java:398) ~[spring-data-commons-2.0.6.RELEASE.jar:2.0.6.RELEASE]
	at org.springframework.data.mapping.context.AbstractMappingContext.getPersistentEntity(AbstractMappingContext.java:229) ~[spring-data-commons-2.0.6.RELEASE.jar:2.0.6.RELEASE]
	at org.springframework.data.mapping.context.AbstractMappingContext.getPersistentEntity(AbstractMappingContext.java:172) ~[spring-data-commons-2.0.6.RELEASE.jar:2.0.6.RELEASE]
	at org.springframework.data.mapping.context.AbstractMappingContext.getPersistentEntity(AbstractMappingContext.java:85) ~[spring-data-commons-2.0.6.RELEASE.jar:2.0.6.RELEASE]
	at org.springframework.data.mapping.context.MappingContext.getRequiredPersistentEntity(MappingContext.java:70) ~[spring-data-commons-2.0.6.RELEASE.jar:2.0.6.RELEASE]
	at org.springframework.data.mongodb.repository.support.MongoRepositoryFactory.getEntityInformation(MongoRepositoryFactory.java:149) ~[spring-data-mongodb-2.0.7.RELEASE.jar:2.0.7.RELEASE]
	at org.springframework.data.mongodb.repository.support.MongoRepositoryFactory.getTargetRepository(MongoRepositoryFactory.java:123) ~[spring-data-mongodb-2.0.7.RELEASE.jar:2.0.7.RELEASE]
	at org.springframework.data.repository.core.support.RepositoryFactorySupport.getRepository(RepositoryFactorySupport.java:298) ~[spring-data-commons-2.0.6.RELEASE.jar:2.0.6.RELEASE]
	at org.springframework.data.repository.core.support.RepositoryFactoryBeanSupport.lambda$afterPropertiesSet$3(RepositoryFactoryBeanSupport.java:287) ~[spring-data-commons-2.0.6.RELEASE.jar:2.0.6.RELEASE]
	at org.springframework.data.util.Lazy.getNullable(Lazy.java:141) ~[spring-data-commons-2.0.6.RELEASE.jar:2.0.6.RELEASE]
	at org.springframework.data.util.Lazy.get(Lazy.java:63) ~[spring-data-commons-2.0.6.RELEASE.jar:2.0.6.RELEASE]
	at org.springframework.data.repository.core.support.RepositoryFactoryBeanSupport.afterPropertiesSet(RepositoryFactoryBeanSupport.java:290) ~[spring-data-commons-2.0.6.RELEASE.jar:2.0.6.RELEASE]
	at org.springframework.data.mongodb.repository.support.MongoRepositoryFactoryBean.afterPropertiesSet(MongoRepositoryFactoryBean.java:119) ~[spring-data-mongodb-2.0.7.RELEASE.jar:2.0.7.RELEASE]
	at org.springframework.beans.factory.support.AbstractAutowireCapableBeanFactory.invokeInitMethods(AbstractAutowireCapableBeanFactory.java:1761) ~[spring-beans-5.0.5.RELEASE.jar:5.0.5.RELEASE]
	at org.springframework.beans.factory.support.AbstractAutowireCapableBeanFactory.initializeBean(AbstractAutowireCapableBeanFactory.java:1698) ~[spring-beans-5.0.5.RELEASE.jar:5.0.5.RELEASE]
	... 42 common frames omitted
Caused by: com.mongodb.MongoTimeoutException: Timed out after 30000 ms while waiting to connect. Client view of cluster state is {type=UNKNOWN, servers=[{address=127.0.0.1:27017, type=UNKNOWN, state=CONNECTING, exception={com.mongodb.MongoSocketOpenException: Exception opening socket}, caused by {java.net.ConnectException: Connection refused: connect}}]
	at com.mongodb.connection.BaseCluster.getDescription(BaseCluster.java:167) ~[mongo-java-driver-3.6.3.jar:na]
	at com.mongodb.Mongo.getConnectedClusterDescription(Mongo.java:885) ~[mongo-java-driver-3.6.3.jar:na]
	at com.mongodb.Mongo.createClientSession(Mongo.java:877) ~[mongo-java-driver-3.6.3.jar:na]
	at com.mongodb.Mongo$3.getClientSession(Mongo.java:866) ~[mongo-java-driver-3.6.3.jar:na]
	at com.mongodb.Mongo$3.execute(Mongo.java:834) ~[mongo-java-driver-3.6.3.jar:na]
	at com.mongodb.MongoCollectionImpl.executeCreateIndexes(MongoCollectionImpl.java:867) ~[mongo-java-driver-3.6.3.jar:na]
	at com.mongodb.MongoCollectionImpl.createIndexes(MongoCollectionImpl.java:820) ~[mongo-java-driver-3.6.3.jar:na]
	at com.mongodb.MongoCollectionImpl.createIndexes(MongoCollectionImpl.java:815) ~[mongo-java-driver-3.6.3.jar:na]
	at com.mongodb.MongoCollectionImpl.createIndex(MongoCollectionImpl.java:800) ~[mongo-java-driver-3.6.3.jar:na]
	at org.springframework.data.mongodb.core.DefaultIndexOperations.lambda$ensureIndex$0(DefaultIndexOperations.java:111) ~[spring-data-mongodb-2.0.7.RELEASE.jar:2.0.7.RELEASE]
	at org.springframework.data.mongodb.core.DefaultIndexOperations.execute(DefaultIndexOperations.java:192) ~[spring-data-mongodb-2.0.7.RELEASE.jar:2.0.7.RELEASE]
	... 73 common frames omitted

]]></system-out>
  </testcase>
  <testcase name="connectToLocalhost" classname="com.nau.digitalhospital.DigitalHospitalApplicationTests" time="0">
    <error message="Failed to load ApplicationContext" type="java.lang.IllegalStateException">java.lang.IllegalStateException: Failed to load ApplicationContext
Caused by: org.springframework.beans.factory.BeanCreationException: Error creating bean with name 'hospitalRepository': Invocation of init method failed; nested exception is org.springframework.dao.DataAccessResourceFailureException: Timed out after 30000 ms while waiting to connect. Client view of cluster state is {type=UNKNOWN, servers=[{address=127.0.0.1:27017, type=UNKNOWN, state=CONNECTING, exception={com.mongodb.MongoSocketOpenException: Exception opening socket}, caused by {java.net.ConnectException: Connection refused: connect}}]; nested exception is com.mongodb.MongoTimeoutException: Timed out after 30000 ms while waiting to connect. Client view of cluster state is {type=UNKNOWN, servers=[{address=127.0.0.1:27017, type=UNKNOWN, state=CONNECTING, exception={com.mongodb.MongoSocketOpenException: Exception opening socket}, caused by {java.net.ConnectException: Connection refused: connect}}]
Caused by: org.springframework.dao.DataAccessResourceFailureException: Timed out after 30000 ms while waiting to connect. Client view of cluster state is {type=UNKNOWN, servers=[{address=127.0.0.1:27017, type=UNKNOWN, state=CONNECTING, exception={com.mongodb.MongoSocketOpenException: Exception opening socket}, caused by {java.net.ConnectException: Connection refused: connect}}]; nested exception is com.mongodb.MongoTimeoutException: Timed out after 30000 ms while waiting to connect. Client view of cluster state is {type=UNKNOWN, servers=[{address=127.0.0.1:27017, type=UNKNOWN, state=CONNECTING, exception={com.mongodb.MongoSocketOpenException: Exception opening socket}, caused by {java.net.ConnectException: Connection refused: connect}}]
Caused by: com.mongodb.MongoTimeoutException: Timed out after 30000 ms while waiting to connect. Client view of cluster state is {type=UNKNOWN, servers=[{address=127.0.0.1:27017, type=UNKNOWN, state=CONNECTING, exception={com.mongodb.MongoSocketOpenException: Exception opening socket}, caused by {java.net.ConnectException: Connection refused: connect}}]
</error>
    <system-out><![CDATA[
  .   ____          _            __ _ _
 /\\ / ___'_ __ _ _(_)_ __  __ _ \ \ \ \
( ( )\___ | '_ | '_| | '_ \/ _` | \ \ \ \
 \\/  ___)| |_)| | | | | || (_| |  ) ) ) )
  '  |____| .__|_| |_|_| |_\__, | / / / /
 =========|_|==============|___/=/_/_/_/
 :: Spring Boot ::        (v2.0.1.RELEASE)

2018-06-11 08:57:08.264  INFO 5768 --- [           main] c.n.d.DigitalHospitalApplicationTests    : Starting DigitalHospitalApplicationTests on DELL with PID 5768 (started by DELL in M:\JavaLibrary\eepractice\digitalhospital)
2018-06-11 08:57:08.265  INFO 5768 --- [           main] c.n.d.DigitalHospitalApplicationTests    : No active profile set, falling back to default profiles: default
2018-06-11 08:57:08.271  INFO 5768 --- [           main] o.s.w.c.s.GenericWebApplicationContext   : Refreshing org.springframework.web.context.support.GenericWebApplicationContext@655f69da: startup date [Mon Jun 11 08:57:08 EEST 2018]; root of context hierarchy
2018-06-11 08:57:08.688  INFO 5768 --- [           main] f.a.AutowiredAnnotationBeanPostProcessor : JSR-330 'javax.inject.Inject' annotation found and supported for autowiring
2018-06-11 08:57:09.066  INFO 5768 --- [           main] o.s.s.web.DefaultSecurityFilterChain     : Creating filter chain: org.springframework.security.web.util.matcher.AnyRequestMatcher@1, [org.springframework.security.web.context.request.async.WebAsyncManagerIntegrationFilter@6870c3c2, org.springframework.security.web.context.SecurityContextPersistenceFilter@7c5d1d25, org.springframework.security.web.header.HeaderWriterFilter@36d33f4, org.springframework.security.web.csrf.CsrfFilter@f9cab00, org.springframework.security.web.authentication.logout.LogoutFilter@26ca61bf, org.springframework.security.web.authentication.UsernamePasswordAuthenticationFilter@483b0690, org.springframework.security.web.authentication.ui.DefaultLoginPageGeneratingFilter@32eae6f2, org.springframework.security.web.authentication.www.BasicAuthenticationFilter@687e6293, org.springframework.security.web.savedrequest.RequestCacheAwareFilter@550e9be6, org.springframework.security.web.servletapi.SecurityContextHolderAwareRequestFilter@3f96f020, org.springframework.security.web.authentication.AnonymousAuthenticationFilter@fb0a08c, org.springframework.security.web.session.SessionManagementFilter@16736040, org.springframework.security.web.access.ExceptionTranslationFilter@10272bbb, org.springframework.security.web.access.intercept.FilterSecurityInterceptor@1f2f0109]
2018-06-11 08:57:09.098  INFO 5768 --- [           main] org.mongodb.driver.cluster               : Cluster created with settings {hosts=[127.0.0.1:27017], mode=SINGLE, requiredClusterType=UNKNOWN, serverSelectionTimeout='30000 ms', maxWaitQueueSize=500}
2018-06-11 08:57:09.210  INFO 5768 --- [           main] m.c.i.MongoPersistentEntityIndexResolver : Found cycle for field '_id' in type 'MedicalCard' for path 'medicalCard -> patient -> medicalCard'
2018-06-11 08:57:09.211  INFO 5768 --- [           main] m.c.i.MongoPersistentEntityIndexResolver : Found cycle for field 'appointed_date' in type 'Doctor' for path 'doctor -> patients -> medicalCard -> medicalExaminations -> doctor'
2018-06-11 08:57:09.212  INFO 5768 --- [           main] m.c.i.MongoPersistentEntityIndexResolver : Found cycle for field 'medicalCard' in type 'Patient' for path 'medicalCard -> patient -> medicalCard'
2018-06-11 08:57:09.212  INFO 5768 --- [           main] m.c.i.MongoPersistentEntityIndexResolver : Found cycle for field 'patients' in type 'Doctor' for path 'doctor -> patients -> medicalCard -> medicalExaminations -> doctor'
2018-06-11 08:57:09.214  INFO 5768 --- [           main] m.c.i.MongoPersistentEntityIndexResolver : Found cycle for field 'medicalCard' in type 'Patient' for path 'patient -> medicalCard -> patient'
2018-06-11 08:57:09.214  INFO 5768 --- [           main] m.c.i.MongoPersistentEntityIndexResolver : Found cycle for field '_id' in type 'MedicalCard' for path 'medicalCard -> medicalExaminations -> doctor -> patients -> medicalCard'
2018-06-11 08:57:09.215  INFO 5768 --- [           main] m.c.i.MongoPersistentEntityIndexResolver : Found cycle for field '_id' in type 'MedicalCard' for path 'medicalCard -> patient -> medicalCard'
2018-06-11 08:57:09.215  INFO 5768 --- [           main] m.c.i.MongoPersistentEntityIndexResolver : Found cycle for field '_id' in type 'MedicalExamination' for path 'medicalExaminations -> doctor -> patients -> medicalCard -> medicalExaminations'
2018-06-11 08:57:09.217  INFO 5768 --- [           main] m.c.i.MongoPersistentEntityIndexResolver : Found cycle for field 'medicalCard' in type 'Patient' for path 'patient -> medicalCard -> patient'
2018-06-11 08:57:09.218  INFO 5768 --- [           main] m.c.i.MongoPersistentEntityIndexResolver : Found cycle for field 'medicalCard' in type 'Patient' for path 'medicalCard -> medicalExaminations -> doctor -> patients -> medicalCard'
2018-06-11 08:57:09.223  INFO 5768 --- [           main] m.c.i.MongoPersistentEntityIndexResolver : Found cycle for field 'medicalCard' in type 'Patient' for path 'medicalCard -> patient -> medicalCard'
2018-06-11 08:57:09.225  INFO 5768 --- [           main] m.c.i.MongoPersistentEntityIndexResolver : Found cycle for field 'doctor' in type 'MedicalExamination' for path 'medicalExaminations -> doctor -> patients -> medicalCard -> medicalExaminations'
2018-06-11 08:57:09.235  WARN 5768 --- [           main] o.s.d.m.c.m.BasicMongoPersistentProperty : Customizing field name for id property not allowed! Custom name will not be considered!
2018-06-11 08:57:09.237  INFO 5768 --- [           main] m.c.i.MongoPersistentEntityIndexResolver : Found cycle for field '_id' in type 'MedicalCard' for path 'medicalCard -> patient -> medicalCard'
2018-06-11 08:57:09.238  INFO 5768 --- [           main] m.c.i.MongoPersistentEntityIndexResolver : Found cycle for field '_id' in type 'MedicalCard' for path 'medicalCard -> medicalExaminations -> doctor -> patients -> medicalCard'
2018-06-11 08:57:09.238  INFO 5768 --- [           main] m.c.i.MongoPersistentEntityIndexResolver : Found cycle for field 'patient' in type 'MedicalCard' for path 'medicalCard -> patient -> medicalCard'
2018-06-11 08:57:09.239  INFO 5768 --- [           main] m.c.i.MongoPersistentEntityIndexResolver : Found cycle for field 'medicalCard' in type 'Patient' for path 'medicalCard -> medicalExaminations -> doctor -> patients -> medicalCard'
2018-06-11 08:57:09.241  WARN 5768 --- [           main] o.s.d.m.c.m.BasicMongoPersistentProperty : Customizing field name for id property not allowed! Custom name will not be considered!
2018-06-11 08:57:09.242  INFO 5768 --- [           main] m.c.i.MongoPersistentEntityIndexResolver : Found cycle for field '_id' in type 'MedicalCard' for path 'medicalCard -> patient -> medicalCard'
2018-06-11 08:57:09.245  INFO 5768 --- [           main] m.c.i.MongoPersistentEntityIndexResolver : Found cycle for field 'medicalCard' in type 'Patient' for path 'patients -> medicalCard -> medicalExaminations -> doctor -> patients'
2018-06-11 08:57:09.253  INFO 5768 --- [           main] m.c.i.MongoPersistentEntityIndexResolver : Found cycle for field 'medicalCard' in type 'Patient' for path 'medicalCard -> patient -> medicalCard'
2018-06-11 08:57:09.254  INFO 5768 --- [           main] m.c.i.MongoPersistentEntityIndexResolver : Found cycle for field 'medicalCard' in type 'Patient' for path 'patients -> medicalCard -> medicalExaminations -> doctor -> patients'
2018-06-11 08:57:09.256  INFO 5768 --- [           main] m.c.i.MongoPersistentEntityIndexResolver : Found cycle for field '_id' in type 'MedicalCard' for path 'medicalCard -> patient -> medicalCard'
2018-06-11 08:57:09.257  INFO 5768 --- [           main] m.c.i.MongoPersistentEntityIndexResolver : Found cycle for field 'medicalCard' in type 'Patient' for path 'patients -> medicalCard -> medicalExaminations -> doctor -> patients'
2018-06-11 08:57:09.258  INFO 5768 --- [           main] m.c.i.MongoPersistentEntityIndexResolver : Found cycle for field 'medicalCard' in type 'Patient' for path 'medicalCard -> patient -> medicalCard'
2018-06-11 08:57:09.258  INFO 5768 --- [           main] m.c.i.MongoPersistentEntityIndexResolver : Found cycle for field 'patients' in type 'Doctor' for path 'patients -> medicalCard -> medicalExaminations -> doctor -> patients'
2018-06-11 08:57:09.297  WARN 5768 --- [           main] o.s.d.m.c.m.BasicMongoPersistentProperty : Customizing field name for id property not allowed! Custom name will not be considered!
2018-06-11 08:57:09.299  INFO 5768 --- [           main] m.c.i.MongoPersistentEntityIndexResolver : Found cycle for field 'medicalCard' in type 'Patient' for path 'patient -> medicalCard -> patient'
2018-06-11 08:57:09.300  INFO 5768 --- [           main] m.c.i.MongoPersistentEntityIndexResolver : Found cycle for field '_id' in type 'MedicalCard' for path 'medicalCard -> medicalExaminations -> doctor -> patients -> medicalCard'
2018-06-11 08:57:09.304  INFO 5768 --- [           main] m.c.i.MongoPersistentEntityIndexResolver : Found cycle for field '_id' in type 'MedicalCard' for path 'medicalCard -> patient -> medicalCard'
2018-06-11 08:57:09.304  INFO 5768 --- [           main] m.c.i.MongoPersistentEntityIndexResolver : Found cycle for field '_id' in type 'MedicalExamination' for path 'medicalExaminations -> doctor -> patients -> medicalCard -> medicalExaminations'
2018-06-11 08:57:09.305  INFO 5768 --- [           main] m.c.i.MongoPersistentEntityIndexResolver : Found cycle for field 'patient' in type 'MedicalCard' for path 'patient -> medicalCard -> patient'
2018-06-11 08:57:09.305  INFO 5768 --- [           main] m.c.i.MongoPersistentEntityIndexResolver : Found cycle for field 'medicalCard' in type 'Patient' for path 'medicalCard -> patient -> medicalCard'
2018-06-11 08:57:09.306  INFO 5768 --- [           main] m.c.i.MongoPersistentEntityIndexResolver : Found cycle for field 'medicalExaminations' in type 'MedicalCard' for path 'medicalExaminations -> doctor -> patients -> medicalCard -> medicalExaminations'
2018-06-11 08:57:09.306  INFO 5768 --- [           main] org.mongodb.driver.cluster               : Cluster description not yet available. Waiting for 30000 ms before timing out
2018-06-11 08:57:10.137  INFO 5768 --- [127.0.0.1:27017] org.mongodb.driver.cluster               : Exception in monitor thread while connecting to server 127.0.0.1:27017

com.mongodb.MongoSocketOpenException: Exception opening socket
	at com.mongodb.connection.SocketStream.open(SocketStream.java:62) ~[mongo-java-driver-3.6.3.jar:na]
	at com.mongodb.connection.InternalStreamConnection.open(InternalStreamConnection.java:126) ~[mongo-java-driver-3.6.3.jar:na]
	at com.mongodb.connection.DefaultServerMonitor$ServerMonitorRunnable.run(DefaultServerMonitor.java:114) ~[mongo-java-driver-3.6.3.jar:na]
	at java.lang.Thread.run(Thread.java:748) [na:1.8.0_161]
Caused by: java.net.ConnectException: Connection refused: connect
	at java.net.DualStackPlainSocketImpl.waitForConnect(Native Method) ~[na:1.8.0_161]
	at java.net.DualStackPlainSocketImpl.socketConnect(DualStackPlainSocketImpl.java:85) ~[na:1.8.0_161]
	at java.net.AbstractPlainSocketImpl.doConnect(AbstractPlainSocketImpl.java:350) ~[na:1.8.0_161]
	at java.net.AbstractPlainSocketImpl.connectToAddress(AbstractPlainSocketImpl.java:206) ~[na:1.8.0_161]
	at java.net.AbstractPlainSocketImpl.connect(AbstractPlainSocketImpl.java:188) ~[na:1.8.0_161]
	at java.net.PlainSocketImpl.connect(PlainSocketImpl.java:172) ~[na:1.8.0_161]
	at java.net.SocksSocketImpl.connect(SocksSocketImpl.java:392) ~[na:1.8.0_161]
	at java.net.Socket.connect(Socket.java:589) ~[na:1.8.0_161]
	at com.mongodb.connection.SocketStreamHelper.initialize(SocketStreamHelper.java:59) ~[mongo-java-driver-3.6.3.jar:na]
	at com.mongodb.connection.SocketStream.open(SocketStream.java:57) ~[mongo-java-driver-3.6.3.jar:na]
	... 3 common frames omitted

2018-06-11 08:57:39.308  WARN 5768 --- [           main] o.s.w.c.s.GenericWebApplicationContext   : Exception encountered during context initialization - cancelling refresh attempt: org.springframework.beans.factory.BeanCreationException: Error creating bean with name 'hospitalRepository': Invocation of init method failed; nested exception is org.springframework.dao.DataAccessResourceFailureException: Timed out after 30000 ms while waiting to connect. Client view of cluster state is {type=UNKNOWN, servers=[{address=127.0.0.1:27017, type=UNKNOWN, state=CONNECTING, exception={com.mongodb.MongoSocketOpenException: Exception opening socket}, caused by {java.net.ConnectException: Connection refused: connect}}]; nested exception is com.mongodb.MongoTimeoutException: Timed out after 30000 ms while waiting to connect. Client view of cluster state is {type=UNKNOWN, servers=[{address=127.0.0.1:27017, type=UNKNOWN, state=CONNECTING, exception={com.mongodb.MongoSocketOpenException: Exception opening socket}, caused by {java.net.ConnectException: Connection refused: connect}}]
2018-06-11 08:57:39.312  INFO 5768 --- [           main] ConditionEvaluationReportLoggingListener : 

Error starting ApplicationContext. To display the conditions report re-run your application with 'debug' enabled.
2018-06-11 08:57:39.314 ERROR 5768 --- [           main] o.s.boot.SpringApplication               : Application run failed

org.springframework.beans.factory.BeanCreationException: Error creating bean with name 'hospitalRepository': Invocation of init method failed; nested exception is org.springframework.dao.DataAccessResourceFailureException: Timed out after 30000 ms while waiting to connect. Client view of cluster state is {type=UNKNOWN, servers=[{address=127.0.0.1:27017, type=UNKNOWN, state=CONNECTING, exception={com.mongodb.MongoSocketOpenException: Exception opening socket}, caused by {java.net.ConnectException: Connection refused: connect}}]; nested exception is com.mongodb.MongoTimeoutException: Timed out after 30000 ms while waiting to connect. Client view of cluster state is {type=UNKNOWN, servers=[{address=127.0.0.1:27017, type=UNKNOWN, state=CONNECTING, exception={com.mongodb.MongoSocketOpenException: Exception opening socket}, caused by {java.net.ConnectException: Connection refused: connect}}]
	at org.springframework.beans.factory.support.AbstractAutowireCapableBeanFactory.initializeBean(AbstractAutowireCapableBeanFactory.java:1702) ~[spring-beans-5.0.5.RELEASE.jar:5.0.5.RELEASE]
	at org.springframework.beans.factory.support.AbstractAutowireCapableBeanFactory.doCreateBean(AbstractAutowireCapableBeanFactory.java:579) ~[spring-beans-5.0.5.RELEASE.jar:5.0.5.RELEASE]
	at org.springframework.beans.factory.support.AbstractAutowireCapableBeanFactory.createBean(AbstractAutowireCapableBeanFactory.java:501) ~[spring-beans-5.0.5.RELEASE.jar:5.0.5.RELEASE]
	at org.springframework.beans.factory.support.AbstractBeanFactory.lambda$doGetBean$0(AbstractBeanFactory.java:317) ~[spring-beans-5.0.5.RELEASE.jar:5.0.5.RELEASE]
	at org.springframework.beans.factory.support.DefaultSingletonBeanRegistry.getSingleton(DefaultSingletonBeanRegistry.java:228) ~[spring-beans-5.0.5.RELEASE.jar:5.0.5.RELEASE]
	at org.springframework.beans.factory.support.AbstractBeanFactory.doGetBean(AbstractBeanFactory.java:315) ~[spring-beans-5.0.5.RELEASE.jar:5.0.5.RELEASE]
	at org.springframework.beans.factory.support.AbstractBeanFactory.getBean(AbstractBeanFactory.java:199) ~[spring-beans-5.0.5.RELEASE.jar:5.0.5.RELEASE]
	at org.springframework.beans.factory.support.DefaultListableBeanFactory.preInstantiateSingletons(DefaultListableBeanFactory.java:741) ~[spring-beans-5.0.5.RELEASE.jar:5.0.5.RELEASE]
	at org.springframework.context.support.AbstractApplicationContext.finishBeanFactoryInitialization(AbstractApplicationContext.java:869) ~[spring-context-5.0.5.RELEASE.jar:5.0.5.RELEASE]
	at org.springframework.context.support.AbstractApplicationContext.refresh(AbstractApplicationContext.java:550) ~[spring-context-5.0.5.RELEASE.jar:5.0.5.RELEASE]
	at org.springframework.boot.SpringApplication.refresh(SpringApplication.java:759) ~[spring-boot-2.0.1.RELEASE.jar:2.0.1.RELEASE]
	at org.springframework.boot.SpringApplication.refreshContext(SpringApplication.java:395) ~[spring-boot-2.0.1.RELEASE.jar:2.0.1.RELEASE]
	at org.springframework.boot.SpringApplication.run(SpringApplication.java:327) ~[spring-boot-2.0.1.RELEASE.jar:2.0.1.RELEASE]
	at org.springframework.boot.test.context.SpringBootContextLoader.loadContext(SpringBootContextLoader.java:138) [spring-boot-test-2.0.1.RELEASE.jar:2.0.1.RELEASE]
	at org.springframework.test.context.cache.DefaultCacheAwareContextLoaderDelegate.loadContextInternal(DefaultCacheAwareContextLoaderDelegate.java:99) [spring-test-5.0.5.RELEASE.jar:5.0.5.RELEASE]
	at org.springframework.test.context.cache.DefaultCacheAwareContextLoaderDelegate.loadContext(DefaultCacheAwareContextLoaderDelegate.java:117) [spring-test-5.0.5.RELEASE.jar:5.0.5.RELEASE]
	at org.springframework.test.context.support.DefaultTestContext.getApplicationContext(DefaultTestContext.java:108) [spring-test-5.0.5.RELEASE.jar:5.0.5.RELEASE]
	at org.springframework.test.context.web.ServletTestExecutionListener.setUpRequestContextIfNecessary(ServletTestExecutionListener.java:190) [spring-test-5.0.5.RELEASE.jar:5.0.5.RELEASE]
	at org.springframework.test.context.web.ServletTestExecutionListener.prepareTestInstance(ServletTestExecutionListener.java:132) [spring-test-5.0.5.RELEASE.jar:5.0.5.RELEASE]
	at org.springframework.test.context.TestContextManager.prepareTestInstance(TestContextManager.java:246) [spring-test-5.0.5.RELEASE.jar:5.0.5.RELEASE]
	at org.springframework.test.context.junit4.SpringJUnit4ClassRunner.createTest(SpringJUnit4ClassRunner.java:227) [spring-test-5.0.5.RELEASE.jar:5.0.5.RELEASE]
	at org.springframework.test.context.junit4.SpringJUnit4ClassRunner$1.runReflectiveCall(SpringJUnit4ClassRunner.java:289) [spring-test-5.0.5.RELEASE.jar:5.0.5.RELEASE]
	at org.junit.internal.runners.model.ReflectiveCallable.run(ReflectiveCallable.java:12) [junit-4.12.jar:4.12]
	at org.springframework.test.context.junit4.SpringJUnit4ClassRunner.methodBlock(SpringJUnit4ClassRunner.java:291) [spring-test-5.0.5.RELEASE.jar:5.0.5.RELEASE]
	at org.springframework.test.context.junit4.SpringJUnit4ClassRunner.runChild(SpringJUnit4ClassRunner.java:246) [spring-test-5.0.5.RELEASE.jar:5.0.5.RELEASE]
	at org.springframework.test.context.junit4.SpringJUnit4ClassRunner.runChild(SpringJUnit4ClassRunner.java:97) [spring-test-5.0.5.RELEASE.jar:5.0.5.RELEASE]
	at org.junit.runners.ParentRunner$3.run(ParentRunner.java:290) [junit-4.12.jar:4.12]
	at org.junit.runners.ParentRunner$1.schedule(ParentRunner.java:71) [junit-4.12.jar:4.12]
	at org.junit.runners.ParentRunner.runChildren(ParentRunner.java:288) [junit-4.12.jar:4.12]
	at org.junit.runners.ParentRunner.access$000(ParentRunner.java:58) [junit-4.12.jar:4.12]
	at org.junit.runners.ParentRunner$2.evaluate(ParentRunner.java:268) [junit-4.12.jar:4.12]
	at org.springframework.test.context.junit4.statements.RunBeforeTestClassCallbacks.evaluate(RunBeforeTestClassCallbacks.java:61) [spring-test-5.0.5.RELEASE.jar:5.0.5.RELEASE]
	at org.springframework.test.context.junit4.statements.RunAfterTestClassCallbacks.evaluate(RunAfterTestClassCallbacks.java:70) [spring-test-5.0.5.RELEASE.jar:5.0.5.RELEASE]
	at org.junit.runners.ParentRunner.run(ParentRunner.java:363) [junit-4.12.jar:4.12]
	at org.springframework.test.context.junit4.SpringJUnit4ClassRunner.run(SpringJUnit4ClassRunner.java:190) [spring-test-5.0.5.RELEASE.jar:5.0.5.RELEASE]
	at org.apache.maven.surefire.junit4.JUnit4Provider.execute(JUnit4Provider.java:365) [surefire-junit4-2.21.0.jar:2.21.0]
	at org.apache.maven.surefire.junit4.JUnit4Provider.executeWithRerun(JUnit4Provider.java:273) [surefire-junit4-2.21.0.jar:2.21.0]
	at org.apache.maven.surefire.junit4.JUnit4Provider.executeTestSet(JUnit4Provider.java:238) [surefire-junit4-2.21.0.jar:2.21.0]
	at org.apache.maven.surefire.junit4.JUnit4Provider.invoke(JUnit4Provider.java:159) [surefire-junit4-2.21.0.jar:2.21.0]
	at org.apache.maven.surefire.booter.ForkedBooter.invokeProviderInSameClassLoader(ForkedBooter.java:379) [surefire-booter-2.21.0.jar:2.21.0]
	at org.apache.maven.surefire.booter.ForkedBooter.runSuitesInProcess(ForkedBooter.java:340) [surefire-booter-2.21.0.jar:2.21.0]
	at org.apache.maven.surefire.booter.ForkedBooter.execute(ForkedBooter.java:125) [surefire-booter-2.21.0.jar:2.21.0]
	at org.apache.maven.surefire.booter.ForkedBooter.main(ForkedBooter.java:413) [surefire-booter-2.21.0.jar:2.21.0]
Caused by: org.springframework.dao.DataAccessResourceFailureException: Timed out after 30000 ms while waiting to connect. Client view of cluster state is {type=UNKNOWN, servers=[{address=127.0.0.1:27017, type=UNKNOWN, state=CONNECTING, exception={com.mongodb.MongoSocketOpenException: Exception opening socket}, caused by {java.net.ConnectException: Connection refused: connect}}]; nested exception is com.mongodb.MongoTimeoutException: Timed out after 30000 ms while waiting to connect. Client view of cluster state is {type=UNKNOWN, servers=[{address=127.0.0.1:27017, type=UNKNOWN, state=CONNECTING, exception={com.mongodb.MongoSocketOpenException: Exception opening socket}, caused by {java.net.ConnectException: Connection refused: connect}}]
	at org.springframework.data.mongodb.core.MongoExceptionTranslator.translateExceptionIfPossible(MongoExceptionTranslator.java:87) ~[spring-data-mongodb-2.0.7.RELEASE.jar:2.0.7.RELEASE]
	at org.springframework.data.mongodb.core.MongoTemplate.potentiallyConvertRuntimeException(MongoTemplate.java:2589) ~[spring-data-mongodb-2.0.7.RELEASE.jar:2.0.7.RELEASE]
	at org.springframework.data.mongodb.core.DefaultIndexOperations.execute(DefaultIndexOperations.java:194) ~[spring-data-mongodb-2.0.7.RELEASE.jar:2.0.7.RELEASE]
	at org.springframework.data.mongodb.core.DefaultIndexOperations.ensureIndex(DefaultIndexOperations.java:97) ~[spring-data-mongodb-2.0.7.RELEASE.jar:2.0.7.RELEASE]
	at org.springframework.data.mongodb.core.index.MongoPersistentEntityIndexCreator.createIndex(MongoPersistentEntityIndexCreator.java:145) ~[spring-data-mongodb-2.0.7.RELEASE.jar:2.0.7.RELEASE]
	at org.springframework.data.mongodb.core.index.MongoPersistentEntityIndexCreator.checkForAndCreateIndexes(MongoPersistentEntityIndexCreator.java:135) ~[spring-data-mongodb-2.0.7.RELEASE.jar:2.0.7.RELEASE]
	at org.springframework.data.mongodb.core.index.MongoPersistentEntityIndexCreator.checkForIndexes(MongoPersistentEntityIndexCreator.java:127) ~[spring-data-mongodb-2.0.7.RELEASE.jar:2.0.7.RELEASE]
	at org.springframework.data.mongodb.core.index.MongoPersistentEntityIndexCreator.onApplicationEvent(MongoPersistentEntityIndexCreator.java:111) ~[spring-data-mongodb-2.0.7.RELEASE.jar:2.0.7.RELEASE]
	at org.springframework.data.mongodb.core.index.MongoPersistentEntityIndexCreator.onApplicationEvent(MongoPersistentEntityIndexCreator.java:54) ~[spring-data-mongodb-2.0.7.RELEASE.jar:2.0.7.RELEASE]
	at org.springframework.context.event.SimpleApplicationEventMulticaster.doInvokeListener(SimpleApplicationEventMulticaster.java:172) ~[spring-context-5.0.5.RELEASE.jar:5.0.5.RELEASE]
	at org.springframework.context.event.SimpleApplicationEventMulticaster.invokeListener(SimpleApplicationEventMulticaster.java:165) ~[spring-context-5.0.5.RELEASE.jar:5.0.5.RELEASE]
	at org.springframework.context.event.SimpleApplicationEventMulticaster.multicastEvent(SimpleApplicationEventMulticaster.java:139) ~[spring-context-5.0.5.RELEASE.jar:5.0.5.RELEASE]
	at org.springframework.context.support.AbstractApplicationContext.publishEvent(AbstractApplicationContext.java:400) ~[spring-context-5.0.5.RELEASE.jar:5.0.5.RELEASE]
	at org.springframework.context.support.AbstractApplicationContext.publishEvent(AbstractApplicationContext.java:354) ~[spring-context-5.0.5.RELEASE.jar:5.0.5.RELEASE]
	at org.springframework.data.mapping.context.AbstractMappingContext.addPersistentEntity(AbstractMappingContext.java:420) ~[spring-data-commons-2.0.6.RELEASE.jar:2.0.6.RELEASE]
	at java.util.Collections$SingletonSet.forEach(Collections.java:4767) ~[na:1.8.0_161]
	at org.springframework.data.mapping.context.AbstractMappingContext$PersistentPropertyCreator.createAndRegisterProperty(AbstractMappingContext.java:572) ~[spring-data-commons-2.0.6.RELEASE.jar:2.0.6.RELEASE]
	at org.springframework.data.mapping.context.AbstractMappingContext$PersistentPropertyCreator.doWith(AbstractMappingContext.java:530) ~[spring-data-commons-2.0.6.RELEASE.jar:2.0.6.RELEASE]
	at org.springframework.util.ReflectionUtils.doWithFields(ReflectionUtils.java:729) ~[spring-core-5.0.5.RELEASE.jar:5.0.5.RELEASE]
	at org.springframework.data.mapping.context.AbstractMappingContext.addPersistentEntity(AbstractMappingContext.java:398) ~[spring-data-commons-2.0.6.RELEASE.jar:2.0.6.RELEASE]
	at org.springframework.data.mapping.context.AbstractMappingContext.getPersistentEntity(AbstractMappingContext.java:229) ~[spring-data-commons-2.0.6.RELEASE.jar:2.0.6.RELEASE]
	at org.springframework.data.mapping.context.AbstractMappingContext.getPersistentEntity(AbstractMappingContext.java:172) ~[spring-data-commons-2.0.6.RELEASE.jar:2.0.6.RELEASE]
	at org.springframework.data.mapping.context.AbstractMappingContext.getPersistentEntity(AbstractMappingContext.java:85) ~[spring-data-commons-2.0.6.RELEASE.jar:2.0.6.RELEASE]
	at org.springframework.data.mapping.context.MappingContext.getRequiredPersistentEntity(MappingContext.java:70) ~[spring-data-commons-2.0.6.RELEASE.jar:2.0.6.RELEASE]
	at org.springframework.data.mongodb.repository.support.MongoRepositoryFactory.getEntityInformation(MongoRepositoryFactory.java:149) ~[spring-data-mongodb-2.0.7.RELEASE.jar:2.0.7.RELEASE]
	at org.springframework.data.mongodb.repository.support.MongoRepositoryFactory.getTargetRepository(MongoRepositoryFactory.java:123) ~[spring-data-mongodb-2.0.7.RELEASE.jar:2.0.7.RELEASE]
	at org.springframework.data.repository.core.support.RepositoryFactorySupport.getRepository(RepositoryFactorySupport.java:298) ~[spring-data-commons-2.0.6.RELEASE.jar:2.0.6.RELEASE]
	at org.springframework.data.repository.core.support.RepositoryFactoryBeanSupport.lambda$afterPropertiesSet$3(RepositoryFactoryBeanSupport.java:287) ~[spring-data-commons-2.0.6.RELEASE.jar:2.0.6.RELEASE]
	at org.springframework.data.util.Lazy.getNullable(Lazy.java:141) ~[spring-data-commons-2.0.6.RELEASE.jar:2.0.6.RELEASE]
	at org.springframework.data.util.Lazy.get(Lazy.java:63) ~[spring-data-commons-2.0.6.RELEASE.jar:2.0.6.RELEASE]
	at org.springframework.data.repository.core.support.RepositoryFactoryBeanSupport.afterPropertiesSet(RepositoryFactoryBeanSupport.java:290) ~[spring-data-commons-2.0.6.RELEASE.jar:2.0.6.RELEASE]
	at org.springframework.data.mongodb.repository.support.MongoRepositoryFactoryBean.afterPropertiesSet(MongoRepositoryFactoryBean.java:119) ~[spring-data-mongodb-2.0.7.RELEASE.jar:2.0.7.RELEASE]
	at org.springframework.beans.factory.support.AbstractAutowireCapableBeanFactory.invokeInitMethods(AbstractAutowireCapableBeanFactory.java:1761) ~[spring-beans-5.0.5.RELEASE.jar:5.0.5.RELEASE]
	at org.springframework.beans.factory.support.AbstractAutowireCapableBeanFactory.initializeBean(AbstractAutowireCapableBeanFactory.java:1698) ~[spring-beans-5.0.5.RELEASE.jar:5.0.5.RELEASE]
	... 42 common frames omitted
Caused by: com.mongodb.MongoTimeoutException: Timed out after 30000 ms while waiting to connect. Client view of cluster state is {type=UNKNOWN, servers=[{address=127.0.0.1:27017, type=UNKNOWN, state=CONNECTING, exception={com.mongodb.MongoSocketOpenException: Exception opening socket}, caused by {java.net.ConnectException: Connection refused: connect}}]
	at com.mongodb.connection.BaseCluster.getDescription(BaseCluster.java:167) ~[mongo-java-driver-3.6.3.jar:na]
	at com.mongodb.Mongo.getConnectedClusterDescription(Mongo.java:885) ~[mongo-java-driver-3.6.3.jar:na]
	at com.mongodb.Mongo.createClientSession(Mongo.java:877) ~[mongo-java-driver-3.6.3.jar:na]
	at com.mongodb.Mongo$3.getClientSession(Mongo.java:866) ~[mongo-java-driver-3.6.3.jar:na]
	at com.mongodb.Mongo$3.execute(Mongo.java:834) ~[mongo-java-driver-3.6.3.jar:na]
	at com.mongodb.MongoCollectionImpl.executeCreateIndexes(MongoCollectionImpl.java:867) ~[mongo-java-driver-3.6.3.jar:na]
	at com.mongodb.MongoCollectionImpl.createIndexes(MongoCollectionImpl.java:820) ~[mongo-java-driver-3.6.3.jar:na]
	at com.mongodb.MongoCollectionImpl.createIndexes(MongoCollectionImpl.java:815) ~[mongo-java-driver-3.6.3.jar:na]
	at com.mongodb.MongoCollectionImpl.createIndex(MongoCollectionImpl.java:800) ~[mongo-java-driver-3.6.3.jar:na]
	at org.springframework.data.mongodb.core.DefaultIndexOperations.lambda$ensureIndex$0(DefaultIndexOperations.java:111) ~[spring-data-mongodb-2.0.7.RELEASE.jar:2.0.7.RELEASE]
	at org.springframework.data.mongodb.core.DefaultIndexOperations.execute(DefaultIndexOperations.java:192) ~[spring-data-mongodb-2.0.7.RELEASE.jar:2.0.7.RELEASE]
	... 73 common frames omitted

2018-06-11 08:57:39.316 ERROR 5768 --- [           main] o.s.test.context.TestContextManager      : Caught exception while allowing TestExecutionListener [org.springframework.test.context.web.ServletTestExecutionListener@15bbf42f] to prepare test instance [com.nau.digitalhospital.DigitalHospitalApplicationTests@6274670b]

java.lang.IllegalStateException: Failed to load ApplicationContext
	at org.springframework.test.context.cache.DefaultCacheAwareContextLoaderDelegate.loadContext(DefaultCacheAwareContextLoaderDelegate.java:125) ~[spring-test-5.0.5.RELEASE.jar:5.0.5.RELEASE]
	at org.springframework.test.context.support.DefaultTestContext.getApplicationContext(DefaultTestContext.java:108) ~[spring-test-5.0.5.RELEASE.jar:5.0.5.RELEASE]
	at org.springframework.test.context.web.ServletTestExecutionListener.setUpRequestContextIfNecessary(ServletTestExecutionListener.java:190) ~[spring-test-5.0.5.RELEASE.jar:5.0.5.RELEASE]
	at org.springframework.test.context.web.ServletTestExecutionListener.prepareTestInstance(ServletTestExecutionListener.java:132) ~[spring-test-5.0.5.RELEASE.jar:5.0.5.RELEASE]
	at org.springframework.test.context.TestContextManager.prepareTestInstance(TestContextManager.java:246) ~[spring-test-5.0.5.RELEASE.jar:5.0.5.RELEASE]
	at org.springframework.test.context.junit4.SpringJUnit4ClassRunner.createTest(SpringJUnit4ClassRunner.java:227) [spring-test-5.0.5.RELEASE.jar:5.0.5.RELEASE]
	at org.springframework.test.context.junit4.SpringJUnit4ClassRunner$1.runReflectiveCall(SpringJUnit4ClassRunner.java:289) [spring-test-5.0.5.RELEASE.jar:5.0.5.RELEASE]
	at org.junit.internal.runners.model.ReflectiveCallable.run(ReflectiveCallable.java:12) [junit-4.12.jar:4.12]
	at org.springframework.test.context.junit4.SpringJUnit4ClassRunner.methodBlock(SpringJUnit4ClassRunner.java:291) [spring-test-5.0.5.RELEASE.jar:5.0.5.RELEASE]
	at org.springframework.test.context.junit4.SpringJUnit4ClassRunner.runChild(SpringJUnit4ClassRunner.java:246) [spring-test-5.0.5.RELEASE.jar:5.0.5.RELEASE]
	at org.springframework.test.context.junit4.SpringJUnit4ClassRunner.runChild(SpringJUnit4ClassRunner.java:97) [spring-test-5.0.5.RELEASE.jar:5.0.5.RELEASE]
	at org.junit.runners.ParentRunner$3.run(ParentRunner.java:290) [junit-4.12.jar:4.12]
	at org.junit.runners.ParentRunner$1.schedule(ParentRunner.java:71) [junit-4.12.jar:4.12]
	at org.junit.runners.ParentRunner.runChildren(ParentRunner.java:288) [junit-4.12.jar:4.12]
	at org.junit.runners.ParentRunner.access$000(ParentRunner.java:58) [junit-4.12.jar:4.12]
	at org.junit.runners.ParentRunner$2.evaluate(ParentRunner.java:268) [junit-4.12.jar:4.12]
	at org.springframework.test.context.junit4.statements.RunBeforeTestClassCallbacks.evaluate(RunBeforeTestClassCallbacks.java:61) [spring-test-5.0.5.RELEASE.jar:5.0.5.RELEASE]
	at org.springframework.test.context.junit4.statements.RunAfterTestClassCallbacks.evaluate(RunAfterTestClassCallbacks.java:70) [spring-test-5.0.5.RELEASE.jar:5.0.5.RELEASE]
	at org.junit.runners.ParentRunner.run(ParentRunner.java:363) [junit-4.12.jar:4.12]
	at org.springframework.test.context.junit4.SpringJUnit4ClassRunner.run(SpringJUnit4ClassRunner.java:190) [spring-test-5.0.5.RELEASE.jar:5.0.5.RELEASE]
	at org.apache.maven.surefire.junit4.JUnit4Provider.execute(JUnit4Provider.java:365) [surefire-junit4-2.21.0.jar:2.21.0]
	at org.apache.maven.surefire.junit4.JUnit4Provider.executeWithRerun(JUnit4Provider.java:273) [surefire-junit4-2.21.0.jar:2.21.0]
	at org.apache.maven.surefire.junit4.JUnit4Provider.executeTestSet(JUnit4Provider.java:238) [surefire-junit4-2.21.0.jar:2.21.0]
	at org.apache.maven.surefire.junit4.JUnit4Provider.invoke(JUnit4Provider.java:159) [surefire-junit4-2.21.0.jar:2.21.0]
	at org.apache.maven.surefire.booter.ForkedBooter.invokeProviderInSameClassLoader(ForkedBooter.java:379) [surefire-booter-2.21.0.jar:2.21.0]
	at org.apache.maven.surefire.booter.ForkedBooter.runSuitesInProcess(ForkedBooter.java:340) [surefire-booter-2.21.0.jar:2.21.0]
	at org.apache.maven.surefire.booter.ForkedBooter.execute(ForkedBooter.java:125) [surefire-booter-2.21.0.jar:2.21.0]
	at org.apache.maven.surefire.booter.ForkedBooter.main(ForkedBooter.java:413) [surefire-booter-2.21.0.jar:2.21.0]
Caused by: org.springframework.beans.factory.BeanCreationException: Error creating bean with name 'hospitalRepository': Invocation of init method failed; nested exception is org.springframework.dao.DataAccessResourceFailureException: Timed out after 30000 ms while waiting to connect. Client view of cluster state is {type=UNKNOWN, servers=[{address=127.0.0.1:27017, type=UNKNOWN, state=CONNECTING, exception={com.mongodb.MongoSocketOpenException: Exception opening socket}, caused by {java.net.ConnectException: Connection refused: connect}}]; nested exception is com.mongodb.MongoTimeoutException: Timed out after 30000 ms while waiting to connect. Client view of cluster state is {type=UNKNOWN, servers=[{address=127.0.0.1:27017, type=UNKNOWN, state=CONNECTING, exception={com.mongodb.MongoSocketOpenException: Exception opening socket}, caused by {java.net.ConnectException: Connection refused: connect}}]
	at org.springframework.beans.factory.support.AbstractAutowireCapableBeanFactory.initializeBean(AbstractAutowireCapableBeanFactory.java:1702) ~[spring-beans-5.0.5.RELEASE.jar:5.0.5.RELEASE]
	at org.springframework.beans.factory.support.AbstractAutowireCapableBeanFactory.doCreateBean(AbstractAutowireCapableBeanFactory.java:579) ~[spring-beans-5.0.5.RELEASE.jar:5.0.5.RELEASE]
	at org.springframework.beans.factory.support.AbstractAutowireCapableBeanFactory.createBean(AbstractAutowireCapableBeanFactory.java:501) ~[spring-beans-5.0.5.RELEASE.jar:5.0.5.RELEASE]
	at org.springframework.beans.factory.support.AbstractBeanFactory.lambda$doGetBean$0(AbstractBeanFactory.java:317) ~[spring-beans-5.0.5.RELEASE.jar:5.0.5.RELEASE]
	at org.springframework.beans.factory.support.DefaultSingletonBeanRegistry.getSingleton(DefaultSingletonBeanRegistry.java:228) ~[spring-beans-5.0.5.RELEASE.jar:5.0.5.RELEASE]
	at org.springframework.beans.factory.support.AbstractBeanFactory.doGetBean(AbstractBeanFactory.java:315) ~[spring-beans-5.0.5.RELEASE.jar:5.0.5.RELEASE]
	at org.springframework.beans.factory.support.AbstractBeanFactory.getBean(AbstractBeanFactory.java:199) ~[spring-beans-5.0.5.RELEASE.jar:5.0.5.RELEASE]
	at org.springframework.beans.factory.support.DefaultListableBeanFactory.preInstantiateSingletons(DefaultListableBeanFactory.java:741) ~[spring-beans-5.0.5.RELEASE.jar:5.0.5.RELEASE]
	at org.springframework.context.support.AbstractApplicationContext.finishBeanFactoryInitialization(AbstractApplicationContext.java:869) ~[spring-context-5.0.5.RELEASE.jar:5.0.5.RELEASE]
	at org.springframework.context.support.AbstractApplicationContext.refresh(AbstractApplicationContext.java:550) ~[spring-context-5.0.5.RELEASE.jar:5.0.5.RELEASE]
	at org.springframework.boot.SpringApplication.refresh(SpringApplication.java:759) ~[spring-boot-2.0.1.RELEASE.jar:2.0.1.RELEASE]
	at org.springframework.boot.SpringApplication.refreshContext(SpringApplication.java:395) ~[spring-boot-2.0.1.RELEASE.jar:2.0.1.RELEASE]
	at org.springframework.boot.SpringApplication.run(SpringApplication.java:327) ~[spring-boot-2.0.1.RELEASE.jar:2.0.1.RELEASE]
	at org.springframework.boot.test.context.SpringBootContextLoader.loadContext(SpringBootContextLoader.java:138) ~[spring-boot-test-2.0.1.RELEASE.jar:2.0.1.RELEASE]
	at org.springframework.test.context.cache.DefaultCacheAwareContextLoaderDelegate.loadContextInternal(DefaultCacheAwareContextLoaderDelegate.java:99) ~[spring-test-5.0.5.RELEASE.jar:5.0.5.RELEASE]
	at org.springframework.test.context.cache.DefaultCacheAwareContextLoaderDelegate.loadContext(DefaultCacheAwareContextLoaderDelegate.java:117) ~[spring-test-5.0.5.RELEASE.jar:5.0.5.RELEASE]
	... 27 common frames omitted
Caused by: org.springframework.dao.DataAccessResourceFailureException: Timed out after 30000 ms while waiting to connect. Client view of cluster state is {type=UNKNOWN, servers=[{address=127.0.0.1:27017, type=UNKNOWN, state=CONNECTING, exception={com.mongodb.MongoSocketOpenException: Exception opening socket}, caused by {java.net.ConnectException: Connection refused: connect}}]; nested exception is com.mongodb.MongoTimeoutException: Timed out after 30000 ms while waiting to connect. Client view of cluster state is {type=UNKNOWN, servers=[{address=127.0.0.1:27017, type=UNKNOWN, state=CONNECTING, exception={com.mongodb.MongoSocketOpenException: Exception opening socket}, caused by {java.net.ConnectException: Connection refused: connect}}]
	at org.springframework.data.mongodb.core.MongoExceptionTranslator.translateExceptionIfPossible(MongoExceptionTranslator.java:87) ~[spring-data-mongodb-2.0.7.RELEASE.jar:2.0.7.RELEASE]
	at org.springframework.data.mongodb.core.MongoTemplate.potentiallyConvertRuntimeException(MongoTemplate.java:2589) ~[spring-data-mongodb-2.0.7.RELEASE.jar:2.0.7.RELEASE]
	at org.springframework.data.mongodb.core.DefaultIndexOperations.execute(DefaultIndexOperations.java:194) ~[spring-data-mongodb-2.0.7.RELEASE.jar:2.0.7.RELEASE]
	at org.springframework.data.mongodb.core.DefaultIndexOperations.ensureIndex(DefaultIndexOperations.java:97) ~[spring-data-mongodb-2.0.7.RELEASE.jar:2.0.7.RELEASE]
	at org.springframework.data.mongodb.core.index.MongoPersistentEntityIndexCreator.createIndex(MongoPersistentEntityIndexCreator.java:145) ~[spring-data-mongodb-2.0.7.RELEASE.jar:2.0.7.RELEASE]
	at org.springframework.data.mongodb.core.index.MongoPersistentEntityIndexCreator.checkForAndCreateIndexes(MongoPersistentEntityIndexCreator.java:135) ~[spring-data-mongodb-2.0.7.RELEASE.jar:2.0.7.RELEASE]
	at org.springframework.data.mongodb.core.index.MongoPersistentEntityIndexCreator.checkForIndexes(MongoPersistentEntityIndexCreator.java:127) ~[spring-data-mongodb-2.0.7.RELEASE.jar:2.0.7.RELEASE]
	at org.springframework.data.mongodb.core.index.MongoPersistentEntityIndexCreator.onApplicationEvent(MongoPersistentEntityIndexCreator.java:111) ~[spring-data-mongodb-2.0.7.RELEASE.jar:2.0.7.RELEASE]
	at org.springframework.data.mongodb.core.index.MongoPersistentEntityIndexCreator.onApplicationEvent(MongoPersistentEntityIndexCreator.java:54) ~[spring-data-mongodb-2.0.7.RELEASE.jar:2.0.7.RELEASE]
	at org.springframework.context.event.SimpleApplicationEventMulticaster.doInvokeListener(SimpleApplicationEventMulticaster.java:172) ~[spring-context-5.0.5.RELEASE.jar:5.0.5.RELEASE]
	at org.springframework.context.event.SimpleApplicationEventMulticaster.invokeListener(SimpleApplicationEventMulticaster.java:165) ~[spring-context-5.0.5.RELEASE.jar:5.0.5.RELEASE]
	at org.springframework.context.event.SimpleApplicationEventMulticaster.multicastEvent(SimpleApplicationEventMulticaster.java:139) ~[spring-context-5.0.5.RELEASE.jar:5.0.5.RELEASE]
	at org.springframework.context.support.AbstractApplicationContext.publishEvent(AbstractApplicationContext.java:400) ~[spring-context-5.0.5.RELEASE.jar:5.0.5.RELEASE]
	at org.springframework.context.support.AbstractApplicationContext.publishEvent(AbstractApplicationContext.java:354) ~[spring-context-5.0.5.RELEASE.jar:5.0.5.RELEASE]
	at org.springframework.data.mapping.context.AbstractMappingContext.addPersistentEntity(AbstractMappingContext.java:420) ~[spring-data-commons-2.0.6.RELEASE.jar:2.0.6.RELEASE]
	at java.util.Collections$SingletonSet.forEach(Collections.java:4767) ~[na:1.8.0_161]
	at org.springframework.data.mapping.context.AbstractMappingContext$PersistentPropertyCreator.createAndRegisterProperty(AbstractMappingContext.java:572) ~[spring-data-commons-2.0.6.RELEASE.jar:2.0.6.RELEASE]
	at org.springframework.data.mapping.context.AbstractMappingContext$PersistentPropertyCreator.doWith(AbstractMappingContext.java:530) ~[spring-data-commons-2.0.6.RELEASE.jar:2.0.6.RELEASE]
	at org.springframework.util.ReflectionUtils.doWithFields(ReflectionUtils.java:729) ~[spring-core-5.0.5.RELEASE.jar:5.0.5.RELEASE]
	at org.springframework.data.mapping.context.AbstractMappingContext.addPersistentEntity(AbstractMappingContext.java:398) ~[spring-data-commons-2.0.6.RELEASE.jar:2.0.6.RELEASE]
	at org.springframework.data.mapping.context.AbstractMappingContext.getPersistentEntity(AbstractMappingContext.java:229) ~[spring-data-commons-2.0.6.RELEASE.jar:2.0.6.RELEASE]
	at org.springframework.data.mapping.context.AbstractMappingContext.getPersistentEntity(AbstractMappingContext.java:172) ~[spring-data-commons-2.0.6.RELEASE.jar:2.0.6.RELEASE]
	at org.springframework.data.mapping.context.AbstractMappingContext.getPersistentEntity(AbstractMappingContext.java:85) ~[spring-data-commons-2.0.6.RELEASE.jar:2.0.6.RELEASE]
	at org.springframework.data.mapping.context.MappingContext.getRequiredPersistentEntity(MappingContext.java:70) ~[spring-data-commons-2.0.6.RELEASE.jar:2.0.6.RELEASE]
	at org.springframework.data.mongodb.repository.support.MongoRepositoryFactory.getEntityInformation(MongoRepositoryFactory.java:149) ~[spring-data-mongodb-2.0.7.RELEASE.jar:2.0.7.RELEASE]
	at org.springframework.data.mongodb.repository.support.MongoRepositoryFactory.getTargetRepository(MongoRepositoryFactory.java:123) ~[spring-data-mongodb-2.0.7.RELEASE.jar:2.0.7.RELEASE]
	at org.springframework.data.repository.core.support.RepositoryFactorySupport.getRepository(RepositoryFactorySupport.java:298) ~[spring-data-commons-2.0.6.RELEASE.jar:2.0.6.RELEASE]
	at org.springframework.data.repository.core.support.RepositoryFactoryBeanSupport.lambda$afterPropertiesSet$3(RepositoryFactoryBeanSupport.java:287) ~[spring-data-commons-2.0.6.RELEASE.jar:2.0.6.RELEASE]
	at org.springframework.data.util.Lazy.getNullable(Lazy.java:141) ~[spring-data-commons-2.0.6.RELEASE.jar:2.0.6.RELEASE]
	at org.springframework.data.util.Lazy.get(Lazy.java:63) ~[spring-data-commons-2.0.6.RELEASE.jar:2.0.6.RELEASE]
	at org.springframework.data.repository.core.support.RepositoryFactoryBeanSupport.afterPropertiesSet(RepositoryFactoryBeanSupport.java:290) ~[spring-data-commons-2.0.6.RELEASE.jar:2.0.6.RELEASE]
	at org.springframework.data.mongodb.repository.support.MongoRepositoryFactoryBean.afterPropertiesSet(MongoRepositoryFactoryBean.java:119) ~[spring-data-mongodb-2.0.7.RELEASE.jar:2.0.7.RELEASE]
	at org.springframework.beans.factory.support.AbstractAutowireCapableBeanFactory.invokeInitMethods(AbstractAutowireCapableBeanFactory.java:1761) ~[spring-beans-5.0.5.RELEASE.jar:5.0.5.RELEASE]
	at org.springframework.beans.factory.support.AbstractAutowireCapableBeanFactory.initializeBean(AbstractAutowireCapableBeanFactory.java:1698) ~[spring-beans-5.0.5.RELEASE.jar:5.0.5.RELEASE]
	... 42 common frames omitted
Caused by: com.mongodb.MongoTimeoutException: Timed out after 30000 ms while waiting to connect. Client view of cluster state is {type=UNKNOWN, servers=[{address=127.0.0.1:27017, type=UNKNOWN, state=CONNECTING, exception={com.mongodb.MongoSocketOpenException: Exception opening socket}, caused by {java.net.ConnectException: Connection refused: connect}}]
	at com.mongodb.connection.BaseCluster.getDescription(BaseCluster.java:167) ~[mongo-java-driver-3.6.3.jar:na]
	at com.mongodb.Mongo.getConnectedClusterDescription(Mongo.java:885) ~[mongo-java-driver-3.6.3.jar:na]
	at com.mongodb.Mongo.createClientSession(Mongo.java:877) ~[mongo-java-driver-3.6.3.jar:na]
	at com.mongodb.Mongo$3.getClientSession(Mongo.java:866) ~[mongo-java-driver-3.6.3.jar:na]
	at com.mongodb.Mongo$3.execute(Mongo.java:834) ~[mongo-java-driver-3.6.3.jar:na]
	at com.mongodb.MongoCollectionImpl.executeCreateIndexes(MongoCollectionImpl.java:867) ~[mongo-java-driver-3.6.3.jar:na]
	at com.mongodb.MongoCollectionImpl.createIndexes(MongoCollectionImpl.java:820) ~[mongo-java-driver-3.6.3.jar:na]
	at com.mongodb.MongoCollectionImpl.createIndexes(MongoCollectionImpl.java:815) ~[mongo-java-driver-3.6.3.jar:na]
	at com.mongodb.MongoCollectionImpl.createIndex(MongoCollectionImpl.java:800) ~[mongo-java-driver-3.6.3.jar:na]
	at org.springframework.data.mongodb.core.DefaultIndexOperations.lambda$ensureIndex$0(DefaultIndexOperations.java:111) ~[spring-data-mongodb-2.0.7.RELEASE.jar:2.0.7.RELEASE]
	at org.springframework.data.mongodb.core.DefaultIndexOperations.execute(DefaultIndexOperations.java:192) ~[spring-data-mongodb-2.0.7.RELEASE.jar:2.0.7.RELEASE]
	... 73 common frames omitted

]]></system-out>
  </testcase>
  <testcase name="shouldGetHelloFromPatientsController" classname="com.nau.digitalhospital.DigitalHospitalApplicationTests" time="0">
    <error message="Failed to load ApplicationContext" type="java.lang.IllegalStateException">java.lang.IllegalStateException: Failed to load ApplicationContext
Caused by: org.springframework.beans.factory.BeanCreationException: Error creating bean with name 'hospitalRepository': Invocation of init method failed; nested exception is org.springframework.dao.DataAccessResourceFailureException: Timed out after 30000 ms while waiting to connect. Client view of cluster state is {type=UNKNOWN, servers=[{address=127.0.0.1:27017, type=UNKNOWN, state=CONNECTING, exception={com.mongodb.MongoSocketOpenException: Exception opening socket}, caused by {java.net.ConnectException: Connection refused: connect}}]; nested exception is com.mongodb.MongoTimeoutException: Timed out after 30000 ms while waiting to connect. Client view of cluster state is {type=UNKNOWN, servers=[{address=127.0.0.1:27017, type=UNKNOWN, state=CONNECTING, exception={com.mongodb.MongoSocketOpenException: Exception opening socket}, caused by {java.net.ConnectException: Connection refused: connect}}]
Caused by: org.springframework.dao.DataAccessResourceFailureException: Timed out after 30000 ms while waiting to connect. Client view of cluster state is {type=UNKNOWN, servers=[{address=127.0.0.1:27017, type=UNKNOWN, state=CONNECTING, exception={com.mongodb.MongoSocketOpenException: Exception opening socket}, caused by {java.net.ConnectException: Connection refused: connect}}]; nested exception is com.mongodb.MongoTimeoutException: Timed out after 30000 ms while waiting to connect. Client view of cluster state is {type=UNKNOWN, servers=[{address=127.0.0.1:27017, type=UNKNOWN, state=CONNECTING, exception={com.mongodb.MongoSocketOpenException: Exception opening socket}, caused by {java.net.ConnectException: Connection refused: connect}}]
Caused by: com.mongodb.MongoTimeoutException: Timed out after 30000 ms while waiting to connect. Client view of cluster state is {type=UNKNOWN, servers=[{address=127.0.0.1:27017, type=UNKNOWN, state=CONNECTING, exception={com.mongodb.MongoSocketOpenException: Exception opening socket}, caused by {java.net.ConnectException: Connection refused: connect}}]
</error>
    <system-out><![CDATA[
  .   ____          _            __ _ _
 /\\ / ___'_ __ _ _(_)_ __  __ _ \ \ \ \
( ( )\___ | '_ | '_| | '_ \/ _` | \ \ \ \
 \\/  ___)| |_)| | | | | || (_| |  ) ) ) )
  '  |____| .__|_| |_|_| |_\__, | / / / /
 =========|_|==============|___/=/_/_/_/
 :: Spring Boot ::        (v2.0.1.RELEASE)

2018-06-11 08:57:39.360  INFO 5768 --- [           main] c.n.d.DigitalHospitalApplicationTests    : Starting DigitalHospitalApplicationTests on DELL with PID 5768 (started by DELL in M:\JavaLibrary\eepractice\digitalhospital)
2018-06-11 08:57:39.361  INFO 5768 --- [           main] c.n.d.DigitalHospitalApplicationTests    : No active profile set, falling back to default profiles: default
2018-06-11 08:57:39.365  INFO 5768 --- [           main] o.s.w.c.s.GenericWebApplicationContext   : Refreshing org.springframework.web.context.support.GenericWebApplicationContext@5649d11a: startup date [Mon Jun 11 08:57:39 EEST 2018]; root of context hierarchy
2018-06-11 08:57:39.631  INFO 5768 --- [           main] f.a.AutowiredAnnotationBeanPostProcessor : JSR-330 'javax.inject.Inject' annotation found and supported for autowiring
2018-06-11 08:57:40.022  INFO 5768 --- [           main] o.s.s.web.DefaultSecurityFilterChain     : Creating filter chain: org.springframework.security.web.util.matcher.AnyRequestMatcher@1, [org.springframework.security.web.context.request.async.WebAsyncManagerIntegrationFilter@54336976, org.springframework.security.web.context.SecurityContextPersistenceFilter@14c141c0, org.springframework.security.web.header.HeaderWriterFilter@22d9ca63, org.springframework.security.web.csrf.CsrfFilter@45b32dfe, org.springframework.security.web.authentication.logout.LogoutFilter@51fc862e, org.springframework.security.web.authentication.UsernamePasswordAuthenticationFilter@70a898b0, org.springframework.security.web.authentication.ui.DefaultLoginPageGeneratingFilter@4f2d014a, org.springframework.security.web.authentication.www.BasicAuthenticationFilter@7bdf61ad, org.springframework.security.web.savedrequest.RequestCacheAwareFilter@61874b9d, org.springframework.security.web.servletapi.SecurityContextHolderAwareRequestFilter@d611f1c, org.springframework.security.web.authentication.AnonymousAuthenticationFilter@f25f48a, org.springframework.security.web.session.SessionManagementFilter@484149eb, org.springframework.security.web.access.ExceptionTranslationFilter@136ccbfe, org.springframework.security.web.access.intercept.FilterSecurityInterceptor@1d98daa0]
2018-06-11 08:57:40.049  INFO 5768 --- [           main] org.mongodb.driver.cluster               : Cluster created with settings {hosts=[127.0.0.1:27017], mode=SINGLE, requiredClusterType=UNKNOWN, serverSelectionTimeout='30000 ms', maxWaitQueueSize=500}
2018-06-11 08:57:40.144  INFO 5768 --- [           main] m.c.i.MongoPersistentEntityIndexResolver : Found cycle for field '_id' in type 'MedicalCard' for path 'medicalCard -> patient -> medicalCard'
2018-06-11 08:57:40.145  INFO 5768 --- [           main] m.c.i.MongoPersistentEntityIndexResolver : Found cycle for field 'appointed_date' in type 'Doctor' for path 'doctor -> patients -> medicalCard -> medicalExaminations -> doctor'
2018-06-11 08:57:40.145  INFO 5768 --- [           main] m.c.i.MongoPersistentEntityIndexResolver : Found cycle for field 'medicalCard' in type 'Patient' for path 'medicalCard -> patient -> medicalCard'
2018-06-11 08:57:40.148  INFO 5768 --- [           main] m.c.i.MongoPersistentEntityIndexResolver : Found cycle for field 'patients' in type 'Doctor' for path 'doctor -> patients -> medicalCard -> medicalExaminations -> doctor'
2018-06-11 08:57:40.150  INFO 5768 --- [           main] m.c.i.MongoPersistentEntityIndexResolver : Found cycle for field 'medicalCard' in type 'Patient' for path 'patient -> medicalCard -> patient'
2018-06-11 08:57:40.151  INFO 5768 --- [           main] m.c.i.MongoPersistentEntityIndexResolver : Found cycle for field '_id' in type 'MedicalCard' for path 'medicalCard -> medicalExaminations -> doctor -> patients -> medicalCard'
2018-06-11 08:57:40.152  INFO 5768 --- [           main] m.c.i.MongoPersistentEntityIndexResolver : Found cycle for field '_id' in type 'MedicalCard' for path 'medicalCard -> patient -> medicalCard'
2018-06-11 08:57:40.152  INFO 5768 --- [           main] m.c.i.MongoPersistentEntityIndexResolver : Found cycle for field '_id' in type 'MedicalExamination' for path 'medicalExaminations -> doctor -> patients -> medicalCard -> medicalExaminations'
2018-06-11 08:57:40.153  INFO 5768 --- [           main] m.c.i.MongoPersistentEntityIndexResolver : Found cycle for field 'medicalCard' in type 'Patient' for path 'patient -> medicalCard -> patient'
2018-06-11 08:57:40.153  INFO 5768 --- [           main] m.c.i.MongoPersistentEntityIndexResolver : Found cycle for field 'medicalCard' in type 'Patient' for path 'medicalCard -> medicalExaminations -> doctor -> patients -> medicalCard'
2018-06-11 08:57:40.153  INFO 5768 --- [           main] m.c.i.MongoPersistentEntityIndexResolver : Found cycle for field 'medicalCard' in type 'Patient' for path 'medicalCard -> patient -> medicalCard'
2018-06-11 08:57:40.155  INFO 5768 --- [           main] m.c.i.MongoPersistentEntityIndexResolver : Found cycle for field 'doctor' in type 'MedicalExamination' for path 'medicalExaminations -> doctor -> patients -> medicalCard -> medicalExaminations'
2018-06-11 08:57:40.202  WARN 5768 --- [           main] o.s.d.m.c.m.BasicMongoPersistentProperty : Customizing field name for id property not allowed! Custom name will not be considered!
2018-06-11 08:57:40.203  INFO 5768 --- [           main] m.c.i.MongoPersistentEntityIndexResolver : Found cycle for field '_id' in type 'MedicalCard' for path 'medicalCard -> patient -> medicalCard'
2018-06-11 08:57:40.204  INFO 5768 --- [           main] m.c.i.MongoPersistentEntityIndexResolver : Found cycle for field '_id' in type 'MedicalCard' for path 'medicalCard -> medicalExaminations -> doctor -> patients -> medicalCard'
2018-06-11 08:57:40.205  INFO 5768 --- [           main] m.c.i.MongoPersistentEntityIndexResolver : Found cycle for field 'patient' in type 'MedicalCard' for path 'medicalCard -> patient -> medicalCard'
2018-06-11 08:57:40.207  INFO 5768 --- [           main] m.c.i.MongoPersistentEntityIndexResolver : Found cycle for field 'medicalCard' in type 'Patient' for path 'medicalCard -> medicalExaminations -> doctor -> patients -> medicalCard'
2018-06-11 08:57:40.210  WARN 5768 --- [           main] o.s.d.m.c.m.BasicMongoPersistentProperty : Customizing field name for id property not allowed! Custom name will not be considered!
2018-06-11 08:57:40.212  INFO 5768 --- [           main] m.c.i.MongoPersistentEntityIndexResolver : Found cycle for field '_id' in type 'MedicalCard' for path 'medicalCard -> patient -> medicalCard'
2018-06-11 08:57:40.213  INFO 5768 --- [           main] m.c.i.MongoPersistentEntityIndexResolver : Found cycle for field 'medicalCard' in type 'Patient' for path 'patients -> medicalCard -> medicalExaminations -> doctor -> patients'
2018-06-11 08:57:40.217  INFO 5768 --- [           main] m.c.i.MongoPersistentEntityIndexResolver : Found cycle for field 'medicalCard' in type 'Patient' for path 'medicalCard -> patient -> medicalCard'
2018-06-11 08:57:40.219  INFO 5768 --- [           main] m.c.i.MongoPersistentEntityIndexResolver : Found cycle for field 'medicalCard' in type 'Patient' for path 'patients -> medicalCard -> medicalExaminations -> doctor -> patients'
2018-06-11 08:57:40.228  INFO 5768 --- [           main] m.c.i.MongoPersistentEntityIndexResolver : Found cycle for field '_id' in type 'MedicalCard' for path 'medicalCard -> patient -> medicalCard'
2018-06-11 08:57:40.229  INFO 5768 --- [           main] m.c.i.MongoPersistentEntityIndexResolver : Found cycle for field 'medicalCard' in type 'Patient' for path 'patients -> medicalCard -> medicalExaminations -> doctor -> patients'
2018-06-11 08:57:40.229  INFO 5768 --- [           main] m.c.i.MongoPersistentEntityIndexResolver : Found cycle for field 'medicalCard' in type 'Patient' for path 'medicalCard -> patient -> medicalCard'
2018-06-11 08:57:40.230  INFO 5768 --- [           main] m.c.i.MongoPersistentEntityIndexResolver : Found cycle for field 'patients' in type 'Doctor' for path 'patients -> medicalCard -> medicalExaminations -> doctor -> patients'
2018-06-11 08:57:40.274  WARN 5768 --- [           main] o.s.d.m.c.m.BasicMongoPersistentProperty : Customizing field name for id property not allowed! Custom name will not be considered!
2018-06-11 08:57:40.277  INFO 5768 --- [           main] m.c.i.MongoPersistentEntityIndexResolver : Found cycle for field 'medicalCard' in type 'Patient' for path 'patient -> medicalCard -> patient'
2018-06-11 08:57:40.278  INFO 5768 --- [           main] m.c.i.MongoPersistentEntityIndexResolver : Found cycle for field '_id' in type 'MedicalCard' for path 'medicalCard -> medicalExaminations -> doctor -> patients -> medicalCard'
2018-06-11 08:57:40.279  INFO 5768 --- [           main] m.c.i.MongoPersistentEntityIndexResolver : Found cycle for field '_id' in type 'MedicalCard' for path 'medicalCard -> patient -> medicalCard'
2018-06-11 08:57:40.279  INFO 5768 --- [           main] m.c.i.MongoPersistentEntityIndexResolver : Found cycle for field '_id' in type 'MedicalExamination' for path 'medicalExaminations -> doctor -> patients -> medicalCard -> medicalExaminations'
2018-06-11 08:57:40.280  INFO 5768 --- [           main] m.c.i.MongoPersistentEntityIndexResolver : Found cycle for field 'patient' in type 'MedicalCard' for path 'patient -> medicalCard -> patient'
2018-06-11 08:57:40.281  INFO 5768 --- [           main] m.c.i.MongoPersistentEntityIndexResolver : Found cycle for field 'medicalCard' in type 'Patient' for path 'medicalCard -> patient -> medicalCard'
2018-06-11 08:57:40.281  INFO 5768 --- [           main] m.c.i.MongoPersistentEntityIndexResolver : Found cycle for field 'medicalExaminations' in type 'MedicalCard' for path 'medicalExaminations -> doctor -> patients -> medicalCard -> medicalExaminations'
2018-06-11 08:57:40.282  INFO 5768 --- [           main] org.mongodb.driver.cluster               : Cluster description not yet available. Waiting for 30000 ms before timing out
2018-06-11 08:57:41.066  INFO 5768 --- [127.0.0.1:27017] org.mongodb.driver.cluster               : Exception in monitor thread while connecting to server 127.0.0.1:27017

com.mongodb.MongoSocketOpenException: Exception opening socket
	at com.mongodb.connection.SocketStream.open(SocketStream.java:62) ~[mongo-java-driver-3.6.3.jar:na]
	at com.mongodb.connection.InternalStreamConnection.open(InternalStreamConnection.java:126) ~[mongo-java-driver-3.6.3.jar:na]
	at com.mongodb.connection.DefaultServerMonitor$ServerMonitorRunnable.run(DefaultServerMonitor.java:114) ~[mongo-java-driver-3.6.3.jar:na]
	at java.lang.Thread.run(Thread.java:748) [na:1.8.0_161]
Caused by: java.net.ConnectException: Connection refused: connect
	at java.net.DualStackPlainSocketImpl.waitForConnect(Native Method) ~[na:1.8.0_161]
	at java.net.DualStackPlainSocketImpl.socketConnect(DualStackPlainSocketImpl.java:85) ~[na:1.8.0_161]
	at java.net.AbstractPlainSocketImpl.doConnect(AbstractPlainSocketImpl.java:350) ~[na:1.8.0_161]
	at java.net.AbstractPlainSocketImpl.connectToAddress(AbstractPlainSocketImpl.java:206) ~[na:1.8.0_161]
	at java.net.AbstractPlainSocketImpl.connect(AbstractPlainSocketImpl.java:188) ~[na:1.8.0_161]
	at java.net.PlainSocketImpl.connect(PlainSocketImpl.java:172) ~[na:1.8.0_161]
	at java.net.SocksSocketImpl.connect(SocksSocketImpl.java:392) ~[na:1.8.0_161]
	at java.net.Socket.connect(Socket.java:589) ~[na:1.8.0_161]
	at com.mongodb.connection.SocketStreamHelper.initialize(SocketStreamHelper.java:59) ~[mongo-java-driver-3.6.3.jar:na]
	at com.mongodb.connection.SocketStream.open(SocketStream.java:57) ~[mongo-java-driver-3.6.3.jar:na]
	... 3 common frames omitted

2018-06-11 08:58:10.282  WARN 5768 --- [           main] o.s.w.c.s.GenericWebApplicationContext   : Exception encountered during context initialization - cancelling refresh attempt: org.springframework.beans.factory.BeanCreationException: Error creating bean with name 'hospitalRepository': Invocation of init method failed; nested exception is org.springframework.dao.DataAccessResourceFailureException: Timed out after 30000 ms while waiting to connect. Client view of cluster state is {type=UNKNOWN, servers=[{address=127.0.0.1:27017, type=UNKNOWN, state=CONNECTING, exception={com.mongodb.MongoSocketOpenException: Exception opening socket}, caused by {java.net.ConnectException: Connection refused: connect}}]; nested exception is com.mongodb.MongoTimeoutException: Timed out after 30000 ms while waiting to connect. Client view of cluster state is {type=UNKNOWN, servers=[{address=127.0.0.1:27017, type=UNKNOWN, state=CONNECTING, exception={com.mongodb.MongoSocketOpenException: Exception opening socket}, caused by {java.net.ConnectException: Connection refused: connect}}]
2018-06-11 08:58:10.285  INFO 5768 --- [           main] ConditionEvaluationReportLoggingListener : 

Error starting ApplicationContext. To display the conditions report re-run your application with 'debug' enabled.
2018-06-11 08:58:10.288 ERROR 5768 --- [           main] o.s.boot.SpringApplication               : Application run failed

org.springframework.beans.factory.BeanCreationException: Error creating bean with name 'hospitalRepository': Invocation of init method failed; nested exception is org.springframework.dao.DataAccessResourceFailureException: Timed out after 30000 ms while waiting to connect. Client view of cluster state is {type=UNKNOWN, servers=[{address=127.0.0.1:27017, type=UNKNOWN, state=CONNECTING, exception={com.mongodb.MongoSocketOpenException: Exception opening socket}, caused by {java.net.ConnectException: Connection refused: connect}}]; nested exception is com.mongodb.MongoTimeoutException: Timed out after 30000 ms while waiting to connect. Client view of cluster state is {type=UNKNOWN, servers=[{address=127.0.0.1:27017, type=UNKNOWN, state=CONNECTING, exception={com.mongodb.MongoSocketOpenException: Exception opening socket}, caused by {java.net.ConnectException: Connection refused: connect}}]
	at org.springframework.beans.factory.support.AbstractAutowireCapableBeanFactory.initializeBean(AbstractAutowireCapableBeanFactory.java:1702) ~[spring-beans-5.0.5.RELEASE.jar:5.0.5.RELEASE]
	at org.springframework.beans.factory.support.AbstractAutowireCapableBeanFactory.doCreateBean(AbstractAutowireCapableBeanFactory.java:579) ~[spring-beans-5.0.5.RELEASE.jar:5.0.5.RELEASE]
	at org.springframework.beans.factory.support.AbstractAutowireCapableBeanFactory.createBean(AbstractAutowireCapableBeanFactory.java:501) ~[spring-beans-5.0.5.RELEASE.jar:5.0.5.RELEASE]
	at org.springframework.beans.factory.support.AbstractBeanFactory.lambda$doGetBean$0(AbstractBeanFactory.java:317) ~[spring-beans-5.0.5.RELEASE.jar:5.0.5.RELEASE]
	at org.springframework.beans.factory.support.DefaultSingletonBeanRegistry.getSingleton(DefaultSingletonBeanRegistry.java:228) ~[spring-beans-5.0.5.RELEASE.jar:5.0.5.RELEASE]
	at org.springframework.beans.factory.support.AbstractBeanFactory.doGetBean(AbstractBeanFactory.java:315) ~[spring-beans-5.0.5.RELEASE.jar:5.0.5.RELEASE]
	at org.springframework.beans.factory.support.AbstractBeanFactory.getBean(AbstractBeanFactory.java:199) ~[spring-beans-5.0.5.RELEASE.jar:5.0.5.RELEASE]
	at org.springframework.beans.factory.support.DefaultListableBeanFactory.preInstantiateSingletons(DefaultListableBeanFactory.java:741) ~[spring-beans-5.0.5.RELEASE.jar:5.0.5.RELEASE]
	at org.springframework.context.support.AbstractApplicationContext.finishBeanFactoryInitialization(AbstractApplicationContext.java:869) ~[spring-context-5.0.5.RELEASE.jar:5.0.5.RELEASE]
	at org.springframework.context.support.AbstractApplicationContext.refresh(AbstractApplicationContext.java:550) ~[spring-context-5.0.5.RELEASE.jar:5.0.5.RELEASE]
	at org.springframework.boot.SpringApplication.refresh(SpringApplication.java:759) ~[spring-boot-2.0.1.RELEASE.jar:2.0.1.RELEASE]
	at org.springframework.boot.SpringApplication.refreshContext(SpringApplication.java:395) ~[spring-boot-2.0.1.RELEASE.jar:2.0.1.RELEASE]
	at org.springframework.boot.SpringApplication.run(SpringApplication.java:327) ~[spring-boot-2.0.1.RELEASE.jar:2.0.1.RELEASE]
	at org.springframework.boot.test.context.SpringBootContextLoader.loadContext(SpringBootContextLoader.java:138) [spring-boot-test-2.0.1.RELEASE.jar:2.0.1.RELEASE]
	at org.springframework.test.context.cache.DefaultCacheAwareContextLoaderDelegate.loadContextInternal(DefaultCacheAwareContextLoaderDelegate.java:99) [spring-test-5.0.5.RELEASE.jar:5.0.5.RELEASE]
	at org.springframework.test.context.cache.DefaultCacheAwareContextLoaderDelegate.loadContext(DefaultCacheAwareContextLoaderDelegate.java:117) [spring-test-5.0.5.RELEASE.jar:5.0.5.RELEASE]
	at org.springframework.test.context.support.DefaultTestContext.getApplicationContext(DefaultTestContext.java:108) [spring-test-5.0.5.RELEASE.jar:5.0.5.RELEASE]
	at org.springframework.test.context.web.ServletTestExecutionListener.setUpRequestContextIfNecessary(ServletTestExecutionListener.java:190) [spring-test-5.0.5.RELEASE.jar:5.0.5.RELEASE]
	at org.springframework.test.context.web.ServletTestExecutionListener.prepareTestInstance(ServletTestExecutionListener.java:132) [spring-test-5.0.5.RELEASE.jar:5.0.5.RELEASE]
	at org.springframework.test.context.TestContextManager.prepareTestInstance(TestContextManager.java:246) [spring-test-5.0.5.RELEASE.jar:5.0.5.RELEASE]
	at org.springframework.test.context.junit4.SpringJUnit4ClassRunner.createTest(SpringJUnit4ClassRunner.java:227) [spring-test-5.0.5.RELEASE.jar:5.0.5.RELEASE]
	at org.springframework.test.context.junit4.SpringJUnit4ClassRunner$1.runReflectiveCall(SpringJUnit4ClassRunner.java:289) [spring-test-5.0.5.RELEASE.jar:5.0.5.RELEASE]
	at org.junit.internal.runners.model.ReflectiveCallable.run(ReflectiveCallable.java:12) [junit-4.12.jar:4.12]
	at org.springframework.test.context.junit4.SpringJUnit4ClassRunner.methodBlock(SpringJUnit4ClassRunner.java:291) [spring-test-5.0.5.RELEASE.jar:5.0.5.RELEASE]
	at org.springframework.test.context.junit4.SpringJUnit4ClassRunner.runChild(SpringJUnit4ClassRunner.java:246) [spring-test-5.0.5.RELEASE.jar:5.0.5.RELEASE]
	at org.springframework.test.context.junit4.SpringJUnit4ClassRunner.runChild(SpringJUnit4ClassRunner.java:97) [spring-test-5.0.5.RELEASE.jar:5.0.5.RELEASE]
	at org.junit.runners.ParentRunner$3.run(ParentRunner.java:290) [junit-4.12.jar:4.12]
	at org.junit.runners.ParentRunner$1.schedule(ParentRunner.java:71) [junit-4.12.jar:4.12]
	at org.junit.runners.ParentRunner.runChildren(ParentRunner.java:288) [junit-4.12.jar:4.12]
	at org.junit.runners.ParentRunner.access$000(ParentRunner.java:58) [junit-4.12.jar:4.12]
	at org.junit.runners.ParentRunner$2.evaluate(ParentRunner.java:268) [junit-4.12.jar:4.12]
	at org.springframework.test.context.junit4.statements.RunBeforeTestClassCallbacks.evaluate(RunBeforeTestClassCallbacks.java:61) [spring-test-5.0.5.RELEASE.jar:5.0.5.RELEASE]
	at org.springframework.test.context.junit4.statements.RunAfterTestClassCallbacks.evaluate(RunAfterTestClassCallbacks.java:70) [spring-test-5.0.5.RELEASE.jar:5.0.5.RELEASE]
	at org.junit.runners.ParentRunner.run(ParentRunner.java:363) [junit-4.12.jar:4.12]
	at org.springframework.test.context.junit4.SpringJUnit4ClassRunner.run(SpringJUnit4ClassRunner.java:190) [spring-test-5.0.5.RELEASE.jar:5.0.5.RELEASE]
	at org.apache.maven.surefire.junit4.JUnit4Provider.execute(JUnit4Provider.java:365) [surefire-junit4-2.21.0.jar:2.21.0]
	at org.apache.maven.surefire.junit4.JUnit4Provider.executeWithRerun(JUnit4Provider.java:273) [surefire-junit4-2.21.0.jar:2.21.0]
	at org.apache.maven.surefire.junit4.JUnit4Provider.executeTestSet(JUnit4Provider.java:238) [surefire-junit4-2.21.0.jar:2.21.0]
	at org.apache.maven.surefire.junit4.JUnit4Provider.invoke(JUnit4Provider.java:159) [surefire-junit4-2.21.0.jar:2.21.0]
	at org.apache.maven.surefire.booter.ForkedBooter.invokeProviderInSameClassLoader(ForkedBooter.java:379) [surefire-booter-2.21.0.jar:2.21.0]
	at org.apache.maven.surefire.booter.ForkedBooter.runSuitesInProcess(ForkedBooter.java:340) [surefire-booter-2.21.0.jar:2.21.0]
	at org.apache.maven.surefire.booter.ForkedBooter.execute(ForkedBooter.java:125) [surefire-booter-2.21.0.jar:2.21.0]
	at org.apache.maven.surefire.booter.ForkedBooter.main(ForkedBooter.java:413) [surefire-booter-2.21.0.jar:2.21.0]
Caused by: org.springframework.dao.DataAccessResourceFailureException: Timed out after 30000 ms while waiting to connect. Client view of cluster state is {type=UNKNOWN, servers=[{address=127.0.0.1:27017, type=UNKNOWN, state=CONNECTING, exception={com.mongodb.MongoSocketOpenException: Exception opening socket}, caused by {java.net.ConnectException: Connection refused: connect}}]; nested exception is com.mongodb.MongoTimeoutException: Timed out after 30000 ms while waiting to connect. Client view of cluster state is {type=UNKNOWN, servers=[{address=127.0.0.1:27017, type=UNKNOWN, state=CONNECTING, exception={com.mongodb.MongoSocketOpenException: Exception opening socket}, caused by {java.net.ConnectException: Connection refused: connect}}]
	at org.springframework.data.mongodb.core.MongoExceptionTranslator.translateExceptionIfPossible(MongoExceptionTranslator.java:87) ~[spring-data-mongodb-2.0.7.RELEASE.jar:2.0.7.RELEASE]
	at org.springframework.data.mongodb.core.MongoTemplate.potentiallyConvertRuntimeException(MongoTemplate.java:2589) ~[spring-data-mongodb-2.0.7.RELEASE.jar:2.0.7.RELEASE]
	at org.springframework.data.mongodb.core.DefaultIndexOperations.execute(DefaultIndexOperations.java:194) ~[spring-data-mongodb-2.0.7.RELEASE.jar:2.0.7.RELEASE]
	at org.springframework.data.mongodb.core.DefaultIndexOperations.ensureIndex(DefaultIndexOperations.java:97) ~[spring-data-mongodb-2.0.7.RELEASE.jar:2.0.7.RELEASE]
	at org.springframework.data.mongodb.core.index.MongoPersistentEntityIndexCreator.createIndex(MongoPersistentEntityIndexCreator.java:145) ~[spring-data-mongodb-2.0.7.RELEASE.jar:2.0.7.RELEASE]
	at org.springframework.data.mongodb.core.index.MongoPersistentEntityIndexCreator.checkForAndCreateIndexes(MongoPersistentEntityIndexCreator.java:135) ~[spring-data-mongodb-2.0.7.RELEASE.jar:2.0.7.RELEASE]
	at org.springframework.data.mongodb.core.index.MongoPersistentEntityIndexCreator.checkForIndexes(MongoPersistentEntityIndexCreator.java:127) ~[spring-data-mongodb-2.0.7.RELEASE.jar:2.0.7.RELEASE]
	at org.springframework.data.mongodb.core.index.MongoPersistentEntityIndexCreator.onApplicationEvent(MongoPersistentEntityIndexCreator.java:111) ~[spring-data-mongodb-2.0.7.RELEASE.jar:2.0.7.RELEASE]
	at org.springframework.data.mongodb.core.index.MongoPersistentEntityIndexCreator.onApplicationEvent(MongoPersistentEntityIndexCreator.java:54) ~[spring-data-mongodb-2.0.7.RELEASE.jar:2.0.7.RELEASE]
	at org.springframework.context.event.SimpleApplicationEventMulticaster.doInvokeListener(SimpleApplicationEventMulticaster.java:172) ~[spring-context-5.0.5.RELEASE.jar:5.0.5.RELEASE]
	at org.springframework.context.event.SimpleApplicationEventMulticaster.invokeListener(SimpleApplicationEventMulticaster.java:165) ~[spring-context-5.0.5.RELEASE.jar:5.0.5.RELEASE]
	at org.springframework.context.event.SimpleApplicationEventMulticaster.multicastEvent(SimpleApplicationEventMulticaster.java:139) ~[spring-context-5.0.5.RELEASE.jar:5.0.5.RELEASE]
	at org.springframework.context.support.AbstractApplicationContext.publishEvent(AbstractApplicationContext.java:400) ~[spring-context-5.0.5.RELEASE.jar:5.0.5.RELEASE]
	at org.springframework.context.support.AbstractApplicationContext.publishEvent(AbstractApplicationContext.java:354) ~[spring-context-5.0.5.RELEASE.jar:5.0.5.RELEASE]
	at org.springframework.data.mapping.context.AbstractMappingContext.addPersistentEntity(AbstractMappingContext.java:420) ~[spring-data-commons-2.0.6.RELEASE.jar:2.0.6.RELEASE]
	at java.util.Collections$SingletonSet.forEach(Collections.java:4767) ~[na:1.8.0_161]
	at org.springframework.data.mapping.context.AbstractMappingContext$PersistentPropertyCreator.createAndRegisterProperty(AbstractMappingContext.java:572) ~[spring-data-commons-2.0.6.RELEASE.jar:2.0.6.RELEASE]
	at org.springframework.data.mapping.context.AbstractMappingContext$PersistentPropertyCreator.doWith(AbstractMappingContext.java:530) ~[spring-data-commons-2.0.6.RELEASE.jar:2.0.6.RELEASE]
	at org.springframework.util.ReflectionUtils.doWithFields(ReflectionUtils.java:729) ~[spring-core-5.0.5.RELEASE.jar:5.0.5.RELEASE]
	at org.springframework.data.mapping.context.AbstractMappingContext.addPersistentEntity(AbstractMappingContext.java:398) ~[spring-data-commons-2.0.6.RELEASE.jar:2.0.6.RELEASE]
	at org.springframework.data.mapping.context.AbstractMappingContext.getPersistentEntity(AbstractMappingContext.java:229) ~[spring-data-commons-2.0.6.RELEASE.jar:2.0.6.RELEASE]
	at org.springframework.data.mapping.context.AbstractMappingContext.getPersistentEntity(AbstractMappingContext.java:172) ~[spring-data-commons-2.0.6.RELEASE.jar:2.0.6.RELEASE]
	at org.springframework.data.mapping.context.AbstractMappingContext.getPersistentEntity(AbstractMappingContext.java:85) ~[spring-data-commons-2.0.6.RELEASE.jar:2.0.6.RELEASE]
	at org.springframework.data.mapping.context.MappingContext.getRequiredPersistentEntity(MappingContext.java:70) ~[spring-data-commons-2.0.6.RELEASE.jar:2.0.6.RELEASE]
	at org.springframework.data.mongodb.repository.support.MongoRepositoryFactory.getEntityInformation(MongoRepositoryFactory.java:149) ~[spring-data-mongodb-2.0.7.RELEASE.jar:2.0.7.RELEASE]
	at org.springframework.data.mongodb.repository.support.MongoRepositoryFactory.getTargetRepository(MongoRepositoryFactory.java:123) ~[spring-data-mongodb-2.0.7.RELEASE.jar:2.0.7.RELEASE]
	at org.springframework.data.repository.core.support.RepositoryFactorySupport.getRepository(RepositoryFactorySupport.java:298) ~[spring-data-commons-2.0.6.RELEASE.jar:2.0.6.RELEASE]
	at org.springframework.data.repository.core.support.RepositoryFactoryBeanSupport.lambda$afterPropertiesSet$3(RepositoryFactoryBeanSupport.java:287) ~[spring-data-commons-2.0.6.RELEASE.jar:2.0.6.RELEASE]
	at org.springframework.data.util.Lazy.getNullable(Lazy.java:141) ~[spring-data-commons-2.0.6.RELEASE.jar:2.0.6.RELEASE]
	at org.springframework.data.util.Lazy.get(Lazy.java:63) ~[spring-data-commons-2.0.6.RELEASE.jar:2.0.6.RELEASE]
	at org.springframework.data.repository.core.support.RepositoryFactoryBeanSupport.afterPropertiesSet(RepositoryFactoryBeanSupport.java:290) ~[spring-data-commons-2.0.6.RELEASE.jar:2.0.6.RELEASE]
	at org.springframework.data.mongodb.repository.support.MongoRepositoryFactoryBean.afterPropertiesSet(MongoRepositoryFactoryBean.java:119) ~[spring-data-mongodb-2.0.7.RELEASE.jar:2.0.7.RELEASE]
	at org.springframework.beans.factory.support.AbstractAutowireCapableBeanFactory.invokeInitMethods(AbstractAutowireCapableBeanFactory.java:1761) ~[spring-beans-5.0.5.RELEASE.jar:5.0.5.RELEASE]
	at org.springframework.beans.factory.support.AbstractAutowireCapableBeanFactory.initializeBean(AbstractAutowireCapableBeanFactory.java:1698) ~[spring-beans-5.0.5.RELEASE.jar:5.0.5.RELEASE]
	... 42 common frames omitted
Caused by: com.mongodb.MongoTimeoutException: Timed out after 30000 ms while waiting to connect. Client view of cluster state is {type=UNKNOWN, servers=[{address=127.0.0.1:27017, type=UNKNOWN, state=CONNECTING, exception={com.mongodb.MongoSocketOpenException: Exception opening socket}, caused by {java.net.ConnectException: Connection refused: connect}}]
	at com.mongodb.connection.BaseCluster.getDescription(BaseCluster.java:167) ~[mongo-java-driver-3.6.3.jar:na]
	at com.mongodb.Mongo.getConnectedClusterDescription(Mongo.java:885) ~[mongo-java-driver-3.6.3.jar:na]
	at com.mongodb.Mongo.createClientSession(Mongo.java:877) ~[mongo-java-driver-3.6.3.jar:na]
	at com.mongodb.Mongo$3.getClientSession(Mongo.java:866) ~[mongo-java-driver-3.6.3.jar:na]
	at com.mongodb.Mongo$3.execute(Mongo.java:834) ~[mongo-java-driver-3.6.3.jar:na]
	at com.mongodb.MongoCollectionImpl.executeCreateIndexes(MongoCollectionImpl.java:867) ~[mongo-java-driver-3.6.3.jar:na]
	at com.mongodb.MongoCollectionImpl.createIndexes(MongoCollectionImpl.java:820) ~[mongo-java-driver-3.6.3.jar:na]
	at com.mongodb.MongoCollectionImpl.createIndexes(MongoCollectionImpl.java:815) ~[mongo-java-driver-3.6.3.jar:na]
	at com.mongodb.MongoCollectionImpl.createIndex(MongoCollectionImpl.java:800) ~[mongo-java-driver-3.6.3.jar:na]
	at org.springframework.data.mongodb.core.DefaultIndexOperations.lambda$ensureIndex$0(DefaultIndexOperations.java:111) ~[spring-data-mongodb-2.0.7.RELEASE.jar:2.0.7.RELEASE]
	at org.springframework.data.mongodb.core.DefaultIndexOperations.execute(DefaultIndexOperations.java:192) ~[spring-data-mongodb-2.0.7.RELEASE.jar:2.0.7.RELEASE]
	... 73 common frames omitted

2018-06-11 08:58:10.291 ERROR 5768 --- [           main] o.s.test.context.TestContextManager      : Caught exception while allowing TestExecutionListener [org.springframework.test.context.web.ServletTestExecutionListener@15bbf42f] to prepare test instance [com.nau.digitalhospital.DigitalHospitalApplicationTests@1de0641b]

java.lang.IllegalStateException: Failed to load ApplicationContext
	at org.springframework.test.context.cache.DefaultCacheAwareContextLoaderDelegate.loadContext(DefaultCacheAwareContextLoaderDelegate.java:125) ~[spring-test-5.0.5.RELEASE.jar:5.0.5.RELEASE]
	at org.springframework.test.context.support.DefaultTestContext.getApplicationContext(DefaultTestContext.java:108) ~[spring-test-5.0.5.RELEASE.jar:5.0.5.RELEASE]
	at org.springframework.test.context.web.ServletTestExecutionListener.setUpRequestContextIfNecessary(ServletTestExecutionListener.java:190) ~[spring-test-5.0.5.RELEASE.jar:5.0.5.RELEASE]
	at org.springframework.test.context.web.ServletTestExecutionListener.prepareTestInstance(ServletTestExecutionListener.java:132) ~[spring-test-5.0.5.RELEASE.jar:5.0.5.RELEASE]
	at org.springframework.test.context.TestContextManager.prepareTestInstance(TestContextManager.java:246) ~[spring-test-5.0.5.RELEASE.jar:5.0.5.RELEASE]
	at org.springframework.test.context.junit4.SpringJUnit4ClassRunner.createTest(SpringJUnit4ClassRunner.java:227) [spring-test-5.0.5.RELEASE.jar:5.0.5.RELEASE]
	at org.springframework.test.context.junit4.SpringJUnit4ClassRunner$1.runReflectiveCall(SpringJUnit4ClassRunner.java:289) [spring-test-5.0.5.RELEASE.jar:5.0.5.RELEASE]
	at org.junit.internal.runners.model.ReflectiveCallable.run(ReflectiveCallable.java:12) [junit-4.12.jar:4.12]
	at org.springframework.test.context.junit4.SpringJUnit4ClassRunner.methodBlock(SpringJUnit4ClassRunner.java:291) [spring-test-5.0.5.RELEASE.jar:5.0.5.RELEASE]
	at org.springframework.test.context.junit4.SpringJUnit4ClassRunner.runChild(SpringJUnit4ClassRunner.java:246) [spring-test-5.0.5.RELEASE.jar:5.0.5.RELEASE]
	at org.springframework.test.context.junit4.SpringJUnit4ClassRunner.runChild(SpringJUnit4ClassRunner.java:97) [spring-test-5.0.5.RELEASE.jar:5.0.5.RELEASE]
	at org.junit.runners.ParentRunner$3.run(ParentRunner.java:290) [junit-4.12.jar:4.12]
	at org.junit.runners.ParentRunner$1.schedule(ParentRunner.java:71) [junit-4.12.jar:4.12]
	at org.junit.runners.ParentRunner.runChildren(ParentRunner.java:288) [junit-4.12.jar:4.12]
	at org.junit.runners.ParentRunner.access$000(ParentRunner.java:58) [junit-4.12.jar:4.12]
	at org.junit.runners.ParentRunner$2.evaluate(ParentRunner.java:268) [junit-4.12.jar:4.12]
	at org.springframework.test.context.junit4.statements.RunBeforeTestClassCallbacks.evaluate(RunBeforeTestClassCallbacks.java:61) [spring-test-5.0.5.RELEASE.jar:5.0.5.RELEASE]
	at org.springframework.test.context.junit4.statements.RunAfterTestClassCallbacks.evaluate(RunAfterTestClassCallbacks.java:70) [spring-test-5.0.5.RELEASE.jar:5.0.5.RELEASE]
	at org.junit.runners.ParentRunner.run(ParentRunner.java:363) [junit-4.12.jar:4.12]
	at org.springframework.test.context.junit4.SpringJUnit4ClassRunner.run(SpringJUnit4ClassRunner.java:190) [spring-test-5.0.5.RELEASE.jar:5.0.5.RELEASE]
	at org.apache.maven.surefire.junit4.JUnit4Provider.execute(JUnit4Provider.java:365) [surefire-junit4-2.21.0.jar:2.21.0]
	at org.apache.maven.surefire.junit4.JUnit4Provider.executeWithRerun(JUnit4Provider.java:273) [surefire-junit4-2.21.0.jar:2.21.0]
	at org.apache.maven.surefire.junit4.JUnit4Provider.executeTestSet(JUnit4Provider.java:238) [surefire-junit4-2.21.0.jar:2.21.0]
	at org.apache.maven.surefire.junit4.JUnit4Provider.invoke(JUnit4Provider.java:159) [surefire-junit4-2.21.0.jar:2.21.0]
	at org.apache.maven.surefire.booter.ForkedBooter.invokeProviderInSameClassLoader(ForkedBooter.java:379) [surefire-booter-2.21.0.jar:2.21.0]
	at org.apache.maven.surefire.booter.ForkedBooter.runSuitesInProcess(ForkedBooter.java:340) [surefire-booter-2.21.0.jar:2.21.0]
	at org.apache.maven.surefire.booter.ForkedBooter.execute(ForkedBooter.java:125) [surefire-booter-2.21.0.jar:2.21.0]
	at org.apache.maven.surefire.booter.ForkedBooter.main(ForkedBooter.java:413) [surefire-booter-2.21.0.jar:2.21.0]
Caused by: org.springframework.beans.factory.BeanCreationException: Error creating bean with name 'hospitalRepository': Invocation of init method failed; nested exception is org.springframework.dao.DataAccessResourceFailureException: Timed out after 30000 ms while waiting to connect. Client view of cluster state is {type=UNKNOWN, servers=[{address=127.0.0.1:27017, type=UNKNOWN, state=CONNECTING, exception={com.mongodb.MongoSocketOpenException: Exception opening socket}, caused by {java.net.ConnectException: Connection refused: connect}}]; nested exception is com.mongodb.MongoTimeoutException: Timed out after 30000 ms while waiting to connect. Client view of cluster state is {type=UNKNOWN, servers=[{address=127.0.0.1:27017, type=UNKNOWN, state=CONNECTING, exception={com.mongodb.MongoSocketOpenException: Exception opening socket}, caused by {java.net.ConnectException: Connection refused: connect}}]
	at org.springframework.beans.factory.support.AbstractAutowireCapableBeanFactory.initializeBean(AbstractAutowireCapableBeanFactory.java:1702) ~[spring-beans-5.0.5.RELEASE.jar:5.0.5.RELEASE]
	at org.springframework.beans.factory.support.AbstractAutowireCapableBeanFactory.doCreateBean(AbstractAutowireCapableBeanFactory.java:579) ~[spring-beans-5.0.5.RELEASE.jar:5.0.5.RELEASE]
	at org.springframework.beans.factory.support.AbstractAutowireCapableBeanFactory.createBean(AbstractAutowireCapableBeanFactory.java:501) ~[spring-beans-5.0.5.RELEASE.jar:5.0.5.RELEASE]
	at org.springframework.beans.factory.support.AbstractBeanFactory.lambda$doGetBean$0(AbstractBeanFactory.java:317) ~[spring-beans-5.0.5.RELEASE.jar:5.0.5.RELEASE]
	at org.springframework.beans.factory.support.DefaultSingletonBeanRegistry.getSingleton(DefaultSingletonBeanRegistry.java:228) ~[spring-beans-5.0.5.RELEASE.jar:5.0.5.RELEASE]
	at org.springframework.beans.factory.support.AbstractBeanFactory.doGetBean(AbstractBeanFactory.java:315) ~[spring-beans-5.0.5.RELEASE.jar:5.0.5.RELEASE]
	at org.springframework.beans.factory.support.AbstractBeanFactory.getBean(AbstractBeanFactory.java:199) ~[spring-beans-5.0.5.RELEASE.jar:5.0.5.RELEASE]
	at org.springframework.beans.factory.support.DefaultListableBeanFactory.preInstantiateSingletons(DefaultListableBeanFactory.java:741) ~[spring-beans-5.0.5.RELEASE.jar:5.0.5.RELEASE]
	at org.springframework.context.support.AbstractApplicationContext.finishBeanFactoryInitialization(AbstractApplicationContext.java:869) ~[spring-context-5.0.5.RELEASE.jar:5.0.5.RELEASE]
	at org.springframework.context.support.AbstractApplicationContext.refresh(AbstractApplicationContext.java:550) ~[spring-context-5.0.5.RELEASE.jar:5.0.5.RELEASE]
	at org.springframework.boot.SpringApplication.refresh(SpringApplication.java:759) ~[spring-boot-2.0.1.RELEASE.jar:2.0.1.RELEASE]
	at org.springframework.boot.SpringApplication.refreshContext(SpringApplication.java:395) ~[spring-boot-2.0.1.RELEASE.jar:2.0.1.RELEASE]
	at org.springframework.boot.SpringApplication.run(SpringApplication.java:327) ~[spring-boot-2.0.1.RELEASE.jar:2.0.1.RELEASE]
	at org.springframework.boot.test.context.SpringBootContextLoader.loadContext(SpringBootContextLoader.java:138) ~[spring-boot-test-2.0.1.RELEASE.jar:2.0.1.RELEASE]
	at org.springframework.test.context.cache.DefaultCacheAwareContextLoaderDelegate.loadContextInternal(DefaultCacheAwareContextLoaderDelegate.java:99) ~[spring-test-5.0.5.RELEASE.jar:5.0.5.RELEASE]
	at org.springframework.test.context.cache.DefaultCacheAwareContextLoaderDelegate.loadContext(DefaultCacheAwareContextLoaderDelegate.java:117) ~[spring-test-5.0.5.RELEASE.jar:5.0.5.RELEASE]
	... 27 common frames omitted
Caused by: org.springframework.dao.DataAccessResourceFailureException: Timed out after 30000 ms while waiting to connect. Client view of cluster state is {type=UNKNOWN, servers=[{address=127.0.0.1:27017, type=UNKNOWN, state=CONNECTING, exception={com.mongodb.MongoSocketOpenException: Exception opening socket}, caused by {java.net.ConnectException: Connection refused: connect}}]; nested exception is com.mongodb.MongoTimeoutException: Timed out after 30000 ms while waiting to connect. Client view of cluster state is {type=UNKNOWN, servers=[{address=127.0.0.1:27017, type=UNKNOWN, state=CONNECTING, exception={com.mongodb.MongoSocketOpenException: Exception opening socket}, caused by {java.net.ConnectException: Connection refused: connect}}]
	at org.springframework.data.mongodb.core.MongoExceptionTranslator.translateExceptionIfPossible(MongoExceptionTranslator.java:87) ~[spring-data-mongodb-2.0.7.RELEASE.jar:2.0.7.RELEASE]
	at org.springframework.data.mongodb.core.MongoTemplate.potentiallyConvertRuntimeException(MongoTemplate.java:2589) ~[spring-data-mongodb-2.0.7.RELEASE.jar:2.0.7.RELEASE]
	at org.springframework.data.mongodb.core.DefaultIndexOperations.execute(DefaultIndexOperations.java:194) ~[spring-data-mongodb-2.0.7.RELEASE.jar:2.0.7.RELEASE]
	at org.springframework.data.mongodb.core.DefaultIndexOperations.ensureIndex(DefaultIndexOperations.java:97) ~[spring-data-mongodb-2.0.7.RELEASE.jar:2.0.7.RELEASE]
	at org.springframework.data.mongodb.core.index.MongoPersistentEntityIndexCreator.createIndex(MongoPersistentEntityIndexCreator.java:145) ~[spring-data-mongodb-2.0.7.RELEASE.jar:2.0.7.RELEASE]
	at org.springframework.data.mongodb.core.index.MongoPersistentEntityIndexCreator.checkForAndCreateIndexes(MongoPersistentEntityIndexCreator.java:135) ~[spring-data-mongodb-2.0.7.RELEASE.jar:2.0.7.RELEASE]
	at org.springframework.data.mongodb.core.index.MongoPersistentEntityIndexCreator.checkForIndexes(MongoPersistentEntityIndexCreator.java:127) ~[spring-data-mongodb-2.0.7.RELEASE.jar:2.0.7.RELEASE]
	at org.springframework.data.mongodb.core.index.MongoPersistentEntityIndexCreator.onApplicationEvent(MongoPersistentEntityIndexCreator.java:111) ~[spring-data-mongodb-2.0.7.RELEASE.jar:2.0.7.RELEASE]
	at org.springframework.data.mongodb.core.index.MongoPersistentEntityIndexCreator.onApplicationEvent(MongoPersistentEntityIndexCreator.java:54) ~[spring-data-mongodb-2.0.7.RELEASE.jar:2.0.7.RELEASE]
	at org.springframework.context.event.SimpleApplicationEventMulticaster.doInvokeListener(SimpleApplicationEventMulticaster.java:172) ~[spring-context-5.0.5.RELEASE.jar:5.0.5.RELEASE]
	at org.springframework.context.event.SimpleApplicationEventMulticaster.invokeListener(SimpleApplicationEventMulticaster.java:165) ~[spring-context-5.0.5.RELEASE.jar:5.0.5.RELEASE]
	at org.springframework.context.event.SimpleApplicationEventMulticaster.multicastEvent(SimpleApplicationEventMulticaster.java:139) ~[spring-context-5.0.5.RELEASE.jar:5.0.5.RELEASE]
	at org.springframework.context.support.AbstractApplicationContext.publishEvent(AbstractApplicationContext.java:400) ~[spring-context-5.0.5.RELEASE.jar:5.0.5.RELEASE]
	at org.springframework.context.support.AbstractApplicationContext.publishEvent(AbstractApplicationContext.java:354) ~[spring-context-5.0.5.RELEASE.jar:5.0.5.RELEASE]
	at org.springframework.data.mapping.context.AbstractMappingContext.addPersistentEntity(AbstractMappingContext.java:420) ~[spring-data-commons-2.0.6.RELEASE.jar:2.0.6.RELEASE]
	at java.util.Collections$SingletonSet.forEach(Collections.java:4767) ~[na:1.8.0_161]
	at org.springframework.data.mapping.context.AbstractMappingContext$PersistentPropertyCreator.createAndRegisterProperty(AbstractMappingContext.java:572) ~[spring-data-commons-2.0.6.RELEASE.jar:2.0.6.RELEASE]
	at org.springframework.data.mapping.context.AbstractMappingContext$PersistentPropertyCreator.doWith(AbstractMappingContext.java:530) ~[spring-data-commons-2.0.6.RELEASE.jar:2.0.6.RELEASE]
	at org.springframework.util.ReflectionUtils.doWithFields(ReflectionUtils.java:729) ~[spring-core-5.0.5.RELEASE.jar:5.0.5.RELEASE]
	at org.springframework.data.mapping.context.AbstractMappingContext.addPersistentEntity(AbstractMappingContext.java:398) ~[spring-data-commons-2.0.6.RELEASE.jar:2.0.6.RELEASE]
	at org.springframework.data.mapping.context.AbstractMappingContext.getPersistentEntity(AbstractMappingContext.java:229) ~[spring-data-commons-2.0.6.RELEASE.jar:2.0.6.RELEASE]
	at org.springframework.data.mapping.context.AbstractMappingContext.getPersistentEntity(AbstractMappingContext.java:172) ~[spring-data-commons-2.0.6.RELEASE.jar:2.0.6.RELEASE]
	at org.springframework.data.mapping.context.AbstractMappingContext.getPersistentEntity(AbstractMappingContext.java:85) ~[spring-data-commons-2.0.6.RELEASE.jar:2.0.6.RELEASE]
	at org.springframework.data.mapping.context.MappingContext.getRequiredPersistentEntity(MappingContext.java:70) ~[spring-data-commons-2.0.6.RELEASE.jar:2.0.6.RELEASE]
	at org.springframework.data.mongodb.repository.support.MongoRepositoryFactory.getEntityInformation(MongoRepositoryFactory.java:149) ~[spring-data-mongodb-2.0.7.RELEASE.jar:2.0.7.RELEASE]
	at org.springframework.data.mongodb.repository.support.MongoRepositoryFactory.getTargetRepository(MongoRepositoryFactory.java:123) ~[spring-data-mongodb-2.0.7.RELEASE.jar:2.0.7.RELEASE]
	at org.springframework.data.repository.core.support.RepositoryFactorySupport.getRepository(RepositoryFactorySupport.java:298) ~[spring-data-commons-2.0.6.RELEASE.jar:2.0.6.RELEASE]
	at org.springframework.data.repository.core.support.RepositoryFactoryBeanSupport.lambda$afterPropertiesSet$3(RepositoryFactoryBeanSupport.java:287) ~[spring-data-commons-2.0.6.RELEASE.jar:2.0.6.RELEASE]
	at org.springframework.data.util.Lazy.getNullable(Lazy.java:141) ~[spring-data-commons-2.0.6.RELEASE.jar:2.0.6.RELEASE]
	at org.springframework.data.util.Lazy.get(Lazy.java:63) ~[spring-data-commons-2.0.6.RELEASE.jar:2.0.6.RELEASE]
	at org.springframework.data.repository.core.support.RepositoryFactoryBeanSupport.afterPropertiesSet(RepositoryFactoryBeanSupport.java:290) ~[spring-data-commons-2.0.6.RELEASE.jar:2.0.6.RELEASE]
	at org.springframework.data.mongodb.repository.support.MongoRepositoryFactoryBean.afterPropertiesSet(MongoRepositoryFactoryBean.java:119) ~[spring-data-mongodb-2.0.7.RELEASE.jar:2.0.7.RELEASE]
	at org.springframework.beans.factory.support.AbstractAutowireCapableBeanFactory.invokeInitMethods(AbstractAutowireCapableBeanFactory.java:1761) ~[spring-beans-5.0.5.RELEASE.jar:5.0.5.RELEASE]
	at org.springframework.beans.factory.support.AbstractAutowireCapableBeanFactory.initializeBean(AbstractAutowireCapableBeanFactory.java:1698) ~[spring-beans-5.0.5.RELEASE.jar:5.0.5.RELEASE]
	... 42 common frames omitted
Caused by: com.mongodb.MongoTimeoutException: Timed out after 30000 ms while waiting to connect. Client view of cluster state is {type=UNKNOWN, servers=[{address=127.0.0.1:27017, type=UNKNOWN, state=CONNECTING, exception={com.mongodb.MongoSocketOpenException: Exception opening socket}, caused by {java.net.ConnectException: Connection refused: connect}}]
	at com.mongodb.connection.BaseCluster.getDescription(BaseCluster.java:167) ~[mongo-java-driver-3.6.3.jar:na]
	at com.mongodb.Mongo.getConnectedClusterDescription(Mongo.java:885) ~[mongo-java-driver-3.6.3.jar:na]
	at com.mongodb.Mongo.createClientSession(Mongo.java:877) ~[mongo-java-driver-3.6.3.jar:na]
	at com.mongodb.Mongo$3.getClientSession(Mongo.java:866) ~[mongo-java-driver-3.6.3.jar:na]
	at com.mongodb.Mongo$3.execute(Mongo.java:834) ~[mongo-java-driver-3.6.3.jar:na]
	at com.mongodb.MongoCollectionImpl.executeCreateIndexes(MongoCollectionImpl.java:867) ~[mongo-java-driver-3.6.3.jar:na]
	at com.mongodb.MongoCollectionImpl.createIndexes(MongoCollectionImpl.java:820) ~[mongo-java-driver-3.6.3.jar:na]
	at com.mongodb.MongoCollectionImpl.createIndexes(MongoCollectionImpl.java:815) ~[mongo-java-driver-3.6.3.jar:na]
	at com.mongodb.MongoCollectionImpl.createIndex(MongoCollectionImpl.java:800) ~[mongo-java-driver-3.6.3.jar:na]
	at org.springframework.data.mongodb.core.DefaultIndexOperations.lambda$ensureIndex$0(DefaultIndexOperations.java:111) ~[spring-data-mongodb-2.0.7.RELEASE.jar:2.0.7.RELEASE]
	at org.springframework.data.mongodb.core.DefaultIndexOperations.execute(DefaultIndexOperations.java:192) ~[spring-data-mongodb-2.0.7.RELEASE.jar:2.0.7.RELEASE]
	... 73 common frames omitted

]]></system-out>
  </testcase>
</testsuite>